[0.013s] Invoking command in '/home/jverga/rtabmap_ros2_ws/build/rtabmap_slam': AMENT_PREFIX_PATH=/home/jverga/rtabmap_ros2_ws/install/rtabmap_util:/home/jverga/rtabmap_ros2_ws/install/rtabmap_sync:/home/jverga/rtabmap_ros2_ws/install/rtabmap_conversions:/home/jverga/rtabmap_ros2_ws/install/rtabmap_msgs:${AMENT_PREFIX_PATH} CMAKE_PREFIX_PATH=/home/jverga/rtabmap_ros2_ws/install/rtabmap_util:/home/jverga/rtabmap_ros2_ws/install/rtabmap_sync:/home/jverga/rtabmap_ros2_ws/install/rtabmap_conversions:/home/jverga/rtabmap_ros2_ws/install/rtabmap_msgs:/home/jverga/combined_ros2_ws/install/point_lio:/home/jverga/realsense_ws/install/realsense2_description:/home/jverga/realsense_ws/install/realsense2_camera:/home/jverga/realsense_ws/install/realsense2_camera_msgs:/home/jverga/unilidar_sdk2/unitree_lidar_ros2/install/unitree_lidar_ros2:/home/jverga/unilidar_sdk2/unitree_lidar_ros2/catkin_point_lio_unilidar/install/point_lio:/home/jverga/unilidar_sdk2/install/unitree_lidar_ros2:/home/jverga/combined_ros2_ws/install/odometry_fusion:/opt/ros/humble LD_LIBRARY_PATH=/home/jverga/rtabmap_ros2_ws/install/rtabmap_util/lib:/home/jverga/rtabmap_ros2_ws/install/rtabmap_sync/lib:/home/jverga/rtabmap_ros2_ws/install/rtabmap_conversions/lib:/home/jverga/rtabmap_ros2_ws/install/rtabmap_msgs/lib:${LD_LIBRARY_PATH} PYTHONPATH=/home/jverga/rtabmap_ros2_ws/install/rtabmap_msgs/local/lib/python3.10/dist-packages:${PYTHONPATH} /usr/bin/cmake /home/jverga/rtabmap_ros2_ws/src/rtabmap_ros/rtabmap_slam -DAMENT_CMAKE_SYMLINK_INSTALL=1 -DCMAKE_INSTALL_PREFIX=/home/jverga/rtabmap_ros2_ws/install/rtabmap_slam
[0.050s] -- The C compiler identification is GNU 11.4.0
[0.084s] -- The CXX compiler identification is GNU 11.4.0
[0.089s] -- Detecting C compiler ABI info
[0.137s] -- Detecting C compiler ABI info - done
[0.140s] -- Check for working C compiler: /usr/bin/cc - skipped
[0.140s] -- Detecting C compile features
[0.140s] -- Detecting C compile features - done
[0.142s] -- Detecting CXX compiler ABI info
[0.194s] -- Detecting CXX compiler ABI info - done
[0.200s] -- Check for working CXX compiler: /usr/bin/c++ - skipped
[0.200s] -- Detecting CXX compile features
[0.200s] -- Detecting CXX compile features - done
[0.204s] -- Found ament_cmake: 1.3.11 (/opt/ros/humble/share/ament_cmake/cmake)
[0.294s] -- Found Python3: /usr/bin/python3 (found version "3.10.12") found components: Interpreter 
[0.325s] -- Override CMake install command with custom implementation using symlinks instead of copying resources
[0.351s] -- Found cv_bridge: 3.2.1 (/opt/ros/humble/share/cv_bridge/cmake)
[0.383s] -- Found rosidl_generator_c: 3.1.6 (/opt/ros/humble/share/rosidl_generator_c/cmake)
[0.386s] -- Found rosidl_adapter: 3.1.6 (/opt/ros/humble/share/rosidl_adapter/cmake)
[0.392s] -- Found rosidl_generator_cpp: 3.1.6 (/opt/ros/humble/share/rosidl_generator_cpp/cmake)
[0.399s] -- Using all available rosidl_typesupport_c: rosidl_typesupport_fastrtps_c;rosidl_typesupport_introspection_c
[0.410s] -- Using all available rosidl_typesupport_cpp: rosidl_typesupport_fastrtps_cpp;rosidl_typesupport_introspection_cpp
[0.442s] -- Found nav_msgs: 4.8.0 (/opt/ros/humble/share/nav_msgs/cmake)
[0.452s] -- Found pluginlib: 5.1.0 (/opt/ros/humble/share/pluginlib/cmake)
[0.471s] -- Found rclcpp: 16.0.12 (/opt/ros/humble/share/rclcpp/cmake)
[0.495s] -- Found rmw_implementation_cmake: 6.1.2 (/opt/ros/humble/share/rmw_implementation_cmake/cmake)
[0.497s] -- Found rmw_fastrtps_cpp: 6.2.7 (/opt/ros/humble/share/rmw_fastrtps_cpp/cmake)
[0.513s] -- Found TinyXML2 via Config file: TinyXML2_DIR-NOTFOUND
[0.552s] -- Found OpenSSL: /usr/lib/x86_64-linux-gnu/libcrypto.so (found version "3.0.2")  
[0.554s] -- Found TinyXML2 via Config file: TinyXML2_DIR-NOTFOUND
[0.565s] -- Found FastRTPS: /opt/ros/humble/include  
[0.568s] -- Found TinyXML2 via Config file: TinyXML2_DIR-NOTFOUND
[0.573s] -- Found TinyXML2 via Config file: TinyXML2_DIR-NOTFOUND
[0.579s] -- Using RMW implementation 'rmw_fastrtps_cpp' as default
[0.585s] -- Looking for pthread.h
[0.632s] -- Looking for pthread.h - found
[0.632s] -- Performing Test CMAKE_HAVE_LIBC_PTHREAD
[0.680s] -- Performing Test CMAKE_HAVE_LIBC_PTHREAD - Success
[0.681s] -- Found Threads: TRUE  
[0.703s] -- Found rclcpp_components: 16.0.12 (/opt/ros/humble/share/rclcpp_components/cmake)
[0.714s] -- Found std_srvs: 4.8.0 (/opt/ros/humble/share/std_srvs/cmake)
[0.720s] -- Found tf2: 0.25.12 (/opt/ros/humble/share/tf2/cmake)
[0.722s] -- Found tf2_ros: 0.25.12 (/opt/ros/humble/share/tf2_ros/cmake)
[0.761s] -- Found visualization_msgs: 4.8.0 (/opt/ros/humble/share/visualization_msgs/cmake)
[0.770s] -- Found rtabmap_msgs: 0.21.10 (/home/jverga/rtabmap_ros2_ws/install/rtabmap_msgs/share/rtabmap_msgs/cmake)
[0.780s] -- Found rtabmap_util: 0.21.10 (/home/jverga/rtabmap_ros2_ws/install/rtabmap_util/share/rtabmap_util/cmake)
[0.857s] -- Found eigen3_cmake_module: 0.1.1 (/opt/ros/humble/share/eigen3_cmake_module/cmake)
[0.858s] -- Found Eigen3: TRUE (found version "3.4.0") 
[0.858s] -- Ensuring Eigen3 include directory is part of orocos-kdl CMake target
[0.884s] -- Checking for module 'eigen3'
[0.895s] --   Found eigen3, version 3.4.0
[0.919s] -- Found Eigen: /usr/include/eigen3 (Required is at least version "3.1") 
[0.919s] -- Eigen found (include: /usr/include/eigen3, version: 3.4.0)
[0.943s] -- Checking for module 'flann'
[0.952s] --   Found flann, version 1.9.1
[0.980s] -- Found FLANN: /usr/lib/x86_64-linux-gnu/libflann_cpp.so  
[0.980s] -- FLANN found (include: /usr/include, lib: /usr/lib/x86_64-linux-gnu/libflann_cpp.so)
[1.584s] -- Checking for module 'libusb-1.0'
[1.593s] --   Found libusb-1.0, version 1.0.25
[1.618s] -- Found libusb: /usr/lib/x86_64-linux-gnu/libusb-1.0.so  
[1.618s] -- OpenNI found (version: 1.5.4.0, include: /usr/include/ni, lib: /usr/lib/libOpenNI.so;libusb::libusb)
[1.659s] -- OpenNI2 found (version: 2.2.0.33, include: /usr/include/openni2, lib: /usr/lib/x86_64-linux-gnu/libOpenNI2.so;libusb::libusb)
[1.747s] -- Eigen found (include: /usr/include/eigen3, version: 3.4.0)
[1.751s] -- OpenNI found (version: 1.5.4.0, include: /usr/include/ni, lib: /usr/lib/libOpenNI.so;libusb::libusb)
[1.755s] -- OpenNI2 found (version: 2.2.0.33, include: /usr/include/openni2, lib: /usr/lib/x86_64-linux-gnu/libOpenNI2.so;libusb::libusb)
[1.832s] -- Found Qhull version 8.0.2
[1.923s] -- OpenNI found (version: 1.5.4.0, include: /usr/include/ni, lib: /usr/lib/libOpenNI.so;libusb::libusb)
[2.006s] -- Found PCL_COMMON: /usr/lib/x86_64-linux-gnu/libpcl_common.so  
[2.006s] -- Found PCL_KDTREE: /usr/lib/x86_64-linux-gnu/libpcl_kdtree.so  
[2.006s] -- Found PCL_OCTREE: /usr/lib/x86_64-linux-gnu/libpcl_octree.so  
[2.007s] -- Found PCL_SEARCH: /usr/lib/x86_64-linux-gnu/libpcl_search.so  
[2.007s] -- Found PCL_SAMPLE_CONSENSUS: /usr/lib/x86_64-linux-gnu/libpcl_sample_consensus.so  
[2.008s] -- Found PCL_FILTERS: /usr/lib/x86_64-linux-gnu/libpcl_filters.so  
[2.008s] -- Found PCL_2D: /usr/include/pcl-1.12  
[2.008s] -- Found PCL_GEOMETRY: /usr/include/pcl-1.12  
[2.008s] -- Found PCL_IO: /usr/lib/x86_64-linux-gnu/libpcl_io.so  
[2.009s] -- Found PCL_FEATURES: /usr/lib/x86_64-linux-gnu/libpcl_features.so  
[2.009s] -- Found PCL_ML: /usr/lib/x86_64-linux-gnu/libpcl_ml.so  
[2.010s] -- Found PCL_SEGMENTATION: /usr/lib/x86_64-linux-gnu/libpcl_segmentation.so  
[2.010s] -- Found PCL_VISUALIZATION: /usr/lib/x86_64-linux-gnu/libpcl_visualization.so  
[2.011s] -- Found PCL_SURFACE: /usr/lib/x86_64-linux-gnu/libpcl_surface.so  
[2.011s] -- Found PCL_REGISTRATION: /usr/lib/x86_64-linux-gnu/libpcl_registration.so  
[2.012s] -- Found PCL_KEYPOINTS: /usr/lib/x86_64-linux-gnu/libpcl_keypoints.so  
[2.012s] -- Found PCL_TRACKING: /usr/lib/x86_64-linux-gnu/libpcl_tracking.so  
[2.013s] -- Found PCL_RECOGNITION: /usr/lib/x86_64-linux-gnu/libpcl_recognition.so  
[2.013s] -- Found PCL_STEREO: /usr/lib/x86_64-linux-gnu/libpcl_stereo.so  
[2.014s] -- Found PCL_APPS: /usr/lib/x86_64-linux-gnu/libpcl_apps.so  
[2.014s] -- Found PCL_IN_HAND_SCANNER: /usr/include/pcl-1.12  
[2.014s] -- Found PCL_MODELER: /usr/include/pcl-1.12  
[2.014s] -- Found PCL_POINT_CLOUD_EDITOR: /usr/include/pcl-1.12  
[2.015s] -- Found PCL_OUTOFCORE: /usr/lib/x86_64-linux-gnu/libpcl_outofcore.so  
[2.015s] -- Found PCL_PEOPLE: /usr/lib/x86_64-linux-gnu/libpcl_people.so  
[2.048s] -- Found rtabmap_sync: 0.21.10 (/home/jverga/rtabmap_ros2_ws/install/rtabmap_sync/share/rtabmap_sync/cmake)
[2.071s] [33mCMake Warning at CMakeLists.txt:31 (find_package):
[2.071s]   By not providing "Findapriltag_msgs.cmake" in CMAKE_MODULE_PATH this
[2.071s]   project has asked CMake to find a package configuration file provided by
[2.071s]   "apriltag_msgs", but CMake did not find one.
[2.071s] 
[2.071s]   Could not find a package configuration file provided by "apriltag_msgs"
[2.072s]   with any of the following names:
[2.072s] 
[2.072s]     apriltag_msgsConfig.cmake
[2.072s]     apriltag_msgs-config.cmake
[2.072s] 
[2.072s]   Add the installation prefix of "apriltag_msgs" to CMAKE_PREFIX_PATH or set
[2.072s]   "apriltag_msgs_DIR" to a directory containing one of the above files.  If
[2.072s]   "apriltag_msgs" provides a separate development package or SDK, be sure it
[2.072s]   has been installed.
[2.072s] 
[2.072s] [0m
[2.072s] -- WITH nav2_msgs
[2.119s] -- Configuring done
[2.188s] -- Generating done
[2.199s] -- Build files have been written to: /home/jverga/rtabmap_ros2_ws/build/rtabmap_slam
[2.210s] Invoked command in '/home/jverga/rtabmap_ros2_ws/build/rtabmap_slam' returned '0': AMENT_PREFIX_PATH=/home/jverga/rtabmap_ros2_ws/install/rtabmap_util:/home/jverga/rtabmap_ros2_ws/install/rtabmap_sync:/home/jverga/rtabmap_ros2_ws/install/rtabmap_conversions:/home/jverga/rtabmap_ros2_ws/install/rtabmap_msgs:${AMENT_PREFIX_PATH} CMAKE_PREFIX_PATH=/home/jverga/rtabmap_ros2_ws/install/rtabmap_util:/home/jverga/rtabmap_ros2_ws/install/rtabmap_sync:/home/jverga/rtabmap_ros2_ws/install/rtabmap_conversions:/home/jverga/rtabmap_ros2_ws/install/rtabmap_msgs:/home/jverga/combined_ros2_ws/install/point_lio:/home/jverga/realsense_ws/install/realsense2_description:/home/jverga/realsense_ws/install/realsense2_camera:/home/jverga/realsense_ws/install/realsense2_camera_msgs:/home/jverga/unilidar_sdk2/unitree_lidar_ros2/install/unitree_lidar_ros2:/home/jverga/unilidar_sdk2/unitree_lidar_ros2/catkin_point_lio_unilidar/install/point_lio:/home/jverga/unilidar_sdk2/install/unitree_lidar_ros2:/home/jverga/combined_ros2_ws/install/odometry_fusion:/opt/ros/humble LD_LIBRARY_PATH=/home/jverga/rtabmap_ros2_ws/install/rtabmap_util/lib:/home/jverga/rtabmap_ros2_ws/install/rtabmap_sync/lib:/home/jverga/rtabmap_ros2_ws/install/rtabmap_conversions/lib:/home/jverga/rtabmap_ros2_ws/install/rtabmap_msgs/lib:${LD_LIBRARY_PATH} PYTHONPATH=/home/jverga/rtabmap_ros2_ws/install/rtabmap_msgs/local/lib/python3.10/dist-packages:${PYTHONPATH} /usr/bin/cmake /home/jverga/rtabmap_ros2_ws/src/rtabmap_ros/rtabmap_slam -DAMENT_CMAKE_SYMLINK_INSTALL=1 -DCMAKE_INSTALL_PREFIX=/home/jverga/rtabmap_ros2_ws/install/rtabmap_slam
[2.211s] Invoking command in '/home/jverga/rtabmap_ros2_ws/build/rtabmap_slam': AMENT_PREFIX_PATH=/home/jverga/rtabmap_ros2_ws/install/rtabmap_util:/home/jverga/rtabmap_ros2_ws/install/rtabmap_sync:/home/jverga/rtabmap_ros2_ws/install/rtabmap_conversions:/home/jverga/rtabmap_ros2_ws/install/rtabmap_msgs:${AMENT_PREFIX_PATH} CMAKE_PREFIX_PATH=/home/jverga/rtabmap_ros2_ws/install/rtabmap_util:/home/jverga/rtabmap_ros2_ws/install/rtabmap_sync:/home/jverga/rtabmap_ros2_ws/install/rtabmap_conversions:/home/jverga/rtabmap_ros2_ws/install/rtabmap_msgs:/home/jverga/combined_ros2_ws/install/point_lio:/home/jverga/realsense_ws/install/realsense2_description:/home/jverga/realsense_ws/install/realsense2_camera:/home/jverga/realsense_ws/install/realsense2_camera_msgs:/home/jverga/unilidar_sdk2/unitree_lidar_ros2/install/unitree_lidar_ros2:/home/jverga/unilidar_sdk2/unitree_lidar_ros2/catkin_point_lio_unilidar/install/point_lio:/home/jverga/unilidar_sdk2/install/unitree_lidar_ros2:/home/jverga/combined_ros2_ws/install/odometry_fusion:/opt/ros/humble LD_LIBRARY_PATH=/home/jverga/rtabmap_ros2_ws/install/rtabmap_util/lib:/home/jverga/rtabmap_ros2_ws/install/rtabmap_sync/lib:/home/jverga/rtabmap_ros2_ws/install/rtabmap_conversions/lib:/home/jverga/rtabmap_ros2_ws/install/rtabmap_msgs/lib:${LD_LIBRARY_PATH} PYTHONPATH=/home/jverga/rtabmap_ros2_ws/install/rtabmap_msgs/local/lib/python3.10/dist-packages:${PYTHONPATH} /usr/bin/cmake --build /home/jverga/rtabmap_ros2_ws/build/rtabmap_slam -- -j28 -l28
[2.251s] [ 25%] [32mBuilding CXX object CMakeFiles/rtabmap_slam_plugins.dir/src/CoreWrapper.cpp.o[0m
[34.469s] [ 50%] [32m[1mLinking CXX shared library librtabmap_slam_plugins.so[0m
[47.487s] [ 50%] Built target rtabmap_slam_plugins
[47.504s] [ 75%] [32mBuilding CXX object CMakeFiles/rtabmap_node.dir/src/CoreNode.cpp.o[0m
[53.184s] [100%] [32m[1mLinking CXX executable rtabmap[0m
[55.942s] [100%] Built target rtabmap_node
[55.951s] Invoked command in '/home/jverga/rtabmap_ros2_ws/build/rtabmap_slam' returned '0': AMENT_PREFIX_PATH=/home/jverga/rtabmap_ros2_ws/install/rtabmap_util:/home/jverga/rtabmap_ros2_ws/install/rtabmap_sync:/home/jverga/rtabmap_ros2_ws/install/rtabmap_conversions:/home/jverga/rtabmap_ros2_ws/install/rtabmap_msgs:${AMENT_PREFIX_PATH} CMAKE_PREFIX_PATH=/home/jverga/rtabmap_ros2_ws/install/rtabmap_util:/home/jverga/rtabmap_ros2_ws/install/rtabmap_sync:/home/jverga/rtabmap_ros2_ws/install/rtabmap_conversions:/home/jverga/rtabmap_ros2_ws/install/rtabmap_msgs:/home/jverga/combined_ros2_ws/install/point_lio:/home/jverga/realsense_ws/install/realsense2_description:/home/jverga/realsense_ws/install/realsense2_camera:/home/jverga/realsense_ws/install/realsense2_camera_msgs:/home/jverga/unilidar_sdk2/unitree_lidar_ros2/install/unitree_lidar_ros2:/home/jverga/unilidar_sdk2/unitree_lidar_ros2/catkin_point_lio_unilidar/install/point_lio:/home/jverga/unilidar_sdk2/install/unitree_lidar_ros2:/home/jverga/combined_ros2_ws/install/odometry_fusion:/opt/ros/humble LD_LIBRARY_PATH=/home/jverga/rtabmap_ros2_ws/install/rtabmap_util/lib:/home/jverga/rtabmap_ros2_ws/install/rtabmap_sync/lib:/home/jverga/rtabmap_ros2_ws/install/rtabmap_conversions/lib:/home/jverga/rtabmap_ros2_ws/install/rtabmap_msgs/lib:${LD_LIBRARY_PATH} PYTHONPATH=/home/jverga/rtabmap_ros2_ws/install/rtabmap_msgs/local/lib/python3.10/dist-packages:${PYTHONPATH} /usr/bin/cmake --build /home/jverga/rtabmap_ros2_ws/build/rtabmap_slam -- -j28 -l28
[55.952s] Invoking command in '/home/jverga/rtabmap_ros2_ws/build/rtabmap_slam': AMENT_PREFIX_PATH=/home/jverga/rtabmap_ros2_ws/install/rtabmap_util:/home/jverga/rtabmap_ros2_ws/install/rtabmap_sync:/home/jverga/rtabmap_ros2_ws/install/rtabmap_conversions:/home/jverga/rtabmap_ros2_ws/install/rtabmap_msgs:${AMENT_PREFIX_PATH} CMAKE_PREFIX_PATH=/home/jverga/rtabmap_ros2_ws/install/rtabmap_util:/home/jverga/rtabmap_ros2_ws/install/rtabmap_sync:/home/jverga/rtabmap_ros2_ws/install/rtabmap_conversions:/home/jverga/rtabmap_ros2_ws/install/rtabmap_msgs:/home/jverga/combined_ros2_ws/install/point_lio:/home/jverga/realsense_ws/install/realsense2_description:/home/jverga/realsense_ws/install/realsense2_camera:/home/jverga/realsense_ws/install/realsense2_camera_msgs:/home/jverga/unilidar_sdk2/unitree_lidar_ros2/install/unitree_lidar_ros2:/home/jverga/unilidar_sdk2/unitree_lidar_ros2/catkin_point_lio_unilidar/install/point_lio:/home/jverga/unilidar_sdk2/install/unitree_lidar_ros2:/home/jverga/combined_ros2_ws/install/odometry_fusion:/opt/ros/humble LD_LIBRARY_PATH=/home/jverga/rtabmap_ros2_ws/install/rtabmap_util/lib:/home/jverga/rtabmap_ros2_ws/install/rtabmap_sync/lib:/home/jverga/rtabmap_ros2_ws/install/rtabmap_conversions/lib:/home/jverga/rtabmap_ros2_ws/install/rtabmap_msgs/lib:${LD_LIBRARY_PATH} PYTHONPATH=/home/jverga/rtabmap_ros2_ws/install/rtabmap_msgs/local/lib/python3.10/dist-packages:${PYTHONPATH} /usr/bin/cmake --install /home/jverga/rtabmap_ros2_ws/build/rtabmap_slam
[55.956s] -- Install configuration: ""
[55.956s] -- Execute custom install script
[55.956s] -- Symlinking: /home/jverga/rtabmap_ros2_ws/install/rtabmap_slam/share/rtabmap_slam/environment/library_path.sh
[55.961s] -- Symlinking: /home/jverga/rtabmap_ros2_ws/install/rtabmap_slam/share/rtabmap_slam/environment/library_path.dsv
[55.965s] -- Symlinking: /home/jverga/rtabmap_ros2_ws/install/rtabmap_slam/lib/rtabmap_slam/rtabmap
[55.971s] -- Symlinking: /home/jverga/rtabmap_ros2_ws/install/rtabmap_slam/share/ament_index/resource_index/package_run_dependencies/rtabmap_slam
[55.977s] -- Symlinking: /home/jverga/rtabmap_ros2_ws/install/rtabmap_slam/share/ament_index/resource_index/parent_prefix_path/rtabmap_slam
[55.983s] -- Symlinking: /home/jverga/rtabmap_ros2_ws/install/rtabmap_slam/share/rtabmap_slam/environment/ament_prefix_path.sh
[55.988s] -- Symlinking: /home/jverga/rtabmap_ros2_ws/install/rtabmap_slam/share/rtabmap_slam/environment/ament_prefix_path.dsv
[55.994s] -- Symlinking: /home/jverga/rtabmap_ros2_ws/install/rtabmap_slam/share/rtabmap_slam/environment/path.sh
[56.000s] -- Symlinking: /home/jverga/rtabmap_ros2_ws/install/rtabmap_slam/share/rtabmap_slam/environment/path.dsv
[56.005s] -- Symlinking: /home/jverga/rtabmap_ros2_ws/install/rtabmap_slam/share/rtabmap_slam/local_setup.bash
[56.011s] -- Symlinking: /home/jverga/rtabmap_ros2_ws/install/rtabmap_slam/share/rtabmap_slam/local_setup.sh
[56.016s] -- Symlinking: /home/jverga/rtabmap_ros2_ws/install/rtabmap_slam/share/rtabmap_slam/local_setup.zsh
[56.021s] -- Symlinking: /home/jverga/rtabmap_ros2_ws/install/rtabmap_slam/share/rtabmap_slam/local_setup.dsv
[56.026s] -- Symlinking: /home/jverga/rtabmap_ros2_ws/install/rtabmap_slam/share/rtabmap_slam/package.dsv
[56.033s] -- Symlinking: /home/jverga/rtabmap_ros2_ws/install/rtabmap_slam/share/ament_index/resource_index/packages/rtabmap_slam
[56.037s] -- Symlinking: /home/jverga/rtabmap_ros2_ws/install/rtabmap_slam/share/ament_index/resource_index/rclcpp_components/rtabmap_slam
[56.044s] -- Symlinking: /home/jverga/rtabmap_ros2_ws/install/rtabmap_slam/share/rtabmap_slam/cmake/ament_cmake_export_dependencies-extras.cmake
[56.049s] -- Symlinking: /home/jverga/rtabmap_ros2_ws/install/rtabmap_slam/share/rtabmap_slam/cmake/ament_cmake_export_include_directories-extras.cmake
[56.055s] -- Symlinking: /home/jverga/rtabmap_ros2_ws/install/rtabmap_slam/share/rtabmap_slam/cmake/ament_cmake_export_targets-extras.cmake
[56.061s] -- Symlinking: /home/jverga/rtabmap_ros2_ws/install/rtabmap_slam/share/rtabmap_slam/cmake/ament_cmake_export_libraries-extras.cmake
[56.066s] -- Symlinking: /home/jverga/rtabmap_ros2_ws/install/rtabmap_slam/share/rtabmap_slam/cmake/rtabmap_slamConfig.cmake
[56.072s] -- Symlinking: /home/jverga/rtabmap_ros2_ws/install/rtabmap_slam/share/rtabmap_slam/cmake/rtabmap_slamConfig-version.cmake
[56.077s] -- Symlinking: /home/jverga/rtabmap_ros2_ws/install/rtabmap_slam/share/rtabmap_slam/package.xml
[56.083s] -- Installing: /home/jverga/rtabmap_ros2_ws/install/rtabmap_slam/lib/librtabmap_slam_plugins.so
[56.113s] -- Set runtime path of "/home/jverga/rtabmap_ros2_ws/install/rtabmap_slam/lib/librtabmap_slam_plugins.so" to ""
[56.113s] -- Installing: /home/jverga/rtabmap_ros2_ws/install/rtabmap_slam/include
[56.113s] -- Installing: /home/jverga/rtabmap_ros2_ws/install/rtabmap_slam/include/rtabmap_slam
[56.113s] -- Installing: /home/jverga/rtabmap_ros2_ws/install/rtabmap_slam/include/rtabmap_slam/CoreWrapper.h
[56.113s] -- Installing: /home/jverga/rtabmap_ros2_ws/install/rtabmap_slam/include/rtabmap_slam/visibility.h
[56.113s] -- Installing: /home/jverga/rtabmap_ros2_ws/install/rtabmap_slam/share/rtabmap_slam/cmake/rtabmap_slamExport.cmake
[56.113s] -- Installing: /home/jverga/rtabmap_ros2_ws/install/rtabmap_slam/share/rtabmap_slam/cmake/rtabmap_slamExport-noconfig.cmake
[56.114s] Invoked command in '/home/jverga/rtabmap_ros2_ws/build/rtabmap_slam' returned '0': AMENT_PREFIX_PATH=/home/jverga/rtabmap_ros2_ws/install/rtabmap_util:/home/jverga/rtabmap_ros2_ws/install/rtabmap_sync:/home/jverga/rtabmap_ros2_ws/install/rtabmap_conversions:/home/jverga/rtabmap_ros2_ws/install/rtabmap_msgs:${AMENT_PREFIX_PATH} CMAKE_PREFIX_PATH=/home/jverga/rtabmap_ros2_ws/install/rtabmap_util:/home/jverga/rtabmap_ros2_ws/install/rtabmap_sync:/home/jverga/rtabmap_ros2_ws/install/rtabmap_conversions:/home/jverga/rtabmap_ros2_ws/install/rtabmap_msgs:/home/jverga/combined_ros2_ws/install/point_lio:/home/jverga/realsense_ws/install/realsense2_description:/home/jverga/realsense_ws/install/realsense2_camera:/home/jverga/realsense_ws/install/realsense2_camera_msgs:/home/jverga/unilidar_sdk2/unitree_lidar_ros2/install/unitree_lidar_ros2:/home/jverga/unilidar_sdk2/unitree_lidar_ros2/catkin_point_lio_unilidar/install/point_lio:/home/jverga/unilidar_sdk2/install/unitree_lidar_ros2:/home/jverga/combined_ros2_ws/install/odometry_fusion:/opt/ros/humble LD_LIBRARY_PATH=/home/jverga/rtabmap_ros2_ws/install/rtabmap_util/lib:/home/jverga/rtabmap_ros2_ws/install/rtabmap_sync/lib:/home/jverga/rtabmap_ros2_ws/install/rtabmap_conversions/lib:/home/jverga/rtabmap_ros2_ws/install/rtabmap_msgs/lib:${LD_LIBRARY_PATH} PYTHONPATH=/home/jverga/rtabmap_ros2_ws/install/rtabmap_msgs/local/lib/python3.10/dist-packages:${PYTHONPATH} /usr/bin/cmake --install /home/jverga/rtabmap_ros2_ws/build/rtabmap_slam
