[0.007s] Invoking command in '/home/jverga/CameraANDLiDAR/unilidar_sdk2/unitree_lidar_ros2/build/unitree_lidar_ros2': CMAKE_PREFIX_PATH=${CMAKE_PREFIX_PATH}:/home/jverga/combined_ros2_ws/install/odometry_fusion:/home/jverga/combined_ros2_ws/src/install/odometry_fusion:/opt/ros/humble /usr/bin/cmake /home/jverga/CameraANDLiDAR/unilidar_sdk2/unitree_lidar_ros2/src/unitree_lidar_ros2 -DCMAKE_INSTALL_PREFIX=/home/jverga/CameraANDLiDAR/unilidar_sdk2/unitree_lidar_ros2/install/unitree_lidar_ros2
[0.042s] -- The C compiler identification is GNU 11.4.0
[0.074s] -- The CXX compiler identification is GNU 11.4.0
[0.077s] -- Detecting C compiler ABI info
[0.122s] -- Detecting C compiler ABI info - done
[0.127s] -- Check for working C compiler: /usr/bin/cc - skipped
[0.127s] -- Detecting C compile features
[0.127s] -- Detecting C compile features - done
[0.129s] -- Detecting CXX compiler ABI info
[0.179s] -- Detecting CXX compiler ABI info - done
[0.182s] -- Check for working CXX compiler: /usr/bin/c++ - skipped
[0.182s] -- Detecting CXX compile features
[0.182s] -- Detecting CXX compile features - done
[0.184s] -- Found ament_cmake: 1.3.11 (/opt/ros/humble/share/ament_cmake/cmake)
[0.291s] -- Found Python3: /usr/bin/python3 (found version "3.10.12") found components: Interpreter 
[0.344s] -- Found rclcpp: 16.0.12 (/opt/ros/humble/share/rclcpp/cmake)
[0.371s] -- Found rosidl_generator_c: 3.1.6 (/opt/ros/humble/share/rosidl_generator_c/cmake)
[0.374s] -- Found rosidl_adapter: 3.1.6 (/opt/ros/humble/share/rosidl_adapter/cmake)
[0.379s] -- Found rosidl_generator_cpp: 3.1.6 (/opt/ros/humble/share/rosidl_generator_cpp/cmake)
[0.386s] -- Using all available rosidl_typesupport_c: rosidl_typesupport_fastrtps_c;rosidl_typesupport_introspection_c
[0.395s] -- Using all available rosidl_typesupport_cpp: rosidl_typesupport_fastrtps_cpp;rosidl_typesupport_introspection_cpp
[0.420s] -- Found rmw_implementation_cmake: 6.1.2 (/opt/ros/humble/share/rmw_implementation_cmake/cmake)
[0.421s] -- Found rmw_fastrtps_cpp: 6.2.7 (/opt/ros/humble/share/rmw_fastrtps_cpp/cmake)
[0.477s] -- Found OpenSSL: /usr/lib/x86_64-linux-gnu/libcrypto.so (found version "3.0.2")  
[0.493s] -- Found FastRTPS: /opt/ros/humble/include  
[0.518s] -- Using RMW implementation 'rmw_fastrtps_cpp' as default
[0.523s] -- Looking for pthread.h
[0.570s] -- Looking for pthread.h - found
[0.570s] -- Performing Test CMAKE_HAVE_LIBC_PTHREAD
[0.614s] -- Performing Test CMAKE_HAVE_LIBC_PTHREAD - Success
[0.614s] -- Found Threads: TRUE  
[0.643s] -- Found geometry_msgs: 4.8.0 (/opt/ros/humble/share/geometry_msgs/cmake)
[0.649s] -- Found pcl_conversions: 2.4.5 (/opt/ros/humble/share/pcl_conversions/cmake)
[0.682s] -- Checking for module 'eigen3'
[0.692s] --   Found eigen3, version 3.4.0
[0.713s] -- Found Eigen: /usr/include/eigen3 (Required is at least version "3.1") 
[0.713s] -- Eigen found (include: /usr/include/eigen3, version: 3.4.0)
[0.736s] -- Checking for module 'flann'
[0.745s] --   Found flann, version 1.9.1
[0.770s] -- Found FLANN: /usr/lib/x86_64-linux-gnu/libflann_cpp.so  
[0.770s] -- FLANN found (include: /usr/include, lib: /usr/lib/x86_64-linux-gnu/libflann_cpp.so)
[1.346s] -- Checking for module 'libusb-1.0'
[1.355s] --   Found libusb-1.0, version 1.0.25
[1.378s] -- Found libusb: /usr/lib/x86_64-linux-gnu/libusb-1.0.so  
[1.379s] -- OpenNI found (version: 1.5.4.0, include: /usr/include/ni, lib: /usr/lib/libOpenNI.so;libusb::libusb)
[1.415s] -- OpenNI2 found (version: 2.2.0.33, include: /usr/include/openni2, lib: /usr/lib/x86_64-linux-gnu/libOpenNI2.so;libusb::libusb)
[1.500s] -- Eigen found (include: /usr/include/eigen3, version: 3.4.0)
[1.504s] -- OpenNI found (version: 1.5.4.0, include: /usr/include/ni, lib: /usr/lib/libOpenNI.so;libusb::libusb)
[1.508s] -- OpenNI2 found (version: 2.2.0.33, include: /usr/include/openni2, lib: /usr/lib/x86_64-linux-gnu/libOpenNI2.so;libusb::libusb)
[1.588s] -- Found Qhull version 8.0.2
[1.672s] -- OpenNI found (version: 1.5.4.0, include: /usr/include/ni, lib: /usr/lib/libOpenNI.so;libusb::libusb)
[1.750s] -- Found PCL_COMMON: /usr/lib/x86_64-linux-gnu/libpcl_common.so  
[1.750s] -- Found PCL_KDTREE: /usr/lib/x86_64-linux-gnu/libpcl_kdtree.so  
[1.751s] -- Found PCL_OCTREE: /usr/lib/x86_64-linux-gnu/libpcl_octree.so  
[1.751s] -- Found PCL_SEARCH: /usr/lib/x86_64-linux-gnu/libpcl_search.so  
[1.752s] -- Found PCL_SAMPLE_CONSENSUS: /usr/lib/x86_64-linux-gnu/libpcl_sample_consensus.so  
[1.752s] -- Found PCL_FILTERS: /usr/lib/x86_64-linux-gnu/libpcl_filters.so  
[1.752s] -- Found PCL_2D: /usr/include/pcl-1.12  
[1.752s] -- Found PCL_GEOMETRY: /usr/include/pcl-1.12  
[1.753s] -- Found PCL_IO: /usr/lib/x86_64-linux-gnu/libpcl_io.so  
[1.753s] -- Found PCL_FEATURES: /usr/lib/x86_64-linux-gnu/libpcl_features.so  
[1.754s] -- Found PCL_ML: /usr/lib/x86_64-linux-gnu/libpcl_ml.so  
[1.754s] -- Found PCL_SEGMENTATION: /usr/lib/x86_64-linux-gnu/libpcl_segmentation.so  
[1.755s] -- Found PCL_VISUALIZATION: /usr/lib/x86_64-linux-gnu/libpcl_visualization.so  
[1.755s] -- Found PCL_SURFACE: /usr/lib/x86_64-linux-gnu/libpcl_surface.so  
[1.756s] -- Found PCL_REGISTRATION: /usr/lib/x86_64-linux-gnu/libpcl_registration.so  
[1.756s] -- Found PCL_KEYPOINTS: /usr/lib/x86_64-linux-gnu/libpcl_keypoints.so  
[1.757s] -- Found PCL_TRACKING: /usr/lib/x86_64-linux-gnu/libpcl_tracking.so  
[1.757s] -- Found PCL_RECOGNITION: /usr/lib/x86_64-linux-gnu/libpcl_recognition.so  
[1.757s] -- Found PCL_STEREO: /usr/lib/x86_64-linux-gnu/libpcl_stereo.so  
[1.758s] -- Found PCL_APPS: /usr/lib/x86_64-linux-gnu/libpcl_apps.so  
[1.758s] -- Found PCL_IN_HAND_SCANNER: /usr/include/pcl-1.12  
[1.758s] -- Found PCL_MODELER: /usr/include/pcl-1.12  
[1.759s] -- Found PCL_POINT_CLOUD_EDITOR: /usr/include/pcl-1.12  
[1.759s] -- Found PCL_OUTOFCORE: /usr/lib/x86_64-linux-gnu/libpcl_outofcore.so  
[1.759s] -- Found PCL_PEOPLE: /usr/lib/x86_64-linux-gnu/libpcl_people.so  
[1.761s] [33mCMake Warning (dev) at CMakeLists.txt:23 (find_package):
[1.761s]   Policy CMP0074 is not set: find_package uses <PackageName>_ROOT variables.
[1.761s]   Run "cmake --help-policy CMP0074" for policy details.  Use the cmake_policy
[1.761s]   command to set the policy and suppress this warning.
[1.761s] 
[1.761s]   CMake variable PCL_ROOT is set to:
[1.761s] 
[1.761s]     /usr
[1.761s] 
[1.761s]   For compatibility, CMake is ignoring the variable.
[1.761s] This warning is for project developers.  Use -Wno-dev to suppress it.
[1.761s] [0m
[1.766s] -- Found tf2_ros: 0.25.12 (/opt/ros/humble/share/tf2_ros/cmake)
[1.857s] -- Configuring done
[1.876s] -- Generating done
[1.882s] -- Build files have been written to: /home/jverga/CameraANDLiDAR/unilidar_sdk2/unitree_lidar_ros2/build/unitree_lidar_ros2
[1.891s] Invoked command in '/home/jverga/CameraANDLiDAR/unilidar_sdk2/unitree_lidar_ros2/build/unitree_lidar_ros2' returned '0': CMAKE_PREFIX_PATH=${CMAKE_PREFIX_PATH}:/home/jverga/combined_ros2_ws/install/odometry_fusion:/home/jverga/combined_ros2_ws/src/install/odometry_fusion:/opt/ros/humble /usr/bin/cmake /home/jverga/CameraANDLiDAR/unilidar_sdk2/unitree_lidar_ros2/src/unitree_lidar_ros2 -DCMAKE_INSTALL_PREFIX=/home/jverga/CameraANDLiDAR/unilidar_sdk2/unitree_lidar_ros2/install/unitree_lidar_ros2
[1.892s] Invoking command in '/home/jverga/CameraANDLiDAR/unilidar_sdk2/unitree_lidar_ros2/build/unitree_lidar_ros2': CMAKE_PREFIX_PATH=${CMAKE_PREFIX_PATH}:/home/jverga/combined_ros2_ws/install/odometry_fusion:/home/jverga/combined_ros2_ws/src/install/odometry_fusion:/opt/ros/humble /usr/bin/cmake --build /home/jverga/CameraANDLiDAR/unilidar_sdk2/unitree_lidar_ros2/build/unitree_lidar_ros2 -- -j28 -l28
[1.927s] [ 50%] [32mBuilding CXX object CMakeFiles/unitree_lidar_ros2_node.dir/src/unitree_lidar_ros2_node.cpp.o[0m
[7.915s] [100%] [32m[1mLinking CXX executable unitree_lidar_ros2_node[0m
[8.188s] [100%] Built target unitree_lidar_ros2_node
[8.198s] Invoked command in '/home/jverga/CameraANDLiDAR/unilidar_sdk2/unitree_lidar_ros2/build/unitree_lidar_ros2' returned '0': CMAKE_PREFIX_PATH=${CMAKE_PREFIX_PATH}:/home/jverga/combined_ros2_ws/install/odometry_fusion:/home/jverga/combined_ros2_ws/src/install/odometry_fusion:/opt/ros/humble /usr/bin/cmake --build /home/jverga/CameraANDLiDAR/unilidar_sdk2/unitree_lidar_ros2/build/unitree_lidar_ros2 -- -j28 -l28
[8.204s] Invoking command in '/home/jverga/CameraANDLiDAR/unilidar_sdk2/unitree_lidar_ros2/build/unitree_lidar_ros2': CMAKE_PREFIX_PATH=${CMAKE_PREFIX_PATH}:/home/jverga/combined_ros2_ws/install/odometry_fusion:/home/jverga/combined_ros2_ws/src/install/odometry_fusion:/opt/ros/humble /usr/bin/cmake --install /home/jverga/CameraANDLiDAR/unilidar_sdk2/unitree_lidar_ros2/build/unitree_lidar_ros2
[8.208s] -- Install configuration: ""
[8.208s] -- Installing: /home/jverga/CameraANDLiDAR/unilidar_sdk2/unitree_lidar_ros2/install/unitree_lidar_ros2/lib/unitree_lidar_ros2/unitree_lidar_ros2_node
[8.210s] -- Set runtime path of "/home/jverga/CameraANDLiDAR/unilidar_sdk2/unitree_lidar_ros2/install/unitree_lidar_ros2/lib/unitree_lidar_ros2/unitree_lidar_ros2_node" to ""
[8.210s] -- Installing: /home/jverga/CameraANDLiDAR/unilidar_sdk2/unitree_lidar_ros2/install/unitree_lidar_ros2/share/unitree_lidar_ros2/view.rviz
[8.210s] -- Installing: /home/jverga/CameraANDLiDAR/unilidar_sdk2/unitree_lidar_ros2/install/unitree_lidar_ros2/share/unitree_lidar_ros2/launch.py
[8.210s] -- Installing: /home/jverga/CameraANDLiDAR/unilidar_sdk2/unitree_lidar_ros2/install/unitree_lidar_ros2/share/ament_index/resource_index/package_run_dependencies/unitree_lidar_ros2
[8.210s] -- Installing: /home/jverga/CameraANDLiDAR/unilidar_sdk2/unitree_lidar_ros2/install/unitree_lidar_ros2/share/ament_index/resource_index/parent_prefix_path/unitree_lidar_ros2
[8.210s] -- Installing: /home/jverga/CameraANDLiDAR/unilidar_sdk2/unitree_lidar_ros2/install/unitree_lidar_ros2/share/unitree_lidar_ros2/environment/ament_prefix_path.sh
[8.210s] -- Installing: /home/jverga/CameraANDLiDAR/unilidar_sdk2/unitree_lidar_ros2/install/unitree_lidar_ros2/share/unitree_lidar_ros2/environment/ament_prefix_path.dsv
[8.210s] -- Installing: /home/jverga/CameraANDLiDAR/unilidar_sdk2/unitree_lidar_ros2/install/unitree_lidar_ros2/share/unitree_lidar_ros2/environment/path.sh
[8.210s] -- Installing: /home/jverga/CameraANDLiDAR/unilidar_sdk2/unitree_lidar_ros2/install/unitree_lidar_ros2/share/unitree_lidar_ros2/environment/path.dsv
[8.210s] -- Installing: /home/jverga/CameraANDLiDAR/unilidar_sdk2/unitree_lidar_ros2/install/unitree_lidar_ros2/share/unitree_lidar_ros2/local_setup.bash
[8.210s] -- Installing: /home/jverga/CameraANDLiDAR/unilidar_sdk2/unitree_lidar_ros2/install/unitree_lidar_ros2/share/unitree_lidar_ros2/local_setup.sh
[8.210s] -- Installing: /home/jverga/CameraANDLiDAR/unilidar_sdk2/unitree_lidar_ros2/install/unitree_lidar_ros2/share/unitree_lidar_ros2/local_setup.zsh
[8.210s] -- Installing: /home/jverga/CameraANDLiDAR/unilidar_sdk2/unitree_lidar_ros2/install/unitree_lidar_ros2/share/unitree_lidar_ros2/local_setup.dsv
[8.210s] -- Installing: /home/jverga/CameraANDLiDAR/unilidar_sdk2/unitree_lidar_ros2/install/unitree_lidar_ros2/share/unitree_lidar_ros2/package.dsv
[8.211s] -- Installing: /home/jverga/CameraANDLiDAR/unilidar_sdk2/unitree_lidar_ros2/install/unitree_lidar_ros2/share/ament_index/resource_index/packages/unitree_lidar_ros2
[8.211s] -- Installing: /home/jverga/CameraANDLiDAR/unilidar_sdk2/unitree_lidar_ros2/install/unitree_lidar_ros2/share/unitree_lidar_ros2/cmake/unitree_lidar_ros2Config.cmake
[8.211s] -- Installing: /home/jverga/CameraANDLiDAR/unilidar_sdk2/unitree_lidar_ros2/install/unitree_lidar_ros2/share/unitree_lidar_ros2/cmake/unitree_lidar_ros2Config-version.cmake
[8.211s] -- Installing: /home/jverga/CameraANDLiDAR/unilidar_sdk2/unitree_lidar_ros2/install/unitree_lidar_ros2/share/unitree_lidar_ros2/package.xml
[8.212s] Invoked command in '/home/jverga/CameraANDLiDAR/unilidar_sdk2/unitree_lidar_ros2/build/unitree_lidar_ros2' returned '0': CMAKE_PREFIX_PATH=${CMAKE_PREFIX_PATH}:/home/jverga/combined_ros2_ws/install/odometry_fusion:/home/jverga/combined_ros2_ws/src/install/odometry_fusion:/opt/ros/humble /usr/bin/cmake --install /home/jverga/CameraANDLiDAR/unilidar_sdk2/unitree_lidar_ros2/build/unitree_lidar_ros2
