[0.011s] Invoking command in '/home/jverga/rtabmap_ros2_ws/build/rtabmap_viz': AMENT_PREFIX_PATH=/home/jverga/rtabmap_ros2_ws/install/rtabmap_sync:/home/jverga/rtabmap_ros2_ws/install/rtabmap_conversions:/home/jverga/rtabmap_ros2_ws/install/rtabmap_msgs:${AMENT_PREFIX_PATH} CMAKE_PREFIX_PATH=/home/jverga/rtabmap_ros2_ws/install/rtabmap_sync:/home/jverga/rtabmap_ros2_ws/install/rtabmap_conversions:/home/jverga/rtabmap_ros2_ws/install/rtabmap_msgs:/home/jverga/combined_ros2_ws/install/point_lio:/home/jverga/realsense_ws/install/realsense2_description:/home/jverga/realsense_ws/install/realsense2_camera:/home/jverga/realsense_ws/install/realsense2_camera_msgs:/home/jverga/unilidar_sdk2/unitree_lidar_ros2/install/unitree_lidar_ros2:/home/jverga/unilidar_sdk2/unitree_lidar_ros2/catkin_point_lio_unilidar/install/point_lio:/home/jverga/unilidar_sdk2/install/unitree_lidar_ros2:/home/jverga/combined_ros2_ws/install/odometry_fusion:/opt/ros/humble LD_LIBRARY_PATH=/home/jverga/rtabmap_ros2_ws/install/rtabmap_sync/lib:/home/jverga/rtabmap_ros2_ws/install/rtabmap_conversions/lib:/home/jverga/rtabmap_ros2_ws/install/rtabmap_msgs/lib:${LD_LIBRARY_PATH} PYTHONPATH=/home/jverga/rtabmap_ros2_ws/install/rtabmap_msgs/local/lib/python3.10/dist-packages:${PYTHONPATH} /usr/bin/cmake /home/jverga/rtabmap_ros2_ws/src/rtabmap_ros/rtabmap_viz -DAMENT_CMAKE_SYMLINK_INSTALL=1 -DCMAKE_INSTALL_PREFIX=/home/jverga/rtabmap_ros2_ws/install/rtabmap_viz
[0.046s] -- The C compiler identification is GNU 11.4.0
[0.075s] -- The CXX compiler identification is GNU 11.4.0
[0.079s] -- Detecting C compiler ABI info
[0.123s] -- Detecting C compiler ABI info - done
[0.128s] -- Check for working C compiler: /usr/bin/cc - skipped
[0.128s] -- Detecting C compile features
[0.129s] -- Detecting C compile features - done
[0.131s] -- Detecting CXX compiler ABI info
[0.183s] -- Detecting CXX compiler ABI info - done
[0.189s] -- Check for working CXX compiler: /usr/bin/c++ - skipped
[0.189s] -- Detecting CXX compile features
[0.189s] -- Detecting CXX compile features - done
[0.193s] -- Found ament_cmake: 1.3.11 (/opt/ros/humble/share/ament_cmake/cmake)
[0.285s] -- Found Python3: /usr/bin/python3 (found version "3.10.12") found components: Interpreter 
[0.318s] -- Override CMake install command with custom implementation using symlinks instead of copying resources
[0.344s] -- Found cv_bridge: 3.2.1 (/opt/ros/humble/share/cv_bridge/cmake)
[0.376s] -- Found rosidl_generator_c: 3.1.6 (/opt/ros/humble/share/rosidl_generator_c/cmake)
[0.380s] -- Found rosidl_adapter: 3.1.6 (/opt/ros/humble/share/rosidl_adapter/cmake)
[0.386s] -- Found rosidl_generator_cpp: 3.1.6 (/opt/ros/humble/share/rosidl_generator_cpp/cmake)
[0.393s] -- Using all available rosidl_typesupport_c: rosidl_typesupport_fastrtps_c;rosidl_typesupport_introspection_c
[0.404s] -- Using all available rosidl_typesupport_cpp: rosidl_typesupport_fastrtps_cpp;rosidl_typesupport_introspection_cpp
[0.437s] -- Found rclcpp: 16.0.12 (/opt/ros/humble/share/rclcpp/cmake)
[0.462s] -- Found rmw_implementation_cmake: 6.1.2 (/opt/ros/humble/share/rmw_implementation_cmake/cmake)
[0.464s] -- Found rmw_fastrtps_cpp: 6.2.7 (/opt/ros/humble/share/rmw_fastrtps_cpp/cmake)
[0.524s] -- Found OpenSSL: /usr/lib/x86_64-linux-gnu/libcrypto.so (found version "3.0.2")  
[0.540s] -- Found FastRTPS: /opt/ros/humble/include  
[0.565s] -- Using RMW implementation 'rmw_fastrtps_cpp' as default
[0.571s] -- Looking for pthread.h
[0.623s] -- Looking for pthread.h - found
[0.623s] -- Performing Test CMAKE_HAVE_LIBC_PTHREAD
[0.669s] -- Performing Test CMAKE_HAVE_LIBC_PTHREAD - Success
[0.670s] -- Found Threads: TRUE  
[0.697s] -- Found std_srvs: 4.8.0 (/opt/ros/humble/share/std_srvs/cmake)
[0.703s] -- Found nav_msgs: 4.8.0 (/opt/ros/humble/share/nav_msgs/cmake)
[0.711s] -- Found rtabmap_msgs: 0.21.10 (/home/jverga/rtabmap_ros2_ws/install/rtabmap_msgs/share/rtabmap_msgs/cmake)
[0.721s] -- Found rtabmap_sync: 0.21.10 (/home/jverga/rtabmap_ros2_ws/install/rtabmap_sync/share/rtabmap_sync/cmake)
[0.790s] -- Checking for module 'eigen3'
[0.801s] --   Found eigen3, version 3.4.0
[0.823s] -- Found Eigen: /usr/include/eigen3 (Required is at least version "3.1") 
[0.823s] -- Eigen found (include: /usr/include/eigen3, version: 3.4.0)
[0.848s] -- Checking for module 'flann'
[0.857s] --   Found flann, version 1.9.1
[0.884s] -- Found FLANN: /usr/lib/x86_64-linux-gnu/libflann_cpp.so  
[0.884s] -- FLANN found (include: /usr/include, lib: /usr/lib/x86_64-linux-gnu/libflann_cpp.so)
[1.472s] -- Checking for module 'libusb-1.0'
[1.481s] --   Found libusb-1.0, version 1.0.25
[1.507s] -- Found libusb: /usr/lib/x86_64-linux-gnu/libusb-1.0.so  
[1.508s] -- OpenNI found (version: 1.5.4.0, include: /usr/include/ni, lib: /usr/lib/libOpenNI.so;libusb::libusb)
[1.548s] -- OpenNI2 found (version: 2.2.0.33, include: /usr/include/openni2, lib: /usr/lib/x86_64-linux-gnu/libOpenNI2.so;libusb::libusb)
[1.641s] -- Eigen found (include: /usr/include/eigen3, version: 3.4.0)
[1.646s] -- OpenNI found (version: 1.5.4.0, include: /usr/include/ni, lib: /usr/lib/libOpenNI.so;libusb::libusb)
[1.650s] -- OpenNI2 found (version: 2.2.0.33, include: /usr/include/openni2, lib: /usr/lib/x86_64-linux-gnu/libOpenNI2.so;libusb::libusb)
[1.732s] -- Found Qhull version 8.0.2
[1.815s] -- OpenNI found (version: 1.5.4.0, include: /usr/include/ni, lib: /usr/lib/libOpenNI.so;libusb::libusb)
[1.900s] -- Found PCL_COMMON: /usr/lib/x86_64-linux-gnu/libpcl_common.so  
[1.900s] -- Found PCL_KDTREE: /usr/lib/x86_64-linux-gnu/libpcl_kdtree.so  
[1.900s] -- Found PCL_OCTREE: /usr/lib/x86_64-linux-gnu/libpcl_octree.so  
[1.901s] -- Found PCL_SEARCH: /usr/lib/x86_64-linux-gnu/libpcl_search.so  
[1.901s] -- Found PCL_SAMPLE_CONSENSUS: /usr/lib/x86_64-linux-gnu/libpcl_sample_consensus.so  
[1.902s] -- Found PCL_FILTERS: /usr/lib/x86_64-linux-gnu/libpcl_filters.so  
[1.902s] -- Found PCL_2D: /usr/include/pcl-1.12  
[1.902s] -- Found PCL_GEOMETRY: /usr/include/pcl-1.12  
[1.902s] -- Found PCL_IO: /usr/lib/x86_64-linux-gnu/libpcl_io.so  
[1.903s] -- Found PCL_FEATURES: /usr/lib/x86_64-linux-gnu/libpcl_features.so  
[1.903s] -- Found PCL_ML: /usr/lib/x86_64-linux-gnu/libpcl_ml.so  
[1.904s] -- Found PCL_SEGMENTATION: /usr/lib/x86_64-linux-gnu/libpcl_segmentation.so  
[1.904s] -- Found PCL_VISUALIZATION: /usr/lib/x86_64-linux-gnu/libpcl_visualization.so  
[1.905s] -- Found PCL_SURFACE: /usr/lib/x86_64-linux-gnu/libpcl_surface.so  
[1.905s] -- Found PCL_REGISTRATION: /usr/lib/x86_64-linux-gnu/libpcl_registration.so  
[1.906s] -- Found PCL_KEYPOINTS: /usr/lib/x86_64-linux-gnu/libpcl_keypoints.so  
[1.906s] -- Found PCL_TRACKING: /usr/lib/x86_64-linux-gnu/libpcl_tracking.so  
[1.907s] -- Found PCL_RECOGNITION: /usr/lib/x86_64-linux-gnu/libpcl_recognition.so  
[1.907s] -- Found PCL_STEREO: /usr/lib/x86_64-linux-gnu/libpcl_stereo.so  
[1.908s] -- Found PCL_APPS: /usr/lib/x86_64-linux-gnu/libpcl_apps.so  
[1.908s] -- Found PCL_IN_HAND_SCANNER: /usr/include/pcl-1.12  
[1.908s] -- Found PCL_MODELER: /usr/include/pcl-1.12  
[1.908s] -- Found PCL_POINT_CLOUD_EDITOR: /usr/include/pcl-1.12  
[1.910s] -- Found PCL_OUTOFCORE: /usr/lib/x86_64-linux-gnu/libpcl_outofcore.so  
[1.910s] -- Found PCL_PEOPLE: /usr/lib/x86_64-linux-gnu/libpcl_people.so  
[1.960s] -- Found Eigen3: TRUE (found version "3.4.0") 
[1.960s] -- Ensuring Eigen3 include directory is part of orocos-kdl CMake target
[1.963s] [33mCMake Warning (dev) at /usr/share/cmake-3.22/Modules/CMakeFindDependencyMacro.cmake:47 (find_package):
[1.963s]   Policy CMP0074 is not set: find_package uses <PackageName>_ROOT variables.
[1.963s]   Run "cmake --help-policy CMP0074" for policy details.  Use the cmake_policy
[1.963s]   command to set the policy and suppress this warning.
[1.963s] 
[1.963s]   CMake variable PCL_ROOT is set to:
[1.963s] 
[1.963s]     /usr
[1.963s] 
[1.963s]   For compatibility, CMake is ignoring the variable.
[1.963s] Call Stack (most recent call first):
[1.963s]   /opt/ros/humble/lib/x86_64-linux-gnu/rtabmap-0.21/RTABMapConfig.cmake:7 (find_dependency)
[1.963s]   /home/jverga/rtabmap_ros2_ws/install/rtabmap_conversions/share/rtabmap_conversions/cmake/ament_cmake_export_dependencies-extras.cmake:21 (find_package)
[1.963s]   /home/jverga/rtabmap_ros2_ws/install/rtabmap_conversions/share/rtabmap_conversions/cmake/rtabmap_conversionsConfig.cmake:41 (include)
[1.963s]   /home/jverga/rtabmap_ros2_ws/install/rtabmap_sync/share/rtabmap_sync/cmake/ament_cmake_export_dependencies-extras.cmake:21 (find_package)
[1.963s]   /home/jverga/rtabmap_ros2_ws/install/rtabmap_sync/share/rtabmap_sync/cmake/rtabmap_syncConfig.cmake:41 (include)
[1.963s]   CMakeLists.txt:16 (find_package)
[1.963s] This warning is for project developers.  Use -Wno-dev to suppress it.
[1.963s] [0m
[1.989s] -- Found OpenCV: /usr (found version "4.5.4") found components: core calib3d imgproc highgui stitching photo video aruco objdetect missing components: xfeatures2d nonfree gpu cudafeatures2d
[2.032s] -- Configuring done
[2.064s] -- Generating done
[2.070s] -- Build files have been written to: /home/jverga/rtabmap_ros2_ws/build/rtabmap_viz
[2.081s] Invoked command in '/home/jverga/rtabmap_ros2_ws/build/rtabmap_viz' returned '0': AMENT_PREFIX_PATH=/home/jverga/rtabmap_ros2_ws/install/rtabmap_sync:/home/jverga/rtabmap_ros2_ws/install/rtabmap_conversions:/home/jverga/rtabmap_ros2_ws/install/rtabmap_msgs:${AMENT_PREFIX_PATH} CMAKE_PREFIX_PATH=/home/jverga/rtabmap_ros2_ws/install/rtabmap_sync:/home/jverga/rtabmap_ros2_ws/install/rtabmap_conversions:/home/jverga/rtabmap_ros2_ws/install/rtabmap_msgs:/home/jverga/combined_ros2_ws/install/point_lio:/home/jverga/realsense_ws/install/realsense2_description:/home/jverga/realsense_ws/install/realsense2_camera:/home/jverga/realsense_ws/install/realsense2_camera_msgs:/home/jverga/unilidar_sdk2/unitree_lidar_ros2/install/unitree_lidar_ros2:/home/jverga/unilidar_sdk2/unitree_lidar_ros2/catkin_point_lio_unilidar/install/point_lio:/home/jverga/unilidar_sdk2/install/unitree_lidar_ros2:/home/jverga/combined_ros2_ws/install/odometry_fusion:/opt/ros/humble LD_LIBRARY_PATH=/home/jverga/rtabmap_ros2_ws/install/rtabmap_sync/lib:/home/jverga/rtabmap_ros2_ws/install/rtabmap_conversions/lib:/home/jverga/rtabmap_ros2_ws/install/rtabmap_msgs/lib:${LD_LIBRARY_PATH} PYTHONPATH=/home/jverga/rtabmap_ros2_ws/install/rtabmap_msgs/local/lib/python3.10/dist-packages:${PYTHONPATH} /usr/bin/cmake /home/jverga/rtabmap_ros2_ws/src/rtabmap_ros/rtabmap_viz -DAMENT_CMAKE_SYMLINK_INSTALL=1 -DCMAKE_INSTALL_PREFIX=/home/jverga/rtabmap_ros2_ws/install/rtabmap_viz
[2.081s] Invoking command in '/home/jverga/rtabmap_ros2_ws/build/rtabmap_viz': AMENT_PREFIX_PATH=/home/jverga/rtabmap_ros2_ws/install/rtabmap_sync:/home/jverga/rtabmap_ros2_ws/install/rtabmap_conversions:/home/jverga/rtabmap_ros2_ws/install/rtabmap_msgs:${AMENT_PREFIX_PATH} CMAKE_PREFIX_PATH=/home/jverga/rtabmap_ros2_ws/install/rtabmap_sync:/home/jverga/rtabmap_ros2_ws/install/rtabmap_conversions:/home/jverga/rtabmap_ros2_ws/install/rtabmap_msgs:/home/jverga/combined_ros2_ws/install/point_lio:/home/jverga/realsense_ws/install/realsense2_description:/home/jverga/realsense_ws/install/realsense2_camera:/home/jverga/realsense_ws/install/realsense2_camera_msgs:/home/jverga/unilidar_sdk2/unitree_lidar_ros2/install/unitree_lidar_ros2:/home/jverga/unilidar_sdk2/unitree_lidar_ros2/catkin_point_lio_unilidar/install/point_lio:/home/jverga/unilidar_sdk2/install/unitree_lidar_ros2:/home/jverga/combined_ros2_ws/install/odometry_fusion:/opt/ros/humble LD_LIBRARY_PATH=/home/jverga/rtabmap_ros2_ws/install/rtabmap_sync/lib:/home/jverga/rtabmap_ros2_ws/install/rtabmap_conversions/lib:/home/jverga/rtabmap_ros2_ws/install/rtabmap_msgs/lib:${LD_LIBRARY_PATH} PYTHONPATH=/home/jverga/rtabmap_ros2_ws/install/rtabmap_msgs/local/lib/python3.10/dist-packages:${PYTHONPATH} /usr/bin/cmake --build /home/jverga/rtabmap_ros2_ws/build/rtabmap_viz -- -j28 -l28
[2.125s] [ 50%] [32mBuilding CXX object CMakeFiles/rtabmap_viz.dir/src/GuiNode.cpp.o[0m
[2.125s] [ 50%] [32mBuilding CXX object CMakeFiles/rtabmap_viz.dir/src/GuiWrapper.cpp.o[0m
[2.125s] [ 75%] [32mBuilding CXX object CMakeFiles/rtabmap_viz.dir/src/PreferencesDialogROS.cpp.o[0m
[19.105s] [100%] [32m[1mLinking CXX executable rtabmap_viz[0m
[25.905s] [100%] Built target rtabmap_viz
[25.915s] Invoked command in '/home/jverga/rtabmap_ros2_ws/build/rtabmap_viz' returned '0': AMENT_PREFIX_PATH=/home/jverga/rtabmap_ros2_ws/install/rtabmap_sync:/home/jverga/rtabmap_ros2_ws/install/rtabmap_conversions:/home/jverga/rtabmap_ros2_ws/install/rtabmap_msgs:${AMENT_PREFIX_PATH} CMAKE_PREFIX_PATH=/home/jverga/rtabmap_ros2_ws/install/rtabmap_sync:/home/jverga/rtabmap_ros2_ws/install/rtabmap_conversions:/home/jverga/rtabmap_ros2_ws/install/rtabmap_msgs:/home/jverga/combined_ros2_ws/install/point_lio:/home/jverga/realsense_ws/install/realsense2_description:/home/jverga/realsense_ws/install/realsense2_camera:/home/jverga/realsense_ws/install/realsense2_camera_msgs:/home/jverga/unilidar_sdk2/unitree_lidar_ros2/install/unitree_lidar_ros2:/home/jverga/unilidar_sdk2/unitree_lidar_ros2/catkin_point_lio_unilidar/install/point_lio:/home/jverga/unilidar_sdk2/install/unitree_lidar_ros2:/home/jverga/combined_ros2_ws/install/odometry_fusion:/opt/ros/humble LD_LIBRARY_PATH=/home/jverga/rtabmap_ros2_ws/install/rtabmap_sync/lib:/home/jverga/rtabmap_ros2_ws/install/rtabmap_conversions/lib:/home/jverga/rtabmap_ros2_ws/install/rtabmap_msgs/lib:${LD_LIBRARY_PATH} PYTHONPATH=/home/jverga/rtabmap_ros2_ws/install/rtabmap_msgs/local/lib/python3.10/dist-packages:${PYTHONPATH} /usr/bin/cmake --build /home/jverga/rtabmap_ros2_ws/build/rtabmap_viz -- -j28 -l28
[25.916s] Invoking command in '/home/jverga/rtabmap_ros2_ws/build/rtabmap_viz': AMENT_PREFIX_PATH=/home/jverga/rtabmap_ros2_ws/install/rtabmap_sync:/home/jverga/rtabmap_ros2_ws/install/rtabmap_conversions:/home/jverga/rtabmap_ros2_ws/install/rtabmap_msgs:${AMENT_PREFIX_PATH} CMAKE_PREFIX_PATH=/home/jverga/rtabmap_ros2_ws/install/rtabmap_sync:/home/jverga/rtabmap_ros2_ws/install/rtabmap_conversions:/home/jverga/rtabmap_ros2_ws/install/rtabmap_msgs:/home/jverga/combined_ros2_ws/install/point_lio:/home/jverga/realsense_ws/install/realsense2_description:/home/jverga/realsense_ws/install/realsense2_camera:/home/jverga/realsense_ws/install/realsense2_camera_msgs:/home/jverga/unilidar_sdk2/unitree_lidar_ros2/install/unitree_lidar_ros2:/home/jverga/unilidar_sdk2/unitree_lidar_ros2/catkin_point_lio_unilidar/install/point_lio:/home/jverga/unilidar_sdk2/install/unitree_lidar_ros2:/home/jverga/combined_ros2_ws/install/odometry_fusion:/opt/ros/humble LD_LIBRARY_PATH=/home/jverga/rtabmap_ros2_ws/install/rtabmap_sync/lib:/home/jverga/rtabmap_ros2_ws/install/rtabmap_conversions/lib:/home/jverga/rtabmap_ros2_ws/install/rtabmap_msgs/lib:${LD_LIBRARY_PATH} PYTHONPATH=/home/jverga/rtabmap_ros2_ws/install/rtabmap_msgs/local/lib/python3.10/dist-packages:${PYTHONPATH} /usr/bin/cmake --install /home/jverga/rtabmap_ros2_ws/build/rtabmap_viz
[25.922s] -- Install configuration: ""
[25.922s] -- Execute custom install script
[25.922s] -- Symlinking: /home/jverga/rtabmap_ros2_ws/install/rtabmap_viz/lib/rtabmap_viz/rtabmap_viz
[25.928s] -- Symlinking: /home/jverga/rtabmap_ros2_ws/install/rtabmap_viz/share/ament_index/resource_index/package_run_dependencies/rtabmap_viz
[25.932s] -- Symlinking: /home/jverga/rtabmap_ros2_ws/install/rtabmap_viz/share/ament_index/resource_index/parent_prefix_path/rtabmap_viz
[25.938s] -- Symlinking: /home/jverga/rtabmap_ros2_ws/install/rtabmap_viz/share/rtabmap_viz/environment/ament_prefix_path.sh
[25.944s] -- Symlinking: /home/jverga/rtabmap_ros2_ws/install/rtabmap_viz/share/rtabmap_viz/environment/ament_prefix_path.dsv
[25.950s] -- Symlinking: /home/jverga/rtabmap_ros2_ws/install/rtabmap_viz/share/rtabmap_viz/environment/path.sh
[25.956s] -- Symlinking: /home/jverga/rtabmap_ros2_ws/install/rtabmap_viz/share/rtabmap_viz/environment/path.dsv
[25.961s] -- Symlinking: /home/jverga/rtabmap_ros2_ws/install/rtabmap_viz/share/rtabmap_viz/local_setup.bash
[25.967s] -- Symlinking: /home/jverga/rtabmap_ros2_ws/install/rtabmap_viz/share/rtabmap_viz/local_setup.sh
[25.973s] -- Symlinking: /home/jverga/rtabmap_ros2_ws/install/rtabmap_viz/share/rtabmap_viz/local_setup.zsh
[25.978s] -- Symlinking: /home/jverga/rtabmap_ros2_ws/install/rtabmap_viz/share/rtabmap_viz/local_setup.dsv
[25.983s] -- Symlinking: /home/jverga/rtabmap_ros2_ws/install/rtabmap_viz/share/rtabmap_viz/package.dsv
[25.988s] -- Symlinking: /home/jverga/rtabmap_ros2_ws/install/rtabmap_viz/share/ament_index/resource_index/packages/rtabmap_viz
[25.992s] -- Symlinking: /home/jverga/rtabmap_ros2_ws/install/rtabmap_viz/share/rtabmap_viz/cmake/rtabmap_vizConfig.cmake
[25.997s] -- Symlinking: /home/jverga/rtabmap_ros2_ws/install/rtabmap_viz/share/rtabmap_viz/cmake/rtabmap_vizConfig-version.cmake
[26.002s] -- Symlinking: /home/jverga/rtabmap_ros2_ws/install/rtabmap_viz/share/rtabmap_viz/package.xml
[26.008s] Invoked command in '/home/jverga/rtabmap_ros2_ws/build/rtabmap_viz' returned '0': AMENT_PREFIX_PATH=/home/jverga/rtabmap_ros2_ws/install/rtabmap_sync:/home/jverga/rtabmap_ros2_ws/install/rtabmap_conversions:/home/jverga/rtabmap_ros2_ws/install/rtabmap_msgs:${AMENT_PREFIX_PATH} CMAKE_PREFIX_PATH=/home/jverga/rtabmap_ros2_ws/install/rtabmap_sync:/home/jverga/rtabmap_ros2_ws/install/rtabmap_conversions:/home/jverga/rtabmap_ros2_ws/install/rtabmap_msgs:/home/jverga/combined_ros2_ws/install/point_lio:/home/jverga/realsense_ws/install/realsense2_description:/home/jverga/realsense_ws/install/realsense2_camera:/home/jverga/realsense_ws/install/realsense2_camera_msgs:/home/jverga/unilidar_sdk2/unitree_lidar_ros2/install/unitree_lidar_ros2:/home/jverga/unilidar_sdk2/unitree_lidar_ros2/catkin_point_lio_unilidar/install/point_lio:/home/jverga/unilidar_sdk2/install/unitree_lidar_ros2:/home/jverga/combined_ros2_ws/install/odometry_fusion:/opt/ros/humble LD_LIBRARY_PATH=/home/jverga/rtabmap_ros2_ws/install/rtabmap_sync/lib:/home/jverga/rtabmap_ros2_ws/install/rtabmap_conversions/lib:/home/jverga/rtabmap_ros2_ws/install/rtabmap_msgs/lib:${LD_LIBRARY_PATH} PYTHONPATH=/home/jverga/rtabmap_ros2_ws/install/rtabmap_msgs/local/lib/python3.10/dist-packages:${PYTHONPATH} /usr/bin/cmake --install /home/jverga/rtabmap_ros2_ws/build/rtabmap_viz
