[0.005s] Invoking command in '/home/jverga/realsense_ws/build/realsense2_description': CMAKE_PREFIX_PATH=/home/jverga/realsense_ws/install/realsense2_camera_msgs:/home/jverga/realsense_ws/install/realsense2_description:/home/jverga/realsense_ws/install/realsense2_camera:/home/jverga/unilidar_sdk2/unitree_lidar_ros2/install/unitree_lidar_ros2:/home/jverga/unilidar_sdk2/unitree_lidar_ros2/catkin_point_lio_unilidar/install/point_lio:/home/jverga/unilidar_sdk2/install/unitree_lidar_ros2:/opt/ros/humble LD_LIBRARY_PATH=/home/jverga/realsense_ws/install/realsense2_camera_msgs/lib:/home/jverga/realsense_ws/install/realsense2_camera/lib:/opt/ros/humble/opt/rviz_ogre_vendor/lib:/opt/ros/humble/lib/x86_64-linux-gnu:/opt/ros/humble/lib /usr/bin/cmake /home/jverga/realsense_ws/src/realsense-ros/realsense2_description -DAMENT_CMAKE_SYMLINK_INSTALL=1 -DCMAKE_INSTALL_PREFIX=/home/jverga/realsense_ws/install/realsense2_description
[0.037s] -- The C compiler identification is GNU 11.4.0
[0.073s] -- The CXX compiler identification is GNU 11.4.0
[0.077s] -- Detecting C compiler ABI info
[0.122s] -- Detecting C compiler ABI info - done
[0.126s] -- Check for working C compiler: /usr/bin/cc - skipped
[0.126s] -- Detecting C compile features
[0.126s] -- Detecting C compile features - done
[0.128s] -- Detecting CXX compiler ABI info
[0.179s] -- Detecting CXX compiler ABI info - done
[0.183s] -- Check for working CXX compiler: /usr/bin/c++ - skipped
[0.183s] -- Detecting CXX compile features
[0.183s] -- Detecting CXX compile features - done
[0.185s] -- Found ament_cmake: 1.3.11 (/opt/ros/humble/share/ament_cmake/cmake)
[0.269s] -- Found Python3: /usr/bin/python3 (found version "3.10.12") found components: Interpreter 
[0.304s] -- Override CMake install command with custom implementation using symlinks instead of copying resources
[0.366s] -- Configuring done
[0.368s] -- Generating done
[0.368s] -- Build files have been written to: /home/jverga/realsense_ws/build/realsense2_description
[0.371s] Invoked command in '/home/jverga/realsense_ws/build/realsense2_description' returned '0': CMAKE_PREFIX_PATH=/home/jverga/realsense_ws/install/realsense2_camera_msgs:/home/jverga/realsense_ws/install/realsense2_description:/home/jverga/realsense_ws/install/realsense2_camera:/home/jverga/unilidar_sdk2/unitree_lidar_ros2/install/unitree_lidar_ros2:/home/jverga/unilidar_sdk2/unitree_lidar_ros2/catkin_point_lio_unilidar/install/point_lio:/home/jverga/unilidar_sdk2/install/unitree_lidar_ros2:/opt/ros/humble LD_LIBRARY_PATH=/home/jverga/realsense_ws/install/realsense2_camera_msgs/lib:/home/jverga/realsense_ws/install/realsense2_camera/lib:/opt/ros/humble/opt/rviz_ogre_vendor/lib:/opt/ros/humble/lib/x86_64-linux-gnu:/opt/ros/humble/lib /usr/bin/cmake /home/jverga/realsense_ws/src/realsense-ros/realsense2_description -DAMENT_CMAKE_SYMLINK_INSTALL=1 -DCMAKE_INSTALL_PREFIX=/home/jverga/realsense_ws/install/realsense2_description
[0.372s] Invoking command in '/home/jverga/realsense_ws/build/realsense2_description': CMAKE_PREFIX_PATH=/home/jverga/realsense_ws/install/realsense2_camera_msgs:/home/jverga/realsense_ws/install/realsense2_description:/home/jverga/realsense_ws/install/realsense2_camera:/home/jverga/unilidar_sdk2/unitree_lidar_ros2/install/unitree_lidar_ros2:/home/jverga/unilidar_sdk2/unitree_lidar_ros2/catkin_point_lio_unilidar/install/point_lio:/home/jverga/unilidar_sdk2/install/unitree_lidar_ros2:/opt/ros/humble LD_LIBRARY_PATH=/home/jverga/realsense_ws/install/realsense2_camera_msgs/lib:/home/jverga/realsense_ws/install/realsense2_camera/lib:/opt/ros/humble/opt/rviz_ogre_vendor/lib:/opt/ros/humble/lib/x86_64-linux-gnu:/opt/ros/humble/lib /usr/bin/cmake --build /home/jverga/realsense_ws/build/realsense2_description -- -j28 -l28
[0.393s] Invoked command in '/home/jverga/realsense_ws/build/realsense2_description' returned '0': CMAKE_PREFIX_PATH=/home/jverga/realsense_ws/install/realsense2_camera_msgs:/home/jverga/realsense_ws/install/realsense2_description:/home/jverga/realsense_ws/install/realsense2_camera:/home/jverga/unilidar_sdk2/unitree_lidar_ros2/install/unitree_lidar_ros2:/home/jverga/unilidar_sdk2/unitree_lidar_ros2/catkin_point_lio_unilidar/install/point_lio:/home/jverga/unilidar_sdk2/install/unitree_lidar_ros2:/opt/ros/humble LD_LIBRARY_PATH=/home/jverga/realsense_ws/install/realsense2_camera_msgs/lib:/home/jverga/realsense_ws/install/realsense2_camera/lib:/opt/ros/humble/opt/rviz_ogre_vendor/lib:/opt/ros/humble/lib/x86_64-linux-gnu:/opt/ros/humble/lib /usr/bin/cmake --build /home/jverga/realsense_ws/build/realsense2_description -- -j28 -l28
[0.394s] Invoking command in '/home/jverga/realsense_ws/build/realsense2_description': CMAKE_PREFIX_PATH=/home/jverga/realsense_ws/install/realsense2_camera_msgs:/home/jverga/realsense_ws/install/realsense2_description:/home/jverga/realsense_ws/install/realsense2_camera:/home/jverga/unilidar_sdk2/unitree_lidar_ros2/install/unitree_lidar_ros2:/home/jverga/unilidar_sdk2/unitree_lidar_ros2/catkin_point_lio_unilidar/install/point_lio:/home/jverga/unilidar_sdk2/install/unitree_lidar_ros2:/opt/ros/humble LD_LIBRARY_PATH=/home/jverga/realsense_ws/install/realsense2_camera_msgs/lib:/home/jverga/realsense_ws/install/realsense2_camera/lib:/opt/ros/humble/opt/rviz_ogre_vendor/lib:/opt/ros/humble/lib/x86_64-linux-gnu:/opt/ros/humble/lib /usr/bin/cmake --install /home/jverga/realsense_ws/build/realsense2_description
[0.398s] -- Install configuration: ""
[0.398s] -- Execute custom install script
[0.399s] -- Symlinking: /home/jverga/realsense_ws/install/realsense2_description/share/realsense2_description/launch/launch_utils.py
[0.404s] -- Symlinking: /home/jverga/realsense_ws/install/realsense2_description/share/realsense2_description/launch/view_model.launch.py
[0.409s] -- Symlinking: /home/jverga/realsense_ws/install/realsense2_description/share/realsense2_description/meshes/d405.stl
[0.415s] -- Symlinking: /home/jverga/realsense_ws/install/realsense2_description/share/realsense2_description/meshes/d415.stl
[0.420s] -- Symlinking: /home/jverga/realsense_ws/install/realsense2_description/share/realsense2_description/meshes/d435.dae
[0.424s] -- Symlinking: /home/jverga/realsense_ws/install/realsense2_description/share/realsense2_description/meshes/d455.stl
[0.428s] -- Symlinking: /home/jverga/realsense_ws/install/realsense2_description/share/realsense2_description/meshes/l515.dae
[0.433s] -- Symlinking: /home/jverga/realsense_ws/install/realsense2_description/share/realsense2_description/meshes/plug.stl
[0.438s] -- Symlinking: /home/jverga/realsense_ws/install/realsense2_description/share/realsense2_description/meshes/plug_collision.stl
[0.444s] -- Symlinking: /home/jverga/realsense_ws/install/realsense2_description/share/realsense2_description/rviz/urdf.rviz
[0.449s] -- Symlinking: /home/jverga/realsense_ws/install/realsense2_description/share/realsense2_description/urdf/_d405.urdf.xacro
[0.453s] -- Symlinking: /home/jverga/realsense_ws/install/realsense2_description/share/realsense2_description/urdf/_d415.urdf.xacro
[0.460s] -- Symlinking: /home/jverga/realsense_ws/install/realsense2_description/share/realsense2_description/urdf/_d435.urdf.xacro
[0.466s] -- Symlinking: /home/jverga/realsense_ws/install/realsense2_description/share/realsense2_description/urdf/_d435i.urdf.xacro
[0.472s] -- Symlinking: /home/jverga/realsense_ws/install/realsense2_description/share/realsense2_description/urdf/_d435i_imu_modules.urdf.xacro
[0.476s] -- Symlinking: /home/jverga/realsense_ws/install/realsense2_description/share/realsense2_description/urdf/_d455.urdf.xacro
[0.481s] -- Symlinking: /home/jverga/realsense_ws/install/realsense2_description/share/realsense2_description/urdf/_materials.urdf.xacro
[0.487s] -- Symlinking: /home/jverga/realsense_ws/install/realsense2_description/share/realsense2_description/urdf/_r410.urdf.xacro
[0.493s] -- Symlinking: /home/jverga/realsense_ws/install/realsense2_description/share/realsense2_description/urdf/_r430.urdf.xacro
[0.499s] -- Symlinking: /home/jverga/realsense_ws/install/realsense2_description/share/realsense2_description/urdf/_usb_plug.urdf.xacro
[0.504s] -- Symlinking: /home/jverga/realsense_ws/install/realsense2_description/share/realsense2_description/urdf/test_d405_camera.urdf.xacro
[0.509s] -- Symlinking: /home/jverga/realsense_ws/install/realsense2_description/share/realsense2_description/urdf/test_d415_camera.urdf.xacro
[0.516s] -- Symlinking: /home/jverga/realsense_ws/install/realsense2_description/share/realsense2_description/urdf/test_d435_camera.urdf.xacro
[0.522s] -- Symlinking: /home/jverga/realsense_ws/install/realsense2_description/share/realsense2_description/urdf/test_d435_multiple_cameras.urdf.xacro
[0.528s] -- Symlinking: /home/jverga/realsense_ws/install/realsense2_description/share/realsense2_description/urdf/test_d435i_camera.urdf.xacro
[0.533s] -- Symlinking: /home/jverga/realsense_ws/install/realsense2_description/share/realsense2_description/urdf/test_d455_camera.urdf.xacro
[0.538s] -- Symlinking: /home/jverga/realsense_ws/install/realsense2_description/share/realsense2_description/urdf/test_r410_camera.urdf.xacro
[0.544s] -- Symlinking: /home/jverga/realsense_ws/install/realsense2_description/share/realsense2_description/urdf/test_r430_camera.urdf.xacro
[0.550s] -- Symlinking: /home/jverga/realsense_ws/install/realsense2_description/share/ament_index/resource_index/package_run_dependencies/realsense2_description
[0.555s] -- Symlinking: /home/jverga/realsense_ws/install/realsense2_description/share/ament_index/resource_index/parent_prefix_path/realsense2_description
[0.559s] -- Symlinking: /home/jverga/realsense_ws/install/realsense2_description/share/realsense2_description/environment/ament_prefix_path.sh
[0.565s] -- Symlinking: /home/jverga/realsense_ws/install/realsense2_description/share/realsense2_description/environment/ament_prefix_path.dsv
[0.573s] -- Symlinking: /home/jverga/realsense_ws/install/realsense2_description/share/realsense2_description/environment/path.sh
[0.577s] -- Symlinking: /home/jverga/realsense_ws/install/realsense2_description/share/realsense2_description/environment/path.dsv
[0.584s] -- Symlinking: /home/jverga/realsense_ws/install/realsense2_description/share/realsense2_description/local_setup.bash
[0.590s] -- Symlinking: /home/jverga/realsense_ws/install/realsense2_description/share/realsense2_description/local_setup.sh
[0.596s] -- Symlinking: /home/jverga/realsense_ws/install/realsense2_description/share/realsense2_description/local_setup.zsh
[0.601s] -- Symlinking: /home/jverga/realsense_ws/install/realsense2_description/share/realsense2_description/local_setup.dsv
[0.606s] -- Symlinking: /home/jverga/realsense_ws/install/realsense2_description/share/realsense2_description/package.dsv
[0.611s] -- Symlinking: /home/jverga/realsense_ws/install/realsense2_description/share/ament_index/resource_index/packages/realsense2_description
[0.615s] -- Symlinking: /home/jverga/realsense_ws/install/realsense2_description/share/realsense2_description/cmake/realsense2_descriptionConfig.cmake
[0.621s] -- Symlinking: /home/jverga/realsense_ws/install/realsense2_description/share/realsense2_description/cmake/realsense2_descriptionConfig-version.cmake
[0.626s] -- Symlinking: /home/jverga/realsense_ws/install/realsense2_description/share/realsense2_description/package.xml
[0.632s] Invoked command in '/home/jverga/realsense_ws/build/realsense2_description' returned '0': CMAKE_PREFIX_PATH=/home/jverga/realsense_ws/install/realsense2_camera_msgs:/home/jverga/realsense_ws/install/realsense2_description:/home/jverga/realsense_ws/install/realsense2_camera:/home/jverga/unilidar_sdk2/unitree_lidar_ros2/install/unitree_lidar_ros2:/home/jverga/unilidar_sdk2/unitree_lidar_ros2/catkin_point_lio_unilidar/install/point_lio:/home/jverga/unilidar_sdk2/install/unitree_lidar_ros2:/opt/ros/humble LD_LIBRARY_PATH=/home/jverga/realsense_ws/install/realsense2_camera_msgs/lib:/home/jverga/realsense_ws/install/realsense2_camera/lib:/opt/ros/humble/opt/rviz_ogre_vendor/lib:/opt/ros/humble/lib/x86_64-linux-gnu:/opt/ros/humble/lib /usr/bin/cmake --install /home/jverga/realsense_ws/build/realsense2_description
