Importer Log Report
Project : Group

Section : Analyze Document - N:\PDBs_Helium\Helium_Electronics\SPIne-master\SPIne_V2\SPIne\74xx-little-us.lbr
    Analyzing data of N:\PDBs_Helium\Helium_Electronics\SPIne-master\SPIne_V2\SPIne\74xx-little-us.lbr
    Load settings
    Load layers 145
    Load library
    Load Library library
    Load Library ""
    Load Packages 1
    Load Symbols 0
    Load DeviceSets 0
EndSection

Section : Analyze Document - N:\PDBs_Helium\Helium_Electronics\SPIne-master\SPIne_V2\SPIne\Ben_Library.lbr
    Analyzing data of N:\PDBs_Helium\Helium_Electronics\SPIne-master\SPIne_V2\SPIne\Ben_Library.lbr
    Load settings
    Load layers 145
    Load library
    Load Library library
    Load Library ""
    Load Packages 1
    Load Symbols 0
    Load DeviceSets 0
EndSection

Section : Analyze Document - N:\PDBs_Helium\Helium_Electronics\SPIne-master\SPIne_V2\SPIne\con-jst2.lbr
    Analyzing data of N:\PDBs_Helium\Helium_Electronics\SPIne-master\SPIne_V2\SPIne\con-jst2.lbr
    Load settings
    Load layers 145
    Load library
    Load Library library
    Load Library ""
    Load Packages 1
    Load Symbols 0
    Load DeviceSets 0
EndSection

Section : Analyze Document - N:\PDBs_Helium\Helium_Electronics\SPIne-master\SPIne_V2\SPIne\con-lstb.lbr
    Analyzing data of N:\PDBs_Helium\Helium_Electronics\SPIne-master\SPIne_V2\SPIne\con-lstb.lbr
    Load settings
    Load layers 145
    Load library
    Load Library library
    Load Library ""
    Load Packages 1
    Load Symbols 0
    Load DeviceSets 0
EndSection

Section : Analyze Document - N:\PDBs_Helium\Helium_Electronics\SPIne-master\SPIne_V2\SPIne\con-molex-micro-fit-3_0.lbr
    Analyzing data of N:\PDBs_Helium\Helium_Electronics\SPIne-master\SPIne_V2\SPIne\con-molex-micro-fit-3_0.lbr
    Load settings
    Load layers 145
    Load library
    Load Library library
    Load Library ""
    Load Packages 1
    Load Symbols 0
    Load DeviceSets 0
EndSection

Section : Analyze Document - N:\PDBs_Helium\Helium_Electronics\SPIne-master\SPIne_V2\SPIne\con-molex-spox.lbr
    Analyzing data of N:\PDBs_Helium\Helium_Electronics\SPIne-master\SPIne_V2\SPIne\con-molex-spox.lbr
    Load settings
    Load layers 145
    Load library
    Load Library library
    Load Library ""
    Load Packages 1
    Load Symbols 0
    Load DeviceSets 0
EndSection

Section : Analyze Document - N:\PDBs_Helium\Helium_Electronics\SPIne-master\SPIne_V2\SPIne\dc-dc-converter.lbr
    Analyzing data of N:\PDBs_Helium\Helium_Electronics\SPIne-master\SPIne_V2\SPIne\dc-dc-converter.lbr
    Load settings
    Load layers 145
    Load library
    Load Library library
    Load Library ""
    Load Packages 1
    Load Symbols 0
    Load DeviceSets 0
EndSection

Section : Analyze Document - N:\PDBs_Helium\Helium_Electronics\SPIne-master\SPIne_V2\SPIne\rcl.lbr
    Analyzing data of N:\PDBs_Helium\Helium_Electronics\SPIne-master\SPIne_V2\SPIne\rcl.lbr
    Load settings
    Load layers 145
    Load library
    Load Library library
    Load Library ""
    Load Packages 6
    Load Symbols 0
    Load DeviceSets 0
EndSection

Section : Analyze Document - N:\PDBs_Helium\Helium_Electronics\SPIne-master\SPIne_V2\SPIne\sc_usercreated.lbr
    Analyzing data of N:\PDBs_Helium\Helium_Electronics\SPIne-master\SPIne_V2\SPIne\sc_usercreated.lbr
    Load settings
    Load layers 145
    Load library
    Load Library library
    Load Library ""
    Load Packages 2
    Load Symbols 0
    Load DeviceSets 0
EndSection

Section : Analyze Document - N:\PDBs_Helium\Helium_Electronics\SPIne-master\SPIne_V2\SPIne\SparkFun-LED.lbr
    Analyzing data of N:\PDBs_Helium\Helium_Electronics\SPIne-master\SPIne_V2\SPIne\SparkFun-LED.lbr
    Load settings
    Load layers 145
    Load library
    Load Library library
    Load Library ""
    Load Packages 1
    Load Symbols 0
    Load DeviceSets 0
EndSection

Section : Analyze Document - N:\PDBs_Helium\Helium_Electronics\SPIne-master\SPIne_V2\SPIne\SparkFun-Passives.lbr
    Analyzing data of N:\PDBs_Helium\Helium_Electronics\SPIne-master\SPIne_V2\SPIne\SparkFun-Passives.lbr
    Load settings
    Load layers 145
    Load library
    Load Library library
    Load Library ""
    Load Packages 1
    Load Symbols 0
    Load DeviceSets 0
EndSection

Section : Analyze Document - N:\PDBs_Helium\Helium_Electronics\3phase_integrated-master\New Version\Cheetah Driver Integrated V4 connector\HKCV4.brd
    Analyzing data of N:\PDBs_Helium\Helium_Electronics\3phase_integrated-master\New Version\Cheetah Driver Integrated V4 connector\HKCV4.brd
    Load settings
    Load layers 145
    Load board
    Load Library "SparkFun-LED"
    Load Packages 1
    Load Library "rcl"
    Load Packages 5
    Load Library "BenLibrary"
    Load Packages 6
    Load Library "diode"
    Load Packages 1
    Load Library "transistor-power"
    Load Packages 1
    Load Library "SparkFun-Passives"
    Load Packages 1
    Load Library "sc_usercreated"
    Load Packages 1
    Load Library "con-jst2"
    Load Packages 1
    Load Library "inductor-bourns"
    Load Packages 1
    Load Library "Ben_Library"
    Load Packages 2
    ERROR: Unhandled typeerrors
EndSection

Section : Analyze Document - N:\PDBs_Helium\Helium_Electronics\3phase_integrated-master\New Version\Cheetah Driver Integrated V4 connector\HKCV4.sch
    Analyzing data of N:\PDBs_Helium\Helium_Electronics\3phase_integrated-master\New Version\Cheetah Driver Integrated V4 connector\HKCV4.sch
    Load settings
    Load layers 145
    Load schematic
    Load Libraries 12
    Load Library "rcl"
    Load Packages 163
    Load Symbols 2
    Load DeviceSets 2
    Load Library "SparkFun-Aesthetics"
    Load Packages 0
    Load Symbols 2
    Load DeviceSets 2
    Load Library "BenLibrary"
    Load Packages 7
    Load Symbols 6
    Load DeviceSets 6
    Load Library "SparkFun-LED"
    Load Packages 9
    Load Symbols 1
    Load DeviceSets 1
    Load Library "supply1"
    Load Packages 0
    Load Symbols 2
    Load DeviceSets 2
    Load Library "transistor-power"
    Load Packages 1
    Load Symbols 1
    Load DeviceSets 1
    Load Library "diode"
    Load Packages 62
    Load Symbols 1
    Load DeviceSets 1
    Load Library "sc_usercreated"
    Load Packages 1
    Load Symbols 1
    Load DeviceSets 1
    Load Library "SparkFun-Passives"
    Load Packages 27
    Load Symbols 1
    Load DeviceSets 1
    Load Library "con-jst2"
    Load Packages 2
    Load Symbols 2
    Load DeviceSets 1
    Load Library "inductor-bourns"
    Load Packages 1
    Load Symbols 1
    Load DeviceSets 1
    Load Library "Ben_Library"
    Load Packages 4
    Load Symbols 2
    Load DeviceSets 2
    Load Attributes 0
    Load Classes 1
    Load Parts 91
    Load Sheets 1
EndSection

Section : Analyze Document - N:\PDBs_Helium\Helium_Electronics\3phase_integrated-master\New Version\Cheetah Driver Integrated V4 connector\HKCV4_eagle\HKCV4.brd
    Analyzing data of N:\PDBs_Helium\Helium_Electronics\3phase_integrated-master\New Version\Cheetah Driver Integrated V4 connector\HKCV4_eagle\HKCV4.brd
    Load settings
    Load layers 145
    Load board
    Load Library "SparkFun-LED"
    Load Packages 1
    Load Library "rcl"
    Load Packages 5
    Load Library "BenLibrary"
    Load Packages 6
    Load Library "diode"
    Load Packages 1
    Load Library "transistor-power"
    Load Packages 1
    Load Library "SparkFun-Passives"
    Load Packages 1
    Load Library "sc_usercreated"
    Load Packages 1
    Load Library "con-jst2"
    Load Packages 1
    Load Library "inductor-bourns"
    Load Packages 1
    Load Library "Ben_Library"
    Load Packages 1
    Load Library "con-molex-spox"
    Load Packages 1
    ERROR: Unhandled typeerrors
EndSection

Section : Analyze Document - N:\PDBs_Helium\Helium_Electronics\3phase_integrated-master\New Version\Cheetah Driver Integrated V4 connector\HKCV4_eagle\HKCV4.sch
    Analyzing data of N:\PDBs_Helium\Helium_Electronics\3phase_integrated-master\New Version\Cheetah Driver Integrated V4 connector\HKCV4_eagle\HKCV4.sch
    Load settings
    Load layers 145
    Load schematic
    Load Libraries 13
    Load Library "rcl"
    Load Packages 163
    Load Symbols 2
    Load DeviceSets 2
    Load Library "SparkFun-Aesthetics"
    Load Packages 0
    Load Symbols 2
    Load DeviceSets 2
    Load Library "BenLibrary"
    Load Packages 7
    Load Symbols 6
    Load DeviceSets 6
    Load Library "SparkFun-LED"
    Load Packages 9
    Load Symbols 1
    Load DeviceSets 1
    Load Library "supply1"
    Load Packages 0
    Load Symbols 2
    Load DeviceSets 2
    Load Library "transistor-power"
    Load Packages 1
    Load Symbols 1
    Load DeviceSets 1
    Load Library "diode"
    Load Packages 62
    Load Symbols 1
    Load DeviceSets 1
    Load Library "sc_usercreated"
    Load Packages 1
    Load Symbols 1
    Load DeviceSets 1
    Load Library "SparkFun-Passives"
    Load Packages 27
    Load Symbols 1
    Load DeviceSets 1
    Load Library "con-jst2"
    Load Packages 2
    Load Symbols 2
    Load DeviceSets 1
    Load Library "inductor-bourns"
    Load Packages 1
    Load Symbols 1
    Load DeviceSets 1
    Load Library "Ben_Library"
    Load Packages 1
    Load Symbols 1
    Load DeviceSets 1
    Load Library "con-molex-spox"
    Load Packages 1
    Load Symbols 1
    Load DeviceSets 1
    Load Attributes 0
    Load Classes 1
    Load Parts 91
    Load Sheets 1
EndSection

Section : Analyze Document - N:\PDBs_Helium\Helium_Electronics\3phase_integrated-master\New Version\Cheetah Driver Integrated V4\HKCV4.brd
    Analyzing data of N:\PDBs_Helium\Helium_Electronics\3phase_integrated-master\New Version\Cheetah Driver Integrated V4\HKCV4.brd
    Load settings
    Load layers 145
    Load board
    Load Library "SparkFun-LED"
    Load Packages 1
    Load Library "rcl"
    Load Packages 6
    Load Library "BenLibrary"
    Load Packages 6
    Load Library "diode"
    Load Packages 1
    Load Library "transistor-power"
    Load Packages 1
    Load Library "SparkFun-Passives"
    Load Packages 1
    Load Library "sc_usercreated"
    Load Packages 1
    Load Library "con-jst2"
    Load Packages 2
    Load Library "inductor-bourns"
    Load Packages 1
    ERROR: Unhandled typeerrors
EndSection

Section : Analyze Document - N:\PDBs_Helium\Helium_Electronics\3phase_integrated-master\New Version\Cheetah Driver Integrated V4\HKCV4.sch
    Analyzing data of N:\PDBs_Helium\Helium_Electronics\3phase_integrated-master\New Version\Cheetah Driver Integrated V4\HKCV4.sch
    Load settings
    Load layers 145
    Load schematic
    Load Libraries 11
    Load Library "rcl"
    Load Packages 163
    Load Symbols 2
    Load DeviceSets 2
    Load Library "SparkFun-Aesthetics"
    Load Packages 0
    Load Symbols 2
    Load DeviceSets 2
    Load Library "BenLibrary"
    Load Packages 7
    Load Symbols 6
    Load DeviceSets 6
    Load Library "SparkFun-LED"
    Load Packages 9
    Load Symbols 1
    Load DeviceSets 1
    Load Library "supply1"
    Load Packages 0
    Load Symbols 2
    Load DeviceSets 2
    Load Library "transistor-power"
    Load Packages 1
    Load Symbols 1
    Load DeviceSets 1
    Load Library "diode"
    Load Packages 62
    Load Symbols 1
    Load DeviceSets 1
    Load Library "sc_usercreated"
    Load Packages 1
    Load Symbols 1
    Load DeviceSets 1
    Load Library "SparkFun-Passives"
    Load Packages 27
    Load Symbols 1
    Load DeviceSets 1
    Load Library "con-jst2"
    Load Packages 4
    Load Symbols 2
    Load DeviceSets 2
    Load Library "inductor-bourns"
    Load Packages 1
    Load Symbols 1
    Load DeviceSets 1
    Load Attributes 0
    Load Classes 1
    Load Parts 84
    Load Sheets 1
EndSection

Section : Analyze Document - N:\PDBs_Helium\Helium_Electronics\SPIne-master\SPIne_V2\ConnectorMezzanine\mc_spine_con.brd
    Analyzing data of N:\PDBs_Helium\Helium_Electronics\SPIne-master\SPIne_V2\ConnectorMezzanine\mc_spine_con.brd
    Load settings
    Load layers 145
    Load board
    Load Library "Ben_Library"
    Load Packages 4
    Load Library "con-lstb"
    Load Packages 1
    ERROR: Unhandled typepackages3d
    ERROR: Unhandled typemfgpreviewcolors
EndSection

Section : Analyze Document - N:\PDBs_Helium\Helium_Electronics\SPIne-master\SPIne_V2\ConnectorMezzanine\mc_spine_con.sch
    Analyzing data of N:\PDBs_Helium\Helium_Electronics\SPIne-master\SPIne_V2\ConnectorMezzanine\mc_spine_con.sch
    Load settings
    Load layers 145
    Load schematic
    Load Libraries 2
    Load Library "Ben_Library"
    Load Packages 7
    Load Symbols 4
    Load DeviceSets 4
    Load Library "con-lstb"
    Load Packages 1
    ERROR: Unhandled typepackages3d
    Load Symbols 1
    Load DeviceSets 1
    ERROR: Unhandled typepackage3dinstances
    Load Attributes 0
    Load Classes 1
    Load Parts 14
    Load Sheets 1
EndSection

Section : Analyze Document - N:\PDBs_Helium\Helium_Electronics\SPIne-master\SPIne_V2\SPIne\spine.brd
    Analyzing data of N:\PDBs_Helium\Helium_Electronics\SPIne-master\SPIne_V2\SPIne\spine.brd
    Load settings
    Load layers 147
    Load board
    Load Library "BenLibrary"
    Load Packages 3
    Load Library "rcl"
    Load Packages 6
    Load Library "SparkFun-Passives"
    Load Packages 1
    Load Library "SparkFun-LED"
    Load Packages 1
    Load Library "sc_usercreated"
    Load Packages 2
    Load Library "con-molex-micro-fit-3_0"
    Load Packages 1
    Load Library "dc-dc-converter"
    Load Packages 1
    ERROR: Unhandled typepackages3d
    Load Library "74xx-little-us"
    Load Packages 1
    ERROR: Unhandled typepackages3d
    Load Library "con-jst2"
    Load Packages 1
    Load Library "con-lstb"
    Load Packages 1
    ERROR: Unhandled typepackages3d
    Load Library "rcl"
    Load Packages 1
    ERROR: Unhandled typepackages3d
    ERROR: Unhandled typemfgpreviewcolors
EndSection

Section : Analyze Document - N:\PDBs_Helium\Helium_Electronics\SPIne-master\SPIne_V2\SPIne\spine.sch
    Analyzing data of N:\PDBs_Helium\Helium_Electronics\SPIne-master\SPIne_V2\SPIne\spine.sch
    Load settings
    Load layers 147
    Load schematic
    Load Libraries 12
    Load Library "rcl"
    Load Packages 163
    Load Symbols 2
    Load DeviceSets 2
    Load Library "SparkFun-Aesthetics"
    Load Packages 0
    Load Symbols 1
    Load DeviceSets 1
    Load Library "BenLibrary"
    Load Packages 3
    Load Symbols 4
    Load DeviceSets 4
    Load Library "sc_usercreated"
    Load Packages 2
    Load Symbols 2
    Load DeviceSets 2
    Load Library "SparkFun-Passives"
    Load Packages 27
    Load Symbols 1
    Load DeviceSets 1
    Load Library "SparkFun-LED"
    Load Packages 9
    Load Symbols 1
    Load DeviceSets 1
    Load Library "con-molex-micro-fit-3_0"
    Load Packages 17
    Load Symbols 1
    Load DeviceSets 1
    Load Library "dc-dc-converter"
    Load Packages 3
    ERROR: Unhandled typepackages3d
    Load Symbols 1
    Load DeviceSets 1
    ERROR: Unhandled typepackage3dinstances
    ERROR: Unhandled typepackage3dinstances
    ERROR: Unhandled typepackage3dinstances
    ERROR: Unhandled typepackage3dinstances
    ERROR: Unhandled typepackage3dinstances
    ERROR: Unhandled typepackage3dinstances
    ERROR: Unhandled typepackage3dinstances
    Load Library "74xx-little-us"
    Load Packages 2
    ERROR: Unhandled typepackages3d
    Load Symbols 2
    Load DeviceSets 1
    ERROR: Unhandled typepackage3dinstances
    ERROR: Unhandled typepackage3dinstances
    Load Library "con-jst2"
    Load Packages 2
    Load Symbols 2
    Load DeviceSets 1
    Load Library "con-lstb"
    Load Packages 1
    ERROR: Unhandled typepackages3d
    Load Symbols 1
    Load DeviceSets 1
    ERROR: Unhandled typepackage3dinstances
    Load Library "rcl"
    Load Packages 85
    ERROR: Unhandled typepackages3d
    Load Symbols 1
    Load DeviceSets 1
    ERROR: Unhandled typepackage3dinstances
    ERROR: Unhandled typepackage3dinstances
    ERROR: Unhandled typepackage3dinstances
    ERROR: Unhandled typepackage3dinstances
    ERROR: Unhandled typepackage3dinstances
    ERROR: Unhandled typepackage3dinstances
    ERROR: Unhandled typepackage3dinstances
    ERROR: Unhandled typepackage3dinstances
    ERROR: Unhandled typepackage3dinstances
    ERROR: Unhandled typepackage3dinstances
    ERROR: Unhandled typepackage3dinstances
    ERROR: Unhandled typepackage3dinstances
    ERROR: Unhandled typepackage3dinstances
    ERROR: Unhandled typepackage3dinstances
    ERROR: Unhandled typepackage3dinstances
    ERROR: Unhandled typepackage3dinstances
    ERROR: Unhandled typepackage3dinstances
    ERROR: Unhandled typepackage3dinstances
    ERROR: Unhandled typepackage3dinstances
    ERROR: Unhandled typepackage3dinstances
    ERROR: Unhandled typepackage3dinstances
    ERROR: Unhandled typepackage3dinstances
    ERROR: Unhandled typepackage3dinstances
    ERROR: Unhandled typepackage3dinstances
    ERROR: Unhandled typepackage3dinstances
    ERROR: Unhandled typepackage3dinstances
    ERROR: Unhandled typepackage3dinstances
    ERROR: Unhandled typepackage3dinstances
    ERROR: Unhandled typepackage3dinstances
    ERROR: Unhandled typepackage3dinstances
    ERROR: Unhandled typepackage3dinstances
    ERROR: Unhandled typepackage3dinstances
    ERROR: Unhandled typepackage3dinstances
    ERROR: Unhandled typepackage3dinstances
    ERROR: Unhandled typepackage3dinstances
    ERROR: Unhandled typepackage3dinstances
    ERROR: Unhandled typepackage3dinstances
    ERROR: Unhandled typepackage3dinstances
    ERROR: Unhandled typepackage3dinstances
    ERROR: Unhandled typepackage3dinstances
    ERROR: Unhandled typepackage3dinstances
    ERROR: Unhandled typepackage3dinstances
    ERROR: Unhandled typepackage3dinstances
    ERROR: Unhandled typepackage3dinstances
    ERROR: Unhandled typepackage3dinstances
    ERROR: Unhandled typepackage3dinstances
    ERROR: Unhandled typepackage3dinstances
    ERROR: Unhandled typepackage3dinstances
    ERROR: Unhandled typepackage3dinstances
    ERROR: Unhandled typepackage3dinstances
    ERROR: Unhandled typepackage3dinstances
    ERROR: Unhandled typepackage3dinstances
    ERROR: Unhandled typepackage3dinstances
    ERROR: Unhandled typepackage3dinstances
    ERROR: Unhandled typepackage3dinstances
    ERROR: Unhandled typepackage3dinstances
    ERROR: Unhandled typepackage3dinstances
    ERROR: Unhandled typepackage3dinstances
    ERROR: Unhandled typepackage3dinstances
    ERROR: Unhandled typepackage3dinstances
    ERROR: Unhandled typepackage3dinstances
    ERROR: Unhandled typepackage3dinstances
    ERROR: Unhandled typepackage3dinstances
    ERROR: Unhandled typepackage3dinstances
    ERROR: Unhandled typepackage3dinstances
    ERROR: Unhandled typepackage3dinstances
    ERROR: Unhandled typepackage3dinstances
    ERROR: Unhandled typepackage3dinstances
    ERROR: Unhandled typepackage3dinstances
    ERROR: Unhandled typepackage3dinstances
    ERROR: Unhandled typepackage3dinstances
    ERROR: Unhandled typepackage3dinstances
    ERROR: Unhandled typepackage3dinstances
    ERROR: Unhandled typepackage3dinstances
    ERROR: Unhandled typepackage3dinstances
    ERROR: Unhandled typepackage3dinstances
    ERROR: Unhandled typepackage3dinstances
    ERROR: Unhandled typepackage3dinstances
    ERROR: Unhandled typepackage3dinstances
    ERROR: Unhandled typepackage3dinstances
    ERROR: Unhandled typepackage3dinstances
    ERROR: Unhandled typepackage3dinstances
    ERROR: Unhandled typepackage3dinstances
    ERROR: Unhandled typepackage3dinstances
    ERROR: Unhandled typepackage3dinstances
    ERROR: Unhandled typespice
    Load Attributes 0
    Load Classes 1
    Load Parts 71
    Load Sheets 3
    ERROR: Unhandled typedescription
    ERROR: Unhandled typedescription
    ERROR: Unhandled typedescription
EndSection

Section : Import Document - N:\PDBs_Helium\Helium_Electronics\3phase_integrated-master\New Version\Cheetah Driver Integrated V4 connector\HKCV4.brd
    ERROR: Exception raised! Catastrophic failure
EndSection

Section : Import Document - N:\PDBs_Helium\Helium_Electronics\3phase_integrated-master\New Version\Cheetah Driver Integrated V4 connector\HKCV4_eagle\HKCV4.brd
    ERROR: Exception raised! Catastrophic failure
EndSection

Section : Import Document - N:\PDBs_Helium\Helium_Electronics\3phase_integrated-master\New Version\Cheetah Driver Integrated V4\HKCV4.brd
    ERROR: Exception raised! Catastrophic failure
EndSection

Section : Import Document - N:\PDBs_Helium\Helium_Electronics\SPIne-master\SPIne_V2\ConnectorMezzanine\mc_spine_con.brd
    ERROR: Exception raised! Catastrophic failure
EndSection
