[0.007s] Invoking command in '/home/jverga/rtabmap_ros2_ws/build/rtabmap_conversions': AMENT_PREFIX_PATH=/home/jverga/rtabmap_ros2_ws/install/rtabmap_msgs:${AMENT_PREFIX_PATH} CMAKE_PREFIX_PATH=/home/jverga/rtabmap_ros2_ws/install/rtabmap_msgs:/home/jverga/combined_ros2_ws/install/point_lio:/home/jverga/realsense_ws/install/realsense2_description:/home/jverga/realsense_ws/install/realsense2_camera:/home/jverga/realsense_ws/install/realsense2_camera_msgs:/home/jverga/unilidar_sdk2/unitree_lidar_ros2/install/unitree_lidar_ros2:/home/jverga/unilidar_sdk2/unitree_lidar_ros2/catkin_point_lio_unilidar/install/point_lio:/home/jverga/unilidar_sdk2/install/unitree_lidar_ros2:/home/jverga/combined_ros2_ws/install/odometry_fusion:/opt/ros/humble LD_LIBRARY_PATH=/home/jverga/rtabmap_ros2_ws/install/rtabmap_msgs/lib:${LD_LIBRARY_PATH} PYTHONPATH=/home/jverga/rtabmap_ros2_ws/install/rtabmap_msgs/local/lib/python3.10/dist-packages:${PYTHONPATH} /usr/bin/cmake /home/jverga/rtabmap_ros2_ws/src/rtabmap_ros/rtabmap_conversions -DAMENT_CMAKE_SYMLINK_INSTALL=1 -DCMAKE_INSTALL_PREFIX=/home/jverga/rtabmap_ros2_ws/install/rtabmap_conversions
[0.041s] -- The C compiler identification is GNU 11.4.0
[0.073s] -- The CXX compiler identification is GNU 11.4.0
[0.077s] -- Detecting C compiler ABI info
[0.118s] -- Detecting C compiler ABI info - done
[0.121s] -- Check for working C compiler: /usr/bin/cc - skipped
[0.121s] -- Detecting C compile features
[0.121s] -- Detecting C compile features - done
[0.123s] -- Detecting CXX compiler ABI info
[0.172s] -- Detecting CXX compiler ABI info - done
[0.175s] -- Check for working CXX compiler: /usr/bin/c++ - skipped
[0.175s] -- Detecting CXX compile features
[0.176s] -- Detecting CXX compile features - done
[0.178s] -- Found ament_cmake: 1.3.11 (/opt/ros/humble/share/ament_cmake/cmake)
[0.271s] -- Found Python3: /usr/bin/python3 (found version "3.10.12") found components: Interpreter 
[0.303s] -- Override CMake install command with custom implementation using symlinks instead of copying resources
[0.339s] -- Found cv_bridge: 3.2.1 (/opt/ros/humble/share/cv_bridge/cmake)
[0.372s] -- Found rosidl_generator_c: 3.1.6 (/opt/ros/humble/share/rosidl_generator_c/cmake)
[0.376s] -- Found rosidl_adapter: 3.1.6 (/opt/ros/humble/share/rosidl_adapter/cmake)
[0.381s] -- Found rosidl_generator_cpp: 3.1.6 (/opt/ros/humble/share/rosidl_generator_cpp/cmake)
[0.388s] -- Using all available rosidl_typesupport_c: rosidl_typesupport_fastrtps_c;rosidl_typesupport_introspection_c
[0.398s] -- Using all available rosidl_typesupport_cpp: rosidl_typesupport_fastrtps_cpp;rosidl_typesupport_introspection_cpp
[0.432s] -- Found image_geometry: 3.2.1 (/opt/ros/humble/share/image_geometry/cmake)
[0.435s] -- Found laser_geometry: 2.4.0 (/opt/ros/humble/share/laser_geometry/cmake)
[0.481s] -- Found rmw_implementation_cmake: 6.1.2 (/opt/ros/humble/share/rmw_implementation_cmake/cmake)
[0.483s] -- Found rmw_fastrtps_cpp: 6.2.7 (/opt/ros/humble/share/rmw_fastrtps_cpp/cmake)
[0.548s] -- Found OpenSSL: /usr/lib/x86_64-linux-gnu/libcrypto.so (found version "3.0.2")  
[0.565s] -- Found FastRTPS: /opt/ros/humble/include  
[0.595s] -- Using RMW implementation 'rmw_fastrtps_cpp' as default
[0.608s] -- Looking for pthread.h
[0.652s] -- Looking for pthread.h - found
[0.653s] -- Performing Test CMAKE_HAVE_LIBC_PTHREAD
[0.700s] -- Performing Test CMAKE_HAVE_LIBC_PTHREAD - Success
[0.700s] -- Found Threads: TRUE  
[0.738s] -- Found pcl_conversions: 2.4.5 (/opt/ros/humble/share/pcl_conversions/cmake)
[0.765s] -- Checking for module 'eigen3'
[0.774s] --   Found eigen3, version 3.4.0
[0.798s] -- Found Eigen: /usr/include/eigen3 (Required is at least version "3.1") 
[0.798s] -- Eigen found (include: /usr/include/eigen3, version: 3.4.0)
[0.826s] -- Checking for module 'flann'
[0.835s] --   Found flann, version 1.9.1
[0.863s] -- Found FLANN: /usr/lib/x86_64-linux-gnu/libflann_cpp.so  
[0.863s] -- FLANN found (include: /usr/include, lib: /usr/lib/x86_64-linux-gnu/libflann_cpp.so)
[1.513s] -- Checking for module 'libusb-1.0'
[1.522s] --   Found libusb-1.0, version 1.0.25
[1.545s] -- Found libusb: /usr/lib/x86_64-linux-gnu/libusb-1.0.so  
[1.546s] -- OpenNI found (version: 1.5.4.0, include: /usr/include/ni, lib: /usr/lib/libOpenNI.so;libusb::libusb)
[1.582s] -- OpenNI2 found (version: 2.2.0.33, include: /usr/include/openni2, lib: /usr/lib/x86_64-linux-gnu/libOpenNI2.so;libusb::libusb)
[1.668s] -- Eigen found (include: /usr/include/eigen3, version: 3.4.0)
[1.673s] -- OpenNI found (version: 1.5.4.0, include: /usr/include/ni, lib: /usr/lib/libOpenNI.so;libusb::libusb)
[1.677s] -- OpenNI2 found (version: 2.2.0.33, include: /usr/include/openni2, lib: /usr/lib/x86_64-linux-gnu/libOpenNI2.so;libusb::libusb)
[1.758s] -- Found Qhull version 8.0.2
[1.842s] -- OpenNI found (version: 1.5.4.0, include: /usr/include/ni, lib: /usr/lib/libOpenNI.so;libusb::libusb)
[1.925s] -- Found PCL_COMMON: /usr/lib/x86_64-linux-gnu/libpcl_common.so  
[1.925s] -- Found PCL_KDTREE: /usr/lib/x86_64-linux-gnu/libpcl_kdtree.so  
[1.935s] -- Found PCL_OCTREE: /usr/lib/x86_64-linux-gnu/libpcl_octree.so  
[1.935s] -- Found PCL_SEARCH: /usr/lib/x86_64-linux-gnu/libpcl_search.so  
[1.936s] -- Found PCL_SAMPLE_CONSENSUS: /usr/lib/x86_64-linux-gnu/libpcl_sample_consensus.so  
[1.936s] -- Found PCL_FILTERS: /usr/lib/x86_64-linux-gnu/libpcl_filters.so  
[1.936s] -- Found PCL_2D: /usr/include/pcl-1.12  
[1.936s] -- Found PCL_GEOMETRY: /usr/include/pcl-1.12  
[1.937s] -- Found PCL_IO: /usr/lib/x86_64-linux-gnu/libpcl_io.so  
[1.937s] -- Found PCL_FEATURES: /usr/lib/x86_64-linux-gnu/libpcl_features.so  
[1.938s] -- Found PCL_ML: /usr/lib/x86_64-linux-gnu/libpcl_ml.so  
[1.938s] -- Found PCL_SEGMENTATION: /usr/lib/x86_64-linux-gnu/libpcl_segmentation.so  
[1.939s] -- Found PCL_VISUALIZATION: /usr/lib/x86_64-linux-gnu/libpcl_visualization.so  
[1.939s] -- Found PCL_SURFACE: /usr/lib/x86_64-linux-gnu/libpcl_surface.so  
[1.940s] -- Found PCL_REGISTRATION: /usr/lib/x86_64-linux-gnu/libpcl_registration.so  
[1.940s] -- Found PCL_KEYPOINTS: /usr/lib/x86_64-linux-gnu/libpcl_keypoints.so  
[1.940s] -- Found PCL_TRACKING: /usr/lib/x86_64-linux-gnu/libpcl_tracking.so  
[1.941s] -- Found PCL_RECOGNITION: /usr/lib/x86_64-linux-gnu/libpcl_recognition.so  
[1.941s] -- Found PCL_STEREO: /usr/lib/x86_64-linux-gnu/libpcl_stereo.so  
[1.942s] -- Found PCL_APPS: /usr/lib/x86_64-linux-gnu/libpcl_apps.so  
[1.942s] -- Found PCL_IN_HAND_SCANNER: /usr/include/pcl-1.12  
[1.942s] -- Found PCL_MODELER: /usr/include/pcl-1.12  
[1.943s] -- Found PCL_POINT_CLOUD_EDITOR: /usr/include/pcl-1.12  
[1.943s] -- Found PCL_OUTOFCORE: /usr/lib/x86_64-linux-gnu/libpcl_outofcore.so  
[1.944s] -- Found PCL_PEOPLE: /usr/lib/x86_64-linux-gnu/libpcl_people.so  
[1.945s] -- Found rtabmap_msgs: 0.21.10 (/home/jverga/rtabmap_ros2_ws/install/rtabmap_msgs/share/rtabmap_msgs/cmake)
[1.960s] -- Found tf2_eigen: 0.25.12 (/opt/ros/humble/share/tf2_eigen/cmake)
[2.025s] -- Found tf2_geometry_msgs: 0.25.12 (/opt/ros/humble/share/tf2_geometry_msgs/cmake)
[2.032s] -- Found Eigen3: TRUE (found version "3.4.0") 
[2.032s] -- Ensuring Eigen3 include directory is part of orocos-kdl CMake target
[2.035s] -- Found OpenCV: /usr (found version "4.5.4") found components: core calib3d imgproc highgui stitching photo video aruco objdetect missing components: xfeatures2d nonfree gpu cudafeatures2d
[2.035s] [33mCMake Warning (dev) at /usr/share/cmake-3.22/Modules/CMakeFindDependencyMacro.cmake:47 (find_package):
[2.035s]   Policy CMP0074 is not set: find_package uses <PackageName>_ROOT variables.
[2.035s]   Run "cmake --help-policy CMP0074" for policy details.  Use the cmake_policy
[2.035s]   command to set the policy and suppress this warning.
[2.035s] 
[2.035s]   CMake variable PCL_ROOT is set to:
[2.035s] 
[2.035s]     /usr
[2.035s] 
[2.035s]   For compatibility, CMake is ignoring the variable.
[2.036s] Call Stack (most recent call first):
[2.036s]   /opt/ros/humble/lib/x86_64-linux-gnu/rtabmap-0.21/RTABMapConfig.cmake:7 (find_dependency)
[2.036s]   CMakeLists.txt:22 (find_package)
[2.036s] This warning is for project developers.  Use -Wno-dev to suppress it.
[2.036s] [0m
[2.092s] -- Configuring done
[2.127s] -- Generating done
[2.133s] -- Build files have been written to: /home/jverga/rtabmap_ros2_ws/build/rtabmap_conversions
[2.143s] Invoked command in '/home/jverga/rtabmap_ros2_ws/build/rtabmap_conversions' returned '0': AMENT_PREFIX_PATH=/home/jverga/rtabmap_ros2_ws/install/rtabmap_msgs:${AMENT_PREFIX_PATH} CMAKE_PREFIX_PATH=/home/jverga/rtabmap_ros2_ws/install/rtabmap_msgs:/home/jverga/combined_ros2_ws/install/point_lio:/home/jverga/realsense_ws/install/realsense2_description:/home/jverga/realsense_ws/install/realsense2_camera:/home/jverga/realsense_ws/install/realsense2_camera_msgs:/home/jverga/unilidar_sdk2/unitree_lidar_ros2/install/unitree_lidar_ros2:/home/jverga/unilidar_sdk2/unitree_lidar_ros2/catkin_point_lio_unilidar/install/point_lio:/home/jverga/unilidar_sdk2/install/unitree_lidar_ros2:/home/jverga/combined_ros2_ws/install/odometry_fusion:/opt/ros/humble LD_LIBRARY_PATH=/home/jverga/rtabmap_ros2_ws/install/rtabmap_msgs/lib:${LD_LIBRARY_PATH} PYTHONPATH=/home/jverga/rtabmap_ros2_ws/install/rtabmap_msgs/local/lib/python3.10/dist-packages:${PYTHONPATH} /usr/bin/cmake /home/jverga/rtabmap_ros2_ws/src/rtabmap_ros/rtabmap_conversions -DAMENT_CMAKE_SYMLINK_INSTALL=1 -DCMAKE_INSTALL_PREFIX=/home/jverga/rtabmap_ros2_ws/install/rtabmap_conversions
[2.144s] Invoking command in '/home/jverga/rtabmap_ros2_ws/build/rtabmap_conversions': AMENT_PREFIX_PATH=/home/jverga/rtabmap_ros2_ws/install/rtabmap_msgs:${AMENT_PREFIX_PATH} CMAKE_PREFIX_PATH=/home/jverga/rtabmap_ros2_ws/install/rtabmap_msgs:/home/jverga/combined_ros2_ws/install/point_lio:/home/jverga/realsense_ws/install/realsense2_description:/home/jverga/realsense_ws/install/realsense2_camera:/home/jverga/realsense_ws/install/realsense2_camera_msgs:/home/jverga/unilidar_sdk2/unitree_lidar_ros2/install/unitree_lidar_ros2:/home/jverga/unilidar_sdk2/unitree_lidar_ros2/catkin_point_lio_unilidar/install/point_lio:/home/jverga/unilidar_sdk2/install/unitree_lidar_ros2:/home/jverga/combined_ros2_ws/install/odometry_fusion:/opt/ros/humble LD_LIBRARY_PATH=/home/jverga/rtabmap_ros2_ws/install/rtabmap_msgs/lib:${LD_LIBRARY_PATH} PYTHONPATH=/home/jverga/rtabmap_ros2_ws/install/rtabmap_msgs/local/lib/python3.10/dist-packages:${PYTHONPATH} /usr/bin/cmake --build /home/jverga/rtabmap_ros2_ws/build/rtabmap_conversions -- -j28 -l28
[2.181s] [ 50%] [32mBuilding CXX object CMakeFiles/rtabmap_conversions.dir/src/MsgConversion.cpp.o[0m
[9.138s] [100%] [32m[1mLinking CXX shared library librtabmap_conversions.so[0m
[9.578s] [100%] Built target rtabmap_conversions
[9.586s] Invoked command in '/home/jverga/rtabmap_ros2_ws/build/rtabmap_conversions' returned '0': AMENT_PREFIX_PATH=/home/jverga/rtabmap_ros2_ws/install/rtabmap_msgs:${AMENT_PREFIX_PATH} CMAKE_PREFIX_PATH=/home/jverga/rtabmap_ros2_ws/install/rtabmap_msgs:/home/jverga/combined_ros2_ws/install/point_lio:/home/jverga/realsense_ws/install/realsense2_description:/home/jverga/realsense_ws/install/realsense2_camera:/home/jverga/realsense_ws/install/realsense2_camera_msgs:/home/jverga/unilidar_sdk2/unitree_lidar_ros2/install/unitree_lidar_ros2:/home/jverga/unilidar_sdk2/unitree_lidar_ros2/catkin_point_lio_unilidar/install/point_lio:/home/jverga/unilidar_sdk2/install/unitree_lidar_ros2:/home/jverga/combined_ros2_ws/install/odometry_fusion:/opt/ros/humble LD_LIBRARY_PATH=/home/jverga/rtabmap_ros2_ws/install/rtabmap_msgs/lib:${LD_LIBRARY_PATH} PYTHONPATH=/home/jverga/rtabmap_ros2_ws/install/rtabmap_msgs/local/lib/python3.10/dist-packages:${PYTHONPATH} /usr/bin/cmake --build /home/jverga/rtabmap_ros2_ws/build/rtabmap_conversions -- -j28 -l28
[9.587s] Invoking command in '/home/jverga/rtabmap_ros2_ws/build/rtabmap_conversions': AMENT_PREFIX_PATH=/home/jverga/rtabmap_ros2_ws/install/rtabmap_msgs:${AMENT_PREFIX_PATH} CMAKE_PREFIX_PATH=/home/jverga/rtabmap_ros2_ws/install/rtabmap_msgs:/home/jverga/combined_ros2_ws/install/point_lio:/home/jverga/realsense_ws/install/realsense2_description:/home/jverga/realsense_ws/install/realsense2_camera:/home/jverga/realsense_ws/install/realsense2_camera_msgs:/home/jverga/unilidar_sdk2/unitree_lidar_ros2/install/unitree_lidar_ros2:/home/jverga/unilidar_sdk2/unitree_lidar_ros2/catkin_point_lio_unilidar/install/point_lio:/home/jverga/unilidar_sdk2/install/unitree_lidar_ros2:/home/jverga/combined_ros2_ws/install/odometry_fusion:/opt/ros/humble LD_LIBRARY_PATH=/home/jverga/rtabmap_ros2_ws/install/rtabmap_msgs/lib:${LD_LIBRARY_PATH} PYTHONPATH=/home/jverga/rtabmap_ros2_ws/install/rtabmap_msgs/local/lib/python3.10/dist-packages:${PYTHONPATH} /usr/bin/cmake --install /home/jverga/rtabmap_ros2_ws/build/rtabmap_conversions
[9.592s] -- Install configuration: ""
[9.592s] -- Execute custom install script
[9.592s] -- Symlinking: /home/jverga/rtabmap_ros2_ws/install/rtabmap_conversions/share/rtabmap_conversions/environment/library_path.sh
[9.599s] -- Symlinking: /home/jverga/rtabmap_ros2_ws/install/rtabmap_conversions/share/rtabmap_conversions/environment/library_path.dsv
[9.605s] -- Symlinking: /home/jverga/rtabmap_ros2_ws/install/rtabmap_conversions/share/ament_index/resource_index/package_run_dependencies/rtabmap_conversions
[9.611s] -- Symlinking: /home/jverga/rtabmap_ros2_ws/install/rtabmap_conversions/share/ament_index/resource_index/parent_prefix_path/rtabmap_conversions
[9.617s] -- Symlinking: /home/jverga/rtabmap_ros2_ws/install/rtabmap_conversions/share/rtabmap_conversions/environment/ament_prefix_path.sh
[9.621s] -- Symlinking: /home/jverga/rtabmap_ros2_ws/install/rtabmap_conversions/share/rtabmap_conversions/environment/ament_prefix_path.dsv
[9.626s] -- Symlinking: /home/jverga/rtabmap_ros2_ws/install/rtabmap_conversions/share/rtabmap_conversions/environment/path.sh
[9.630s] -- Symlinking: /home/jverga/rtabmap_ros2_ws/install/rtabmap_conversions/share/rtabmap_conversions/environment/path.dsv
[9.636s] -- Symlinking: /home/jverga/rtabmap_ros2_ws/install/rtabmap_conversions/share/rtabmap_conversions/local_setup.bash
[9.642s] -- Symlinking: /home/jverga/rtabmap_ros2_ws/install/rtabmap_conversions/share/rtabmap_conversions/local_setup.sh
[9.647s] -- Symlinking: /home/jverga/rtabmap_ros2_ws/install/rtabmap_conversions/share/rtabmap_conversions/local_setup.zsh
[9.652s] -- Symlinking: /home/jverga/rtabmap_ros2_ws/install/rtabmap_conversions/share/rtabmap_conversions/local_setup.dsv
[9.657s] -- Symlinking: /home/jverga/rtabmap_ros2_ws/install/rtabmap_conversions/share/rtabmap_conversions/package.dsv
[9.663s] -- Symlinking: /home/jverga/rtabmap_ros2_ws/install/rtabmap_conversions/share/ament_index/resource_index/packages/rtabmap_conversions
[9.669s] -- Symlinking: /home/jverga/rtabmap_ros2_ws/install/rtabmap_conversions/share/rtabmap_conversions/cmake/ament_cmake_export_dependencies-extras.cmake
[9.674s] -- Symlinking: /home/jverga/rtabmap_ros2_ws/install/rtabmap_conversions/share/rtabmap_conversions/cmake/ament_cmake_export_include_directories-extras.cmake
[9.679s] -- Symlinking: /home/jverga/rtabmap_ros2_ws/install/rtabmap_conversions/share/rtabmap_conversions/cmake/ament_cmake_export_targets-extras.cmake
[9.684s] -- Symlinking: /home/jverga/rtabmap_ros2_ws/install/rtabmap_conversions/share/rtabmap_conversions/cmake/ament_cmake_export_libraries-extras.cmake
[9.689s] -- Symlinking: /home/jverga/rtabmap_ros2_ws/install/rtabmap_conversions/share/rtabmap_conversions/cmake/rtabmap_conversionsConfig.cmake
[9.695s] -- Symlinking: /home/jverga/rtabmap_ros2_ws/install/rtabmap_conversions/share/rtabmap_conversions/cmake/rtabmap_conversionsConfig-version.cmake
[9.701s] -- Symlinking: /home/jverga/rtabmap_ros2_ws/install/rtabmap_conversions/share/rtabmap_conversions/package.xml
[9.706s] -- Installing: /home/jverga/rtabmap_ros2_ws/install/rtabmap_conversions/lib/librtabmap_conversions.so
[9.708s] -- Set runtime path of "/home/jverga/rtabmap_ros2_ws/install/rtabmap_conversions/lib/librtabmap_conversions.so" to ""
[9.708s] -- Installing: /home/jverga/rtabmap_ros2_ws/install/rtabmap_conversions/include
[9.708s] -- Installing: /home/jverga/rtabmap_ros2_ws/install/rtabmap_conversions/include/rtabmap_conversions
[9.708s] -- Installing: /home/jverga/rtabmap_ros2_ws/install/rtabmap_conversions/include/rtabmap_conversions/MsgConversion.h
[9.708s] -- Installing: /home/jverga/rtabmap_ros2_ws/install/rtabmap_conversions/share/rtabmap_conversions/cmake/rtabmap_conversionsExport.cmake
[9.708s] -- Installing: /home/jverga/rtabmap_ros2_ws/install/rtabmap_conversions/share/rtabmap_conversions/cmake/rtabmap_conversionsExport-noconfig.cmake
[9.709s] Invoked command in '/home/jverga/rtabmap_ros2_ws/build/rtabmap_conversions' returned '0': AMENT_PREFIX_PATH=/home/jverga/rtabmap_ros2_ws/install/rtabmap_msgs:${AMENT_PREFIX_PATH} CMAKE_PREFIX_PATH=/home/jverga/rtabmap_ros2_ws/install/rtabmap_msgs:/home/jverga/combined_ros2_ws/install/point_lio:/home/jverga/realsense_ws/install/realsense2_description:/home/jverga/realsense_ws/install/realsense2_camera:/home/jverga/realsense_ws/install/realsense2_camera_msgs:/home/jverga/unilidar_sdk2/unitree_lidar_ros2/install/unitree_lidar_ros2:/home/jverga/unilidar_sdk2/unitree_lidar_ros2/catkin_point_lio_unilidar/install/point_lio:/home/jverga/unilidar_sdk2/install/unitree_lidar_ros2:/home/jverga/combined_ros2_ws/install/odometry_fusion:/opt/ros/humble LD_LIBRARY_PATH=/home/jverga/rtabmap_ros2_ws/install/rtabmap_msgs/lib:${LD_LIBRARY_PATH} PYTHONPATH=/home/jverga/rtabmap_ros2_ws/install/rtabmap_msgs/local/lib/python3.10/dist-packages:${PYTHONPATH} /usr/bin/cmake --install /home/jverga/rtabmap_ros2_ws/build/rtabmap_conversions
