Removed Pin From Net: NetName=BAT- Pin=D3-A
Removed Pin From Net: NetName=BAT- Pin=Q1-1
Removed Pin From Net: NetName=BAT- Pin=Q1-2
Removed Pin From Net: NetName=BAT- Pin=Q1-3
Removed Pin From Net: NetName=BAT- Pin=Q2-1
Removed Pin From Net: NetName=BAT- Pin=Q2-2
Removed Pin From Net: NetName=BAT- Pin=Q2-3
Removed Pin From Net: NetName=BAT- Pin=Q3-1
Removed Pin From Net: NetName=BAT- Pin=Q3-2
Removed Pin From Net: NetName=BAT- Pin=Q3-3
Removed Pin From Net: NetName=BAT- Pin=Q4-1
Removed Pin From Net: NetName=BAT- Pin=Q4-2
Removed Pin From Net: NetName=BAT- Pin=Q4-3
Removed Pin From Net: NetName=BAT- Pin=Q5-1
Removed Pin From Net: NetName=BAT- Pin=Q5-2
Removed Pin From Net: NetName=BAT- Pin=Q5-3
Removed Pin From Net: NetName=BAT- Pin=R9-1
Change Component DesignItemId : Designator=5V_OUT Old DesignItemId=43045-0400 New DesignItemId=HEADER_POS4_?43045-0401
Change Component DesignItemId : Designator=12V_OUT Old DesignItemId=43045-0400 New DesignItemId=HEADER_POS4_?43045-0401
Change Component DesignItemId : Designator=C1 Old DesignItemId=C0603K New DesignItemId=C-USC0603K
Change Component DesignItemId : Designator=C2 Old DesignItemId=C0603K New DesignItemId=C-USC0603K
Change Component DesignItemId : Designator=C3 Old DesignItemId=C0603K New DesignItemId=C-USC0603K
Change Component DesignItemId : Designator=C4 Old DesignItemId=C0603K New DesignItemId=C-USC0603K
Change Component DesignItemId : Designator=C6 Old DesignItemId=C0603K New DesignItemId=C-USC0603K
Change Component DesignItemId : Designator=C7 Old DesignItemId=C0603K New DesignItemId=C-USC0603K
Change Component DesignItemId : Designator=C8 Old DesignItemId=C0603K New DesignItemId=C-USC0603K
Change Component DesignItemId : Designator=C17 Old DesignItemId=C0603K New DesignItemId=C-USC0603K
Change Component DesignItemId : Designator=C9 Old DesignItemId=C1206K New DesignItemId=C-USC1206K
Change Component DesignItemId : Designator=C11 Old DesignItemId=C1206K New DesignItemId=C-USC1206K
Change Component DesignItemId : Designator=C12 Old DesignItemId=C1206K New DesignItemId=C-USC1206K
Change Component DesignItemId : Designator=C13 Old DesignItemId=C1206K New DesignItemId=C-USC1206K
Change Component DesignItemId : Designator=C16 Old DesignItemId=C1206K New DesignItemId=C-USC1206K
Change Component DesignItemId : Designator=C18 Old DesignItemId=C1206K New DesignItemId=C-USC1206K
Change Component DesignItemId : Designator=C19 Old DesignItemId=C1206K New DesignItemId=C-USC1206K
Change Component DesignItemId : Designator=C20 Old DesignItemId=C1206K New DesignItemId=C-USC1206K
Change Component DesignItemId : Designator=5V Old DesignItemId=CONV_PDQ30-Q24-S5-D New DesignItemId=PDQ30-Q24-S5-D
Change Component DesignItemId : Designator=12V Old DesignItemId=CONV_PDQ30-Q24-S5-D New DesignItemId=PDQ30-Q24-S5-D
Change Component DesignItemId : Designator=R_L Old DesignItemId=D2PAK New DesignItemId=RESISTOR
Change Component DesignItemId : Designator=R_M Old DesignItemId=D2PAK New DesignItemId=RESISTOR
Change Component DesignItemId : Designator=D1 Old DesignItemId=DO214AC New DesignItemId=DIODE-DO214AC
Change Component DesignItemId : Designator=D2 Old DesignItemId=DO214AC New DesignItemId=DIODE-DO214AC
Change Component DesignItemId : Designator=D3 Old DesignItemId=DO214AC New DesignItemId=DIODE-DO214AC
Change Component DesignItemId : Designator=D5 Old DesignItemId=DO214AC New DesignItemId=DIODE-DO214AC
Change Component DesignItemId : Designator=C5 Old DesignItemId=E3,5-8 New DesignItemId=CPOL-USE3.5-8
Change Component DesignItemId : Designator=C10 Old DesignItemId=E3,5-8 New DesignItemId=CPOL-USE3.5-8
Change Component DesignItemId : Designator=C14 Old DesignItemId=E3,5-8 New DesignItemId=CPOL-USE3.5-8
Change Component DesignItemId : Designator=C15 Old DesignItemId=E3,5-8 New DesignItemId=CPOL-USE3.5-8
Change Component DesignItemId : Designator=C21 Old DesignItemId=E3,5-8 New DesignItemId=CPOL-USE3.5-8
Change Component DesignItemId : Designator=C22 Old DesignItemId=E3,5-8 New DesignItemId=CPOL-USE3.5-8
Change Component DesignItemId : Designator=C23 Old DesignItemId=E3,5-8 New DesignItemId=CPOL-USE3.5-8
Change Component DesignItemId : Designator=+ Old DesignItemId=FASTON New DesignItemId=QFIT
Change Component DesignItemId : Designator=- Old DesignItemId=FASTON New DesignItemId=QFIT
Change Component DesignItemId : Designator=L1 Old DesignItemId=L3225P New DesignItemId=L-USL3225P
Change Component DesignItemId : Designator=L2 Old DesignItemId=L3225P New DesignItemId=L-USL3225P
Change Component DesignItemId : Designator=U$13 Old DesignItemId=M80-840242 New DesignItemId=2-PINM80_H
Change Component DesignItemId : Designator=U$14 Old DesignItemId=M80-840242 New DesignItemId=2-PINM80_H
Change Component DesignItemId : Designator=U3 Old DesignItemId=MF05A New DesignItemId=LMC7211BIM5/NOPB
Change Component DesignItemId : Designator=U4 Old DesignItemId=MF05A New DesignItemId=LMC7211BIM5/NOPB
Change Component DesignItemId : Designator=R1 Old DesignItemId=R0402 New DesignItemId=R-US_R0402
Change Component DesignItemId : Designator=R2 Old DesignItemId=R0402 New DesignItemId=R-US_R0402
Change Component DesignItemId : Designator=R3 Old DesignItemId=R0402 New DesignItemId=R-US_R0402
Change Component DesignItemId : Designator=R4 Old DesignItemId=R0402 New DesignItemId=R-US_R0402
Change Component DesignItemId : Designator=R5 Old DesignItemId=R0402 New DesignItemId=R-US_R0402
Change Component DesignItemId : Designator=R6 Old DesignItemId=R0402 New DesignItemId=R-US_R0402
Change Component DesignItemId : Designator=R7 Old DesignItemId=R0402 New DesignItemId=R-US_R0402
Change Component DesignItemId : Designator=R8 Old DesignItemId=R0402 New DesignItemId=R-US_R0402
Change Component DesignItemId : Designator=R9 Old DesignItemId=R0402 New DesignItemId=R-US_R0402
Change Component DesignItemId : Designator=R10 Old DesignItemId=R0402 New DesignItemId=R-US_R0402
Change Component DesignItemId : Designator=R11 Old DesignItemId=R0402 New DesignItemId=R-US_R0402
Change Component DesignItemId : Designator=R12 Old DesignItemId=R0402 New DesignItemId=R-US_R0402
Change Component DesignItemId : Designator=R13 Old DesignItemId=R0402 New DesignItemId=R-US_R0402
Change Component DesignItemId : Designator=R14 Old DesignItemId=R0402 New DesignItemId=R-US_R0402
Change Component DesignItemId : Designator=R15 Old DesignItemId=R0402 New DesignItemId=R-US_R0402
Change Component DesignItemId : Designator=R16 Old DesignItemId=R0402 New DesignItemId=R-US_R0402
Change Component DesignItemId : Designator=R17 Old DesignItemId=R0603 New DesignItemId=R-US_R0603
Change Component DesignItemId : Designator=R18 Old DesignItemId=R0603 New DesignItemId=R-US_R0603
Change Component DesignItemId : Designator=D4 Old DesignItemId=SMB New DesignItemId=DIODE-SMB
Change Component DesignItemId : Designator=D6 Old DesignItemId=SMB New DesignItemId=MBRS130LT3
Change Component DesignItemId : Designator=IC1 Old DesignItemId=SO08 New DesignItemId=78L*SMD
Change Component DesignItemId : Designator=IC2 Old DesignItemId=SO08 New DesignItemId=78L*SMD
Change Component DesignItemId : Designator=Q1 Old DesignItemId=TRANS_TPH5900CNH,L1Q New DesignItemId=N-FETPOWER_SO8
Change Component DesignItemId : Designator=Q2 Old DesignItemId=TRANS_TPH5900CNH,L1Q New DesignItemId=N-FETPOWER_SO8
Change Component DesignItemId : Designator=Q3 Old DesignItemId=TRANS_TPH5900CNH,L1Q New DesignItemId=N-FETPOWER_SO8
Change Component DesignItemId : Designator=Q4 Old DesignItemId=TRANS_TPH5900CNH,L1Q New DesignItemId=N-FETPOWER_SO8
Change Component DesignItemId : Designator=Q5 Old DesignItemId=TRANS_TPH5900CNH,L1Q New DesignItemId=N-FETPOWER_SO8
Change Component DesignItemId : Designator=U$3 Old DesignItemId=XT30_H_F New DesignItemId=XT30FEMALW
Change Component DesignItemId : Designator=U$8 Old DesignItemId=XT30_H_F New DesignItemId=XT30FEMALW
Change Component DesignItemId : Designator=U$9 Old DesignItemId=XT30_H_F New DesignItemId=XT30FEMALW
Change Component DesignItemId : Designator=U$10 Old DesignItemId=XT30_H_F New DesignItemId=XT30FEMALW
Change Component Comment : Designator=U$13 Old Comment= New Comment=2-PINM80_H
Change Component Comment : Designator=U$14 Old Comment= New Comment=2-PINM80_H
Change Component Comment : Designator=D4 Old Comment= New Comment=DIODE-SMB
Change Component Comment : Designator=5V_OUT Old Comment= New Comment=HEADER_POS4_?43045-0401
Change Component Comment : Designator=12V_OUT Old Comment= New Comment=HEADER_POS4_?43045-0401
Change Component Comment : Designator=U3 Old Comment= New Comment=LMC7211BIM5/NOPB
Change Component Comment : Designator=U4 Old Comment= New Comment=LMC7211BIM5/NOPB
Change Component Comment : Designator=+ Old Comment= New Comment=QFIT
Change Component Comment : Designator=- Old Comment= New Comment=QFIT
Change Component Comment : Designator=U$3 Old Comment= New Comment=XT30FEMALW
Change Component Comment : Designator=U$8 Old Comment= New Comment=XT30FEMALW
Change Component Comment : Designator=U$9 Old Comment= New Comment=XT30FEMALW
Change Component Comment : Designator=U$10 Old Comment= New Comment=XT30FEMALW
Change Component Comment : Designator=IC1 Old Comment=78L12SMD New Comment=78L*SMD
Change Component Comment : Designator=IC2 Old Comment=78L12SMD New Comment=78L*SMD
Change Component Description : Designator=5V Old Description= New Description=12 Vdc, 2.5 A, 30 W, 9 ~ 36 Vdc
Change Component Description : Designator=12V Old Description= New Description=12 Vdc, 2.5 A, 30 W, 9 ~ 36 Vdc
Change Component Description : Designator=C1 Old Description= New Description=CAPACITOR, American symbol
Change Component Description : Designator=C2 Old Description= New Description=CAPACITOR, American symbol
Change Component Description : Designator=C3 Old Description= New Description=CAPACITOR, American symbol
Change Component Description : Designator=C4 Old Description= New Description=CAPACITOR, American symbol
Change Component Description : Designator=C6 Old Description= New Description=CAPACITOR, American symbol
Change Component Description : Designator=C7 Old Description= New Description=CAPACITOR, American symbol
Change Component Description : Designator=C8 Old Description= New Description=CAPACITOR, American symbol
Change Component Description : Designator=C9 Old Description= New Description=CAPACITOR, American symbol
Change Component Description : Designator=C11 Old Description= New Description=CAPACITOR, American symbol
Change Component Description : Designator=C12 Old Description= New Description=CAPACITOR, American symbol
Change Component Description : Designator=C13 Old Description= New Description=CAPACITOR, American symbol
Change Component Description : Designator=C16 Old Description= New Description=CAPACITOR, American symbol
Change Component Description : Designator=C17 Old Description= New Description=CAPACITOR, American symbol
Change Component Description : Designator=C18 Old Description= New Description=CAPACITOR, American symbol
Change Component Description : Designator=C19 Old Description= New Description=CAPACITOR, American symbol
Change Component Description : Designator=C20 Old Description= New Description=CAPACITOR, American symbol
Change Component Description : Designator=D1 Old Description= New Description=DIODE
Change Component Description : Designator=D2 Old Description= New Description=DIODE
Change Component Description : Designator=D3 Old Description= New Description=DIODE
Change Component Description : Designator=D4 Old Description= New Description=DIODE
Change Component Description : Designator=D5 Old Description= New Description=DIODE
Change Component Description : Designator=L1 Old Description= New Description=INDUCTOR, American symbol
Change Component Description : Designator=L2 Old Description= New Description=INDUCTOR, American symbol
Change Component Description : Designator=5V_OUT Old Description= New Description=Molex - Micro-Fit 3.0 Series connector,  3.00mm (0.118") pitch header, 4 positions.
Change Component Description : Designator=12V_OUT Old Description= New Description=Molex - Micro-Fit 3.0 Series connector,  3.00mm (0.118") pitch header, 4 positions.
Change Component Description : Designator=Q1 Old Description= New Description=N-CHANNEL MOS FET SYMBOL
Change Component Description : Designator=Q2 Old Description= New Description=N-CHANNEL MOS FET SYMBOL
Change Component Description : Designator=Q3 Old Description= New Description=N-CHANNEL MOS FET SYMBOL
Change Component Description : Designator=Q4 Old Description= New Description=N-CHANNEL MOS FET SYMBOL
Change Component Description : Designator=Q5 Old Description= New Description=N-CHANNEL MOS FET SYMBOL
Change Component Description : Designator=C5 Old Description= New Description=POLARIZED CAPACITOR, American symbol
Change Component Description : Designator=C10 Old Description= New Description=POLARIZED CAPACITOR, American symbol
Change Component Description : Designator=C14 Old Description= New Description=POLARIZED CAPACITOR, American symbol
Change Component Description : Designator=C15 Old Description= New Description=POLARIZED CAPACITOR, American symbol
Change Component Description : Designator=C21 Old Description= New Description=POLARIZED CAPACITOR, American symbol
Change Component Description : Designator=C22 Old Description= New Description=POLARIZED CAPACITOR, American symbol
Change Component Description : Designator=C23 Old Description= New Description=POLARIZED CAPACITOR, American symbol
Change Component Description : Designator=IC1 Old Description= New Description=Positive VOLTAGE REGULATOR
Change Component Description : Designator=IC2 Old Description= New Description=Positive VOLTAGE REGULATOR
Change Component Description : Designator=+ Old Description= New Description=QUICKFIT PCB TERMINAL
Change Component Description : Designator=- Old Description= New Description=QUICKFIT PCB TERMINAL
Change Component Description : Designator=R1 Old Description= New Description=RESISTOR, American symbol
Change Component Description : Designator=R2 Old Description= New Description=RESISTOR, American symbol
Change Component Description : Designator=R3 Old Description= New Description=RESISTOR, American symbol
Change Component Description : Designator=R4 Old Description= New Description=RESISTOR, American symbol
Change Component Description : Designator=R5 Old Description= New Description=RESISTOR, American symbol
Change Component Description : Designator=R6 Old Description= New Description=RESISTOR, American symbol
Change Component Description : Designator=R7 Old Description= New Description=RESISTOR, American symbol
Change Component Description : Designator=R8 Old Description= New Description=RESISTOR, American symbol
Change Component Description : Designator=R9 Old Description= New Description=RESISTOR, American symbol
Change Component Description : Designator=R10 Old Description= New Description=RESISTOR, American symbol
Change Component Description : Designator=R11 Old Description= New Description=RESISTOR, American symbol
Change Component Description : Designator=R12 Old Description= New Description=RESISTOR, American symbol
Change Component Description : Designator=R13 Old Description= New Description=RESISTOR, American symbol
Change Component Description : Designator=R14 Old Description= New Description=RESISTOR, American symbol
Change Component Description : Designator=R15 Old Description= New Description=RESISTOR, American symbol
Change Component Description : Designator=R16 Old Description= New Description=RESISTOR, American symbol
Change Component Description : Designator=R17 Old Description= New Description=RESISTOR, American symbol
Change Component Description : Designator=R18 Old Description= New Description=RESISTOR, American symbol
Change Component Description : Designator=D6 Old Description= New Description=Schottky Power Rectifier   Source: http://www.onsemi.com/pub/Collateral/MBRS130LT3-D.PDF
Change Component Library : Designator=Q1 Old Library= New Library=Ben_Library.IntLib
Change Component Library : Designator=Q2 Old Library= New Library=Ben_Library.IntLib
Change Component Library : Designator=Q3 Old Library= New Library=Ben_Library.IntLib
Change Component Library : Designator=Q4 Old Library= New Library=Ben_Library.IntLib
Change Component Library : Designator=Q5 Old Library= New Library=Ben_Library.IntLib
Change Component Library : Designator=U$3 Old Library= New Library=Ben_Library.IntLib
Change Component Library : Designator=U$8 Old Library= New Library=Ben_Library.IntLib
Change Component Library : Designator=U$9 Old Library= New Library=Ben_Library.IntLib
Change Component Library : Designator=U$10 Old Library= New Library=Ben_Library.IntLib
Change Component Library : Designator=U$13 Old Library= New Library=Ben_Library.IntLib
Change Component Library : Designator=U$14 Old Library= New Library=Ben_Library.IntLib
Change Component Library : Designator=R_L Old Library= New Library=BenLibrary.IntLib
Change Component Library : Designator=R_M Old Library= New Library=BenLibrary.IntLib
Change Component Library : Designator=5V_OUT Old Library= New Library=con-molex-micro-fit-3_0.IntLib
Change Component Library : Designator=12V_OUT Old Library= New Library=con-molex-micro-fit-3_0.IntLib
Change Component Library : Designator=D1 Old Library= New Library=diode.IntLib
Change Component Library : Designator=D2 Old Library= New Library=diode.IntLib
Change Component Library : Designator=D3 Old Library= New Library=diode.IntLib
Change Component Library : Designator=D4 Old Library= New Library=diode.IntLib
Change Component Library : Designator=D5 Old Library= New Library=diode.IntLib
Change Component Library : Designator=D6 Old Library= New Library=diode.IntLib
Change Component Library : Designator=+ Old Library= New Library=keystone.IntLib
Change Component Library : Designator=- Old Library= New Library=keystone.IntLib
Change Component Library : Designator=IC1 Old Library= New Library=linear.IntLib
Change Component Library : Designator=IC2 Old Library= New Library=linear.IntLib
Change Component Library : Designator=U3 Old Library= New Library=lmc7211.IntLib
Change Component Library : Designator=U4 Old Library= New Library=lmc7211.IntLib
Change Component Library : Designator=5V Old Library= New Library=PDQ30-Q24-S5-D.IntLib
Change Component Library : Designator=12V Old Library= New Library=PDQ30-Q24-S5-D.IntLib
Change Component Library : Designator=C1 Old Library= New Library=rcl.IntLib
Change Component Library : Designator=C2 Old Library= New Library=rcl.IntLib
Change Component Library : Designator=C3 Old Library= New Library=rcl.IntLib
Change Component Library : Designator=C4 Old Library= New Library=rcl.IntLib
Change Component Library : Designator=C5 Old Library= New Library=rcl.IntLib
Change Component Library : Designator=C6 Old Library= New Library=rcl.IntLib
Change Component Library : Designator=C7 Old Library= New Library=rcl.IntLib
Change Component Library : Designator=C8 Old Library= New Library=rcl.IntLib
Change Component Library : Designator=C9 Old Library= New Library=rcl.IntLib
Change Component Library : Designator=C10 Old Library= New Library=rcl.IntLib
Change Component Library : Designator=C11 Old Library= New Library=rcl.IntLib
Change Component Library : Designator=C12 Old Library= New Library=rcl.IntLib
Change Component Library : Designator=C13 Old Library= New Library=rcl.IntLib
Change Component Library : Designator=C14 Old Library= New Library=rcl.IntLib
Change Component Library : Designator=C15 Old Library= New Library=rcl.IntLib
Change Component Library : Designator=C16 Old Library= New Library=rcl.IntLib
Change Component Library : Designator=C17 Old Library= New Library=rcl.IntLib
Change Component Library : Designator=C18 Old Library= New Library=rcl.IntLib
Change Component Library : Designator=C19 Old Library= New Library=rcl.IntLib
Change Component Library : Designator=C20 Old Library= New Library=rcl.IntLib
Change Component Library : Designator=C21 Old Library= New Library=rcl.IntLib
Change Component Library : Designator=C22 Old Library= New Library=rcl.IntLib
Change Component Library : Designator=C23 Old Library= New Library=rcl.IntLib
Change Component Library : Designator=L1 Old Library= New Library=rcl.IntLib
Change Component Library : Designator=L2 Old Library= New Library=rcl.IntLib
Change Component Library : Designator=R1 Old Library= New Library=rcl.IntLib
Change Component Library : Designator=R2 Old Library= New Library=rcl.IntLib
Change Component Library : Designator=R3 Old Library= New Library=rcl.IntLib
Change Component Library : Designator=R4 Old Library= New Library=rcl.IntLib
Change Component Library : Designator=R5 Old Library= New Library=rcl.IntLib
Change Component Library : Designator=R6 Old Library= New Library=rcl.IntLib
Change Component Library : Designator=R7 Old Library= New Library=rcl.IntLib
Change Component Library : Designator=R8 Old Library= New Library=rcl.IntLib
Change Component Library : Designator=R9 Old Library= New Library=rcl.IntLib
Change Component Library : Designator=R10 Old Library= New Library=rcl.IntLib
Change Component Library : Designator=R11 Old Library= New Library=rcl.IntLib
Change Component Library : Designator=R12 Old Library= New Library=rcl.IntLib
Change Component Library : Designator=R13 Old Library= New Library=rcl.IntLib
Change Component Library : Designator=R14 Old Library= New Library=rcl.IntLib
Change Component Library : Designator=R15 Old Library= New Library=rcl.IntLib
Change Component Library : Designator=R16 Old Library= New Library=rcl.IntLib
Change Component Library : Designator=R17 Old Library= New Library=rcl.IntLib
Change Component Library : Designator=R18 Old Library= New Library=rcl.IntLib
Change component parameters: Designator = "5V" ("5V"); Footprint = "CONV_PDQ30-Q24-S5-D"; UniqueID = "\MWPKNDYG" ("MWPKNDYG")
Change component parameters (AddParameter): Name = "CUI_PURCHASE_URL"; Value = "https://www.cui.com/product/power/dc-dc-converters/isolated/pdq30-d-series?utm_source=snapeda.com&utm_medium=referral&utm_campaign=snapedaBOM"; VariantName = "[No Variations]"
Change component parameters (AddParameter): Name = "DeviceName"; Value = ""; VariantName = "[No Variations]"
Change component parameters (AddParameter): Name = "DeviceSetName"; Value = "PDQ30-Q24-S5-D"; VariantName = "[No Variations]"
Change component parameters (AddParameter): Name = "DIGI-KEY_PART_NUMBER"; Value = "102-3891-ND"; VariantName = "[No Variations]"
Change component parameters (AddParameter): Name = "DIGI-KEY_PURCHASE_URL"; Value = "https://www.digikey.com/product-detail/en/cui-inc/PDQ30-Q24-S5-D/102-3891-ND/6165424?utm_source=snapeda&utm_medium=aggregator&utm_campaign=symbol"; VariantName = "[No Variations]"
Change component parameters (AddParameter): Name = "GateName_1"; Value = "G$1"; VariantName = "[No Variations]"
Change component parameters (AddParameter): Name = "LibraryName"; Value = "PDQ30-Q24-S5-D"; VariantName = "[No Variations]"
Change component parameters (AddParameter): Name = "MF"; Value = "CUI"; VariantName = "[No Variations]"
Change component parameters (AddParameter): Name = "MP"; Value = "PDQ30-Q24-S5-D"; VariantName = "[No Variations]"
Change component parameters (AddParameter): Name = "PACKAGE"; Value = "DIP-6 CUI"; VariantName = "[No Variations]"
Change component parameters (AddParameter): Name = "SymbolName_1"; Value = "PDQ30-Q24-S5-D"; VariantName = "[No Variations]"
Change component parameters: Designator = "5V_OUT" ("5V_OUT"); Footprint = "43045-0400"; UniqueID = "\GLKTDNIX" ("GLKTDNIX")
Change component parameters (AddParameter): Name = "DeviceName"; Value = "43045-0401"; VariantName = "[No Variations]"
Change component parameters (AddParameter): Name = "DeviceSetName"; Value = "HEADER_POS4_?"; VariantName = "[No Variations]"
Change component parameters (AddParameter): Name = "GateName_1"; Value = "G$1"; VariantName = "[No Variations]"
Change component parameters (AddParameter): Name = "LibraryName"; Value = "con-molex-micro-fit-3_0"; VariantName = "[No Variations]"
Change component parameters (AddParameter): Name = "MATERIAL"; Value = "MATERIAL"; VariantName = "[No Variations]"
Change component parameters (AddParameter): Name = "SymbolName_1"; Value = "HEADER_POS4"; VariantName = "[No Variations]"
Change component parameters: Designator = "12V" ("12V"); Footprint = "CONV_PDQ30-Q24-S5-D"; UniqueID = "\PPQVXGDA" ("PPQVXGDA")
Change component parameters (AddParameter): Name = "CUI_PURCHASE_URL"; Value = "https://www.cui.com/product/power/dc-dc-converters/isolated/pdq30-d-series?utm_source=snapeda.com&utm_medium=referral&utm_campaign=snapedaBOM"; VariantName = "[No Variations]"
Change component parameters (AddParameter): Name = "DeviceName"; Value = ""; VariantName = "[No Variations]"
Change component parameters (AddParameter): Name = "DeviceSetName"; Value = "PDQ30-Q24-S5-D"; VariantName = "[No Variations]"
Change component parameters (AddParameter): Name = "DIGI-KEY_PART_NUMBER"; Value = "102-3891-ND"; VariantName = "[No Variations]"
Change component parameters (AddParameter): Name = "DIGI-KEY_PURCHASE_URL"; Value = "https://www.digikey.com/product-detail/en/cui-inc/PDQ30-Q24-S5-D/102-3891-ND/6165424?utm_source=snapeda&utm_medium=aggregator&utm_campaign=symbol"; VariantName = "[No Variations]"
Change component parameters (AddParameter): Name = "GateName_1"; Value = "G$1"; VariantName = "[No Variations]"
Change component parameters (AddParameter): Name = "LibraryName"; Value = "PDQ30-Q24-S5-D"; VariantName = "[No Variations]"
Change component parameters (AddParameter): Name = "MF"; Value = "CUI"; VariantName = "[No Variations]"
Change component parameters (AddParameter): Name = "MP"; Value = "PDQ30-Q24-S5-D"; VariantName = "[No Variations]"
Change component parameters (AddParameter): Name = "PACKAGE"; Value = "DIP-6 CUI"; VariantName = "[No Variations]"
Change component parameters (AddParameter): Name = "SymbolName_1"; Value = "PDQ30-Q24-S5-D"; VariantName = "[No Variations]"
Change component parameters: Designator = "12V_OUT" ("12V_OUT"); Footprint = "43045-0400"; UniqueID = "\GEYILIPJ" ("GEYILIPJ")
Change component parameters (AddParameter): Name = "DeviceName"; Value = "43045-0401"; VariantName = "[No Variations]"
Change component parameters (AddParameter): Name = "DeviceSetName"; Value = "HEADER_POS4_?"; VariantName = "[No Variations]"
Change component parameters (AddParameter): Name = "GateName_1"; Value = "G$1"; VariantName = "[No Variations]"
Change component parameters (AddParameter): Name = "LibraryName"; Value = "con-molex-micro-fit-3_0"; VariantName = "[No Variations]"
Change component parameters (AddParameter): Name = "MATERIAL"; Value = "MATERIAL"; VariantName = "[No Variations]"
Change component parameters (AddParameter): Name = "SymbolName_1"; Value = "HEADER_POS4"; VariantName = "[No Variations]"
Change component parameters: Designator = "+" ("+"); Footprint = "FASTON"; UniqueID = "\XUNAQDCU" ("XUNAQDCU")
Change component parameters (AddParameter): Name = "DeviceName"; Value = ""; VariantName = "[No Variations]"
Change component parameters (AddParameter): Name = "DeviceSetName"; Value = "QFIT"; VariantName = "[No Variations]"
Change component parameters (AddParameter): Name = "GateName_1"; Value = "G$1"; VariantName = "[No Variations]"
Change component parameters (AddParameter): Name = "LibraryName"; Value = "keystone"; VariantName = "[No Variations]"
Change component parameters (AddParameter): Name = "SymbolName_1"; Value = "QFIT-2"; VariantName = "[No Variations]"
Change component parameters: Designator = "-" ("-"); Footprint = "FASTON"; UniqueID = "\KRWCCJOM" ("KRWCCJOM")
Change component parameters (AddParameter): Name = "DeviceName"; Value = ""; VariantName = "[No Variations]"
Change component parameters (AddParameter): Name = "DeviceSetName"; Value = "QFIT"; VariantName = "[No Variations]"
Change component parameters (AddParameter): Name = "GateName_1"; Value = "G$1"; VariantName = "[No Variations]"
Change component parameters (AddParameter): Name = "LibraryName"; Value = "keystone"; VariantName = "[No Variations]"
Change component parameters (AddParameter): Name = "SymbolName_1"; Value = "QFIT-2"; VariantName = "[No Variations]"
Change component parameters: Designator = "C1" ("C1"); Footprint = "C0603K"; UniqueID = "\NRFYYDHY" ("NRFYYDHY")
Change component parameters (AddParameter): Name = "DeviceName"; Value = "C0603K"; VariantName = "[No Variations]"
Change component parameters (AddParameter): Name = "DeviceSetName"; Value = "C-US"; VariantName = "[No Variations]"
Change component parameters (AddParameter): Name = "GateName_1"; Value = "G$1"; VariantName = "[No Variations]"
Change component parameters (AddParameter): Name = "LibraryName"; Value = "rcl"; VariantName = "[No Variations]"
Change component parameters (AddParameter): Name = "SymbolName_1"; Value = "C-US"; VariantName = "[No Variations]"
Change component parameters: Designator = "C2" ("C2"); Footprint = "C0603K"; UniqueID = "\GTJJXDHL" ("GTJJXDHL")
Change component parameters (AddParameter): Name = "DeviceName"; Value = "C0603K"; VariantName = "[No Variations]"
Change component parameters (AddParameter): Name = "DeviceSetName"; Value = "C-US"; VariantName = "[No Variations]"
Change component parameters (AddParameter): Name = "GateName_1"; Value = "G$1"; VariantName = "[No Variations]"
Change component parameters (AddParameter): Name = "LibraryName"; Value = "rcl"; VariantName = "[No Variations]"
Change component parameters (AddParameter): Name = "SymbolName_1"; Value = "C-US"; VariantName = "[No Variations]"
Change component parameters: Designator = "C3" ("C3"); Footprint = "C0603K"; UniqueID = "\HQHGTPKT" ("HQHGTPKT")
Change component parameters (AddParameter): Name = "DeviceName"; Value = "C0603K"; VariantName = "[No Variations]"
Change component parameters (AddParameter): Name = "DeviceSetName"; Value = "C-US"; VariantName = "[No Variations]"
Change component parameters (AddParameter): Name = "GateName_1"; Value = "G$1"; VariantName = "[No Variations]"
Change component parameters (AddParameter): Name = "LibraryName"; Value = "rcl"; VariantName = "[No Variations]"
Change component parameters (AddParameter): Name = "SymbolName_1"; Value = "C-US"; VariantName = "[No Variations]"
Change component parameters: Designator = "C4" ("C4"); Footprint = "C0603K"; UniqueID = "\NNDTMCAE" ("NNDTMCAE")
Change component parameters (AddParameter): Name = "DeviceName"; Value = "C0603K"; VariantName = "[No Variations]"
Change component parameters (AddParameter): Name = "DeviceSetName"; Value = "C-US"; VariantName = "[No Variations]"
Change component parameters (AddParameter): Name = "GateName_1"; Value = "G$1"; VariantName = "[No Variations]"
Change component parameters (AddParameter): Name = "LibraryName"; Value = "rcl"; VariantName = "[No Variations]"
Change component parameters (AddParameter): Name = "SymbolName_1"; Value = "C-US"; VariantName = "[No Variations]"
Change component parameters: Designator = "C5" ("C5"); Footprint = "E3,5-8"; UniqueID = "\LBABHEYG" ("LBABHEYG")
Change component parameters (AddParameter): Name = "DeviceName"; Value = "E3.5-8"; VariantName = "[No Variations]"
Change component parameters (AddParameter): Name = "DeviceSetName"; Value = "CPOL-US"; VariantName = "[No Variations]"
Change component parameters (AddParameter): Name = "GateName_1"; Value = "G$1"; VariantName = "[No Variations]"
Change component parameters (AddParameter): Name = "LibraryName"; Value = "rcl"; VariantName = "[No Variations]"
Change component parameters (AddParameter): Name = "SymbolName_1"; Value = "CPOL-US"; VariantName = "[No Variations]"
Change component parameters: Designator = "C6" ("C6"); Footprint = "C0603K"; UniqueID = "\OCNBVCQK" ("OCNBVCQK")
Change component parameters (AddParameter): Name = "DeviceName"; Value = "C0603K"; VariantName = "[No Variations]"
Change component parameters (AddParameter): Name = "DeviceSetName"; Value = "C-US"; VariantName = "[No Variations]"
Change component parameters (AddParameter): Name = "GateName_1"; Value = "G$1"; VariantName = "[No Variations]"
Change component parameters (AddParameter): Name = "LibraryName"; Value = "rcl"; VariantName = "[No Variations]"
Change component parameters (AddParameter): Name = "SymbolName_1"; Value = "C-US"; VariantName = "[No Variations]"
Change component parameters: Designator = "C7" ("C7"); Footprint = "C0603K"; UniqueID = "\YPIQLCOV" ("YPIQLCOV")
Change component parameters (AddParameter): Name = "DeviceName"; Value = "C0603K"; VariantName = "[No Variations]"
Change component parameters (AddParameter): Name = "DeviceSetName"; Value = "C-US"; VariantName = "[No Variations]"
Change component parameters (AddParameter): Name = "GateName_1"; Value = "G$1"; VariantName = "[No Variations]"
Change component parameters (AddParameter): Name = "LibraryName"; Value = "rcl"; VariantName = "[No Variations]"
Change component parameters (AddParameter): Name = "SymbolName_1"; Value = "C-US"; VariantName = "[No Variations]"
Change component parameters: Designator = "C8" ("C8"); Footprint = "C0603K"; UniqueID = "\JQSRIGTI" ("JQSRIGTI")
Change component parameters (AddParameter): Name = "DeviceName"; Value = "C0603K"; VariantName = "[No Variations]"
Change component parameters (AddParameter): Name = "DeviceSetName"; Value = "C-US"; VariantName = "[No Variations]"
Change component parameters (AddParameter): Name = "GateName_1"; Value = "G$1"; VariantName = "[No Variations]"
Change component parameters (AddParameter): Name = "LibraryName"; Value = "rcl"; VariantName = "[No Variations]"
Change component parameters (AddParameter): Name = "SymbolName_1"; Value = "C-US"; VariantName = "[No Variations]"
Change component parameters: Designator = "C9" ("C9"); Footprint = "C1206K"; UniqueID = "\CRSTAOUD" ("CRSTAOUD")
Change component parameters (AddParameter): Name = "DeviceName"; Value = "C1206K"; VariantName = "[No Variations]"
Change component parameters (AddParameter): Name = "DeviceSetName"; Value = "C-US"; VariantName = "[No Variations]"
Change component parameters (AddParameter): Name = "GateName_1"; Value = "G$1"; VariantName = "[No Variations]"
Change component parameters (AddParameter): Name = "LibraryName"; Value = "rcl"; VariantName = "[No Variations]"
Change component parameters (AddParameter): Name = "SymbolName_1"; Value = "C-US"; VariantName = "[No Variations]"
Change component parameters: Designator = "C10" ("C10"); Footprint = "E3,5-8"; UniqueID = "\JLPWDBHO" ("JLPWDBHO")
Change component parameters (AddParameter): Name = "DeviceName"; Value = "E3.5-8"; VariantName = "[No Variations]"
Change component parameters (AddParameter): Name = "DeviceSetName"; Value = "CPOL-US"; VariantName = "[No Variations]"
Change component parameters (AddParameter): Name = "GateName_1"; Value = "G$1"; VariantName = "[No Variations]"
Change component parameters (AddParameter): Name = "LibraryName"; Value = "rcl"; VariantName = "[No Variations]"
Change component parameters (AddParameter): Name = "SymbolName_1"; Value = "CPOL-US"; VariantName = "[No Variations]"
Change component parameters: Designator = "C11" ("C11"); Footprint = "C1206K"; UniqueID = "\DVVXHYHT" ("DVVXHYHT")
Change component parameters (AddParameter): Name = "DeviceName"; Value = "C1206K"; VariantName = "[No Variations]"
Change component parameters (AddParameter): Name = "DeviceSetName"; Value = "C-US"; VariantName = "[No Variations]"
Change component parameters (AddParameter): Name = "GateName_1"; Value = "G$1"; VariantName = "[No Variations]"
Change component parameters (AddParameter): Name = "LibraryName"; Value = "rcl"; VariantName = "[No Variations]"
Change component parameters (AddParameter): Name = "SymbolName_1"; Value = "C-US"; VariantName = "[No Variations]"
Change component parameters: Designator = "C12" ("C12"); Footprint = "C1206K"; UniqueID = "\DGVHUWUW" ("DGVHUWUW")
Change component parameters (AddParameter): Name = "DeviceName"; Value = "C1206K"; VariantName = "[No Variations]"
Change component parameters (AddParameter): Name = "DeviceSetName"; Value = "C-US"; VariantName = "[No Variations]"
Change component parameters (AddParameter): Name = "GateName_1"; Value = "G$1"; VariantName = "[No Variations]"
Change component parameters (AddParameter): Name = "LibraryName"; Value = "rcl"; VariantName = "[No Variations]"
Change component parameters (AddParameter): Name = "SymbolName_1"; Value = "C-US"; VariantName = "[No Variations]"
Change component parameters: Designator = "C13" ("C13"); Footprint = "C1206K"; UniqueID = "\SJVJUFWK" ("SJVJUFWK")
Change component parameters (AddParameter): Name = "DeviceName"; Value = "C1206K"; VariantName = "[No Variations]"
Change component parameters (AddParameter): Name = "DeviceSetName"; Value = "C-US"; VariantName = "[No Variations]"
Change component parameters (AddParameter): Name = "GateName_1"; Value = "G$1"; VariantName = "[No Variations]"
Change component parameters (AddParameter): Name = "LibraryName"; Value = "rcl"; VariantName = "[No Variations]"
Change component parameters (AddParameter): Name = "SymbolName_1"; Value = "C-US"; VariantName = "[No Variations]"
Change component parameters: Designator = "C14" ("C14"); Footprint = "E3,5-8"; UniqueID = "\BMAJILTQ" ("BMAJILTQ")
Change component parameters (AddParameter): Name = "DeviceName"; Value = "E3.5-8"; VariantName = "[No Variations]"
Change component parameters (AddParameter): Name = "DeviceSetName"; Value = "CPOL-US"; VariantName = "[No Variations]"
Change component parameters (AddParameter): Name = "GateName_1"; Value = "G$1"; VariantName = "[No Variations]"
Change component parameters (AddParameter): Name = "LibraryName"; Value = "rcl"; VariantName = "[No Variations]"
Change component parameters (AddParameter): Name = "SymbolName_1"; Value = "CPOL-US"; VariantName = "[No Variations]"
Change component parameters: Designator = "C15" ("C15"); Footprint = "E3,5-8"; UniqueID = "\TVIMTTON" ("TVIMTTON")
Change component parameters (AddParameter): Name = "DeviceName"; Value = "E3.5-8"; VariantName = "[No Variations]"
Change component parameters (AddParameter): Name = "DeviceSetName"; Value = "CPOL-US"; VariantName = "[No Variations]"
Change component parameters (AddParameter): Name = "GateName_1"; Value = "G$1"; VariantName = "[No Variations]"
Change component parameters (AddParameter): Name = "LibraryName"; Value = "rcl"; VariantName = "[No Variations]"
Change component parameters (AddParameter): Name = "SymbolName_1"; Value = "CPOL-US"; VariantName = "[No Variations]"
Change component parameters: Designator = "C16" ("C16"); Footprint = "C1206K"; UniqueID = "\QMAKHCXW" ("QMAKHCXW")
Change component parameters (AddParameter): Name = "DeviceName"; Value = "C1206K"; VariantName = "[No Variations]"
Change component parameters (AddParameter): Name = "DeviceSetName"; Value = "C-US"; VariantName = "[No Variations]"
Change component parameters (AddParameter): Name = "GateName_1"; Value = "G$1"; VariantName = "[No Variations]"
Change component parameters (AddParameter): Name = "LibraryName"; Value = "rcl"; VariantName = "[No Variations]"
Change component parameters (AddParameter): Name = "SymbolName_1"; Value = "C-US"; VariantName = "[No Variations]"
Change component parameters: Designator = "C17" ("C17"); Footprint = "C0603K"; UniqueID = "\EEXVOTEB" ("EEXVOTEB")
Change component parameters (AddParameter): Name = "DeviceName"; Value = "C0603K"; VariantName = "[No Variations]"
Change component parameters (AddParameter): Name = "DeviceSetName"; Value = "C-US"; VariantName = "[No Variations]"
Change component parameters (AddParameter): Name = "GateName_1"; Value = "G$1"; VariantName = "[No Variations]"
Change component parameters (AddParameter): Name = "LibraryName"; Value = "rcl"; VariantName = "[No Variations]"
Change component parameters (AddParameter): Name = "SymbolName_1"; Value = "C-US"; VariantName = "[No Variations]"
Change component parameters: Designator = "C18" ("C18"); Footprint = "C1206K"; UniqueID = "\IFHTWBER" ("IFHTWBER")
Change component parameters (AddParameter): Name = "DeviceName"; Value = "C1206K"; VariantName = "[No Variations]"
Change component parameters (AddParameter): Name = "DeviceSetName"; Value = "C-US"; VariantName = "[No Variations]"
Change component parameters (AddParameter): Name = "GateName_1"; Value = "G$1"; VariantName = "[No Variations]"
Change component parameters (AddParameter): Name = "LibraryName"; Value = "rcl"; VariantName = "[No Variations]"
Change component parameters (AddParameter): Name = "SymbolName_1"; Value = "C-US"; VariantName = "[No Variations]"
Change component parameters: Designator = "C19" ("C19"); Footprint = "C1206K"; UniqueID = "\EWFFBWHJ" ("EWFFBWHJ")
Change component parameters (AddParameter): Name = "DeviceName"; Value = "C1206K"; VariantName = "[No Variations]"
Change component parameters (AddParameter): Name = "DeviceSetName"; Value = "C-US"; VariantName = "[No Variations]"
Change component parameters (AddParameter): Name = "GateName_1"; Value = "G$1"; VariantName = "[No Variations]"
Change component parameters (AddParameter): Name = "LibraryName"; Value = "rcl"; VariantName = "[No Variations]"
Change component parameters (AddParameter): Name = "SymbolName_1"; Value = "C-US"; VariantName = "[No Variations]"
Change component parameters: Designator = "C20" ("C20"); Footprint = "C1206K"; UniqueID = "\HQRHNLBF" ("HQRHNLBF")
Change component parameters (AddParameter): Name = "DeviceName"; Value = "C1206K"; VariantName = "[No Variations]"
Change component parameters (AddParameter): Name = "DeviceSetName"; Value = "C-US"; VariantName = "[No Variations]"
Change component parameters (AddParameter): Name = "GateName_1"; Value = "G$1"; VariantName = "[No Variations]"
Change component parameters (AddParameter): Name = "LibraryName"; Value = "rcl"; VariantName = "[No Variations]"
Change component parameters (AddParameter): Name = "SymbolName_1"; Value = "C-US"; VariantName = "[No Variations]"
Change component parameters: Designator = "C21" ("C21"); Footprint = "E3,5-8"; UniqueID = "\HHVKVGWT" ("HHVKVGWT")
Change component parameters (AddParameter): Name = "DeviceName"; Value = "E3.5-8"; VariantName = "[No Variations]"
Change component parameters (AddParameter): Name = "DeviceSetName"; Value = "CPOL-US"; VariantName = "[No Variations]"
Change component parameters (AddParameter): Name = "GateName_1"; Value = "G$1"; VariantName = "[No Variations]"
Change component parameters (AddParameter): Name = "LibraryName"; Value = "rcl"; VariantName = "[No Variations]"
Change component parameters (AddParameter): Name = "SymbolName_1"; Value = "CPOL-US"; VariantName = "[No Variations]"
Change component parameters: Designator = "C22" ("C22"); Footprint = "E3,5-8"; UniqueID = "\FKNTHFHY" ("FKNTHFHY")
Change component parameters (AddParameter): Name = "DeviceName"; Value = "E3.5-8"; VariantName = "[No Variations]"
Change component parameters (AddParameter): Name = "DeviceSetName"; Value = "CPOL-US"; VariantName = "[No Variations]"
Change component parameters (AddParameter): Name = "GateName_1"; Value = "G$1"; VariantName = "[No Variations]"
Change component parameters (AddParameter): Name = "LibraryName"; Value = "rcl"; VariantName = "[No Variations]"
Change component parameters (AddParameter): Name = "SymbolName_1"; Value = "CPOL-US"; VariantName = "[No Variations]"
Change component parameters: Designator = "C23" ("C23"); Footprint = "E3,5-8"; UniqueID = "\CTVXEEOA" ("CTVXEEOA")
Change component parameters (AddParameter): Name = "DeviceName"; Value = "E3.5-8"; VariantName = "[No Variations]"
Change component parameters (AddParameter): Name = "DeviceSetName"; Value = "CPOL-US"; VariantName = "[No Variations]"
Change component parameters (AddParameter): Name = "GateName_1"; Value = "G$1"; VariantName = "[No Variations]"
Change component parameters (AddParameter): Name = "LibraryName"; Value = "rcl"; VariantName = "[No Variations]"
Change component parameters (AddParameter): Name = "SymbolName_1"; Value = "CPOL-US"; VariantName = "[No Variations]"
Change component parameters: Designator = "D1" ("D1"); Footprint = "DO214AC"; UniqueID = "\VEKVBQSL" ("VEKVBQSL")
Change component parameters (AddParameter): Name = "DeviceName"; Value = "DO214AC"; VariantName = "[No Variations]"
Change component parameters (AddParameter): Name = "DeviceSetName"; Value = "DIODE-"; VariantName = "[No Variations]"
Change component parameters (AddParameter): Name = "GateName_1"; Value = "G$1"; VariantName = "[No Variations]"
Change component parameters (AddParameter): Name = "LibraryName"; Value = "diode"; VariantName = "[No Variations]"
Change component parameters (AddParameter): Name = "SymbolName_1"; Value = "D"; VariantName = "[No Variations]"
Change component parameters: Designator = "D2" ("D2"); Footprint = "DO214AC"; UniqueID = "\LMXLFBOG" ("LMXLFBOG")
Change component parameters (AddParameter): Name = "DeviceName"; Value = "DO214AC"; VariantName = "[No Variations]"
Change component parameters (AddParameter): Name = "DeviceSetName"; Value = "DIODE-"; VariantName = "[No Variations]"
Change component parameters (AddParameter): Name = "GateName_1"; Value = "G$1"; VariantName = "[No Variations]"
Change component parameters (AddParameter): Name = "LibraryName"; Value = "diode"; VariantName = "[No Variations]"
Change component parameters (AddParameter): Name = "SymbolName_1"; Value = "D"; VariantName = "[No Variations]"
Change component parameters: Designator = "D3" ("D3"); Footprint = "DO214AC"; UniqueID = "\TXNLEOMP" ("TXNLEOMP")
Change component parameters (AddParameter): Name = "DeviceName"; Value = "DO214AC"; VariantName = "[No Variations]"
Change component parameters (AddParameter): Name = "DeviceSetName"; Value = "DIODE-"; VariantName = "[No Variations]"
Change component parameters (AddParameter): Name = "GateName_1"; Value = "G$1"; VariantName = "[No Variations]"
Change component parameters (AddParameter): Name = "LibraryName"; Value = "diode"; VariantName = "[No Variations]"
Change component parameters (AddParameter): Name = "SymbolName_1"; Value = "D"; VariantName = "[No Variations]"
Change component parameters: Designator = "D4" ("D4"); Footprint = "SMB"; UniqueID = "\JIOKLBSY" ("JIOKLBSY")
Change component parameters (AddParameter): Name = "DeviceName"; Value = "SMB"; VariantName = "[No Variations]"
Change component parameters (AddParameter): Name = "DeviceSetName"; Value = "DIODE-"; VariantName = "[No Variations]"
Change component parameters (AddParameter): Name = "GateName_1"; Value = "G$1"; VariantName = "[No Variations]"
Change component parameters (AddParameter): Name = "LibraryName"; Value = "diode"; VariantName = "[No Variations]"
Change component parameters (AddParameter): Name = "SymbolName_1"; Value = "D"; VariantName = "[No Variations]"
Change component parameters: Designator = "D5" ("D5"); Footprint = "DO214AC"; UniqueID = "\XPQULSVG" ("XPQULSVG")
Change component parameters (AddParameter): Name = "DeviceName"; Value = "DO214AC"; VariantName = "[No Variations]"
Change component parameters (AddParameter): Name = "DeviceSetName"; Value = "DIODE-"; VariantName = "[No Variations]"
Change component parameters (AddParameter): Name = "GateName_1"; Value = "G$1"; VariantName = "[No Variations]"
Change component parameters (AddParameter): Name = "LibraryName"; Value = "diode"; VariantName = "[No Variations]"
Change component parameters (AddParameter): Name = "SymbolName_1"; Value = "D"; VariantName = "[No Variations]"
Change component parameters: Designator = "D6" ("D6"); Footprint = "SMB"; UniqueID = "\CGRHRUBB" ("CGRHRUBB")
Change component parameters (AddParameter): Name = "DeviceName"; Value = ""; VariantName = "[No Variations]"
Change component parameters (AddParameter): Name = "DeviceSetName"; Value = "MBRS130LT3"; VariantName = "[No Variations]"
Change component parameters (AddParameter): Name = "GateName_1"; Value = "G$1"; VariantName = "[No Variations]"
Change component parameters (AddParameter): Name = "LibraryName"; Value = "diode"; VariantName = "[No Variations]"
Change component parameters (AddParameter): Name = "SymbolName_1"; Value = "SCHOTTKY"; VariantName = "[No Variations]"
Change component parameters: Designator = "IC1" ("IC1"); Footprint = "SO08"; UniqueID = "\TDGYOIMM" ("TDGYOIMM")
Change component parameters (AddParameter): Name = "DeviceName"; Value = ""; VariantName = "[No Variations]"
Change component parameters (AddParameter): Name = "DeviceSetName"; Value = "78L*SMD"; VariantName = "[No Variations]"
Change component parameters (AddParameter): Name = "GateName_1"; Value = "G$1"; VariantName = "[No Variations]"
Change component parameters (AddParameter): Name = "GND"; Value = "GND"; VariantName = "[No Variations]"
Change component parameters (AddParameter): Name = "LibraryName"; Value = "linear"; VariantName = "[No Variations]"
Change component parameters (AddParameter): Name = "SymbolName_1"; Value = "LM78LXX"; VariantName = "[No Variations]"
Change component parameters: Designator = "IC2" ("IC2"); Footprint = "SO08"; UniqueID = "\LATBJMKM" ("LATBJMKM")
Change component parameters (AddParameter): Name = "DeviceName"; Value = ""; VariantName = "[No Variations]"
Change component parameters (AddParameter): Name = "DeviceSetName"; Value = "78L*SMD"; VariantName = "[No Variations]"
Change component parameters (AddParameter): Name = "GateName_1"; Value = "G$1"; VariantName = "[No Variations]"
Change component parameters (AddParameter): Name = "GND"; Value = "GND"; VariantName = "[No Variations]"
Change component parameters (AddParameter): Name = "LibraryName"; Value = "linear"; VariantName = "[No Variations]"
Change component parameters (AddParameter): Name = "SymbolName_1"; Value = "LM78LXX"; VariantName = "[No Variations]"
Change component parameters: Designator = "L1" ("L1"); Footprint = "L3225P"; UniqueID = "\ELASJPIY" ("ELASJPIY")
Change component parameters (AddParameter): Name = "DeviceName"; Value = "L3225P"; VariantName = "[No Variations]"
Change component parameters (AddParameter): Name = "DeviceSetName"; Value = "L-US"; VariantName = "[No Variations]"
Change component parameters (AddParameter): Name = "GateName_1"; Value = "G$1"; VariantName = "[No Variations]"
Change component parameters (AddParameter): Name = "LibraryName"; Value = "rcl"; VariantName = "[No Variations]"
Change component parameters (AddParameter): Name = "SymbolName_1"; Value = "L-US"; VariantName = "[No Variations]"
Change component parameters: Designator = "L2" ("L2"); Footprint = "L3225P"; UniqueID = "\UTVOABJA" ("UTVOABJA")
Change component parameters (AddParameter): Name = "DeviceName"; Value = "L3225P"; VariantName = "[No Variations]"
Change component parameters (AddParameter): Name = "DeviceSetName"; Value = "L-US"; VariantName = "[No Variations]"
Change component parameters (AddParameter): Name = "GateName_1"; Value = "G$1"; VariantName = "[No Variations]"
Change component parameters (AddParameter): Name = "LibraryName"; Value = "rcl"; VariantName = "[No Variations]"
Change component parameters (AddParameter): Name = "SymbolName_1"; Value = "L-US"; VariantName = "[No Variations]"
Change component parameters: Designator = "Q1" ("Q1"); Footprint = "TRANS_TPH5900CNH,L1Q"; UniqueID = "\SQFTNGDL" ("SQFTNGDL")
Change component parameters (AddParameter): Name = "DeviceName"; Value = "POWER_SO8"; VariantName = "[No Variations]"
Change component parameters (AddParameter): Name = "DeviceSetName"; Value = "N-FET"; VariantName = "[No Variations]"
Change component parameters (AddParameter): Name = "GateName_1"; Value = "G$1"; VariantName = "[No Variations]"
Change component parameters (AddParameter): Name = "LibraryName"; Value = "Ben_Library"; VariantName = "[No Variations]"
Change component parameters (AddParameter): Name = "SymbolName_1"; Value = "MFN-D"; VariantName = "[No Variations]"
Change component parameters: Designator = "Q2" ("Q2"); Footprint = "TRANS_TPH5900CNH,L1Q"; UniqueID = "\FJHIDDAW" ("FJHIDDAW")
Change component parameters (AddParameter): Name = "DeviceName"; Value = "POWER_SO8"; VariantName = "[No Variations]"
Change component parameters (AddParameter): Name = "DeviceSetName"; Value = "N-FET"; VariantName = "[No Variations]"
Change component parameters (AddParameter): Name = "GateName_1"; Value = "G$1"; VariantName = "[No Variations]"
Change component parameters (AddParameter): Name = "LibraryName"; Value = "Ben_Library"; VariantName = "[No Variations]"
Change component parameters (AddParameter): Name = "SymbolName_1"; Value = "MFN-D"; VariantName = "[No Variations]"
Change component parameters: Designator = "Q3" ("Q3"); Footprint = "TRANS_TPH5900CNH,L1Q"; UniqueID = "\BHRCUKNK" ("BHRCUKNK")
Change component parameters (AddParameter): Name = "DeviceName"; Value = "POWER_SO8"; VariantName = "[No Variations]"
Change component parameters (AddParameter): Name = "DeviceSetName"; Value = "N-FET"; VariantName = "[No Variations]"
Change component parameters (AddParameter): Name = "GateName_1"; Value = "G$1"; VariantName = "[No Variations]"
Change component parameters (AddParameter): Name = "LibraryName"; Value = "Ben_Library"; VariantName = "[No Variations]"
Change component parameters (AddParameter): Name = "SymbolName_1"; Value = "MFN-D"; VariantName = "[No Variations]"
Change component parameters: Designator = "Q4" ("Q4"); Footprint = "TRANS_TPH5900CNH,L1Q"; UniqueID = "\TMRDDVIK" ("TMRDDVIK")
Change component parameters (AddParameter): Name = "DeviceName"; Value = "POWER_SO8"; VariantName = "[No Variations]"
Change component parameters (AddParameter): Name = "DeviceSetName"; Value = "N-FET"; VariantName = "[No Variations]"
Change component parameters (AddParameter): Name = "GateName_1"; Value = "G$1"; VariantName = "[No Variations]"
Change component parameters (AddParameter): Name = "LibraryName"; Value = "Ben_Library"; VariantName = "[No Variations]"
Change component parameters (AddParameter): Name = "SymbolName_1"; Value = "MFN-D"; VariantName = "[No Variations]"
Change component parameters: Designator = "Q5" ("Q5"); Footprint = "TRANS_TPH5900CNH,L1Q"; UniqueID = "\KHJNJVFX" ("KHJNJVFX")
Change component parameters (AddParameter): Name = "DeviceName"; Value = "POWER_SO8"; VariantName = "[No Variations]"
Change component parameters (AddParameter): Name = "DeviceSetName"; Value = "N-FET"; VariantName = "[No Variations]"
Change component parameters (AddParameter): Name = "GateName_1"; Value = "G$1"; VariantName = "[No Variations]"
Change component parameters (AddParameter): Name = "LibraryName"; Value = "Ben_Library"; VariantName = "[No Variations]"
Change component parameters (AddParameter): Name = "SymbolName_1"; Value = "MFN-D"; VariantName = "[No Variations]"
Change component parameters: Designator = "R1" ("R1"); Footprint = "R0402"; UniqueID = "\OTSUJIQB" ("OTSUJIQB")
Change component parameters (AddParameter): Name = "DeviceName"; Value = "R0402"; VariantName = "[No Variations]"
Change component parameters (AddParameter): Name = "DeviceSetName"; Value = "R-US_"; VariantName = "[No Variations]"
Change component parameters (AddParameter): Name = "GateName_1"; Value = "G$1"; VariantName = "[No Variations]"
Change component parameters (AddParameter): Name = "LibraryName"; Value = "rcl"; VariantName = "[No Variations]"
Change component parameters (AddParameter): Name = "SymbolName_1"; Value = "R-US"; VariantName = "[No Variations]"
Change component parameters: Designator = "R2" ("R2"); Footprint = "R0402"; UniqueID = "\NBFOGTUI" ("NBFOGTUI")
Change component parameters (AddParameter): Name = "DeviceName"; Value = "R0402"; VariantName = "[No Variations]"
Change component parameters (AddParameter): Name = "DeviceSetName"; Value = "R-US_"; VariantName = "[No Variations]"
Change component parameters (AddParameter): Name = "GateName_1"; Value = "G$1"; VariantName = "[No Variations]"
Change component parameters (AddParameter): Name = "LibraryName"; Value = "rcl"; VariantName = "[No Variations]"
Change component parameters (AddParameter): Name = "SymbolName_1"; Value = "R-US"; VariantName = "[No Variations]"
Change component parameters: Designator = "R3" ("R3"); Footprint = "R0402"; UniqueID = "\TWQERWQM" ("TWQERWQM")
Change component parameters (AddParameter): Name = "DeviceName"; Value = "R0402"; VariantName = "[No Variations]"
Change component parameters (AddParameter): Name = "DeviceSetName"; Value = "R-US_"; VariantName = "[No Variations]"
Change component parameters (AddParameter): Name = "GateName_1"; Value = "G$1"; VariantName = "[No Variations]"
Change component parameters (AddParameter): Name = "LibraryName"; Value = "rcl"; VariantName = "[No Variations]"
Change component parameters (AddParameter): Name = "SymbolName_1"; Value = "R-US"; VariantName = "[No Variations]"
Change component parameters: Designator = "R4" ("R4"); Footprint = "R0402"; UniqueID = "\XUEDJBKU" ("XUEDJBKU")
Change component parameters (AddParameter): Name = "DeviceName"; Value = "R0402"; VariantName = "[No Variations]"
Change component parameters (AddParameter): Name = "DeviceSetName"; Value = "R-US_"; VariantName = "[No Variations]"
Change component parameters (AddParameter): Name = "GateName_1"; Value = "G$1"; VariantName = "[No Variations]"
Change component parameters (AddParameter): Name = "LibraryName"; Value = "rcl"; VariantName = "[No Variations]"
Change component parameters (AddParameter): Name = "SymbolName_1"; Value = "R-US"; VariantName = "[No Variations]"
Change component parameters: Designator = "R5" ("R5"); Footprint = "R0402"; UniqueID = "\UHXBWXCC" ("UHXBWXCC")
Change component parameters (AddParameter): Name = "DeviceName"; Value = "R0402"; VariantName = "[No Variations]"
Change component parameters (AddParameter): Name = "DeviceSetName"; Value = "R-US_"; VariantName = "[No Variations]"
Change component parameters (AddParameter): Name = "GateName_1"; Value = "G$1"; VariantName = "[No Variations]"
Change component parameters (AddParameter): Name = "LibraryName"; Value = "rcl"; VariantName = "[No Variations]"
Change component parameters (AddParameter): Name = "SymbolName_1"; Value = "R-US"; VariantName = "[No Variations]"
Change component parameters: Designator = "R6" ("R6"); Footprint = "R0402"; UniqueID = "\TIHQLJSO" ("TIHQLJSO")
Change component parameters (AddParameter): Name = "DeviceName"; Value = "R0402"; VariantName = "[No Variations]"
Change component parameters (AddParameter): Name = "DeviceSetName"; Value = "R-US_"; VariantName = "[No Variations]"
Change component parameters (AddParameter): Name = "GateName_1"; Value = "G$1"; VariantName = "[No Variations]"
Change component parameters (AddParameter): Name = "LibraryName"; Value = "rcl"; VariantName = "[No Variations]"
Change component parameters (AddParameter): Name = "SymbolName_1"; Value = "R-US"; VariantName = "[No Variations]"
Change component parameters: Designator = "R7" ("R7"); Footprint = "R0402"; UniqueID = "\XEFPQAAI" ("XEFPQAAI")
Change component parameters (AddParameter): Name = "DeviceName"; Value = "R0402"; VariantName = "[No Variations]"
Change component parameters (AddParameter): Name = "DeviceSetName"; Value = "R-US_"; VariantName = "[No Variations]"
Change component parameters (AddParameter): Name = "GateName_1"; Value = "G$1"; VariantName = "[No Variations]"
Change component parameters (AddParameter): Name = "LibraryName"; Value = "rcl"; VariantName = "[No Variations]"
Change component parameters (AddParameter): Name = "SymbolName_1"; Value = "R-US"; VariantName = "[No Variations]"
Change component parameters: Designator = "R8" ("R8"); Footprint = "R0402"; UniqueID = "\IRYNSRHX" ("IRYNSRHX")
Change component parameters (AddParameter): Name = "DeviceName"; Value = "R0402"; VariantName = "[No Variations]"
Change component parameters (AddParameter): Name = "DeviceSetName"; Value = "R-US_"; VariantName = "[No Variations]"
Change component parameters (AddParameter): Name = "GateName_1"; Value = "G$1"; VariantName = "[No Variations]"
Change component parameters (AddParameter): Name = "LibraryName"; Value = "rcl"; VariantName = "[No Variations]"
Change component parameters (AddParameter): Name = "SymbolName_1"; Value = "R-US"; VariantName = "[No Variations]"
Change component parameters: Designator = "R9" ("R9"); Footprint = "R0402"; UniqueID = "\AKOJRQPG" ("AKOJRQPG")
Change component parameters (AddParameter): Name = "DeviceName"; Value = "R0402"; VariantName = "[No Variations]"
Change component parameters (AddParameter): Name = "DeviceSetName"; Value = "R-US_"; VariantName = "[No Variations]"
Change component parameters (AddParameter): Name = "GateName_1"; Value = "G$1"; VariantName = "[No Variations]"
Change component parameters (AddParameter): Name = "LibraryName"; Value = "rcl"; VariantName = "[No Variations]"
Change component parameters (AddParameter): Name = "SymbolName_1"; Value = "R-US"; VariantName = "[No Variations]"
Change component parameters: Designator = "R10" ("R10"); Footprint = "R0402"; UniqueID = "\XLCDGBCV" ("XLCDGBCV")
Change component parameters (AddParameter): Name = "DeviceName"; Value = "R0402"; VariantName = "[No Variations]"
Change component parameters (AddParameter): Name = "DeviceSetName"; Value = "R-US_"; VariantName = "[No Variations]"
Change component parameters (AddParameter): Name = "GateName_1"; Value = "G$1"; VariantName = "[No Variations]"
Change component parameters (AddParameter): Name = "LibraryName"; Value = "rcl"; VariantName = "[No Variations]"
Change component parameters (AddParameter): Name = "SymbolName_1"; Value = "R-US"; VariantName = "[No Variations]"
Change component parameters: Designator = "R11" ("R11"); Footprint = "R0402"; UniqueID = "\VVPRCUBE" ("VVPRCUBE")
Change component parameters (AddParameter): Name = "DeviceName"; Value = "R0402"; VariantName = "[No Variations]"
Change component parameters (AddParameter): Name = "DeviceSetName"; Value = "R-US_"; VariantName = "[No Variations]"
Change component parameters (AddParameter): Name = "GateName_1"; Value = "G$1"; VariantName = "[No Variations]"
Change component parameters (AddParameter): Name = "LibraryName"; Value = "rcl"; VariantName = "[No Variations]"
Change component parameters (AddParameter): Name = "SymbolName_1"; Value = "R-US"; VariantName = "[No Variations]"
Change component parameters: Designator = "R12" ("R12"); Footprint = "R0402"; UniqueID = "\PPTYFSOF" ("PPTYFSOF")
Change component parameters (AddParameter): Name = "DeviceName"; Value = "R0402"; VariantName = "[No Variations]"
Change component parameters (AddParameter): Name = "DeviceSetName"; Value = "R-US_"; VariantName = "[No Variations]"
Change component parameters (AddParameter): Name = "GateName_1"; Value = "G$1"; VariantName = "[No Variations]"
Change component parameters (AddParameter): Name = "LibraryName"; Value = "rcl"; VariantName = "[No Variations]"
Change component parameters (AddParameter): Name = "SymbolName_1"; Value = "R-US"; VariantName = "[No Variations]"
Change component parameters: Designator = "R13" ("R13"); Footprint = "R0402"; UniqueID = "\JSGDPBCX" ("JSGDPBCX")
Change component parameters (AddParameter): Name = "DeviceName"; Value = "R0402"; VariantName = "[No Variations]"
Change component parameters (AddParameter): Name = "DeviceSetName"; Value = "R-US_"; VariantName = "[No Variations]"
Change component parameters (AddParameter): Name = "GateName_1"; Value = "G$1"; VariantName = "[No Variations]"
Change component parameters (AddParameter): Name = "LibraryName"; Value = "rcl"; VariantName = "[No Variations]"
Change component parameters (AddParameter): Name = "SymbolName_1"; Value = "R-US"; VariantName = "[No Variations]"
Change component parameters: Designator = "R14" ("R14"); Footprint = "R0402"; UniqueID = "\VNMAUWIC" ("VNMAUWIC")
Change component parameters (AddParameter): Name = "DeviceName"; Value = "R0402"; VariantName = "[No Variations]"
Change component parameters (AddParameter): Name = "DeviceSetName"; Value = "R-US_"; VariantName = "[No Variations]"
Change component parameters (AddParameter): Name = "GateName_1"; Value = "G$1"; VariantName = "[No Variations]"
Change component parameters (AddParameter): Name = "LibraryName"; Value = "rcl"; VariantName = "[No Variations]"
Change component parameters (AddParameter): Name = "SymbolName_1"; Value = "R-US"; VariantName = "[No Variations]"
Change component parameters: Designator = "R15" ("R15"); Footprint = "R0402"; UniqueID = "\JHYISXHD" ("JHYISXHD")
Change component parameters (AddParameter): Name = "DeviceName"; Value = "R0402"; VariantName = "[No Variations]"
Change component parameters (AddParameter): Name = "DeviceSetName"; Value = "R-US_"; VariantName = "[No Variations]"
Change component parameters (AddParameter): Name = "GateName_1"; Value = "G$1"; VariantName = "[No Variations]"
Change component parameters (AddParameter): Name = "LibraryName"; Value = "rcl"; VariantName = "[No Variations]"
Change component parameters (AddParameter): Name = "SymbolName_1"; Value = "R-US"; VariantName = "[No Variations]"
Change component parameters: Designator = "R16" ("R16"); Footprint = "R0402"; UniqueID = "\GMJSVMLJ" ("GMJSVMLJ")
Change component parameters (AddParameter): Name = "DeviceName"; Value = "R0402"; VariantName = "[No Variations]"
Change component parameters (AddParameter): Name = "DeviceSetName"; Value = "R-US_"; VariantName = "[No Variations]"
Change component parameters (AddParameter): Name = "GateName_1"; Value = "G$1"; VariantName = "[No Variations]"
Change component parameters (AddParameter): Name = "LibraryName"; Value = "rcl"; VariantName = "[No Variations]"
Change component parameters (AddParameter): Name = "SymbolName_1"; Value = "R-US"; VariantName = "[No Variations]"
Change component parameters: Designator = "R17" ("R17"); Footprint = "R0603"; UniqueID = "\MPJCAMDV" ("MPJCAMDV")
Change component parameters (AddParameter): Name = "DeviceName"; Value = "R0603"; VariantName = "[No Variations]"
Change component parameters (AddParameter): Name = "DeviceSetName"; Value = "R-US_"; VariantName = "[No Variations]"
Change component parameters (AddParameter): Name = "GateName_1"; Value = "G$1"; VariantName = "[No Variations]"
Change component parameters (AddParameter): Name = "LibraryName"; Value = "rcl"; VariantName = "[No Variations]"
Change component parameters (AddParameter): Name = "SymbolName_1"; Value = "R-US"; VariantName = "[No Variations]"
Change component parameters: Designator = "R18" ("R18"); Footprint = "R0603"; UniqueID = "\SAXAILKV" ("SAXAILKV")
Change component parameters (AddParameter): Name = "DeviceName"; Value = "R0603"; VariantName = "[No Variations]"
Change component parameters (AddParameter): Name = "DeviceSetName"; Value = "R-US_"; VariantName = "[No Variations]"
Change component parameters (AddParameter): Name = "GateName_1"; Value = "G$1"; VariantName = "[No Variations]"
Change component parameters (AddParameter): Name = "LibraryName"; Value = "rcl"; VariantName = "[No Variations]"
Change component parameters (AddParameter): Name = "SymbolName_1"; Value = "R-US"; VariantName = "[No Variations]"
Change component parameters: Designator = "R_L" ("R_L"); Footprint = "D2PAK"; UniqueID = "\EMIJFPAC" ("EMIJFPAC")
Change component parameters (AddParameter): Name = "DeviceName"; Value = ""; VariantName = "[No Variations]"
Change component parameters (AddParameter): Name = "DeviceSetName"; Value = "RESISTOR"; VariantName = "[No Variations]"
Change component parameters (AddParameter): Name = "GateName_1"; Value = "G$1"; VariantName = "[No Variations]"
Change component parameters (AddParameter): Name = "LibraryName"; Value = "BenLibrary"; VariantName = "[No Variations]"
Change component parameters (AddParameter): Name = "SymbolName_1"; Value = "R-US"; VariantName = "[No Variations]"
Change component parameters: Designator = "R_M" ("R_M"); Footprint = "D2PAK"; UniqueID = "\FBKVYRBA" ("FBKVYRBA")
Change component parameters (AddParameter): Name = "DeviceName"; Value = ""; VariantName = "[No Variations]"
Change component parameters (AddParameter): Name = "DeviceSetName"; Value = "RESISTOR"; VariantName = "[No Variations]"
Change component parameters (AddParameter): Name = "GateName_1"; Value = "G$1"; VariantName = "[No Variations]"
Change component parameters (AddParameter): Name = "LibraryName"; Value = "BenLibrary"; VariantName = "[No Variations]"
Change component parameters (AddParameter): Name = "SymbolName_1"; Value = "R-US"; VariantName = "[No Variations]"
Change component parameters: Designator = "U3" ("U3"); Footprint = "MF05A"; UniqueID = "\LWRRMSNY" ("LWRRMSNY")
Change component parameters (AddParameter): Name = "DeviceName"; Value = ""; VariantName = "[No Variations]"
Change component parameters (AddParameter): Name = "DeviceSetName"; Value = "LMC7211BIM5/NOPB"; VariantName = "[No Variations]"
Change component parameters (AddParameter): Name = "GateName_1"; Value = "A"; VariantName = "[No Variations]"
Change component parameters (AddParameter): Name = "LibraryName"; Value = "lmc7211"; VariantName = "[No Variations]"
Change component parameters (AddParameter): Name = "MANUFACTURER_PART_NUMBER"; Value = "LMC7211BIM5NOPB"; VariantName = "[No Variations]"
Change component parameters (AddParameter): Name = "SymbolName_1"; Value = "LMC7211BIM5/NOPB"; VariantName = "[No Variations]"
Change component parameters (AddParameter): Name = "VENDOR"; Value = "Texas Instruments"; VariantName = "[No Variations]"
Change component parameters: Designator = "U4" ("U4"); Footprint = "MF05A"; UniqueID = "\DYLFAOVY" ("DYLFAOVY")
Change component parameters (AddParameter): Name = "DeviceName"; Value = ""; VariantName = "[No Variations]"
Change component parameters (AddParameter): Name = "DeviceSetName"; Value = "LMC7211BIM5/NOPB"; VariantName = "[No Variations]"
Change component parameters (AddParameter): Name = "GateName_1"; Value = "A"; VariantName = "[No Variations]"
Change component parameters (AddParameter): Name = "LibraryName"; Value = "lmc7211"; VariantName = "[No Variations]"
Change component parameters (AddParameter): Name = "MANUFACTURER_PART_NUMBER"; Value = "LMC7211BIM5NOPB"; VariantName = "[No Variations]"
Change component parameters (AddParameter): Name = "SymbolName_1"; Value = "LMC7211BIM5/NOPB"; VariantName = "[No Variations]"
Change component parameters (AddParameter): Name = "VENDOR"; Value = "Texas Instruments"; VariantName = "[No Variations]"
Change component parameters: Designator = "U$3" ("U$3"); Footprint = "XT30_H_F"; UniqueID = "\VCTLPSUA" ("VCTLPSUA")
Change component parameters (AddParameter): Name = "DeviceName"; Value = "FEMALW"; VariantName = "[No Variations]"
Change component parameters (AddParameter): Name = "DeviceSetName"; Value = "XT30"; VariantName = "[No Variations]"
Change component parameters (AddParameter): Name = "GateName_1"; Value = "G$1"; VariantName = "[No Variations]"
Change component parameters (AddParameter): Name = "LibraryName"; Value = "Ben_Library"; VariantName = "[No Variations]"
Change component parameters (AddParameter): Name = "SymbolName_1"; Value = "XT30"; VariantName = "[No Variations]"
Change component parameters: Designator = "U$8" ("U$8"); Footprint = "XT30_H_F"; UniqueID = "\XTAOUGFP" ("XTAOUGFP")
Change component parameters (AddParameter): Name = "DeviceName"; Value = "FEMALW"; VariantName = "[No Variations]"
Change component parameters (AddParameter): Name = "DeviceSetName"; Value = "XT30"; VariantName = "[No Variations]"
Change component parameters (AddParameter): Name = "GateName_1"; Value = "G$1"; VariantName = "[No Variations]"
Change component parameters (AddParameter): Name = "LibraryName"; Value = "Ben_Library"; VariantName = "[No Variations]"
Change component parameters (AddParameter): Name = "SymbolName_1"; Value = "XT30"; VariantName = "[No Variations]"
Change component parameters: Designator = "U$9" ("U$9"); Footprint = "XT30_H_F"; UniqueID = "\IFLKJFUV" ("IFLKJFUV")
Change component parameters (AddParameter): Name = "DeviceName"; Value = "FEMALW"; VariantName = "[No Variations]"
Change component parameters (AddParameter): Name = "DeviceSetName"; Value = "XT30"; VariantName = "[No Variations]"
Change component parameters (AddParameter): Name = "GateName_1"; Value = "G$1"; VariantName = "[No Variations]"
Change component parameters (AddParameter): Name = "LibraryName"; Value = "Ben_Library"; VariantName = "[No Variations]"
Change component parameters (AddParameter): Name = "SymbolName_1"; Value = "XT30"; VariantName = "[No Variations]"
Change component parameters: Designator = "U$10" ("U$10"); Footprint = "XT30_H_F"; UniqueID = "\IEEPVMPK" ("IEEPVMPK")
Change component parameters (AddParameter): Name = "DeviceName"; Value = "FEMALW"; VariantName = "[No Variations]"
Change component parameters (AddParameter): Name = "DeviceSetName"; Value = "XT30"; VariantName = "[No Variations]"
Change component parameters (AddParameter): Name = "GateName_1"; Value = "G$1"; VariantName = "[No Variations]"
Change component parameters (AddParameter): Name = "LibraryName"; Value = "Ben_Library"; VariantName = "[No Variations]"
Change component parameters (AddParameter): Name = "SymbolName_1"; Value = "XT30"; VariantName = "[No Variations]"
Change component parameters: Designator = "U$13" ("U$13"); Footprint = "M80-840242"; UniqueID = "\NTUVMGOX" ("NTUVMGOX")
Change component parameters (AddParameter): Name = "DeviceName"; Value = "M80_H"; VariantName = "[No Variations]"
Change component parameters (AddParameter): Name = "DeviceSetName"; Value = "2-PIN"; VariantName = "[No Variations]"
Change component parameters (AddParameter): Name = "GateName_1"; Value = "G$1"; VariantName = "[No Variations]"
Change component parameters (AddParameter): Name = "LibraryName"; Value = "Ben_Library"; VariantName = "[No Variations]"
Change component parameters (AddParameter): Name = "SymbolName_1"; Value = "2-PIN"; VariantName = "[No Variations]"
Change component parameters: Designator = "U$14" ("U$14"); Footprint = "M80-840242"; UniqueID = "\BUQDSNWY" ("BUQDSNWY")
Change component parameters (AddParameter): Name = "DeviceName"; Value = "M80_H"; VariantName = "[No Variations]"
Change component parameters (AddParameter): Name = "DeviceSetName"; Value = "2-PIN"; VariantName = "[No Variations]"
Change component parameters (AddParameter): Name = "GateName_1"; Value = "G$1"; VariantName = "[No Variations]"
Change component parameters (AddParameter): Name = "LibraryName"; Value = "Ben_Library"; VariantName = "[No Variations]"
Change component parameters (AddParameter): Name = "SymbolName_1"; Value = "2-PIN"; VariantName = "[No Variations]"
Add Component: Footprint Not Found FC68148S_CLF
Add Pin To Net: Unknown Pin: Pin 2.1mm-1
Add Pin To Net: Unknown Pin: Pin 2.1mm-4
Add Pin To Net: Unknown Pin: Pin Q1-1-3
Add Pin To Net: Unknown Pin: Pin Q3-1-3
Add Pin To Net: Unknown Pin: Pin Q5-1-3
Change Net Name : Old Net Name=N$1 New Net Name=NetQ1_5,6,7,8,EP
Change Net Name : Old Net Name=N$2 New Net Name=NetD5_C
Change Net Name : Old Net Name=N$3 New Net Name=NetD2_C
Change Net Name : Old Net Name=N$4 New Net Name=NetR12_2
Change Net Name : Old Net Name=N$5 New Net Name=NetR18_2
Change Net Name : Old Net Name=N$6 New Net Name=NetC1_1
Change Net Name : Old Net Name=N$7 New Net Name=NetC8_1
Change Net Name : Old Net Name=N$8 New Net Name=NetR17_2
Change Net Name : Old Net Name=N$9 New Net Name=NetR11_2
Change Net Name : Old Net Name=N$10 New Net Name=NetR4_1
Change Net Name : Old Net Name=N$13 New Net Name=NetQ5_5,6,7,8,EP
Change Net Name : Old Net Name=N$15 New Net Name=NetR15_1
Added Pin To Net: NetName=NetD3_A Pin=D3-A
Added Pin To Net: NetName=NetD3_A Pin=R9-1
Added Net: Name=NetD3_A
Added Class: Name=mc_psu_v2
