-- The C compiler identification is GNU 11.4.0
-- The CXX compiler identification is GNU 11.4.0
-- Detecting C compiler ABI info
-- Detecting C compiler ABI info - done
-- Check for working C compiler: /usr/bin/cc - skipped
-- Detecting C compile features
-- Detecting C compile features - done
-- Detecting CXX compiler ABI info
-- Detecting CXX compiler ABI info - done
-- Check for working CXX compiler: /usr/bin/c++ - skipped
-- Detecting CXX compile features
-- Detecting CXX compile features - done
-- Found cv_bridge: 3.2.1 (/opt/ros/humble/share/cv_bridge/cmake)
-- Found Python3: /usr/bin/python3 (found version "3.10.12") found components: Interpreter 
-- Override CMake install command with custom implementation using symlinks instead of copying resources
-- Found rosidl_generator_c: 3.1.6 (/opt/ros/humble/share/rosidl_generator_c/cmake)
-- Found rosidl_adapter: 3.1.6 (/opt/ros/humble/share/rosidl_adapter/cmake)
-- Found rosidl_generator_cpp: 3.1.6 (/opt/ros/humble/share/rosidl_generator_cpp/cmake)
-- Using all available rosidl_typesupport_c: rosidl_typesupport_fastrtps_c;rosidl_typesupport_introspection_c
-- Using all available rosidl_typesupport_cpp: rosidl_typesupport_fastrtps_cpp;rosidl_typesupport_introspection_cpp
-- Found image_transport: 3.1.11 (/opt/ros/humble/share/image_transport/cmake)
-- Found rmw_implementation_cmake: 6.1.2 (/opt/ros/humble/share/rmw_implementation_cmake/cmake)
-- Found rmw_fastrtps_cpp: 6.2.7 (/opt/ros/humble/share/rmw_fastrtps_cpp/cmake)
-- Found OpenSSL: /usr/lib/x86_64-linux-gnu/libcrypto.so (found version "3.0.2")  
-- Found FastRTPS: /opt/ros/humble/include  
-- Using RMW implementation 'rmw_fastrtps_cpp' as default
-- Looking for pthread.h
-- Looking for pthread.h - found
-- Performing Test CMAKE_HAVE_LIBC_PTHREAD
-- Performing Test CMAKE_HAVE_LIBC_PTHREAD - Success
-- Found Threads: TRUE  
-- Found nav_msgs: 4.8.0 (/opt/ros/humble/share/nav_msgs/cmake)
-- Found rclcpp_components: 16.0.12 (/opt/ros/humble/share/rclcpp_components/cmake)
-- Found rtabmap_conversions: 0.21.10 (/home/jverga/rtabmap_ros2_ws/install/rtabmap_conversions/share/rtabmap_conversions/cmake)
-- Checking for module 'eigen3'
--   Found eigen3, version 3.4.0
-- Found Eigen: /usr/include/eigen3 (Required is at least version "3.1") 
-- Eigen found (include: /usr/include/eigen3, version: 3.4.0)
-- Checking for module 'flann'
--   Found flann, version 1.9.1
-- Found FLANN: /usr/lib/x86_64-linux-gnu/libflann_cpp.so  
-- FLANN found (include: /usr/include, lib: /usr/lib/x86_64-linux-gnu/libflann_cpp.so)
-- Checking for module 'libusb-1.0'
--   Found libusb-1.0, version 1.0.25
-- Found libusb: /usr/lib/x86_64-linux-gnu/libusb-1.0.so  
-- OpenNI found (version: 1.5.4.0, include: /usr/include/ni, lib: /usr/lib/libOpenNI.so;libusb::libusb)
-- OpenNI2 found (version: 2.2.0.33, include: /usr/include/openni2, lib: /usr/lib/x86_64-linux-gnu/libOpenNI2.so;libusb::libusb)
-- Eigen found (include: /usr/include/eigen3, version: 3.4.0)
-- OpenNI found (version: 1.5.4.0, include: /usr/include/ni, lib: /usr/lib/libOpenNI.so;libusb::libusb)
-- OpenNI2 found (version: 2.2.0.33, include: /usr/include/openni2, lib: /usr/lib/x86_64-linux-gnu/libOpenNI2.so;libusb::libusb)
-- Found Qhull version 8.0.2
-- OpenNI found (version: 1.5.4.0, include: /usr/include/ni, lib: /usr/lib/libOpenNI.so;libusb::libusb)
-- Found PCL_COMMON: /usr/lib/x86_64-linux-gnu/libpcl_common.so  
-- Found PCL_KDTREE: /usr/lib/x86_64-linux-gnu/libpcl_kdtree.so  
-- Found PCL_OCTREE: /usr/lib/x86_64-linux-gnu/libpcl_octree.so  
-- Found PCL_SEARCH: /usr/lib/x86_64-linux-gnu/libpcl_search.so  
-- Found PCL_SAMPLE_CONSENSUS: /usr/lib/x86_64-linux-gnu/libpcl_sample_consensus.so  
-- Found PCL_FILTERS: /usr/lib/x86_64-linux-gnu/libpcl_filters.so  
-- Found PCL_2D: /usr/include/pcl-1.12  
-- Found PCL_GEOMETRY: /usr/include/pcl-1.12  
-- Found PCL_IO: /usr/lib/x86_64-linux-gnu/libpcl_io.so  
-- Found PCL_FEATURES: /usr/lib/x86_64-linux-gnu/libpcl_features.so  
-- Found PCL_ML: /usr/lib/x86_64-linux-gnu/libpcl_ml.so  
-- Found PCL_SEGMENTATION: /usr/lib/x86_64-linux-gnu/libpcl_segmentation.so  
-- Found PCL_VISUALIZATION: /usr/lib/x86_64-linux-gnu/libpcl_visualization.so  
-- Found PCL_SURFACE: /usr/lib/x86_64-linux-gnu/libpcl_surface.so  
-- Found PCL_REGISTRATION: /usr/lib/x86_64-linux-gnu/libpcl_registration.so  
-- Found PCL_KEYPOINTS: /usr/lib/x86_64-linux-gnu/libpcl_keypoints.so  
-- Found PCL_TRACKING: /usr/lib/x86_64-linux-gnu/libpcl_tracking.so  
-- Found PCL_RECOGNITION: /usr/lib/x86_64-linux-gnu/libpcl_recognition.so  
-- Found PCL_STEREO: /usr/lib/x86_64-linux-gnu/libpcl_stereo.so  
-- Found PCL_APPS: /usr/lib/x86_64-linux-gnu/libpcl_apps.so  
-- Found PCL_IN_HAND_SCANNER: /usr/include/pcl-1.12  
-- Found PCL_MODELER: /usr/include/pcl-1.12  
-- Found PCL_POINT_CLOUD_EDITOR: /usr/include/pcl-1.12  
-- Found PCL_OUTOFCORE: /usr/lib/x86_64-linux-gnu/libpcl_outofcore.so  
-- Found PCL_PEOPLE: /usr/lib/x86_64-linux-gnu/libpcl_people.so  
-- Found Eigen3: TRUE (found version "3.4.0") 
-- Ensuring Eigen3 include directory is part of orocos-kdl CMake target
-- Found diagnostic_updater: 4.0.2 (/opt/ros/humble/share/diagnostic_updater/cmake)
-- RTABMAP_SYNC_MULTI_RGBD = OFF
-- RTABMAP_SYNC_USER_DATA  = OFF
-- Configuring done
-- Generating done
-- Build files have been written to: /home/jverga/rtabmap_ros2_ws/build/rtabmap_sync
[35m[1mConsolidate compiler generated dependencies of target rtabmap_sync_plugins[0m
[35m[1mConsolidate compiler generated dependencies of target rtabmap_sync[0m
[ 21%] Built target rtabmap_sync_plugins
[35m[1mConsolidate compiler generated dependencies of target rtabmap_rgb_sync[0m
[35m[1mConsolidate compiler generated dependencies of target rtabmap_rgbd_sync[0m
[35m[1mConsolidate compiler generated dependencies of target rtabmap_rgbdx_sync[0m
[35m[1mConsolidate compiler generated dependencies of target rtabmap_stereo_sync[0m
[ 65%] Built target rtabmap_sync
[ 73%] Built target rtabmap_rgbd_sync
[ 82%] Built target rtabmap_rgb_sync
[ 91%] Built target rtabmap_rgbdx_sync
[100%] Built target rtabmap_stereo_sync
-- Install configuration: ""
-- Execute custom install script
-- Up-to-date symlink: /home/jverga/rtabmap_ros2_ws/install/rtabmap_sync/share/rtabmap_sync/environment/library_path.sh
-- Up-to-date symlink: /home/jverga/rtabmap_ros2_ws/install/rtabmap_sync/share/rtabmap_sync/environment/library_path.dsv
-- Up-to-date symlink: /home/jverga/rtabmap_ros2_ws/install/rtabmap_sync/lib/rtabmap_sync/rgbd_sync
-- Up-to-date symlink: /home/jverga/rtabmap_ros2_ws/install/rtabmap_sync/lib/rtabmap_sync/rgbdx_sync
-- Up-to-date symlink: /home/jverga/rtabmap_ros2_ws/install/rtabmap_sync/lib/rtabmap_sync/stereo_sync
-- Up-to-date symlink: /home/jverga/rtabmap_ros2_ws/install/rtabmap_sync/lib/rtabmap_sync/rgb_sync
-- Up-to-date symlink: /home/jverga/rtabmap_ros2_ws/install/rtabmap_sync/share/ament_index/resource_index/package_run_dependencies/rtabmap_sync
-- Up-to-date symlink: /home/jverga/rtabmap_ros2_ws/install/rtabmap_sync/share/ament_index/resource_index/parent_prefix_path/rtabmap_sync
-- Up-to-date symlink: /home/jverga/rtabmap_ros2_ws/install/rtabmap_sync/share/rtabmap_sync/environment/ament_prefix_path.sh
-- Up-to-date symlink: /home/jverga/rtabmap_ros2_ws/install/rtabmap_sync/share/rtabmap_sync/environment/ament_prefix_path.dsv
-- Up-to-date symlink: /home/jverga/rtabmap_ros2_ws/install/rtabmap_sync/share/rtabmap_sync/environment/path.sh
-- Up-to-date symlink: /home/jverga/rtabmap_ros2_ws/install/rtabmap_sync/share/rtabmap_sync/environment/path.dsv
-- Up-to-date symlink: /home/jverga/rtabmap_ros2_ws/install/rtabmap_sync/share/rtabmap_sync/local_setup.bash
-- Up-to-date symlink: /home/jverga/rtabmap_ros2_ws/install/rtabmap_sync/share/rtabmap_sync/local_setup.sh
-- Up-to-date symlink: /home/jverga/rtabmap_ros2_ws/install/rtabmap_sync/share/rtabmap_sync/local_setup.zsh
-- Up-to-date symlink: /home/jverga/rtabmap_ros2_ws/install/rtabmap_sync/share/rtabmap_sync/local_setup.dsv
-- Symlinking: /home/jverga/rtabmap_ros2_ws/install/rtabmap_sync/share/rtabmap_sync/package.dsv
-- Up-to-date symlink: /home/jverga/rtabmap_ros2_ws/install/rtabmap_sync/share/ament_index/resource_index/packages/rtabmap_sync
-- Up-to-date symlink: /home/jverga/rtabmap_ros2_ws/install/rtabmap_sync/share/ament_index/resource_index/rclcpp_components/rtabmap_sync
-- Up-to-date symlink: /home/jverga/rtabmap_ros2_ws/install/rtabmap_sync/share/rtabmap_sync/cmake/extra_configs.cmake
-- Up-to-date symlink: /home/jverga/rtabmap_ros2_ws/install/rtabmap_sync/share/rtabmap_sync/cmake/ament_cmake_export_dependencies-extras.cmake
-- Up-to-date symlink: /home/jverga/rtabmap_ros2_ws/install/rtabmap_sync/share/rtabmap_sync/cmake/ament_cmake_export_include_directories-extras.cmake
-- Up-to-date symlink: /home/jverga/rtabmap_ros2_ws/install/rtabmap_sync/share/rtabmap_sync/cmake/ament_cmake_export_targets-extras.cmake
-- Up-to-date symlink: /home/jverga/rtabmap_ros2_ws/install/rtabmap_sync/share/rtabmap_sync/cmake/ament_cmake_export_libraries-extras.cmake
-- Up-to-date symlink: /home/jverga/rtabmap_ros2_ws/install/rtabmap_sync/share/rtabmap_sync/cmake/rtabmap_syncConfig.cmake
-- Up-to-date symlink: /home/jverga/rtabmap_ros2_ws/install/rtabmap_sync/share/rtabmap_sync/cmake/rtabmap_syncConfig-version.cmake
-- Up-to-date symlink: /home/jverga/rtabmap_ros2_ws/install/rtabmap_sync/share/rtabmap_sync/package.xml
-- Up-to-date: /home/jverga/rtabmap_ros2_ws/install/rtabmap_sync/lib/librtabmap_sync.so
-- Up-to-date: /home/jverga/rtabmap_ros2_ws/install/rtabmap_sync/lib/librtabmap_sync_plugins.so
-- Up-to-date: /home/jverga/rtabmap_ros2_ws/install/rtabmap_sync/include
-- Up-to-date: /home/jverga/rtabmap_ros2_ws/install/rtabmap_sync/include/rtabmap_sync
-- Up-to-date: /home/jverga/rtabmap_ros2_ws/install/rtabmap_sync/include/rtabmap_sync/GetTopicName.h
-- Up-to-date: /home/jverga/rtabmap_ros2_ws/install/rtabmap_sync/include/rtabmap_sync/CommonDataSubscriber.h
-- Up-to-date: /home/jverga/rtabmap_ros2_ws/install/rtabmap_sync/include/rtabmap_sync/CommonDataSubscriberDefines.h
-- Up-to-date: /home/jverga/rtabmap_ros2_ws/install/rtabmap_sync/include/rtabmap_sync/visibility.h
-- Up-to-date: /home/jverga/rtabmap_ros2_ws/install/rtabmap_sync/include/rtabmap_sync/SyncDiagnostic.h
-- Up-to-date: /home/jverga/rtabmap_ros2_ws/install/rtabmap_sync/share/rtabmap_sync/cmake/rtabmap_syncExport.cmake
-- Up-to-date: /home/jverga/rtabmap_ros2_ws/install/rtabmap_sync/share/rtabmap_sync/cmake/rtabmap_syncExport-noconfig.cmake
