[0.011s] Invoking command in '/home/jverga/rtabmap_ros2_ws/build/rtabmap_sync': AMENT_PREFIX_PATH=/home/jverga/rtabmap_ros2_ws/install/rtabmap_conversions:/home/jverga/rtabmap_ros2_ws/install/rtabmap_msgs:${AMENT_PREFIX_PATH} CMAKE_PREFIX_PATH=/home/jverga/rtabmap_ros2_ws/install/rtabmap_conversions:/home/jverga/rtabmap_ros2_ws/install/rtabmap_msgs:/home/jverga/combined_ros2_ws/install/point_lio:/home/jverga/realsense_ws/install/realsense2_description:/home/jverga/realsense_ws/install/realsense2_camera:/home/jverga/realsense_ws/install/realsense2_camera_msgs:/home/jverga/unilidar_sdk2/unitree_lidar_ros2/install/unitree_lidar_ros2:/home/jverga/unilidar_sdk2/unitree_lidar_ros2/catkin_point_lio_unilidar/install/point_lio:/home/jverga/unilidar_sdk2/install/unitree_lidar_ros2:/home/jverga/combined_ros2_ws/install/odometry_fusion:/opt/ros/humble LD_LIBRARY_PATH=/home/jverga/rtabmap_ros2_ws/install/rtabmap_conversions/lib:/home/jverga/rtabmap_ros2_ws/install/rtabmap_msgs/lib:${LD_LIBRARY_PATH} PYTHONPATH=/home/jverga/rtabmap_ros2_ws/install/rtabmap_msgs/local/lib/python3.10/dist-packages:${PYTHONPATH} /usr/bin/cmake /home/jverga/rtabmap_ros2_ws/src/rtabmap_ros/rtabmap_sync -DAMENT_CMAKE_SYMLINK_INSTALL=1 -DCMAKE_INSTALL_PREFIX=/home/jverga/rtabmap_ros2_ws/install/rtabmap_sync
[0.049s] -- The C compiler identification is GNU 11.4.0
[0.081s] -- The CXX compiler identification is GNU 11.4.0
[0.085s] -- Detecting C compiler ABI info
[0.131s] -- Detecting C compiler ABI info - done
[0.134s] -- Check for working C compiler: /usr/bin/cc - skipped
[0.135s] -- Detecting C compile features
[0.135s] -- Detecting C compile features - done
[0.137s] -- Detecting CXX compiler ABI info
[0.191s] -- Detecting CXX compiler ABI info - done
[0.197s] -- Check for working CXX compiler: /usr/bin/c++ - skipped
[0.197s] -- Detecting CXX compile features
[0.197s] -- Detecting CXX compile features - done
[0.200s] -- Found cv_bridge: 3.2.1 (/opt/ros/humble/share/cv_bridge/cmake)
[0.296s] -- Found Python3: /usr/bin/python3 (found version "3.10.12") found components: Interpreter 
[0.329s] -- Override CMake install command with custom implementation using symlinks instead of copying resources
[0.388s] -- Found rosidl_generator_c: 3.1.6 (/opt/ros/humble/share/rosidl_generator_c/cmake)
[0.392s] -- Found rosidl_adapter: 3.1.6 (/opt/ros/humble/share/rosidl_adapter/cmake)
[0.398s] -- Found rosidl_generator_cpp: 3.1.6 (/opt/ros/humble/share/rosidl_generator_cpp/cmake)
[0.405s] -- Using all available rosidl_typesupport_c: rosidl_typesupport_fastrtps_c;rosidl_typesupport_introspection_c
[0.416s] -- Using all available rosidl_typesupport_cpp: rosidl_typesupport_fastrtps_cpp;rosidl_typesupport_introspection_cpp
[0.451s] -- Found image_transport: 3.1.11 (/opt/ros/humble/share/image_transport/cmake)
[0.481s] -- Found rmw_implementation_cmake: 6.1.2 (/opt/ros/humble/share/rmw_implementation_cmake/cmake)
[0.483s] -- Found rmw_fastrtps_cpp: 6.2.7 (/opt/ros/humble/share/rmw_fastrtps_cpp/cmake)
[0.561s] -- Found OpenSSL: /usr/lib/x86_64-linux-gnu/libcrypto.so (found version "3.0.2")  
[0.580s] -- Found FastRTPS: /opt/ros/humble/include  
[0.606s] -- Using RMW implementation 'rmw_fastrtps_cpp' as default
[0.613s] -- Looking for pthread.h
[0.658s] -- Looking for pthread.h - found
[0.659s] -- Performing Test CMAKE_HAVE_LIBC_PTHREAD
[0.711s] -- Performing Test CMAKE_HAVE_LIBC_PTHREAD - Success
[0.712s] -- Found Threads: TRUE  
[0.755s] -- Found nav_msgs: 4.8.0 (/opt/ros/humble/share/nav_msgs/cmake)
[0.766s] -- Found rclcpp_components: 16.0.12 (/opt/ros/humble/share/rclcpp_components/cmake)
[0.775s] -- Found rtabmap_conversions: 0.21.10 (/home/jverga/rtabmap_ros2_ws/install/rtabmap_conversions/share/rtabmap_conversions/cmake)
[0.811s] -- Checking for module 'eigen3'
[0.820s] --   Found eigen3, version 3.4.0
[0.843s] -- Found Eigen: /usr/include/eigen3 (Required is at least version "3.1") 
[0.843s] -- Eigen found (include: /usr/include/eigen3, version: 3.4.0)
[0.868s] -- Checking for module 'flann'
[0.877s] --   Found flann, version 1.9.1
[0.904s] -- Found FLANN: /usr/lib/x86_64-linux-gnu/libflann_cpp.so  
[0.904s] -- FLANN found (include: /usr/include, lib: /usr/lib/x86_64-linux-gnu/libflann_cpp.so)
[1.494s] -- Checking for module 'libusb-1.0'
[1.506s] --   Found libusb-1.0, version 1.0.25
[1.532s] -- Found libusb: /usr/lib/x86_64-linux-gnu/libusb-1.0.so  
[1.533s] -- OpenNI found (version: 1.5.4.0, include: /usr/include/ni, lib: /usr/lib/libOpenNI.so;libusb::libusb)
[1.573s] -- OpenNI2 found (version: 2.2.0.33, include: /usr/include/openni2, lib: /usr/lib/x86_64-linux-gnu/libOpenNI2.so;libusb::libusb)
[1.665s] -- Eigen found (include: /usr/include/eigen3, version: 3.4.0)
[1.669s] -- OpenNI found (version: 1.5.4.0, include: /usr/include/ni, lib: /usr/lib/libOpenNI.so;libusb::libusb)
[1.673s] -- OpenNI2 found (version: 2.2.0.33, include: /usr/include/openni2, lib: /usr/lib/x86_64-linux-gnu/libOpenNI2.so;libusb::libusb)
[1.763s] -- Found Qhull version 8.0.2
[1.849s] -- OpenNI found (version: 1.5.4.0, include: /usr/include/ni, lib: /usr/lib/libOpenNI.so;libusb::libusb)
[1.935s] -- Found PCL_COMMON: /usr/lib/x86_64-linux-gnu/libpcl_common.so  
[1.935s] -- Found PCL_KDTREE: /usr/lib/x86_64-linux-gnu/libpcl_kdtree.so  
[1.935s] -- Found PCL_OCTREE: /usr/lib/x86_64-linux-gnu/libpcl_octree.so  
[1.936s] -- Found PCL_SEARCH: /usr/lib/x86_64-linux-gnu/libpcl_search.so  
[1.936s] -- Found PCL_SAMPLE_CONSENSUS: /usr/lib/x86_64-linux-gnu/libpcl_sample_consensus.so  
[1.937s] -- Found PCL_FILTERS: /usr/lib/x86_64-linux-gnu/libpcl_filters.so  
[1.937s] -- Found PCL_2D: /usr/include/pcl-1.12  
[1.937s] -- Found PCL_GEOMETRY: /usr/include/pcl-1.12  
[1.938s] -- Found PCL_IO: /usr/lib/x86_64-linux-gnu/libpcl_io.so  
[1.938s] -- Found PCL_FEATURES: /usr/lib/x86_64-linux-gnu/libpcl_features.so  
[1.939s] -- Found PCL_ML: /usr/lib/x86_64-linux-gnu/libpcl_ml.so  
[1.939s] -- Found PCL_SEGMENTATION: /usr/lib/x86_64-linux-gnu/libpcl_segmentation.so  
[1.939s] -- Found PCL_VISUALIZATION: /usr/lib/x86_64-linux-gnu/libpcl_visualization.so  
[1.940s] -- Found PCL_SURFACE: /usr/lib/x86_64-linux-gnu/libpcl_surface.so  
[1.940s] -- Found PCL_REGISTRATION: /usr/lib/x86_64-linux-gnu/libpcl_registration.so  
[1.941s] -- Found PCL_KEYPOINTS: /usr/lib/x86_64-linux-gnu/libpcl_keypoints.so  
[1.941s] -- Found PCL_TRACKING: /usr/lib/x86_64-linux-gnu/libpcl_tracking.so  
[1.942s] -- Found PCL_RECOGNITION: /usr/lib/x86_64-linux-gnu/libpcl_recognition.so  
[1.942s] -- Found PCL_STEREO: /usr/lib/x86_64-linux-gnu/libpcl_stereo.so  
[1.943s] -- Found PCL_APPS: /usr/lib/x86_64-linux-gnu/libpcl_apps.so  
[1.943s] -- Found PCL_IN_HAND_SCANNER: /usr/include/pcl-1.12  
[1.943s] -- Found PCL_MODELER: /usr/include/pcl-1.12  
[1.944s] -- Found PCL_POINT_CLOUD_EDITOR: /usr/include/pcl-1.12  
[1.944s] -- Found PCL_OUTOFCORE: /usr/lib/x86_64-linux-gnu/libpcl_outofcore.so  
[1.945s] -- Found PCL_PEOPLE: /usr/lib/x86_64-linux-gnu/libpcl_people.so  
[2.009s] -- Found Eigen3: TRUE (found version "3.4.0") 
[2.009s] -- Ensuring Eigen3 include directory is part of orocos-kdl CMake target
[2.012s] [33mCMake Warning (dev) at /usr/share/cmake-3.22/Modules/CMakeFindDependencyMacro.cmake:47 (find_package):
[2.012s]   Policy CMP0074 is not set: find_package uses <PackageName>_ROOT variables.
[2.012s]   Run "cmake --help-policy CMP0074" for policy details.  Use the cmake_policy
[2.012s]   command to set the policy and suppress this warning.
[2.012s] 
[2.012s]   CMake variable PCL_ROOT is set to:
[2.012s] 
[2.012s]     /usr
[2.012s] 
[2.012s]   For compatibility, CMake is ignoring the variable.
[2.012s] Call Stack (most recent call first):
[2.012s]   /opt/ros/humble/lib/x86_64-linux-gnu/rtabmap-0.21/RTABMapConfig.cmake:7 (find_dependency)
[2.012s]   /home/jverga/rtabmap_ros2_ws/install/rtabmap_conversions/share/rtabmap_conversions/cmake/ament_cmake_export_dependencies-extras.cmake:21 (find_package)
[2.012s]   /home/jverga/rtabmap_ros2_ws/install/rtabmap_conversions/share/rtabmap_conversions/cmake/rtabmap_conversionsConfig.cmake:41 (include)
[2.013s]   CMakeLists.txt:10 (find_package)
[2.013s] This warning is for project developers.  Use -Wno-dev to suppress it.
[2.013s] [0m
[2.025s] -- Found diagnostic_updater: 4.0.2 (/opt/ros/humble/share/diagnostic_updater/cmake)
[2.039s] -- RTABMAP_SYNC_MULTI_RGBD = OFF
[2.039s] -- RTABMAP_SYNC_USER_DATA  = OFF
[2.100s] -- Configuring done
[2.200s] -- Generating done
[2.227s] -- Build files have been written to: /home/jverga/rtabmap_ros2_ws/build/rtabmap_sync
[2.238s] Invoked command in '/home/jverga/rtabmap_ros2_ws/build/rtabmap_sync' returned '0': AMENT_PREFIX_PATH=/home/jverga/rtabmap_ros2_ws/install/rtabmap_conversions:/home/jverga/rtabmap_ros2_ws/install/rtabmap_msgs:${AMENT_PREFIX_PATH} CMAKE_PREFIX_PATH=/home/jverga/rtabmap_ros2_ws/install/rtabmap_conversions:/home/jverga/rtabmap_ros2_ws/install/rtabmap_msgs:/home/jverga/combined_ros2_ws/install/point_lio:/home/jverga/realsense_ws/install/realsense2_description:/home/jverga/realsense_ws/install/realsense2_camera:/home/jverga/realsense_ws/install/realsense2_camera_msgs:/home/jverga/unilidar_sdk2/unitree_lidar_ros2/install/unitree_lidar_ros2:/home/jverga/unilidar_sdk2/unitree_lidar_ros2/catkin_point_lio_unilidar/install/point_lio:/home/jverga/unilidar_sdk2/install/unitree_lidar_ros2:/home/jverga/combined_ros2_ws/install/odometry_fusion:/opt/ros/humble LD_LIBRARY_PATH=/home/jverga/rtabmap_ros2_ws/install/rtabmap_conversions/lib:/home/jverga/rtabmap_ros2_ws/install/rtabmap_msgs/lib:${LD_LIBRARY_PATH} PYTHONPATH=/home/jverga/rtabmap_ros2_ws/install/rtabmap_msgs/local/lib/python3.10/dist-packages:${PYTHONPATH} /usr/bin/cmake /home/jverga/rtabmap_ros2_ws/src/rtabmap_ros/rtabmap_sync -DAMENT_CMAKE_SYMLINK_INSTALL=1 -DCMAKE_INSTALL_PREFIX=/home/jverga/rtabmap_ros2_ws/install/rtabmap_sync
[2.239s] Invoking command in '/home/jverga/rtabmap_ros2_ws/build/rtabmap_sync': AMENT_PREFIX_PATH=/home/jverga/rtabmap_ros2_ws/install/rtabmap_conversions:/home/jverga/rtabmap_ros2_ws/install/rtabmap_msgs:${AMENT_PREFIX_PATH} CMAKE_PREFIX_PATH=/home/jverga/rtabmap_ros2_ws/install/rtabmap_conversions:/home/jverga/rtabmap_ros2_ws/install/rtabmap_msgs:/home/jverga/combined_ros2_ws/install/point_lio:/home/jverga/realsense_ws/install/realsense2_description:/home/jverga/realsense_ws/install/realsense2_camera:/home/jverga/realsense_ws/install/realsense2_camera_msgs:/home/jverga/unilidar_sdk2/unitree_lidar_ros2/install/unitree_lidar_ros2:/home/jverga/unilidar_sdk2/unitree_lidar_ros2/catkin_point_lio_unilidar/install/point_lio:/home/jverga/unilidar_sdk2/install/unitree_lidar_ros2:/home/jverga/combined_ros2_ws/install/odometry_fusion:/opt/ros/humble LD_LIBRARY_PATH=/home/jverga/rtabmap_ros2_ws/install/rtabmap_conversions/lib:/home/jverga/rtabmap_ros2_ws/install/rtabmap_msgs/lib:${LD_LIBRARY_PATH} PYTHONPATH=/home/jverga/rtabmap_ros2_ws/install/rtabmap_msgs/local/lib/python3.10/dist-packages:${PYTHONPATH} /usr/bin/cmake --build /home/jverga/rtabmap_ros2_ws/build/rtabmap_sync -- -j28 -l28
[2.272s] [35m[1mConsolidate compiler generated dependencies of target rtabmap_sync_plugins[0m
[2.276s] [35m[1mConsolidate compiler generated dependencies of target rtabmap_sync[0m
[2.299s] [ 21%] Built target rtabmap_sync_plugins
[2.306s] [35m[1mConsolidate compiler generated dependencies of target rtabmap_rgb_sync[0m
[2.306s] [35m[1mConsolidate compiler generated dependencies of target rtabmap_rgbd_sync[0m
[2.306s] [35m[1mConsolidate compiler generated dependencies of target rtabmap_rgbdx_sync[0m
[2.307s] [35m[1mConsolidate compiler generated dependencies of target rtabmap_stereo_sync[0m
[2.312s] [ 65%] Built target rtabmap_sync
[2.322s] [ 73%] Built target rtabmap_rgbd_sync
[2.324s] [ 82%] Built target rtabmap_rgb_sync
[2.328s] [ 91%] Built target rtabmap_rgbdx_sync
[2.329s] [100%] Built target rtabmap_stereo_sync
[2.335s] Invoked command in '/home/jverga/rtabmap_ros2_ws/build/rtabmap_sync' returned '0': AMENT_PREFIX_PATH=/home/jverga/rtabmap_ros2_ws/install/rtabmap_conversions:/home/jverga/rtabmap_ros2_ws/install/rtabmap_msgs:${AMENT_PREFIX_PATH} CMAKE_PREFIX_PATH=/home/jverga/rtabmap_ros2_ws/install/rtabmap_conversions:/home/jverga/rtabmap_ros2_ws/install/rtabmap_msgs:/home/jverga/combined_ros2_ws/install/point_lio:/home/jverga/realsense_ws/install/realsense2_description:/home/jverga/realsense_ws/install/realsense2_camera:/home/jverga/realsense_ws/install/realsense2_camera_msgs:/home/jverga/unilidar_sdk2/unitree_lidar_ros2/install/unitree_lidar_ros2:/home/jverga/unilidar_sdk2/unitree_lidar_ros2/catkin_point_lio_unilidar/install/point_lio:/home/jverga/unilidar_sdk2/install/unitree_lidar_ros2:/home/jverga/combined_ros2_ws/install/odometry_fusion:/opt/ros/humble LD_LIBRARY_PATH=/home/jverga/rtabmap_ros2_ws/install/rtabmap_conversions/lib:/home/jverga/rtabmap_ros2_ws/install/rtabmap_msgs/lib:${LD_LIBRARY_PATH} PYTHONPATH=/home/jverga/rtabmap_ros2_ws/install/rtabmap_msgs/local/lib/python3.10/dist-packages:${PYTHONPATH} /usr/bin/cmake --build /home/jverga/rtabmap_ros2_ws/build/rtabmap_sync -- -j28 -l28
[2.336s] Invoking command in '/home/jverga/rtabmap_ros2_ws/build/rtabmap_sync': AMENT_PREFIX_PATH=/home/jverga/rtabmap_ros2_ws/install/rtabmap_conversions:/home/jverga/rtabmap_ros2_ws/install/rtabmap_msgs:${AMENT_PREFIX_PATH} CMAKE_PREFIX_PATH=/home/jverga/rtabmap_ros2_ws/install/rtabmap_conversions:/home/jverga/rtabmap_ros2_ws/install/rtabmap_msgs:/home/jverga/combined_ros2_ws/install/point_lio:/home/jverga/realsense_ws/install/realsense2_description:/home/jverga/realsense_ws/install/realsense2_camera:/home/jverga/realsense_ws/install/realsense2_camera_msgs:/home/jverga/unilidar_sdk2/unitree_lidar_ros2/install/unitree_lidar_ros2:/home/jverga/unilidar_sdk2/unitree_lidar_ros2/catkin_point_lio_unilidar/install/point_lio:/home/jverga/unilidar_sdk2/install/unitree_lidar_ros2:/home/jverga/combined_ros2_ws/install/odometry_fusion:/opt/ros/humble LD_LIBRARY_PATH=/home/jverga/rtabmap_ros2_ws/install/rtabmap_conversions/lib:/home/jverga/rtabmap_ros2_ws/install/rtabmap_msgs/lib:${LD_LIBRARY_PATH} PYTHONPATH=/home/jverga/rtabmap_ros2_ws/install/rtabmap_msgs/local/lib/python3.10/dist-packages:${PYTHONPATH} /usr/bin/cmake --install /home/jverga/rtabmap_ros2_ws/build/rtabmap_sync
[2.342s] -- Install configuration: ""
[2.343s] -- Execute custom install script
[2.343s] -- Up-to-date symlink: /home/jverga/rtabmap_ros2_ws/install/rtabmap_sync/share/rtabmap_sync/environment/library_path.sh
[2.343s] -- Up-to-date symlink: /home/jverga/rtabmap_ros2_ws/install/rtabmap_sync/share/rtabmap_sync/environment/library_path.dsv
[2.343s] -- Up-to-date symlink: /home/jverga/rtabmap_ros2_ws/install/rtabmap_sync/lib/rtabmap_sync/rgbd_sync
[2.344s] -- Up-to-date symlink: /home/jverga/rtabmap_ros2_ws/install/rtabmap_sync/lib/rtabmap_sync/rgbdx_sync
[2.344s] -- Up-to-date symlink: /home/jverga/rtabmap_ros2_ws/install/rtabmap_sync/lib/rtabmap_sync/stereo_sync
[2.344s] -- Up-to-date symlink: /home/jverga/rtabmap_ros2_ws/install/rtabmap_sync/lib/rtabmap_sync/rgb_sync
[2.344s] -- Up-to-date symlink: /home/jverga/rtabmap_ros2_ws/install/rtabmap_sync/share/ament_index/resource_index/package_run_dependencies/rtabmap_sync
[2.344s] -- Up-to-date symlink: /home/jverga/rtabmap_ros2_ws/install/rtabmap_sync/share/ament_index/resource_index/parent_prefix_path/rtabmap_sync
[2.345s] -- Up-to-date symlink: /home/jverga/rtabmap_ros2_ws/install/rtabmap_sync/share/rtabmap_sync/environment/ament_prefix_path.sh
[2.345s] -- Up-to-date symlink: /home/jverga/rtabmap_ros2_ws/install/rtabmap_sync/share/rtabmap_sync/environment/ament_prefix_path.dsv
[2.345s] -- Up-to-date symlink: /home/jverga/rtabmap_ros2_ws/install/rtabmap_sync/share/rtabmap_sync/environment/path.sh
[2.345s] -- Up-to-date symlink: /home/jverga/rtabmap_ros2_ws/install/rtabmap_sync/share/rtabmap_sync/environment/path.dsv
[2.345s] -- Up-to-date symlink: /home/jverga/rtabmap_ros2_ws/install/rtabmap_sync/share/rtabmap_sync/local_setup.bash
[2.345s] -- Up-to-date symlink: /home/jverga/rtabmap_ros2_ws/install/rtabmap_sync/share/rtabmap_sync/local_setup.sh
[2.346s] -- Up-to-date symlink: /home/jverga/rtabmap_ros2_ws/install/rtabmap_sync/share/rtabmap_sync/local_setup.zsh
[2.346s] -- Up-to-date symlink: /home/jverga/rtabmap_ros2_ws/install/rtabmap_sync/share/rtabmap_sync/local_setup.dsv
[2.346s] -- Symlinking: /home/jverga/rtabmap_ros2_ws/install/rtabmap_sync/share/rtabmap_sync/package.dsv
[2.353s] -- Up-to-date symlink: /home/jverga/rtabmap_ros2_ws/install/rtabmap_sync/share/ament_index/resource_index/packages/rtabmap_sync
[2.353s] -- Up-to-date symlink: /home/jverga/rtabmap_ros2_ws/install/rtabmap_sync/share/ament_index/resource_index/rclcpp_components/rtabmap_sync
[2.353s] -- Up-to-date symlink: /home/jverga/rtabmap_ros2_ws/install/rtabmap_sync/share/rtabmap_sync/cmake/extra_configs.cmake
[2.354s] -- Up-to-date symlink: /home/jverga/rtabmap_ros2_ws/install/rtabmap_sync/share/rtabmap_sync/cmake/ament_cmake_export_dependencies-extras.cmake
[2.354s] -- Up-to-date symlink: /home/jverga/rtabmap_ros2_ws/install/rtabmap_sync/share/rtabmap_sync/cmake/ament_cmake_export_include_directories-extras.cmake
[2.354s] -- Up-to-date symlink: /home/jverga/rtabmap_ros2_ws/install/rtabmap_sync/share/rtabmap_sync/cmake/ament_cmake_export_targets-extras.cmake
[2.354s] -- Up-to-date symlink: /home/jverga/rtabmap_ros2_ws/install/rtabmap_sync/share/rtabmap_sync/cmake/ament_cmake_export_libraries-extras.cmake
[2.354s] -- Up-to-date symlink: /home/jverga/rtabmap_ros2_ws/install/rtabmap_sync/share/rtabmap_sync/cmake/rtabmap_syncConfig.cmake
[2.354s] -- Up-to-date symlink: /home/jverga/rtabmap_ros2_ws/install/rtabmap_sync/share/rtabmap_sync/cmake/rtabmap_syncConfig-version.cmake
[2.354s] -- Up-to-date symlink: /home/jverga/rtabmap_ros2_ws/install/rtabmap_sync/share/rtabmap_sync/package.xml
[2.355s] -- Up-to-date: /home/jverga/rtabmap_ros2_ws/install/rtabmap_sync/lib/librtabmap_sync.so
[2.356s] -- Up-to-date: /home/jverga/rtabmap_ros2_ws/install/rtabmap_sync/lib/librtabmap_sync_plugins.so
[2.356s] -- Up-to-date: /home/jverga/rtabmap_ros2_ws/install/rtabmap_sync/include
[2.356s] -- Up-to-date: /home/jverga/rtabmap_ros2_ws/install/rtabmap_sync/include/rtabmap_sync
[2.356s] -- Up-to-date: /home/jverga/rtabmap_ros2_ws/install/rtabmap_sync/include/rtabmap_sync/GetTopicName.h
[2.356s] -- Up-to-date: /home/jverga/rtabmap_ros2_ws/install/rtabmap_sync/include/rtabmap_sync/CommonDataSubscriber.h
[2.356s] -- Up-to-date: /home/jverga/rtabmap_ros2_ws/install/rtabmap_sync/include/rtabmap_sync/CommonDataSubscriberDefines.h
[2.356s] -- Up-to-date: /home/jverga/rtabmap_ros2_ws/install/rtabmap_sync/include/rtabmap_sync/visibility.h
[2.356s] -- Up-to-date: /home/jverga/rtabmap_ros2_ws/install/rtabmap_sync/include/rtabmap_sync/SyncDiagnostic.h
[2.356s] -- Up-to-date: /home/jverga/rtabmap_ros2_ws/install/rtabmap_sync/share/rtabmap_sync/cmake/rtabmap_syncExport.cmake
[2.356s] -- Up-to-date: /home/jverga/rtabmap_ros2_ws/install/rtabmap_sync/share/rtabmap_sync/cmake/rtabmap_syncExport-noconfig.cmake
[2.358s] Invoked command in '/home/jverga/rtabmap_ros2_ws/build/rtabmap_sync' returned '0': AMENT_PREFIX_PATH=/home/jverga/rtabmap_ros2_ws/install/rtabmap_conversions:/home/jverga/rtabmap_ros2_ws/install/rtabmap_msgs:${AMENT_PREFIX_PATH} CMAKE_PREFIX_PATH=/home/jverga/rtabmap_ros2_ws/install/rtabmap_conversions:/home/jverga/rtabmap_ros2_ws/install/rtabmap_msgs:/home/jverga/combined_ros2_ws/install/point_lio:/home/jverga/realsense_ws/install/realsense2_description:/home/jverga/realsense_ws/install/realsense2_camera:/home/jverga/realsense_ws/install/realsense2_camera_msgs:/home/jverga/unilidar_sdk2/unitree_lidar_ros2/install/unitree_lidar_ros2:/home/jverga/unilidar_sdk2/unitree_lidar_ros2/catkin_point_lio_unilidar/install/point_lio:/home/jverga/unilidar_sdk2/install/unitree_lidar_ros2:/home/jverga/combined_ros2_ws/install/odometry_fusion:/opt/ros/humble LD_LIBRARY_PATH=/home/jverga/rtabmap_ros2_ws/install/rtabmap_conversions/lib:/home/jverga/rtabmap_ros2_ws/install/rtabmap_msgs/lib:${LD_LIBRARY_PATH} PYTHONPATH=/home/jverga/rtabmap_ros2_ws/install/rtabmap_msgs/local/lib/python3.10/dist-packages:${PYTHONPATH} /usr/bin/cmake --install /home/jverga/rtabmap_ros2_ws/build/rtabmap_sync
