[0.399s] Invoking command in '/home/jverga/rtabmap_ros2_ws/build/rtabmap_python': PYTHONPATH=/home/jverga/rtabmap_ros2_ws/build/rtabmap_python/prefix_override:/usr/lib/python3/dist-packages/colcon_core/task/python/colcon_distutils_commands:/home/jverga/rtabmap_ros2_ws/install/rtabmap_python/lib/python3.10/site-packages:${PYTHONPATH} /usr/bin/python3 -W ignore:setup.py install is deprecated -W ignore:easy_install command is deprecated setup.py develop --editable --build-directory /home/jverga/rtabmap_ros2_ws/build/rtabmap_python/build --no-deps symlink_data
[0.552s] running develop
[0.646s] running egg_info
[0.646s] creating rtabmap_python.egg-info
[0.646s] writing rtabmap_python.egg-info/PKG-INFO
[0.646s] writing dependency_links to rtabmap_python.egg-info/dependency_links.txt
[0.646s] writing entry points to rtabmap_python.egg-info/entry_points.txt
[0.646s] writing requirements to rtabmap_python.egg-info/requires.txt
[0.647s] writing top-level names to rtabmap_python.egg-info/top_level.txt
[0.647s] writing manifest file 'rtabmap_python.egg-info/SOURCES.txt'
[0.648s] reading manifest file 'rtabmap_python.egg-info/SOURCES.txt'
[0.649s] writing manifest file 'rtabmap_python.egg-info/SOURCES.txt'
[0.649s] running build_ext
[0.649s] Creating /home/jverga/rtabmap_ros2_ws/install/rtabmap_python/lib/python3.10/site-packages/rtabmap-python.egg-link (link to .)
[0.650s] 
[0.650s] Installed /home/jverga/rtabmap_ros2_ws/build/rtabmap_python
[0.650s] running symlink_data
[0.650s] creating /home/jverga/rtabmap_ros2_ws/install/rtabmap_python/share/ament_index
[0.650s] creating /home/jverga/rtabmap_ros2_ws/install/rtabmap_python/share/ament_index/resource_index
[0.650s] creating /home/jverga/rtabmap_ros2_ws/install/rtabmap_python/share/ament_index/resource_index/packages
[0.650s] symbolically linking /home/jverga/rtabmap_ros2_ws/build/rtabmap_python/resource/rtabmap_python -> /home/jverga/rtabmap_ros2_ws/install/rtabmap_python/share/ament_index/resource_index/packages
[0.650s] symbolically linking /home/jverga/rtabmap_ros2_ws/build/rtabmap_python/package.xml -> /home/jverga/rtabmap_ros2_ws/install/rtabmap_python/share/rtabmap_python
[0.662s] Invoked command in '/home/jverga/rtabmap_ros2_ws/build/rtabmap_python' returned '0': PYTHONPATH=/home/jverga/rtabmap_ros2_ws/build/rtabmap_python/prefix_override:/usr/lib/python3/dist-packages/colcon_core/task/python/colcon_distutils_commands:/home/jverga/rtabmap_ros2_ws/install/rtabmap_python/lib/python3.10/site-packages:${PYTHONPATH} /usr/bin/python3 -W ignore:setup.py install is deprecated -W ignore:easy_install command is deprecated setup.py develop --editable --build-directory /home/jverga/rtabmap_ros2_ws/build/rtabmap_python/build --no-deps symlink_data
