[0.006s] Invoking command in '/home/jverga/realsense_ws/build/realsense2_camera': CMAKE_PREFIX_PATH=/home/jverga/realsense_ws/install/realsense2_camera_msgs:/home/jverga/realsense_ws/install/realsense2_description:/home/jverga/realsense_ws/install/realsense2_camera:/home/jverga/unilidar_sdk2/unitree_lidar_ros2/install/unitree_lidar_ros2:/home/jverga/unilidar_sdk2/unitree_lidar_ros2/catkin_point_lio_unilidar/install/point_lio:/home/jverga/unilidar_sdk2/install/unitree_lidar_ros2:/opt/ros/humble LD_LIBRARY_PATH=/home/jverga/realsense_ws/install/realsense2_camera_msgs/lib:/home/jverga/realsense_ws/install/realsense2_camera/lib:/opt/ros/humble/opt/rviz_ogre_vendor/lib:/opt/ros/humble/lib/x86_64-linux-gnu:/opt/ros/humble/lib /usr/bin/cmake /home/jverga/realsense_ws/src/realsense-ros/realsense2_camera -DAMENT_CMAKE_SYMLINK_INSTALL=1 -DCMAKE_INSTALL_PREFIX=/home/jverga/realsense_ws/install/realsense2_camera
[0.039s] -- The C compiler identification is GNU 11.4.0
[0.074s] -- The CXX compiler identification is GNU 11.4.0
[0.078s] -- Detecting C compiler ABI info
[0.124s] -- Detecting C compiler ABI info - done
[0.129s] -- Check for working C compiler: /usr/bin/cc - skipped
[0.129s] -- Detecting C compile features
[0.129s] -- Detecting C compile features - done
[0.131s] -- Detecting CXX compiler ABI info
[0.180s] -- Detecting CXX compiler ABI info - done
[0.184s] -- Check for working CXX compiler: /usr/bin/c++ - skipped
[0.185s] -- Detecting CXX compile features
[0.185s] -- Detecting CXX compile features - done
[0.185s] -- Create Release Build.
[0.187s] -- Found ament_cmake: 1.3.11 (/opt/ros/humble/share/ament_cmake/cmake)
[0.272s] -- Found Python3: /usr/bin/python3 (found version "3.10.12") found components: Interpreter 
[0.306s] -- Override CMake install command with custom implementation using symlinks instead of copying resources
[0.325s] -- Found builtin_interfaces: 1.2.1 (/opt/ros/humble/share/builtin_interfaces/cmake)
[0.346s] -- Found rosidl_generator_c: 3.1.6 (/opt/ros/humble/share/rosidl_generator_c/cmake)
[0.349s] -- Found rosidl_adapter: 3.1.6 (/opt/ros/humble/share/rosidl_adapter/cmake)
[0.354s] -- Found rosidl_generator_cpp: 3.1.6 (/opt/ros/humble/share/rosidl_generator_cpp/cmake)
[0.362s] -- Using all available rosidl_typesupport_c: rosidl_typesupport_fastrtps_c;rosidl_typesupport_introspection_c
[0.371s] -- Using all available rosidl_typesupport_cpp: rosidl_typesupport_fastrtps_cpp;rosidl_typesupport_introspection_cpp
[0.385s] -- Found cv_bridge: 3.2.1 (/opt/ros/humble/share/cv_bridge/cmake)
[0.425s] -- Found image_transport: 3.1.11 (/opt/ros/humble/share/image_transport/cmake)
[0.466s] -- Found rmw_implementation_cmake: 6.1.2 (/opt/ros/humble/share/rmw_implementation_cmake/cmake)
[0.469s] -- Found rmw_fastrtps_cpp: 6.2.7 (/opt/ros/humble/share/rmw_fastrtps_cpp/cmake)
[0.533s] -- Found OpenSSL: /usr/lib/x86_64-linux-gnu/libcrypto.so (found version "3.0.2")  
[0.551s] -- Found FastRTPS: /opt/ros/humble/include  
[0.576s] -- Using RMW implementation 'rmw_fastrtps_cpp' as default
[0.584s] -- Looking for pthread.h
[0.628s] -- Looking for pthread.h - found
[0.628s] -- Performing Test CMAKE_HAVE_LIBC_PTHREAD
[0.676s] -- Performing Test CMAKE_HAVE_LIBC_PTHREAD - Success
[0.677s] -- Found Threads: TRUE  
[0.725s] -- Found rclcpp_components: 16.0.12 (/opt/ros/humble/share/rclcpp_components/cmake)
[0.737s] -- Found realsense2_camera_msgs: 4.55.1 (/home/jverga/realsense_ws/install/realsense2_camera_msgs/share/realsense2_camera_msgs/cmake)
[0.747s] -- Found nav_msgs: 4.8.0 (/opt/ros/humble/share/nav_msgs/cmake)
[0.759s] -- Found tf2_ros: 0.25.12 (/opt/ros/humble/share/tf2_ros/cmake)
[0.806s] -- Found diagnostic_updater: 4.0.2 (/opt/ros/humble/share/diagnostic_updater/cmake)
[0.819s] -- Found OpenCV: /usr (found version "4.5.4") found components: core 
[0.822s] -- Build for ROS2 Humble
[0.826s] -- Found ament_cmake_gtest: 1.3.11 (/opt/ros/humble/share/ament_cmake_gtest/cmake)
[0.828s] -- Found gtest sources under '/opt/ros/humble/src/gtest_vendor': C++ tests using 'Google Test' will be built
[0.832s] -- Found ament_cmake_pytest: 1.3.11 (/opt/ros/humble/share/ament_cmake_pytest/cmake)
[3.150s] -- rs_device_info:
[3.150s] -- Device Name                   Serial Number       Firmware Version
[3.150s] Intel RealSense D435I         332522073305        5.16.0.1
[3.150s] 
[3.150s] -- D455 device found
[5.108s] -- Configuring done
[5.126s] -- Generating done
[5.130s] -- Build files have been written to: /home/jverga/realsense_ws/build/realsense2_camera
[5.137s] Invoked command in '/home/jverga/realsense_ws/build/realsense2_camera' returned '0': CMAKE_PREFIX_PATH=/home/jverga/realsense_ws/install/realsense2_camera_msgs:/home/jverga/realsense_ws/install/realsense2_description:/home/jverga/realsense_ws/install/realsense2_camera:/home/jverga/unilidar_sdk2/unitree_lidar_ros2/install/unitree_lidar_ros2:/home/jverga/unilidar_sdk2/unitree_lidar_ros2/catkin_point_lio_unilidar/install/point_lio:/home/jverga/unilidar_sdk2/install/unitree_lidar_ros2:/opt/ros/humble LD_LIBRARY_PATH=/home/jverga/realsense_ws/install/realsense2_camera_msgs/lib:/home/jverga/realsense_ws/install/realsense2_camera/lib:/opt/ros/humble/opt/rviz_ogre_vendor/lib:/opt/ros/humble/lib/x86_64-linux-gnu:/opt/ros/humble/lib /usr/bin/cmake /home/jverga/realsense_ws/src/realsense-ros/realsense2_camera -DAMENT_CMAKE_SYMLINK_INSTALL=1 -DCMAKE_INSTALL_PREFIX=/home/jverga/realsense_ws/install/realsense2_camera
[5.137s] Invoking command in '/home/jverga/realsense_ws/build/realsense2_camera': CMAKE_PREFIX_PATH=/home/jverga/realsense_ws/install/realsense2_camera_msgs:/home/jverga/realsense_ws/install/realsense2_description:/home/jverga/realsense_ws/install/realsense2_camera:/home/jverga/unilidar_sdk2/unitree_lidar_ros2/install/unitree_lidar_ros2:/home/jverga/unilidar_sdk2/unitree_lidar_ros2/catkin_point_lio_unilidar/install/point_lio:/home/jverga/unilidar_sdk2/install/unitree_lidar_ros2:/opt/ros/humble LD_LIBRARY_PATH=/home/jverga/realsense_ws/install/realsense2_camera_msgs/lib:/home/jverga/realsense_ws/install/realsense2_camera/lib:/opt/ros/humble/opt/rviz_ogre_vendor/lib:/opt/ros/humble/lib/x86_64-linux-gnu:/opt/ros/humble/lib /usr/bin/cmake --build /home/jverga/realsense_ws/build/realsense2_camera -- -j28 -l28
[5.172s] [  4%] [32mBuilding CXX object gtest/CMakeFiles/gtest.dir/src/gtest-all.cc.o[0m
[5.172s] [  9%] [32mBuilding CXX object gtest/CMakeFiles/gtest_main.dir/src/gtest_main.cc.o[0m
[5.172s] [ 13%] [32mBuilding CXX object CMakeFiles/realsense2_camera.dir/src/ros_sensor.cpp.o[0m
[5.172s] [ 18%] [32mBuilding CXX object CMakeFiles/realsense2_camera.dir/src/rs_node_setup.cpp.o[0m
[5.172s] [ 31%] [32mBuilding CXX object CMakeFiles/realsense2_camera_node.dir/rclcpp_components/node_main_realsense2_camera_node.cpp.o[0m
[5.173s] [ 31%] [32mBuilding CXX object CMakeFiles/realsense2_camera.dir/src/sensor_params.cpp.o[0m
[5.173s] [ 31%] [32mBuilding CXX object CMakeFiles/realsense2_camera.dir/src/base_realsense_node.cpp.o[0m
[5.173s] [ 36%] [32mBuilding CXX object CMakeFiles/realsense2_camera.dir/src/dynamic_params.cpp.o[0m
[5.173s] [ 45%] [32mBuilding CXX object CMakeFiles/realsense2_camera.dir/src/parameters.cpp.o[0m
[5.174s] [ 45%] [32mBuilding CXX object CMakeFiles/realsense2_camera.dir/src/realsense_node_factory.cpp.o[0m
[5.174s] [ 54%] [32mBuilding CXX object CMakeFiles/realsense2_camera.dir/src/image_publisher.cpp.o[0m
[5.174s] [ 54%] [32mBuilding CXX object CMakeFiles/realsense2_camera.dir/src/tfs.cpp.o[0m
[5.174s] [ 59%] [32mBuilding CXX object CMakeFiles/realsense2_camera.dir/src/ros_param_backend.cpp.o[0m
[5.174s] [ 63%] [32mBuilding CXX object CMakeFiles/realsense2_camera.dir/src/ros_utils.cpp.o[0m
[5.174s] [ 68%] [32mBuilding CXX object CMakeFiles/realsense2_camera.dir/src/named_filter.cpp.o[0m
[5.175s] [ 72%] [32mBuilding CXX object CMakeFiles/realsense2_camera.dir/src/profile_manager.cpp.o[0m
[5.516s] [ 77%] [32m[1mLinking CXX static library libgtest_main.a[0m
[5.625s] [ 77%] Built target gtest_main
[8.098s] [ 81%] [32m[1mLinking CXX executable realsense2_camera_node[0m
[8.186s] [ 81%] Built target realsense2_camera_node
[9.425s] [ 86%] [32m[1mLinking CXX static library libgtest.a[0m
[9.475s] [ 86%] Built target gtest
[9.493s] [ 90%] [32mBuilding CXX object CMakeFiles/gtest_template.dir/test/gtest_template.cpp.o[0m
[9.912s] [ 95%] [32m[1mLinking CXX executable gtest_template[0m
[9.978s] [ 95%] Built target gtest_template
[12.845s] [100%] [32m[1mLinking CXX shared library librealsense2_camera.so[0m
[13.135s] [100%] Built target realsense2_camera
[13.142s] Invoked command in '/home/jverga/realsense_ws/build/realsense2_camera' returned '0': CMAKE_PREFIX_PATH=/home/jverga/realsense_ws/install/realsense2_camera_msgs:/home/jverga/realsense_ws/install/realsense2_description:/home/jverga/realsense_ws/install/realsense2_camera:/home/jverga/unilidar_sdk2/unitree_lidar_ros2/install/unitree_lidar_ros2:/home/jverga/unilidar_sdk2/unitree_lidar_ros2/catkin_point_lio_unilidar/install/point_lio:/home/jverga/unilidar_sdk2/install/unitree_lidar_ros2:/opt/ros/humble LD_LIBRARY_PATH=/home/jverga/realsense_ws/install/realsense2_camera_msgs/lib:/home/jverga/realsense_ws/install/realsense2_camera/lib:/opt/ros/humble/opt/rviz_ogre_vendor/lib:/opt/ros/humble/lib/x86_64-linux-gnu:/opt/ros/humble/lib /usr/bin/cmake --build /home/jverga/realsense_ws/build/realsense2_camera -- -j28 -l28
[13.143s] Invoking command in '/home/jverga/realsense_ws/build/realsense2_camera': CMAKE_PREFIX_PATH=/home/jverga/realsense_ws/install/realsense2_camera_msgs:/home/jverga/realsense_ws/install/realsense2_description:/home/jverga/realsense_ws/install/realsense2_camera:/home/jverga/unilidar_sdk2/unitree_lidar_ros2/install/unitree_lidar_ros2:/home/jverga/unilidar_sdk2/unitree_lidar_ros2/catkin_point_lio_unilidar/install/point_lio:/home/jverga/unilidar_sdk2/install/unitree_lidar_ros2:/opt/ros/humble LD_LIBRARY_PATH=/home/jverga/realsense_ws/install/realsense2_camera_msgs/lib:/home/jverga/realsense_ws/install/realsense2_camera/lib:/opt/ros/humble/opt/rviz_ogre_vendor/lib:/opt/ros/humble/lib/x86_64-linux-gnu:/opt/ros/humble/lib /usr/bin/cmake --install /home/jverga/realsense_ws/build/realsense2_camera
[13.148s] -- Install configuration: "Release"
[13.148s] -- Execute custom install script
[13.149s] -- Symlinking: /home/jverga/realsense_ws/install/realsense2_camera/lib/realsense2_camera/realsense2_camera_node
[13.154s] -- Symlinking: /home/jverga/realsense_ws/install/realsense2_camera/lib/librealsense2_camera.so
[13.160s] -- Symlinking: /home/jverga/realsense_ws/install/realsense2_camera/include/base_realsense_node.h
[13.166s] -- Symlinking: /home/jverga/realsense_ws/install/realsense2_camera/include/constants.h
[13.170s] -- Symlinking: /home/jverga/realsense_ws/install/realsense2_camera/include/dynamic_params.h
[13.176s] -- Symlinking: /home/jverga/realsense_ws/install/realsense2_camera/include/gl_window.h
[13.180s] -- Symlinking: /home/jverga/realsense_ws/install/realsense2_camera/include/image_publisher.h
[13.186s] -- Symlinking: /home/jverga/realsense_ws/install/realsense2_camera/include/named_filter.h
[13.192s] -- Symlinking: /home/jverga/realsense_ws/install/realsense2_camera/include/profile_manager.h
[13.197s] -- Symlinking: /home/jverga/realsense_ws/install/realsense2_camera/include/realsense_node_factory.h
[13.202s] -- Symlinking: /home/jverga/realsense_ws/install/realsense2_camera/include/ros_param_backend.h
[13.207s] -- Symlinking: /home/jverga/realsense_ws/install/realsense2_camera/include/ros_sensor.h
[13.212s] -- Symlinking: /home/jverga/realsense_ws/install/realsense2_camera/include/ros_utils.h
[13.216s] -- Symlinking: /home/jverga/realsense_ws/install/realsense2_camera/include/sensor_params.h
[13.220s] -- Symlinking: /home/jverga/realsense_ws/install/realsense2_camera/share/realsense2_camera/launch/default.rviz
[13.225s] -- Symlinking: /home/jverga/realsense_ws/install/realsense2_camera/share/realsense2_camera/launch/rs_intra_process_demo_launch.py
[13.229s] -- Symlinking: /home/jverga/realsense_ws/install/realsense2_camera/share/realsense2_camera/launch/rs_launch.py
[13.235s] -- Symlinking: /home/jverga/realsense_ws/install/realsense2_camera/share/realsense2_camera/launch/rs_multi_camera_launch.py
[13.241s] -- Symlinking: /home/jverga/realsense_ws/install/realsense2_camera/share/realsense2_camera/examples/align_depth/README.md
[13.246s] -- Symlinking: /home/jverga/realsense_ws/install/realsense2_camera/share/realsense2_camera/examples/align_depth/rs_align_depth_launch.py
[13.252s] -- Symlinking: /home/jverga/realsense_ws/install/realsense2_camera/share/realsense2_camera/examples/dual_camera/README.md
[13.256s] -- Symlinking: /home/jverga/realsense_ws/install/realsense2_camera/share/realsense2_camera/examples/dual_camera/rs_dual_camera_launch.py
[13.260s] -- Symlinking: /home/jverga/realsense_ws/install/realsense2_camera/share/realsense2_camera/examples/dual_camera/rviz/dual_camera_pointcloud.rviz
[13.264s] -- Symlinking: /home/jverga/realsense_ws/install/realsense2_camera/share/realsense2_camera/examples/launch_from_rosbag/README.md
[13.269s] -- Symlinking: /home/jverga/realsense_ws/install/realsense2_camera/share/realsense2_camera/examples/launch_from_rosbag/rs_launch_from_rosbag.py
[13.274s] -- Symlinking: /home/jverga/realsense_ws/install/realsense2_camera/share/realsense2_camera/examples/launch_params_from_file/README.md
[13.280s] -- Symlinking: /home/jverga/realsense_ws/install/realsense2_camera/share/realsense2_camera/examples/launch_params_from_file/config/config.yaml
[13.286s] -- Symlinking: /home/jverga/realsense_ws/install/realsense2_camera/share/realsense2_camera/examples/launch_params_from_file/rs_launch_get_params_from_yaml.py
[13.291s] -- Symlinking: /home/jverga/realsense_ws/install/realsense2_camera/share/realsense2_camera/examples/pointcloud/README.md
[13.297s] -- Symlinking: /home/jverga/realsense_ws/install/realsense2_camera/share/realsense2_camera/examples/pointcloud/rs_d405_pointcloud_launch.py
[13.302s] -- Symlinking: /home/jverga/realsense_ws/install/realsense2_camera/share/realsense2_camera/examples/pointcloud/rs_d455_pointcloud_launch.py
[13.308s] -- Symlinking: /home/jverga/realsense_ws/install/realsense2_camera/share/realsense2_camera/examples/pointcloud/rs_pointcloud_launch.py
[13.311s] -- Symlinking: /home/jverga/realsense_ws/install/realsense2_camera/share/realsense2_camera/examples/pointcloud/rviz/pointcloud.rviz
[13.316s] -- Symlinking: /home/jverga/realsense_ws/install/realsense2_camera/share/realsense2_camera/examples/pointcloud/rviz/urdf_pointcloud.rviz
[13.320s] -- Symlinking: /home/jverga/realsense_ws/install/realsense2_camera/share/realsense2_camera/environment/library_path.sh
[13.325s] -- Symlinking: /home/jverga/realsense_ws/install/realsense2_camera/share/realsense2_camera/environment/library_path.dsv
[13.330s] -- Symlinking: /home/jverga/realsense_ws/install/realsense2_camera/share/ament_index/resource_index/package_run_dependencies/realsense2_camera
[13.334s] -- Symlinking: /home/jverga/realsense_ws/install/realsense2_camera/share/ament_index/resource_index/parent_prefix_path/realsense2_camera
[13.338s] -- Symlinking: /home/jverga/realsense_ws/install/realsense2_camera/share/realsense2_camera/environment/ament_prefix_path.sh
[13.342s] -- Symlinking: /home/jverga/realsense_ws/install/realsense2_camera/share/realsense2_camera/environment/ament_prefix_path.dsv
[13.347s] -- Symlinking: /home/jverga/realsense_ws/install/realsense2_camera/share/realsense2_camera/environment/path.sh
[13.353s] -- Symlinking: /home/jverga/realsense_ws/install/realsense2_camera/share/realsense2_camera/environment/path.dsv
[13.358s] -- Symlinking: /home/jverga/realsense_ws/install/realsense2_camera/share/realsense2_camera/local_setup.bash
[13.363s] -- Symlinking: /home/jverga/realsense_ws/install/realsense2_camera/share/realsense2_camera/local_setup.sh
[13.369s] -- Symlinking: /home/jverga/realsense_ws/install/realsense2_camera/share/realsense2_camera/local_setup.zsh
[13.373s] -- Symlinking: /home/jverga/realsense_ws/install/realsense2_camera/share/realsense2_camera/local_setup.dsv
[13.377s] -- Symlinking: /home/jverga/realsense_ws/install/realsense2_camera/share/realsense2_camera/package.dsv
[13.383s] -- Symlinking: /home/jverga/realsense_ws/install/realsense2_camera/share/ament_index/resource_index/packages/realsense2_camera
[13.388s] -- Symlinking: /home/jverga/realsense_ws/install/realsense2_camera/share/ament_index/resource_index/rclcpp_components/realsense2_camera
[13.392s] -- Symlinking: /home/jverga/realsense_ws/install/realsense2_camera/share/realsense2_camera/cmake/ament_cmake_export_include_directories-extras.cmake
[13.397s] -- Symlinking: /home/jverga/realsense_ws/install/realsense2_camera/share/realsense2_camera/cmake/ament_cmake_export_libraries-extras.cmake
[13.402s] -- Symlinking: /home/jverga/realsense_ws/install/realsense2_camera/share/realsense2_camera/cmake/ament_cmake_export_dependencies-extras.cmake
[13.407s] -- Symlinking: /home/jverga/realsense_ws/install/realsense2_camera/share/realsense2_camera/cmake/realsense2_cameraConfig.cmake
[13.411s] -- Symlinking: /home/jverga/realsense_ws/install/realsense2_camera/share/realsense2_camera/cmake/realsense2_cameraConfig-version.cmake
[13.416s] -- Symlinking: /home/jverga/realsense_ws/install/realsense2_camera/share/realsense2_camera/package.xml
[13.421s] Invoked command in '/home/jverga/realsense_ws/build/realsense2_camera' returned '0': CMAKE_PREFIX_PATH=/home/jverga/realsense_ws/install/realsense2_camera_msgs:/home/jverga/realsense_ws/install/realsense2_description:/home/jverga/realsense_ws/install/realsense2_camera:/home/jverga/unilidar_sdk2/unitree_lidar_ros2/install/unitree_lidar_ros2:/home/jverga/unilidar_sdk2/unitree_lidar_ros2/catkin_point_lio_unilidar/install/point_lio:/home/jverga/unilidar_sdk2/install/unitree_lidar_ros2:/opt/ros/humble LD_LIBRARY_PATH=/home/jverga/realsense_ws/install/realsense2_camera_msgs/lib:/home/jverga/realsense_ws/install/realsense2_camera/lib:/opt/ros/humble/opt/rviz_ogre_vendor/lib:/opt/ros/humble/lib/x86_64-linux-gnu:/opt/ros/humble/lib /usr/bin/cmake --install /home/jverga/realsense_ws/build/realsense2_camera
