[0.006s] Invoking command in '/home/jverga/CameraANDLiDAR/unilidar_sdk2/unitree_lidar_ros2/build/unitree_lidar_ros2': CMAKE_PREFIX_PATH=${CMAKE_PREFIX_PATH}:/home/jverga/combined_ros2_ws/install/odometry_fusion:/home/jverga/combined_ros2_ws/src/install/odometry_fusion:/opt/ros/humble /usr/bin/cmake /home/jverga/CameraANDLiDAR/unilidar_sdk2/unitree_lidar_ros2/src/unitree_lidar_ros2 -Wno-dev -DCMAKE_INSTALL_PREFIX=/home/jverga/CameraANDLiDAR/unilidar_sdk2/unitree_lidar_ros2/install/unitree_lidar_ros2
[0.015s] -- Found ament_cmake: 1.3.11 (/opt/ros/humble/share/ament_cmake/cmake)
[0.083s] -- Found rclcpp: 16.0.12 (/opt/ros/humble/share/rclcpp/cmake)
[0.098s] -- Found rosidl_generator_c: 3.1.6 (/opt/ros/humble/share/rosidl_generator_c/cmake)
[0.099s] -- Found rosidl_adapter: 3.1.6 (/opt/ros/humble/share/rosidl_adapter/cmake)
[0.102s] -- Found rosidl_generator_cpp: 3.1.6 (/opt/ros/humble/share/rosidl_generator_cpp/cmake)
[0.107s] -- Using all available rosidl_typesupport_c: rosidl_typesupport_fastrtps_c;rosidl_typesupport_introspection_c
[0.113s] -- Using all available rosidl_typesupport_cpp: rosidl_typesupport_fastrtps_cpp;rosidl_typesupport_introspection_cpp
[0.131s] -- Found rmw_implementation_cmake: 6.1.2 (/opt/ros/humble/share/rmw_implementation_cmake/cmake)
[0.131s] -- Found rmw_fastrtps_cpp: 6.2.7 (/opt/ros/humble/share/rmw_fastrtps_cpp/cmake)
[0.192s] -- Using RMW implementation 'rmw_fastrtps_cpp' as default
[0.216s] -- Found geometry_msgs: 4.8.0 (/opt/ros/humble/share/geometry_msgs/cmake)
[0.222s] -- Found pcl_conversions: 2.4.5 (/opt/ros/humble/share/pcl_conversions/cmake)
[0.260s] -- Eigen found (include: /usr/include/eigen3, version: 3.4.0)
[0.280s] -- FLANN found (include: /usr/include, lib: /usr/lib/x86_64-linux-gnu/libflann_cpp.so)
[0.451s] -- OpenNI found (version: 1.5.4.0, include: /usr/include/ni, lib: /usr/lib/libOpenNI.so;libusb::libusb)
[0.455s] -- OpenNI2 found (version: 2.2.0.33, include: /usr/include/openni2, lib: /usr/lib/x86_64-linux-gnu/libOpenNI2.so;libusb::libusb)
[0.542s] -- Eigen found (include: /usr/include/eigen3, version: 3.4.0)
[0.546s] -- OpenNI found (version: 1.5.4.0, include: /usr/include/ni, lib: /usr/lib/libOpenNI.so;libusb::libusb)
[0.550s] -- OpenNI2 found (version: 2.2.0.33, include: /usr/include/openni2, lib: /usr/lib/x86_64-linux-gnu/libOpenNI2.so;libusb::libusb)
[0.629s] -- Found Qhull version 8.0.2
[0.716s] -- OpenNI found (version: 1.5.4.0, include: /usr/include/ni, lib: /usr/lib/libOpenNI.so;libusb::libusb)
[0.810s] -- Found tf2_ros: 0.25.12 (/opt/ros/humble/share/tf2_ros/cmake)
[0.888s] -- Configuring done
[0.907s] -- Generating done
[0.912s] -- Build files have been written to: /home/jverga/CameraANDLiDAR/unilidar_sdk2/unitree_lidar_ros2/build/unitree_lidar_ros2
[0.921s] Invoked command in '/home/jverga/CameraANDLiDAR/unilidar_sdk2/unitree_lidar_ros2/build/unitree_lidar_ros2' returned '0': CMAKE_PREFIX_PATH=${CMAKE_PREFIX_PATH}:/home/jverga/combined_ros2_ws/install/odometry_fusion:/home/jverga/combined_ros2_ws/src/install/odometry_fusion:/opt/ros/humble /usr/bin/cmake /home/jverga/CameraANDLiDAR/unilidar_sdk2/unitree_lidar_ros2/src/unitree_lidar_ros2 -Wno-dev -DCMAKE_INSTALL_PREFIX=/home/jverga/CameraANDLiDAR/unilidar_sdk2/unitree_lidar_ros2/install/unitree_lidar_ros2
[0.921s] Invoking command in '/home/jverga/CameraANDLiDAR/unilidar_sdk2/unitree_lidar_ros2/build/unitree_lidar_ros2': CMAKE_PREFIX_PATH=${CMAKE_PREFIX_PATH}:/home/jverga/combined_ros2_ws/install/odometry_fusion:/home/jverga/combined_ros2_ws/src/install/odometry_fusion:/opt/ros/humble /usr/bin/cmake --build /home/jverga/CameraANDLiDAR/unilidar_sdk2/unitree_lidar_ros2/build/unitree_lidar_ros2 -- -j28 -l28
[0.952s] [35m[1mConsolidate compiler generated dependencies of target unitree_lidar_ros2_node[0m
[0.971s] [100%] Built target unitree_lidar_ros2_node
[0.978s] Invoked command in '/home/jverga/CameraANDLiDAR/unilidar_sdk2/unitree_lidar_ros2/build/unitree_lidar_ros2' returned '0': CMAKE_PREFIX_PATH=${CMAKE_PREFIX_PATH}:/home/jverga/combined_ros2_ws/install/odometry_fusion:/home/jverga/combined_ros2_ws/src/install/odometry_fusion:/opt/ros/humble /usr/bin/cmake --build /home/jverga/CameraANDLiDAR/unilidar_sdk2/unitree_lidar_ros2/build/unitree_lidar_ros2 -- -j28 -l28
[0.983s] Invoking command in '/home/jverga/CameraANDLiDAR/unilidar_sdk2/unitree_lidar_ros2/build/unitree_lidar_ros2': CMAKE_PREFIX_PATH=${CMAKE_PREFIX_PATH}:/home/jverga/combined_ros2_ws/install/odometry_fusion:/home/jverga/combined_ros2_ws/src/install/odometry_fusion:/opt/ros/humble /usr/bin/cmake --install /home/jverga/CameraANDLiDAR/unilidar_sdk2/unitree_lidar_ros2/build/unitree_lidar_ros2
[0.988s] -- Install configuration: ""
[0.988s] -- Up-to-date: /home/jverga/CameraANDLiDAR/unilidar_sdk2/unitree_lidar_ros2/install/unitree_lidar_ros2/lib/unitree_lidar_ros2/unitree_lidar_ros2_node
[0.988s] -- Up-to-date: /home/jverga/CameraANDLiDAR/unilidar_sdk2/unitree_lidar_ros2/install/unitree_lidar_ros2/share/unitree_lidar_ros2/view.rviz
[0.988s] -- Up-to-date: /home/jverga/CameraANDLiDAR/unilidar_sdk2/unitree_lidar_ros2/install/unitree_lidar_ros2/share/unitree_lidar_ros2/launch.py
[0.988s] -- Up-to-date: /home/jverga/CameraANDLiDAR/unilidar_sdk2/unitree_lidar_ros2/install/unitree_lidar_ros2/share/ament_index/resource_index/package_run_dependencies/unitree_lidar_ros2
[0.988s] -- Up-to-date: /home/jverga/CameraANDLiDAR/unilidar_sdk2/unitree_lidar_ros2/install/unitree_lidar_ros2/share/ament_index/resource_index/parent_prefix_path/unitree_lidar_ros2
[0.988s] -- Up-to-date: /home/jverga/CameraANDLiDAR/unilidar_sdk2/unitree_lidar_ros2/install/unitree_lidar_ros2/share/unitree_lidar_ros2/environment/ament_prefix_path.sh
[0.988s] -- Installing: /home/jverga/CameraANDLiDAR/unilidar_sdk2/unitree_lidar_ros2/install/unitree_lidar_ros2/share/unitree_lidar_ros2/environment/ament_prefix_path.dsv
[0.988s] -- Up-to-date: /home/jverga/CameraANDLiDAR/unilidar_sdk2/unitree_lidar_ros2/install/unitree_lidar_ros2/share/unitree_lidar_ros2/environment/path.sh
[0.988s] -- Installing: /home/jverga/CameraANDLiDAR/unilidar_sdk2/unitree_lidar_ros2/install/unitree_lidar_ros2/share/unitree_lidar_ros2/environment/path.dsv
[0.988s] -- Up-to-date: /home/jverga/CameraANDLiDAR/unilidar_sdk2/unitree_lidar_ros2/install/unitree_lidar_ros2/share/unitree_lidar_ros2/local_setup.bash
[0.988s] -- Up-to-date: /home/jverga/CameraANDLiDAR/unilidar_sdk2/unitree_lidar_ros2/install/unitree_lidar_ros2/share/unitree_lidar_ros2/local_setup.sh
[0.988s] -- Up-to-date: /home/jverga/CameraANDLiDAR/unilidar_sdk2/unitree_lidar_ros2/install/unitree_lidar_ros2/share/unitree_lidar_ros2/local_setup.zsh
[0.988s] -- Installing: /home/jverga/CameraANDLiDAR/unilidar_sdk2/unitree_lidar_ros2/install/unitree_lidar_ros2/share/unitree_lidar_ros2/local_setup.dsv
[0.988s] -- Installing: /home/jverga/CameraANDLiDAR/unilidar_sdk2/unitree_lidar_ros2/install/unitree_lidar_ros2/share/unitree_lidar_ros2/package.dsv
[0.988s] -- Up-to-date: /home/jverga/CameraANDLiDAR/unilidar_sdk2/unitree_lidar_ros2/install/unitree_lidar_ros2/share/ament_index/resource_index/packages/unitree_lidar_ros2
[0.988s] -- Up-to-date: /home/jverga/CameraANDLiDAR/unilidar_sdk2/unitree_lidar_ros2/install/unitree_lidar_ros2/share/unitree_lidar_ros2/cmake/unitree_lidar_ros2Config.cmake
[0.988s] -- Up-to-date: /home/jverga/CameraANDLiDAR/unilidar_sdk2/unitree_lidar_ros2/install/unitree_lidar_ros2/share/unitree_lidar_ros2/cmake/unitree_lidar_ros2Config-version.cmake
[0.988s] -- Up-to-date: /home/jverga/CameraANDLiDAR/unilidar_sdk2/unitree_lidar_ros2/install/unitree_lidar_ros2/share/unitree_lidar_ros2/package.xml
[0.989s] Invoked command in '/home/jverga/CameraANDLiDAR/unilidar_sdk2/unitree_lidar_ros2/build/unitree_lidar_ros2' returned '0': CMAKE_PREFIX_PATH=${CMAKE_PREFIX_PATH}:/home/jverga/combined_ros2_ws/install/odometry_fusion:/home/jverga/combined_ros2_ws/src/install/odometry_fusion:/opt/ros/humble /usr/bin/cmake --install /home/jverga/CameraANDLiDAR/unilidar_sdk2/unitree_lidar_ros2/build/unitree_lidar_ros2
