[0.009s] Invoking command in '/home/jverga/rtabmap_ros2_ws/build/rtabmap_util': AMENT_PREFIX_PATH=/home/jverga/rtabmap_ros2_ws/install/rtabmap_conversions:/home/jverga/rtabmap_ros2_ws/install/rtabmap_msgs:${AMENT_PREFIX_PATH} CMAKE_PREFIX_PATH=/home/jverga/rtabmap_ros2_ws/install/rtabmap_conversions:/home/jverga/rtabmap_ros2_ws/install/rtabmap_msgs:/home/jverga/combined_ros2_ws/install/point_lio:/home/jverga/realsense_ws/install/realsense2_description:/home/jverga/realsense_ws/install/realsense2_camera:/home/jverga/realsense_ws/install/realsense2_camera_msgs:/home/jverga/unilidar_sdk2/unitree_lidar_ros2/install/unitree_lidar_ros2:/home/jverga/unilidar_sdk2/unitree_lidar_ros2/catkin_point_lio_unilidar/install/point_lio:/home/jverga/unilidar_sdk2/install/unitree_lidar_ros2:/home/jverga/combined_ros2_ws/install/odometry_fusion:/opt/ros/humble LD_LIBRARY_PATH=/home/jverga/rtabmap_ros2_ws/install/rtabmap_conversions/lib:/home/jverga/rtabmap_ros2_ws/install/rtabmap_msgs/lib:${LD_LIBRARY_PATH} PYTHONPATH=/home/jverga/rtabmap_ros2_ws/install/rtabmap_msgs/local/lib/python3.10/dist-packages:${PYTHONPATH} /usr/bin/cmake /home/jverga/rtabmap_ros2_ws/src/rtabmap_ros/rtabmap_util -DAMENT_CMAKE_SYMLINK_INSTALL=1 -DCMAKE_INSTALL_PREFIX=/home/jverga/rtabmap_ros2_ws/install/rtabmap_util
[0.043s] -- The C compiler identification is GNU 11.4.0
[0.075s] -- The CXX compiler identification is GNU 11.4.0
[0.079s] -- Detecting C compiler ABI info
[0.122s] -- Detecting C compiler ABI info - done
[0.125s] -- Check for working C compiler: /usr/bin/cc - skipped
[0.125s] -- Detecting C compile features
[0.126s] -- Detecting C compile features - done
[0.127s] -- Detecting CXX compiler ABI info
[0.173s] -- Detecting CXX compiler ABI info - done
[0.176s] -- Check for working CXX compiler: /usr/bin/c++ - skipped
[0.176s] -- Detecting CXX compile features
[0.177s] -- Detecting CXX compile features - done
[0.182s] -- Found OpenCV: /usr (found version "4.5.4") found components: core calib3d imgproc highgui stitching photo video aruco objdetect missing components: xfeatures2d nonfree gpu cudafeatures2d
[0.192s] -- Checking for module 'eigen3'
[0.201s] --   Found eigen3, version 3.4.0
[0.222s] -- Found Eigen: /usr/include/eigen3 (Required is at least version "3.1") 
[0.222s] -- Eigen found (include: /usr/include/eigen3, version: 3.4.0)
[0.236s] -- Found Boost: /usr/lib/x86_64-linux-gnu/cmake/Boost-1.74.0/BoostConfig.cmake (found suitable version "1.74.0", minimum required is "1.65.0") found components: system filesystem date_time iostreams serialization 
[0.271s] -- Checking for module 'libusb-1.0'
[0.280s] --   Found libusb-1.0, version 1.0.25
[0.305s] -- Found libusb: /usr/lib/x86_64-linux-gnu/libusb-1.0.so  
[0.305s] -- Found OpenNI: /usr/lib/libOpenNI.so;libusb::libusb (found version "1.5.4.0") 
[0.305s] -- OpenNI found (version: 1.5.4.0, include: /usr/include/ni, lib: /usr/lib/libOpenNI.so;libusb::libusb)
[0.340s] -- Found OpenNI2: /usr/lib/x86_64-linux-gnu/libOpenNI2.so;libusb::libusb (found version "2.2.0.33") 
[0.340s] -- OpenNI2 found (version: 2.2.0.33, include: /usr/include/openni2, lib: /usr/lib/x86_64-linux-gnu/libOpenNI2.so;libusb::libusb)
[0.340s] [0m** WARNING ** io features related to pcap will be disabled[0m
[0.340s] [0m** WARNING ** io features related to png will be disabled[0m
[0.358s] -- Looking for pthread.h
[0.406s] -- Looking for pthread.h - found
[0.406s] -- Performing Test CMAKE_HAVE_LIBC_PTHREAD
[0.460s] -- Performing Test CMAKE_HAVE_LIBC_PTHREAD - Success
[0.461s] -- Found Threads: TRUE  
[0.462s] -- Found GLEW: /usr/lib/x86_64-linux-gnu/libGLEW.so  
[0.467s] -- Found OpenGL: /usr/lib/x86_64-linux-gnu/libOpenGL.so  found components: OpenGL GLX 
[0.553s] -- Found MPI_C: /usr/lib/x86_64-linux-gnu/libmpi.so (found version "3.1") 
[0.553s] -- Found MPI: TRUE (found version "3.1") found components: C 
[0.555s] -- Found JsonCpp: /usr/lib/x86_64-linux-gnu/libjsoncpp.so (found suitable version "1.9.5", minimum required is "0.7.0") 
[0.562s] -- Found ZLIB: /usr/lib/x86_64-linux-gnu/libz.so (found version "1.2.11") 
[0.571s] -- Found PNG: /usr/lib/x86_64-linux-gnu/libpng.so (found version "1.6.37") 
[0.577s] -- Found Eigen3: /usr/include/eigen3 (found version "3.4.0") 
[0.630s] -- Found X11: /usr/include   
[0.630s] -- Looking for XOpenDisplay in /usr/lib/x86_64-linux-gnu/libX11.so;/usr/lib/x86_64-linux-gnu/libXext.so
[0.682s] -- Looking for XOpenDisplay in /usr/lib/x86_64-linux-gnu/libX11.so;/usr/lib/x86_64-linux-gnu/libXext.so - found
[0.682s] -- Looking for gethostbyname
[0.726s] -- Looking for gethostbyname - found
[0.726s] -- Looking for connect
[0.772s] -- Looking for connect - found
[0.772s] -- Looking for remove
[0.819s] -- Looking for remove - found
[0.819s] -- Looking for shmat
[0.861s] -- Looking for shmat - found
[0.862s] -- Looking for IceConnectionNumber in ICE
[0.908s] -- Looking for IceConnectionNumber in ICE - found
[0.961s] -- Found EXPAT: /usr/lib/x86_64-linux-gnu/libexpat.so (found version "2.4.7") 
[0.962s] -- Found double-conversion: /usr/lib/x86_64-linux-gnu/libdouble-conversion.so  
[0.963s] -- Found LZ4: /usr/lib/x86_64-linux-gnu/liblz4.so (found version "1.9.3") 
[0.964s] -- Found LZMA: /usr/lib/x86_64-linux-gnu/liblzma.so (found version "5.2.5") 
[0.971s] -- Found JPEG: /usr/lib/x86_64-linux-gnu/libjpeg.so (found version "80") 
[0.974s] -- Found TIFF: /usr/lib/x86_64-linux-gnu/libtiff.so (found version "4.3.0")  
[0.976s] -- Found Freetype: /usr/lib/x86_64-linux-gnu/libfreetype.so (found version "2.11.1") 
[0.979s] -- Found utf8cpp: /usr/include/utf8cpp  
[0.996s] -- Eigen found (include: /usr/include/eigen3, version: 3.4.0)
[1.008s] -- Checking for module 'flann'
[1.017s] --   Found flann, version 1.9.1
[1.042s] -- Found FLANN: /usr/lib/x86_64-linux-gnu/libflann_cpp.so  
[1.042s] -- FLANN found (include: /usr/include, lib: /usr/lib/x86_64-linux-gnu/libflann_cpp.so)
[1.045s] -- Found Qhull version 8.0.2
[1.286s] -- OpenNI found (version: 1.5.4.0, include: /usr/include/ni, lib: /usr/lib/libOpenNI.so;libusb::libusb)
[1.290s] -- OpenNI2 found (version: 2.2.0.33, include: /usr/include/openni2, lib: /usr/lib/x86_64-linux-gnu/libOpenNI2.so;libusb::libusb)
[1.372s] -- looking for PCL_COMMON
[1.372s] -- Found PCL_COMMON: /usr/lib/x86_64-linux-gnu/libpcl_common.so  
[1.372s] -- looking for PCL_OCTREE
[1.372s] -- Found PCL_OCTREE: /usr/lib/x86_64-linux-gnu/libpcl_octree.so  
[1.372s] -- looking for PCL_IO
[1.373s] -- Found PCL_IO: /usr/lib/x86_64-linux-gnu/libpcl_io.so  
[1.373s] -- looking for PCL_KDTREE
[1.373s] -- Found PCL_KDTREE: /usr/lib/x86_64-linux-gnu/libpcl_kdtree.so  
[1.373s] -- looking for PCL_SEARCH
[1.374s] -- Found PCL_SEARCH: /usr/lib/x86_64-linux-gnu/libpcl_search.so  
[1.374s] -- looking for PCL_SURFACE
[1.374s] -- Found PCL_SURFACE: /usr/lib/x86_64-linux-gnu/libpcl_surface.so  
[1.374s] -- looking for PCL_FILTERS
[1.374s] -- Found PCL_FILTERS: /usr/lib/x86_64-linux-gnu/libpcl_filters.so  
[1.375s] -- looking for PCL_2D
[1.375s] -- Found PCL_2D: /usr/include/pcl-1.12  
[1.375s] -- looking for PCL_FEATURES
[1.375s] -- Found PCL_FEATURES: /usr/lib/x86_64-linux-gnu/libpcl_features.so  
[1.375s] -- looking for PCL_REGISTRATION
[1.376s] -- Found PCL_REGISTRATION: /usr/lib/x86_64-linux-gnu/libpcl_registration.so  
[1.376s] -- looking for PCL_SAMPLE_CONSENSUS
[1.376s] -- Found PCL_SAMPLE_CONSENSUS: /usr/lib/x86_64-linux-gnu/libpcl_sample_consensus.so  
[1.376s] -- looking for PCL_GEOMETRY
[1.376s] -- Found PCL_GEOMETRY: /usr/include/pcl-1.12  
[1.376s] -- looking for PCL_ML
[1.377s] -- Found PCL_ML: /usr/lib/x86_64-linux-gnu/libpcl_ml.so  
[1.377s] -- looking for PCL_SEGMENTATION
[1.377s] -- Found PCL_SEGMENTATION: /usr/lib/x86_64-linux-gnu/libpcl_segmentation.so  
[1.377s] -- looking for PCL_VISUALIZATION
[1.377s] -- Found PCL_VISUALIZATION: /usr/lib/x86_64-linux-gnu/libpcl_visualization.so  
[1.378s] -- Found PCL: pcl_common;pcl_octree;pcl_io;pcl_kdtree;pcl_search;pcl_surface;pcl_filters;pcl_features;pcl_registration;pcl_sample_consensus;pcl_ml;pcl_segmentation;pcl_visualization;Boost::system;Boost::filesystem;Boost::date_time;Boost::iostreams;Boost::serialization;/usr/lib/libOpenNI.so;libusb::libusb;/usr/lib/x86_64-linux-gnu/libOpenNI2.so;libusb::libusb;VTK::ChartsCore;VTK::CommonColor;VTK::CommonComputationalGeometry;VTK::CommonCore;VTK::CommonDataModel;VTK::CommonExecutionModel;VTK::CommonMath;VTK::CommonMisc;VTK::CommonTransforms;VTK::FiltersCore;VTK::FiltersExtraction;VTK::FiltersGeneral;VTK::FiltersGeometry;VTK::FiltersModeling;VTK::FiltersSources;VTK::ImagingCore;VTK::ImagingSources;VTK::InteractionImage;VTK::InteractionStyle;VTK::InteractionWidgets;VTK::IOCore;VTK::IOGeometry;VTK::IOImage;VTK::IOLegacy;VTK::IOPLY;VTK::RenderingAnnotation;VTK::RenderingCore;VTK::RenderingContext2D;VTK::RenderingLOD;VTK::RenderingFreeType;VTK::ViewsCore;VTK::ViewsContext2D;VTK::RenderingOpenGL2;VTK::GUISupportQt;FLANN::FLANN;QHULL::QHULL (Required is at least version "1.7") 
[1.381s] -- RTABMap=rtabmap::utilite;rtabmap::core;rtabmap::gui
[1.383s] -- Found ament_cmake: 1.3.11 (/opt/ros/humble/share/ament_cmake/cmake)
[1.474s] -- Found Python3: /usr/bin/python3 (found version "3.10.12") found components: Interpreter 
[1.507s] -- Override CMake install command with custom implementation using symlinks instead of copying resources
[1.532s] -- Found cv_bridge: 3.2.1 (/opt/ros/humble/share/cv_bridge/cmake)
[1.554s] -- Found rosidl_generator_c: 3.1.6 (/opt/ros/humble/share/rosidl_generator_c/cmake)
[1.558s] -- Found rosidl_adapter: 3.1.6 (/opt/ros/humble/share/rosidl_adapter/cmake)
[1.563s] -- Found rosidl_generator_cpp: 3.1.6 (/opt/ros/humble/share/rosidl_generator_cpp/cmake)
[1.570s] -- Using all available rosidl_typesupport_c: rosidl_typesupport_fastrtps_c;rosidl_typesupport_introspection_c
[1.580s] -- Using all available rosidl_typesupport_cpp: rosidl_typesupport_fastrtps_cpp;rosidl_typesupport_introspection_cpp
[1.615s] -- Found image_transport: 3.1.11 (/opt/ros/humble/share/image_transport/cmake)
[1.643s] -- Found rmw_implementation_cmake: 6.1.2 (/opt/ros/humble/share/rmw_implementation_cmake/cmake)
[1.646s] -- Found rmw_fastrtps_cpp: 6.2.7 (/opt/ros/humble/share/rmw_fastrtps_cpp/cmake)
[1.707s] -- Found OpenSSL: /usr/lib/x86_64-linux-gnu/libcrypto.so (found version "3.0.2")  
[1.723s] -- Found FastRTPS: /opt/ros/humble/include  
[1.747s] -- Using RMW implementation 'rmw_fastrtps_cpp' as default
[1.792s] -- Found rclcpp_components: 16.0.12 (/opt/ros/humble/share/rclcpp_components/cmake)
[1.817s] -- Found stereo_msgs: 4.8.0 (/opt/ros/humble/share/stereo_msgs/cmake)
[1.828s] -- Found nav_msgs: 4.8.0 (/opt/ros/humble/share/nav_msgs/cmake)
[1.837s] -- Found tf2: 0.25.12 (/opt/ros/humble/share/tf2/cmake)
[1.840s] -- Found tf2_geometry_msgs: 0.25.12 (/opt/ros/humble/share/tf2_geometry_msgs/cmake)
[1.849s] -- Found eigen3_cmake_module: 0.1.1 (/opt/ros/humble/share/eigen3_cmake_module/cmake)
[1.850s] -- Found Eigen3: TRUE (found version "3.4.0") 
[1.850s] -- Ensuring Eigen3 include directory is part of orocos-kdl CMake target
[1.887s] -- Found laser_geometry: 2.4.0 (/opt/ros/humble/share/laser_geometry/cmake)
[1.890s] -- Found pcl_conversions: 2.4.5 (/opt/ros/humble/share/pcl_conversions/cmake)
[1.903s] -- Found pcl_ros: 2.4.5 (/opt/ros/humble/share/pcl_ros/cmake)
[1.910s] -- Found rtabmap_msgs: 0.21.10 (/home/jverga/rtabmap_ros2_ws/install/rtabmap_msgs/share/rtabmap_msgs/cmake)
[1.923s] -- Found rtabmap_conversions: 0.21.10 (/home/jverga/rtabmap_ros2_ws/install/rtabmap_conversions/share/rtabmap_conversions/cmake)
[1.935s] -- Found octomap_msgs: 2.0.1 (/opt/ros/humble/share/octomap_msgs/cmake)
[1.946s] -- Found grid_map_ros: 2.0.1 (/opt/ros/humble/share/grid_map_ros/cmake)
[2.004s] -- WITH octomap_msgs
[2.004s] -- WITH grid_map_ros
[2.243s] -- Configuring done
[2.585s] -- Generating done
[2.631s] -- Build files have been written to: /home/jverga/rtabmap_ros2_ws/build/rtabmap_util
[2.645s] Invoked command in '/home/jverga/rtabmap_ros2_ws/build/rtabmap_util' returned '0': AMENT_PREFIX_PATH=/home/jverga/rtabmap_ros2_ws/install/rtabmap_conversions:/home/jverga/rtabmap_ros2_ws/install/rtabmap_msgs:${AMENT_PREFIX_PATH} CMAKE_PREFIX_PATH=/home/jverga/rtabmap_ros2_ws/install/rtabmap_conversions:/home/jverga/rtabmap_ros2_ws/install/rtabmap_msgs:/home/jverga/combined_ros2_ws/install/point_lio:/home/jverga/realsense_ws/install/realsense2_description:/home/jverga/realsense_ws/install/realsense2_camera:/home/jverga/realsense_ws/install/realsense2_camera_msgs:/home/jverga/unilidar_sdk2/unitree_lidar_ros2/install/unitree_lidar_ros2:/home/jverga/unilidar_sdk2/unitree_lidar_ros2/catkin_point_lio_unilidar/install/point_lio:/home/jverga/unilidar_sdk2/install/unitree_lidar_ros2:/home/jverga/combined_ros2_ws/install/odometry_fusion:/opt/ros/humble LD_LIBRARY_PATH=/home/jverga/rtabmap_ros2_ws/install/rtabmap_conversions/lib:/home/jverga/rtabmap_ros2_ws/install/rtabmap_msgs/lib:${LD_LIBRARY_PATH} PYTHONPATH=/home/jverga/rtabmap_ros2_ws/install/rtabmap_msgs/local/lib/python3.10/dist-packages:${PYTHONPATH} /usr/bin/cmake /home/jverga/rtabmap_ros2_ws/src/rtabmap_ros/rtabmap_util -DAMENT_CMAKE_SYMLINK_INSTALL=1 -DCMAKE_INSTALL_PREFIX=/home/jverga/rtabmap_ros2_ws/install/rtabmap_util
[2.645s] Invoking command in '/home/jverga/rtabmap_ros2_ws/build/rtabmap_util': AMENT_PREFIX_PATH=/home/jverga/rtabmap_ros2_ws/install/rtabmap_conversions:/home/jverga/rtabmap_ros2_ws/install/rtabmap_msgs:${AMENT_PREFIX_PATH} CMAKE_PREFIX_PATH=/home/jverga/rtabmap_ros2_ws/install/rtabmap_conversions:/home/jverga/rtabmap_ros2_ws/install/rtabmap_msgs:/home/jverga/combined_ros2_ws/install/point_lio:/home/jverga/realsense_ws/install/realsense2_description:/home/jverga/realsense_ws/install/realsense2_camera:/home/jverga/realsense_ws/install/realsense2_camera_msgs:/home/jverga/unilidar_sdk2/unitree_lidar_ros2/install/unitree_lidar_ros2:/home/jverga/unilidar_sdk2/unitree_lidar_ros2/catkin_point_lio_unilidar/install/point_lio:/home/jverga/unilidar_sdk2/install/unitree_lidar_ros2:/home/jverga/combined_ros2_ws/install/odometry_fusion:/opt/ros/humble LD_LIBRARY_PATH=/home/jverga/rtabmap_ros2_ws/install/rtabmap_conversions/lib:/home/jverga/rtabmap_ros2_ws/install/rtabmap_msgs/lib:${LD_LIBRARY_PATH} PYTHONPATH=/home/jverga/rtabmap_ros2_ws/install/rtabmap_msgs/local/lib/python3.10/dist-packages:${PYTHONPATH} /usr/bin/cmake --build /home/jverga/rtabmap_ros2_ws/build/rtabmap_util -- -j28 -l28
[2.685s] [  2%] [32mBuilding CXX object CMakeFiles/rtabmap_util_plugins.dir/src/nodelets/point_cloud_aggregator.cpp.o[0m
[2.685s] [  5%] [32mBuilding CXX object CMakeFiles/rtabmap_util_plugins.dir/src/nodelets/lidar_deskewing.cpp.o[0m
[2.686s] [  7%] [32mBuilding CXX object CMakeFiles/rtabmap_util_plugins.dir/src/nodelets/rgbd_relay.cpp.o[0m
[2.686s] [ 13%] [32mBuilding CXX object CMakeFiles/rtabmap_util_plugins.dir/src/nodelets/map_assembler.cpp.o[0m
[2.686s] [ 13%] [32mBuilding CXX object CMakeFiles/rtabmap_util_plugins.dir/src/MapsManager.cpp.o[0m
[2.686s] [ 15%] [32mBuilding CXX object CMakeFiles/rtabmap_util_plugins.dir/src/nodelets/point_cloud_xyzrgb.cpp.o[0m
[2.686s] [ 18%] [32mBuilding CXX object CMakeFiles/rtabmap_util_plugins.dir/src/nodelets/disparity_to_depth.cpp.o[0m
[2.686s] [ 21%] [32mBuilding CXX object CMakeFiles/rtabmap_util_plugins.dir/src/nodelets/point_cloud_xyz.cpp.o[0m
[2.687s] [ 28%] [32mBuilding CXX object CMakeFiles/rtabmap_util_plugins.dir/src/nodelets/point_cloud_assembler.cpp.o[0m
[2.687s] [ 28%] [32mBuilding CXX object CMakeFiles/rtabmap_util_plugins.dir/src/nodelets/pointcloud_to_depthimage.cpp.o[0m
[2.687s] [ 28%] [32mBuilding CXX object CMakeFiles/rtabmap_util_plugins.dir/src/nodelets/obstacles_detection.cpp.o[0m
[2.687s] [ 31%] [32mBuilding CXX object CMakeFiles/rtabmap_util_plugins.dir/src/nodelets/imu_to_tf.cpp.o[0m
[2.687s] [ 34%] [32mBuilding CXX object CMakeFiles/rtabmap_util_plugins.dir/src/nodelets/rgbd_split.cpp.o[0m
[17.730s] [ 36%] [32m[1mLinking CXX shared library librtabmap_util_plugins.so[0m
[22.461s] [ 36%] Built target rtabmap_util_plugins
[22.477s] [ 39%] [32mBuilding CXX object CMakeFiles/rtabmap_imu_to_tf.dir/src/ImuToTFNode.cpp.o[0m
[22.477s] [ 42%] [32mBuilding CXX object CMakeFiles/rtabmap_rgbd_relay.dir/src/RGBDRelayNode.cpp.o[0m
[22.477s] [ 50%] [32mBuilding CXX object CMakeFiles/rtabmap_obstacles_detection.dir/src/ObstaclesDetectionNode.cpp.o[0m
[22.478s] [ 50%] [32mBuilding CXX object CMakeFiles/rtabmap_point_cloud_xyz.dir/src/PointCloudXYZNode.cpp.o[0m
[22.478s] [ 50%] [32mBuilding CXX object CMakeFiles/rtabmap_map_assembler.dir/src/MapAssemblerNode.cpp.o[0m
[22.478s] [ 52%] [32mBuilding CXX object CMakeFiles/rtabmap_disparity_to_depth.dir/src/DisparityToDepthNode.cpp.o[0m
[22.478s] [ 57%] [32mBuilding CXX object CMakeFiles/rtabmap_point_cloud_xyzrgb.dir/src/PointCloudXYZRGBNode.cpp.o[0m
[22.478s] [ 57%] [32mBuilding CXX object CMakeFiles/rtabmap_point_cloud_assembler.dir/src/PointCloudAssemblerNode.cpp.o[0m
[22.479s] [ 60%] [32mBuilding CXX object CMakeFiles/rtabmap_pointcloud_to_depthimage.dir/src/PointCloudToDepthImageNode.cpp.o[0m
[22.479s] [ 63%] [32mBuilding CXX object CMakeFiles/rtabmap_rgbd_split.dir/src/RGBDSplitNode.cpp.o[0m
[22.480s] [ 65%] [32mBuilding CXX object CMakeFiles/rtabmap_point_cloud_aggregator.dir/src/PointCloudAggregatorNode.cpp.o[0m
[22.481s] [ 68%] [32mBuilding CXX object CMakeFiles/rtabmap_lidar_deskewing.dir/src/LidarDeskewingNode.cpp.o[0m
[24.298s] [ 71%] [32m[1mLinking CXX executable rgbd_relay[0m
[24.455s] [ 73%] [32m[1mLinking CXX executable pointcloud_to_depthimage[0m
[24.618s] [ 76%] [32m[1mLinking CXX executable disparity_to_depth[0m
[24.770s] [ 78%] [32m[1mLinking CXX executable lidar_deskewing[0m
[24.775s] [ 81%] [32m[1mLinking CXX executable rgbd_split[0m
[24.991s] [ 84%] [32m[1mLinking CXX executable imu_to_tf[0m
[25.821s] [ 86%] [32m[1mLinking CXX executable point_cloud_aggregator[0m
[26.119s] [ 89%] [32m[1mLinking CXX executable point_cloud_xyz[0m
[28.387s] [ 92%] [32m[1mLinking CXX executable point_cloud_xyzrgb[0m
[31.448s] [ 94%] [32m[1mLinking CXX executable point_cloud_assembler[0m
[31.698s] [ 97%] [32m[1mLinking CXX executable map_assembler[0m
[32.423s] [ 97%] Built target rtabmap_pointcloud_to_depthimage
[32.573s] [ 97%] Built target rtabmap_disparity_to_depth
[33.164s] [ 97%] Built target rtabmap_rgbd_split
[33.240s] [ 97%] Built target rtabmap_lidar_deskewing
[33.372s] [ 97%] Built target rtabmap_rgbd_relay
[33.500s] [ 97%] Built target rtabmap_imu_to_tf
[33.962s] [ 97%] Built target rtabmap_point_cloud_aggregator
[34.504s] [ 97%] Built target rtabmap_point_cloud_xyz
[34.567s] [100%] [32m[1mLinking CXX executable obstacles_detection[0m
[36.048s] [100%] Built target rtabmap_point_cloud_xyzrgb
[36.729s] [100%] Built target rtabmap_point_cloud_assembler
[36.846s] [100%] Built target rtabmap_map_assembler
[37.397s] [100%] Built target rtabmap_obstacles_detection
[37.407s] Invoked command in '/home/jverga/rtabmap_ros2_ws/build/rtabmap_util' returned '0': AMENT_PREFIX_PATH=/home/jverga/rtabmap_ros2_ws/install/rtabmap_conversions:/home/jverga/rtabmap_ros2_ws/install/rtabmap_msgs:${AMENT_PREFIX_PATH} CMAKE_PREFIX_PATH=/home/jverga/rtabmap_ros2_ws/install/rtabmap_conversions:/home/jverga/rtabmap_ros2_ws/install/rtabmap_msgs:/home/jverga/combined_ros2_ws/install/point_lio:/home/jverga/realsense_ws/install/realsense2_description:/home/jverga/realsense_ws/install/realsense2_camera:/home/jverga/realsense_ws/install/realsense2_camera_msgs:/home/jverga/unilidar_sdk2/unitree_lidar_ros2/install/unitree_lidar_ros2:/home/jverga/unilidar_sdk2/unitree_lidar_ros2/catkin_point_lio_unilidar/install/point_lio:/home/jverga/unilidar_sdk2/install/unitree_lidar_ros2:/home/jverga/combined_ros2_ws/install/odometry_fusion:/opt/ros/humble LD_LIBRARY_PATH=/home/jverga/rtabmap_ros2_ws/install/rtabmap_conversions/lib:/home/jverga/rtabmap_ros2_ws/install/rtabmap_msgs/lib:${LD_LIBRARY_PATH} PYTHONPATH=/home/jverga/rtabmap_ros2_ws/install/rtabmap_msgs/local/lib/python3.10/dist-packages:${PYTHONPATH} /usr/bin/cmake --build /home/jverga/rtabmap_ros2_ws/build/rtabmap_util -- -j28 -l28
[37.407s] Invoking command in '/home/jverga/rtabmap_ros2_ws/build/rtabmap_util': AMENT_PREFIX_PATH=/home/jverga/rtabmap_ros2_ws/install/rtabmap_conversions:/home/jverga/rtabmap_ros2_ws/install/rtabmap_msgs:${AMENT_PREFIX_PATH} CMAKE_PREFIX_PATH=/home/jverga/rtabmap_ros2_ws/install/rtabmap_conversions:/home/jverga/rtabmap_ros2_ws/install/rtabmap_msgs:/home/jverga/combined_ros2_ws/install/point_lio:/home/jverga/realsense_ws/install/realsense2_description:/home/jverga/realsense_ws/install/realsense2_camera:/home/jverga/realsense_ws/install/realsense2_camera_msgs:/home/jverga/unilidar_sdk2/unitree_lidar_ros2/install/unitree_lidar_ros2:/home/jverga/unilidar_sdk2/unitree_lidar_ros2/catkin_point_lio_unilidar/install/point_lio:/home/jverga/unilidar_sdk2/install/unitree_lidar_ros2:/home/jverga/combined_ros2_ws/install/odometry_fusion:/opt/ros/humble LD_LIBRARY_PATH=/home/jverga/rtabmap_ros2_ws/install/rtabmap_conversions/lib:/home/jverga/rtabmap_ros2_ws/install/rtabmap_msgs/lib:${LD_LIBRARY_PATH} PYTHONPATH=/home/jverga/rtabmap_ros2_ws/install/rtabmap_msgs/local/lib/python3.10/dist-packages:${PYTHONPATH} /usr/bin/cmake --install /home/jverga/rtabmap_ros2_ws/build/rtabmap_util
[37.413s] -- Install configuration: ""
[37.413s] -- Execute custom install script
[37.413s] -- Symlinking: /home/jverga/rtabmap_ros2_ws/install/rtabmap_util/share/rtabmap_util/environment/library_path.sh
[37.419s] -- Symlinking: /home/jverga/rtabmap_ros2_ws/install/rtabmap_util/share/rtabmap_util/environment/library_path.dsv
[37.426s] -- Symlinking: /home/jverga/rtabmap_ros2_ws/install/rtabmap_util/lib/rtabmap_util/transform_to_tf.py
[37.432s] -- Symlinking: /home/jverga/rtabmap_ros2_ws/install/rtabmap_util/lib/rtabmap_util/yaml_to_camera_info.py
[37.436s] -- Symlinking: /home/jverga/rtabmap_ros2_ws/install/rtabmap_util/lib/rtabmap_util/republish_tf_static.py
[37.442s] -- Symlinking: /home/jverga/rtabmap_ros2_ws/install/rtabmap_util/lib/rtabmap_util/imu_to_tf
[37.447s] -- Symlinking: /home/jverga/rtabmap_ros2_ws/install/rtabmap_util/lib/rtabmap_util/disparity_to_depth
[37.454s] -- Symlinking: /home/jverga/rtabmap_ros2_ws/install/rtabmap_util/lib/rtabmap_util/rgbd_relay
[37.458s] -- Symlinking: /home/jverga/rtabmap_ros2_ws/install/rtabmap_util/lib/rtabmap_util/rgbd_split
[37.464s] -- Symlinking: /home/jverga/rtabmap_ros2_ws/install/rtabmap_util/lib/rtabmap_util/lidar_deskewing
[37.470s] -- Symlinking: /home/jverga/rtabmap_ros2_ws/install/rtabmap_util/lib/rtabmap_util/point_cloud_xyz
[37.475s] -- Symlinking: /home/jverga/rtabmap_ros2_ws/install/rtabmap_util/lib/rtabmap_util/point_cloud_xyzrgb
[37.482s] -- Symlinking: /home/jverga/rtabmap_ros2_ws/install/rtabmap_util/lib/rtabmap_util/pointcloud_to_depthimage
[37.486s] -- Symlinking: /home/jverga/rtabmap_ros2_ws/install/rtabmap_util/lib/rtabmap_util/obstacles_detection
[37.492s] -- Symlinking: /home/jverga/rtabmap_ros2_ws/install/rtabmap_util/lib/rtabmap_util/point_cloud_aggregator
[37.499s] -- Symlinking: /home/jverga/rtabmap_ros2_ws/install/rtabmap_util/lib/rtabmap_util/point_cloud_assembler
[37.504s] -- Symlinking: /home/jverga/rtabmap_ros2_ws/install/rtabmap_util/lib/rtabmap_util/map_assembler
[37.510s] -- Symlinking: /home/jverga/rtabmap_ros2_ws/install/rtabmap_util/share/ament_index/resource_index/package_run_dependencies/rtabmap_util
[37.514s] -- Symlinking: /home/jverga/rtabmap_ros2_ws/install/rtabmap_util/share/ament_index/resource_index/parent_prefix_path/rtabmap_util
[37.520s] -- Symlinking: /home/jverga/rtabmap_ros2_ws/install/rtabmap_util/share/rtabmap_util/environment/ament_prefix_path.sh
[37.526s] -- Symlinking: /home/jverga/rtabmap_ros2_ws/install/rtabmap_util/share/rtabmap_util/environment/ament_prefix_path.dsv
[37.531s] -- Symlinking: /home/jverga/rtabmap_ros2_ws/install/rtabmap_util/share/rtabmap_util/environment/path.sh
[37.537s] -- Symlinking: /home/jverga/rtabmap_ros2_ws/install/rtabmap_util/share/rtabmap_util/environment/path.dsv
[37.543s] -- Symlinking: /home/jverga/rtabmap_ros2_ws/install/rtabmap_util/share/rtabmap_util/local_setup.bash
[37.548s] -- Symlinking: /home/jverga/rtabmap_ros2_ws/install/rtabmap_util/share/rtabmap_util/local_setup.sh
[37.554s] -- Symlinking: /home/jverga/rtabmap_ros2_ws/install/rtabmap_util/share/rtabmap_util/local_setup.zsh
[37.560s] -- Symlinking: /home/jverga/rtabmap_ros2_ws/install/rtabmap_util/share/rtabmap_util/local_setup.dsv
[37.566s] -- Symlinking: /home/jverga/rtabmap_ros2_ws/install/rtabmap_util/share/rtabmap_util/package.dsv
[37.570s] -- Symlinking: /home/jverga/rtabmap_ros2_ws/install/rtabmap_util/share/ament_index/resource_index/packages/rtabmap_util
[37.576s] -- Symlinking: /home/jverga/rtabmap_ros2_ws/install/rtabmap_util/share/ament_index/resource_index/rclcpp_components/rtabmap_util
[37.581s] -- Symlinking: /home/jverga/rtabmap_ros2_ws/install/rtabmap_util/share/rtabmap_util/cmake/ament_cmake_export_dependencies-extras.cmake
[37.586s] -- Symlinking: /home/jverga/rtabmap_ros2_ws/install/rtabmap_util/share/rtabmap_util/cmake/ament_cmake_export_include_directories-extras.cmake
[37.591s] -- Symlinking: /home/jverga/rtabmap_ros2_ws/install/rtabmap_util/share/rtabmap_util/cmake/ament_cmake_export_targets-extras.cmake
[37.596s] -- Symlinking: /home/jverga/rtabmap_ros2_ws/install/rtabmap_util/share/rtabmap_util/cmake/ament_cmake_export_libraries-extras.cmake
[37.602s] -- Symlinking: /home/jverga/rtabmap_ros2_ws/install/rtabmap_util/share/rtabmap_util/cmake/rtabmap_utilConfig.cmake
[37.606s] -- Symlinking: /home/jverga/rtabmap_ros2_ws/install/rtabmap_util/share/rtabmap_util/cmake/rtabmap_utilConfig-version.cmake
[37.610s] -- Symlinking: /home/jverga/rtabmap_ros2_ws/install/rtabmap_util/share/rtabmap_util/package.xml
[37.616s] -- Installing: /home/jverga/rtabmap_ros2_ws/install/rtabmap_util/lib/librtabmap_util_plugins.so
[37.641s] -- Set runtime path of "/home/jverga/rtabmap_ros2_ws/install/rtabmap_util/lib/librtabmap_util_plugins.so" to ""
[37.641s] -- Installing: /home/jverga/rtabmap_ros2_ws/install/rtabmap_util/include
[37.641s] -- Installing: /home/jverga/rtabmap_ros2_ws/install/rtabmap_util/include/rtabmap_util
[37.641s] -- Installing: /home/jverga/rtabmap_ros2_ws/install/rtabmap_util/include/rtabmap_util/MapsManager.h
[37.641s] -- Installing: /home/jverga/rtabmap_ros2_ws/install/rtabmap_util/include/rtabmap_util/visibility.h
[37.641s] -- Installing: /home/jverga/rtabmap_ros2_ws/install/rtabmap_util/include/rtabmap_util/ULogToRosout.h
[37.642s] -- Installing: /home/jverga/rtabmap_ros2_ws/install/rtabmap_util/share/rtabmap_util/cmake/rtabmap_utilExport.cmake
[37.642s] -- Installing: /home/jverga/rtabmap_ros2_ws/install/rtabmap_util/share/rtabmap_util/cmake/rtabmap_utilExport-noconfig.cmake
[37.644s] Invoked command in '/home/jverga/rtabmap_ros2_ws/build/rtabmap_util' returned '0': AMENT_PREFIX_PATH=/home/jverga/rtabmap_ros2_ws/install/rtabmap_conversions:/home/jverga/rtabmap_ros2_ws/install/rtabmap_msgs:${AMENT_PREFIX_PATH} CMAKE_PREFIX_PATH=/home/jverga/rtabmap_ros2_ws/install/rtabmap_conversions:/home/jverga/rtabmap_ros2_ws/install/rtabmap_msgs:/home/jverga/combined_ros2_ws/install/point_lio:/home/jverga/realsense_ws/install/realsense2_description:/home/jverga/realsense_ws/install/realsense2_camera:/home/jverga/realsense_ws/install/realsense2_camera_msgs:/home/jverga/unilidar_sdk2/unitree_lidar_ros2/install/unitree_lidar_ros2:/home/jverga/unilidar_sdk2/unitree_lidar_ros2/catkin_point_lio_unilidar/install/point_lio:/home/jverga/unilidar_sdk2/install/unitree_lidar_ros2:/home/jverga/combined_ros2_ws/install/odometry_fusion:/opt/ros/humble LD_LIBRARY_PATH=/home/jverga/rtabmap_ros2_ws/install/rtabmap_conversions/lib:/home/jverga/rtabmap_ros2_ws/install/rtabmap_msgs/lib:${LD_LIBRARY_PATH} PYTHONPATH=/home/jverga/rtabmap_ros2_ws/install/rtabmap_msgs/local/lib/python3.10/dist-packages:${PYTHONPATH} /usr/bin/cmake --install /home/jverga/rtabmap_ros2_ws/build/rtabmap_util
