[0.012s] Invoking command in '/home/jverga/rtabmap_ros2_ws/build/rtabmap_odom': AMENT_PREFIX_PATH=/home/jverga/rtabmap_ros2_ws/install/rtabmap_util:/home/jverga/rtabmap_ros2_ws/install/rtabmap_sync:/home/jverga/rtabmap_ros2_ws/install/rtabmap_conversions:/home/jverga/rtabmap_ros2_ws/install/rtabmap_msgs:${AMENT_PREFIX_PATH} CMAKE_PREFIX_PATH=/home/jverga/rtabmap_ros2_ws/install/rtabmap_util:/home/jverga/rtabmap_ros2_ws/install/rtabmap_sync:/home/jverga/rtabmap_ros2_ws/install/rtabmap_conversions:/home/jverga/rtabmap_ros2_ws/install/rtabmap_msgs:/home/jverga/combined_ros2_ws/install/point_lio:/home/jverga/realsense_ws/install/realsense2_description:/home/jverga/realsense_ws/install/realsense2_camera:/home/jverga/realsense_ws/install/realsense2_camera_msgs:/home/jverga/unilidar_sdk2/unitree_lidar_ros2/install/unitree_lidar_ros2:/home/jverga/unilidar_sdk2/unitree_lidar_ros2/catkin_point_lio_unilidar/install/point_lio:/home/jverga/unilidar_sdk2/install/unitree_lidar_ros2:/home/jverga/combined_ros2_ws/install/odometry_fusion:/opt/ros/humble LD_LIBRARY_PATH=/home/jverga/rtabmap_ros2_ws/install/rtabmap_util/lib:/home/jverga/rtabmap_ros2_ws/install/rtabmap_sync/lib:/home/jverga/rtabmap_ros2_ws/install/rtabmap_conversions/lib:/home/jverga/rtabmap_ros2_ws/install/rtabmap_msgs/lib:${LD_LIBRARY_PATH} PYTHONPATH=/home/jverga/rtabmap_ros2_ws/install/rtabmap_msgs/local/lib/python3.10/dist-packages:${PYTHONPATH} /usr/bin/cmake /home/jverga/rtabmap_ros2_ws/src/rtabmap_ros/rtabmap_odom -DAMENT_CMAKE_SYMLINK_INSTALL=1 -DCMAKE_INSTALL_PREFIX=/home/jverga/rtabmap_ros2_ws/install/rtabmap_odom
[0.048s] -- The C compiler identification is GNU 11.4.0
[0.079s] -- The CXX compiler identification is GNU 11.4.0
[0.083s] -- Detecting C compiler ABI info
[0.127s] -- Detecting C compiler ABI info - done
[0.131s] -- Check for working C compiler: /usr/bin/cc - skipped
[0.131s] -- Detecting C compile features
[0.131s] -- Detecting C compile features - done
[0.133s] -- Detecting CXX compiler ABI info
[0.185s] -- Detecting CXX compiler ABI info - done
[0.191s] -- Check for working CXX compiler: /usr/bin/c++ - skipped
[0.191s] -- Detecting CXX compile features
[0.191s] -- Detecting CXX compile features - done
[0.193s] -- Found ament_cmake_ros: 0.10.0 (/opt/ros/humble/share/ament_cmake_ros/cmake)
[0.301s] -- Found Python3: /usr/bin/python3 (found version "3.10.12") found components: Interpreter 
[0.348s] -- Override CMake install command with custom implementation using symlinks instead of copying resources
[0.379s] -- Found cv_bridge: 3.2.1 (/opt/ros/humble/share/cv_bridge/cmake)
[0.412s] -- Found rosidl_generator_c: 3.1.6 (/opt/ros/humble/share/rosidl_generator_c/cmake)
[0.416s] -- Found rosidl_adapter: 3.1.6 (/opt/ros/humble/share/rosidl_adapter/cmake)
[0.422s] -- Found rosidl_generator_cpp: 3.1.6 (/opt/ros/humble/share/rosidl_generator_cpp/cmake)
[0.430s] -- Using all available rosidl_typesupport_c: rosidl_typesupport_fastrtps_c;rosidl_typesupport_introspection_c
[0.441s] -- Using all available rosidl_typesupport_cpp: rosidl_typesupport_fastrtps_cpp;rosidl_typesupport_introspection_cpp
[0.478s] -- Found image_geometry: 3.2.1 (/opt/ros/humble/share/image_geometry/cmake)
[0.481s] -- Found laser_geometry: 2.4.0 (/opt/ros/humble/share/laser_geometry/cmake)
[0.518s] -- Found rmw_implementation_cmake: 6.1.2 (/opt/ros/humble/share/rmw_implementation_cmake/cmake)
[0.520s] -- Found rmw_fastrtps_cpp: 6.2.7 (/opt/ros/humble/share/rmw_fastrtps_cpp/cmake)
[0.582s] -- Found OpenSSL: /usr/lib/x86_64-linux-gnu/libcrypto.so (found version "3.0.2")  
[0.600s] -- Found FastRTPS: /opt/ros/humble/include  
[0.626s] -- Using RMW implementation 'rmw_fastrtps_cpp' as default
[0.634s] -- Looking for pthread.h
[0.681s] -- Looking for pthread.h - found
[0.682s] -- Performing Test CMAKE_HAVE_LIBC_PTHREAD
[0.725s] -- Performing Test CMAKE_HAVE_LIBC_PTHREAD - Success
[0.726s] -- Found Threads: TRUE  
[0.760s] -- Found message_filters: 4.3.6 (/opt/ros/humble/share/message_filters/cmake)
[0.763s] -- Found nav_msgs: 4.8.0 (/opt/ros/humble/share/nav_msgs/cmake)
[0.773s] -- Found pcl_conversions: 2.4.5 (/opt/ros/humble/share/pcl_conversions/cmake)
[0.798s] -- Checking for module 'eigen3'
[0.807s] --   Found eigen3, version 3.4.0
[0.829s] -- Found Eigen: /usr/include/eigen3 (Required is at least version "3.1") 
[0.829s] -- Eigen found (include: /usr/include/eigen3, version: 3.4.0)
[0.854s] -- Checking for module 'flann'
[0.863s] --   Found flann, version 1.9.1
[0.891s] -- Found FLANN: /usr/lib/x86_64-linux-gnu/libflann_cpp.so  
[0.891s] -- FLANN found (include: /usr/include, lib: /usr/lib/x86_64-linux-gnu/libflann_cpp.so)
[1.520s] -- Checking for module 'libusb-1.0'
[1.530s] --   Found libusb-1.0, version 1.0.25
[1.556s] -- Found libusb: /usr/lib/x86_64-linux-gnu/libusb-1.0.so  
[1.556s] -- OpenNI found (version: 1.5.4.0, include: /usr/include/ni, lib: /usr/lib/libOpenNI.so;libusb::libusb)
[1.596s] -- OpenNI2 found (version: 2.2.0.33, include: /usr/include/openni2, lib: /usr/lib/x86_64-linux-gnu/libOpenNI2.so;libusb::libusb)
[1.685s] -- Eigen found (include: /usr/include/eigen3, version: 3.4.0)
[1.689s] -- OpenNI found (version: 1.5.4.0, include: /usr/include/ni, lib: /usr/lib/libOpenNI.so;libusb::libusb)
[1.694s] -- OpenNI2 found (version: 2.2.0.33, include: /usr/include/openni2, lib: /usr/lib/x86_64-linux-gnu/libOpenNI2.so;libusb::libusb)
[1.782s] -- Found Qhull version 8.0.2
[1.864s] -- OpenNI found (version: 1.5.4.0, include: /usr/include/ni, lib: /usr/lib/libOpenNI.so;libusb::libusb)
[1.949s] -- Found PCL_COMMON: /usr/lib/x86_64-linux-gnu/libpcl_common.so  
[1.949s] -- Found PCL_KDTREE: /usr/lib/x86_64-linux-gnu/libpcl_kdtree.so  
[1.950s] -- Found PCL_OCTREE: /usr/lib/x86_64-linux-gnu/libpcl_octree.so  
[1.950s] -- Found PCL_SEARCH: /usr/lib/x86_64-linux-gnu/libpcl_search.so  
[1.951s] -- Found PCL_SAMPLE_CONSENSUS: /usr/lib/x86_64-linux-gnu/libpcl_sample_consensus.so  
[1.951s] -- Found PCL_FILTERS: /usr/lib/x86_64-linux-gnu/libpcl_filters.so  
[1.951s] -- Found PCL_2D: /usr/include/pcl-1.12  
[1.951s] -- Found PCL_GEOMETRY: /usr/include/pcl-1.12  
[1.952s] -- Found PCL_IO: /usr/lib/x86_64-linux-gnu/libpcl_io.so  
[1.952s] -- Found PCL_FEATURES: /usr/lib/x86_64-linux-gnu/libpcl_features.so  
[1.953s] -- Found PCL_ML: /usr/lib/x86_64-linux-gnu/libpcl_ml.so  
[1.953s] -- Found PCL_SEGMENTATION: /usr/lib/x86_64-linux-gnu/libpcl_segmentation.so  
[1.954s] -- Found PCL_VISUALIZATION: /usr/lib/x86_64-linux-gnu/libpcl_visualization.so  
[1.954s] -- Found PCL_SURFACE: /usr/lib/x86_64-linux-gnu/libpcl_surface.so  
[1.955s] -- Found PCL_REGISTRATION: /usr/lib/x86_64-linux-gnu/libpcl_registration.so  
[1.955s] -- Found PCL_KEYPOINTS: /usr/lib/x86_64-linux-gnu/libpcl_keypoints.so  
[1.956s] -- Found PCL_TRACKING: /usr/lib/x86_64-linux-gnu/libpcl_tracking.so  
[1.956s] -- Found PCL_RECOGNITION: /usr/lib/x86_64-linux-gnu/libpcl_recognition.so  
[1.957s] -- Found PCL_STEREO: /usr/lib/x86_64-linux-gnu/libpcl_stereo.so  
[1.957s] -- Found PCL_APPS: /usr/lib/x86_64-linux-gnu/libpcl_apps.so  
[1.957s] -- Found PCL_IN_HAND_SCANNER: /usr/include/pcl-1.12  
[1.958s] -- Found PCL_MODELER: /usr/include/pcl-1.12  
[1.958s] -- Found PCL_POINT_CLOUD_EDITOR: /usr/include/pcl-1.12  
[1.958s] -- Found PCL_OUTOFCORE: /usr/lib/x86_64-linux-gnu/libpcl_outofcore.so  
[1.959s] -- Found PCL_PEOPLE: /usr/lib/x86_64-linux-gnu/libpcl_people.so  
[1.961s] -- Found pcl_ros: 2.4.5 (/opt/ros/humble/share/pcl_ros/cmake)
[1.974s] -- Found Eigen3: TRUE (found version "3.4.0") 
[1.974s] -- Ensuring Eigen3 include directory is part of orocos-kdl CMake target
[2.029s] -- Found pluginlib: 5.1.0 (/opt/ros/humble/share/pluginlib/cmake)
[2.039s] -- Found rtabmap_conversions: 0.21.10 (/home/jverga/rtabmap_ros2_ws/install/rtabmap_conversions/share/rtabmap_conversions/cmake)
[2.071s] -- Found rtabmap_util: 0.21.10 (/home/jverga/rtabmap_ros2_ws/install/rtabmap_util/share/rtabmap_util/cmake)
[2.159s] -- Found rtabmap_sync: 0.21.10 (/home/jverga/rtabmap_ros2_ws/install/rtabmap_sync/share/rtabmap_sync/cmake)
[2.257s] -- Configuring done
[2.414s] -- Generating done
[2.442s] -- Build files have been written to: /home/jverga/rtabmap_ros2_ws/build/rtabmap_odom
[2.454s] Invoked command in '/home/jverga/rtabmap_ros2_ws/build/rtabmap_odom' returned '0': AMENT_PREFIX_PATH=/home/jverga/rtabmap_ros2_ws/install/rtabmap_util:/home/jverga/rtabmap_ros2_ws/install/rtabmap_sync:/home/jverga/rtabmap_ros2_ws/install/rtabmap_conversions:/home/jverga/rtabmap_ros2_ws/install/rtabmap_msgs:${AMENT_PREFIX_PATH} CMAKE_PREFIX_PATH=/home/jverga/rtabmap_ros2_ws/install/rtabmap_util:/home/jverga/rtabmap_ros2_ws/install/rtabmap_sync:/home/jverga/rtabmap_ros2_ws/install/rtabmap_conversions:/home/jverga/rtabmap_ros2_ws/install/rtabmap_msgs:/home/jverga/combined_ros2_ws/install/point_lio:/home/jverga/realsense_ws/install/realsense2_description:/home/jverga/realsense_ws/install/realsense2_camera:/home/jverga/realsense_ws/install/realsense2_camera_msgs:/home/jverga/unilidar_sdk2/unitree_lidar_ros2/install/unitree_lidar_ros2:/home/jverga/unilidar_sdk2/unitree_lidar_ros2/catkin_point_lio_unilidar/install/point_lio:/home/jverga/unilidar_sdk2/install/unitree_lidar_ros2:/home/jverga/combined_ros2_ws/install/odometry_fusion:/opt/ros/humble LD_LIBRARY_PATH=/home/jverga/rtabmap_ros2_ws/install/rtabmap_util/lib:/home/jverga/rtabmap_ros2_ws/install/rtabmap_sync/lib:/home/jverga/rtabmap_ros2_ws/install/rtabmap_conversions/lib:/home/jverga/rtabmap_ros2_ws/install/rtabmap_msgs/lib:${LD_LIBRARY_PATH} PYTHONPATH=/home/jverga/rtabmap_ros2_ws/install/rtabmap_msgs/local/lib/python3.10/dist-packages:${PYTHONPATH} /usr/bin/cmake /home/jverga/rtabmap_ros2_ws/src/rtabmap_ros/rtabmap_odom -DAMENT_CMAKE_SYMLINK_INSTALL=1 -DCMAKE_INSTALL_PREFIX=/home/jverga/rtabmap_ros2_ws/install/rtabmap_odom
[2.455s] Invoking command in '/home/jverga/rtabmap_ros2_ws/build/rtabmap_odom': AMENT_PREFIX_PATH=/home/jverga/rtabmap_ros2_ws/install/rtabmap_util:/home/jverga/rtabmap_ros2_ws/install/rtabmap_sync:/home/jverga/rtabmap_ros2_ws/install/rtabmap_conversions:/home/jverga/rtabmap_ros2_ws/install/rtabmap_msgs:${AMENT_PREFIX_PATH} CMAKE_PREFIX_PATH=/home/jverga/rtabmap_ros2_ws/install/rtabmap_util:/home/jverga/rtabmap_ros2_ws/install/rtabmap_sync:/home/jverga/rtabmap_ros2_ws/install/rtabmap_conversions:/home/jverga/rtabmap_ros2_ws/install/rtabmap_msgs:/home/jverga/combined_ros2_ws/install/point_lio:/home/jverga/realsense_ws/install/realsense2_description:/home/jverga/realsense_ws/install/realsense2_camera:/home/jverga/realsense_ws/install/realsense2_camera_msgs:/home/jverga/unilidar_sdk2/unitree_lidar_ros2/install/unitree_lidar_ros2:/home/jverga/unilidar_sdk2/unitree_lidar_ros2/catkin_point_lio_unilidar/install/point_lio:/home/jverga/unilidar_sdk2/install/unitree_lidar_ros2:/home/jverga/combined_ros2_ws/install/odometry_fusion:/opt/ros/humble LD_LIBRARY_PATH=/home/jverga/rtabmap_ros2_ws/install/rtabmap_util/lib:/home/jverga/rtabmap_ros2_ws/install/rtabmap_sync/lib:/home/jverga/rtabmap_ros2_ws/install/rtabmap_conversions/lib:/home/jverga/rtabmap_ros2_ws/install/rtabmap_msgs/lib:${LD_LIBRARY_PATH} PYTHONPATH=/home/jverga/rtabmap_ros2_ws/install/rtabmap_msgs/local/lib/python3.10/dist-packages:${PYTHONPATH} /usr/bin/cmake --build /home/jverga/rtabmap_ros2_ws/build/rtabmap_odom -- -j28 -l28
[2.489s] [35m[1mConsolidate compiler generated dependencies of target rtabmap_odom[0m
[2.519s] [ 16%] Built target rtabmap_odom
[2.529s] [35m[1mConsolidate compiler generated dependencies of target rtabmap_odom_plugins[0m
[2.559s] [ 50%] Built target rtabmap_odom_plugins
[2.569s] [35m[1mConsolidate compiler generated dependencies of target rtabmap_stereo_odometry[0m
[2.570s] [35m[1mConsolidate compiler generated dependencies of target rtabmap_rgbd_odometry[0m
[2.570s] [35m[1mConsolidate compiler generated dependencies of target rtabmap_icp_odometry[0m
[2.590s] [ 66%] Built target rtabmap_icp_odometry
[2.592s] [100%] Built target rtabmap_rgbd_odometry
[2.592s] [100%] Built target rtabmap_stereo_odometry
[2.598s] Invoked command in '/home/jverga/rtabmap_ros2_ws/build/rtabmap_odom' returned '0': AMENT_PREFIX_PATH=/home/jverga/rtabmap_ros2_ws/install/rtabmap_util:/home/jverga/rtabmap_ros2_ws/install/rtabmap_sync:/home/jverga/rtabmap_ros2_ws/install/rtabmap_conversions:/home/jverga/rtabmap_ros2_ws/install/rtabmap_msgs:${AMENT_PREFIX_PATH} CMAKE_PREFIX_PATH=/home/jverga/rtabmap_ros2_ws/install/rtabmap_util:/home/jverga/rtabmap_ros2_ws/install/rtabmap_sync:/home/jverga/rtabmap_ros2_ws/install/rtabmap_conversions:/home/jverga/rtabmap_ros2_ws/install/rtabmap_msgs:/home/jverga/combined_ros2_ws/install/point_lio:/home/jverga/realsense_ws/install/realsense2_description:/home/jverga/realsense_ws/install/realsense2_camera:/home/jverga/realsense_ws/install/realsense2_camera_msgs:/home/jverga/unilidar_sdk2/unitree_lidar_ros2/install/unitree_lidar_ros2:/home/jverga/unilidar_sdk2/unitree_lidar_ros2/catkin_point_lio_unilidar/install/point_lio:/home/jverga/unilidar_sdk2/install/unitree_lidar_ros2:/home/jverga/combined_ros2_ws/install/odometry_fusion:/opt/ros/humble LD_LIBRARY_PATH=/home/jverga/rtabmap_ros2_ws/install/rtabmap_util/lib:/home/jverga/rtabmap_ros2_ws/install/rtabmap_sync/lib:/home/jverga/rtabmap_ros2_ws/install/rtabmap_conversions/lib:/home/jverga/rtabmap_ros2_ws/install/rtabmap_msgs/lib:${LD_LIBRARY_PATH} PYTHONPATH=/home/jverga/rtabmap_ros2_ws/install/rtabmap_msgs/local/lib/python3.10/dist-packages:${PYTHONPATH} /usr/bin/cmake --build /home/jverga/rtabmap_ros2_ws/build/rtabmap_odom -- -j28 -l28
[2.599s] Invoking command in '/home/jverga/rtabmap_ros2_ws/build/rtabmap_odom': AMENT_PREFIX_PATH=/home/jverga/rtabmap_ros2_ws/install/rtabmap_util:/home/jverga/rtabmap_ros2_ws/install/rtabmap_sync:/home/jverga/rtabmap_ros2_ws/install/rtabmap_conversions:/home/jverga/rtabmap_ros2_ws/install/rtabmap_msgs:${AMENT_PREFIX_PATH} CMAKE_PREFIX_PATH=/home/jverga/rtabmap_ros2_ws/install/rtabmap_util:/home/jverga/rtabmap_ros2_ws/install/rtabmap_sync:/home/jverga/rtabmap_ros2_ws/install/rtabmap_conversions:/home/jverga/rtabmap_ros2_ws/install/rtabmap_msgs:/home/jverga/combined_ros2_ws/install/point_lio:/home/jverga/realsense_ws/install/realsense2_description:/home/jverga/realsense_ws/install/realsense2_camera:/home/jverga/realsense_ws/install/realsense2_camera_msgs:/home/jverga/unilidar_sdk2/unitree_lidar_ros2/install/unitree_lidar_ros2:/home/jverga/unilidar_sdk2/unitree_lidar_ros2/catkin_point_lio_unilidar/install/point_lio:/home/jverga/unilidar_sdk2/install/unitree_lidar_ros2:/home/jverga/combined_ros2_ws/install/odometry_fusion:/opt/ros/humble LD_LIBRARY_PATH=/home/jverga/rtabmap_ros2_ws/install/rtabmap_util/lib:/home/jverga/rtabmap_ros2_ws/install/rtabmap_sync/lib:/home/jverga/rtabmap_ros2_ws/install/rtabmap_conversions/lib:/home/jverga/rtabmap_ros2_ws/install/rtabmap_msgs/lib:${LD_LIBRARY_PATH} PYTHONPATH=/home/jverga/rtabmap_ros2_ws/install/rtabmap_msgs/local/lib/python3.10/dist-packages:${PYTHONPATH} /usr/bin/cmake --install /home/jverga/rtabmap_ros2_ws/build/rtabmap_odom
[2.604s] -- Install configuration: ""
[2.605s] -- Execute custom install script
[2.605s] -- Up-to-date symlink: /home/jverga/rtabmap_ros2_ws/install/rtabmap_odom/share/rtabmap_odom/environment/library_path.sh
[2.605s] -- Up-to-date symlink: /home/jverga/rtabmap_ros2_ws/install/rtabmap_odom/share/rtabmap_odom/environment/library_path.dsv
[2.605s] -- Up-to-date symlink: /home/jverga/rtabmap_ros2_ws/install/rtabmap_odom/lib/rtabmap_odom/rgbd_odometry
[2.605s] -- Up-to-date symlink: /home/jverga/rtabmap_ros2_ws/install/rtabmap_odom/lib/rtabmap_odom/icp_odometry
[2.605s] -- Up-to-date symlink: /home/jverga/rtabmap_ros2_ws/install/rtabmap_odom/lib/rtabmap_odom/stereo_odometry
[2.606s] -- Up-to-date symlink: /home/jverga/rtabmap_ros2_ws/install/rtabmap_odom/share/ament_index/resource_index/package_run_dependencies/rtabmap_odom
[2.606s] -- Up-to-date symlink: /home/jverga/rtabmap_ros2_ws/install/rtabmap_odom/share/ament_index/resource_index/parent_prefix_path/rtabmap_odom
[2.606s] -- Up-to-date symlink: /home/jverga/rtabmap_ros2_ws/install/rtabmap_odom/share/rtabmap_odom/environment/ament_prefix_path.sh
[2.606s] -- Up-to-date symlink: /home/jverga/rtabmap_ros2_ws/install/rtabmap_odom/share/rtabmap_odom/environment/ament_prefix_path.dsv
[2.606s] -- Up-to-date symlink: /home/jverga/rtabmap_ros2_ws/install/rtabmap_odom/share/rtabmap_odom/environment/path.sh
[2.606s] -- Up-to-date symlink: /home/jverga/rtabmap_ros2_ws/install/rtabmap_odom/share/rtabmap_odom/environment/path.dsv
[2.606s] -- Up-to-date symlink: /home/jverga/rtabmap_ros2_ws/install/rtabmap_odom/share/rtabmap_odom/local_setup.bash
[2.606s] -- Up-to-date symlink: /home/jverga/rtabmap_ros2_ws/install/rtabmap_odom/share/rtabmap_odom/local_setup.sh
[2.607s] -- Up-to-date symlink: /home/jverga/rtabmap_ros2_ws/install/rtabmap_odom/share/rtabmap_odom/local_setup.zsh
[2.607s] -- Up-to-date symlink: /home/jverga/rtabmap_ros2_ws/install/rtabmap_odom/share/rtabmap_odom/local_setup.dsv
[2.607s] -- Symlinking: /home/jverga/rtabmap_ros2_ws/install/rtabmap_odom/share/rtabmap_odom/package.dsv
[2.612s] -- Up-to-date symlink: /home/jverga/rtabmap_ros2_ws/install/rtabmap_odom/share/ament_index/resource_index/packages/rtabmap_odom
[2.612s] -- Up-to-date symlink: /home/jverga/rtabmap_ros2_ws/install/rtabmap_odom/share/ament_index/resource_index/rclcpp_components/rtabmap_odom
[2.612s] -- Up-to-date symlink: /home/jverga/rtabmap_ros2_ws/install/rtabmap_odom/share/rtabmap_odom/cmake/ament_cmake_export_dependencies-extras.cmake
[2.613s] -- Up-to-date symlink: /home/jverga/rtabmap_ros2_ws/install/rtabmap_odom/share/rtabmap_odom/cmake/ament_cmake_export_include_directories-extras.cmake
[2.613s] -- Up-to-date symlink: /home/jverga/rtabmap_ros2_ws/install/rtabmap_odom/share/rtabmap_odom/cmake/ament_cmake_export_targets-extras.cmake
[2.613s] -- Up-to-date symlink: /home/jverga/rtabmap_ros2_ws/install/rtabmap_odom/share/rtabmap_odom/cmake/ament_cmake_export_libraries-extras.cmake
[2.613s] -- Up-to-date symlink: /home/jverga/rtabmap_ros2_ws/install/rtabmap_odom/share/rtabmap_odom/cmake/rtabmap_odomConfig.cmake
[2.613s] -- Up-to-date symlink: /home/jverga/rtabmap_ros2_ws/install/rtabmap_odom/share/rtabmap_odom/cmake/rtabmap_odomConfig-version.cmake
[2.613s] -- Up-to-date symlink: /home/jverga/rtabmap_ros2_ws/install/rtabmap_odom/share/rtabmap_odom/package.xml
[2.614s] -- Up-to-date: /home/jverga/rtabmap_ros2_ws/install/rtabmap_odom/lib/librtabmap_odom.so
[2.614s] -- Up-to-date: /home/jverga/rtabmap_ros2_ws/install/rtabmap_odom/lib/librtabmap_odom_plugins.so
[2.614s] -- Up-to-date: /home/jverga/rtabmap_ros2_ws/install/rtabmap_odom/include
[2.614s] -- Up-to-date: /home/jverga/rtabmap_ros2_ws/install/rtabmap_odom/include/rtabmap_odom
[2.614s] -- Up-to-date: /home/jverga/rtabmap_ros2_ws/install/rtabmap_odom/include/rtabmap_odom/visibility.h
[2.614s] -- Up-to-date: /home/jverga/rtabmap_ros2_ws/install/rtabmap_odom/include/rtabmap_odom/OdometryROS.h
[2.615s] -- Up-to-date: /home/jverga/rtabmap_ros2_ws/install/rtabmap_odom/share/rtabmap_odom/cmake/rtabmap_odomExport.cmake
[2.615s] -- Up-to-date: /home/jverga/rtabmap_ros2_ws/install/rtabmap_odom/share/rtabmap_odom/cmake/rtabmap_odomExport-noconfig.cmake
[2.616s] Invoked command in '/home/jverga/rtabmap_ros2_ws/build/rtabmap_odom' returned '0': AMENT_PREFIX_PATH=/home/jverga/rtabmap_ros2_ws/install/rtabmap_util:/home/jverga/rtabmap_ros2_ws/install/rtabmap_sync:/home/jverga/rtabmap_ros2_ws/install/rtabmap_conversions:/home/jverga/rtabmap_ros2_ws/install/rtabmap_msgs:${AMENT_PREFIX_PATH} CMAKE_PREFIX_PATH=/home/jverga/rtabmap_ros2_ws/install/rtabmap_util:/home/jverga/rtabmap_ros2_ws/install/rtabmap_sync:/home/jverga/rtabmap_ros2_ws/install/rtabmap_conversions:/home/jverga/rtabmap_ros2_ws/install/rtabmap_msgs:/home/jverga/combined_ros2_ws/install/point_lio:/home/jverga/realsense_ws/install/realsense2_description:/home/jverga/realsense_ws/install/realsense2_camera:/home/jverga/realsense_ws/install/realsense2_camera_msgs:/home/jverga/unilidar_sdk2/unitree_lidar_ros2/install/unitree_lidar_ros2:/home/jverga/unilidar_sdk2/unitree_lidar_ros2/catkin_point_lio_unilidar/install/point_lio:/home/jverga/unilidar_sdk2/install/unitree_lidar_ros2:/home/jverga/combined_ros2_ws/install/odometry_fusion:/opt/ros/humble LD_LIBRARY_PATH=/home/jverga/rtabmap_ros2_ws/install/rtabmap_util/lib:/home/jverga/rtabmap_ros2_ws/install/rtabmap_sync/lib:/home/jverga/rtabmap_ros2_ws/install/rtabmap_conversions/lib:/home/jverga/rtabmap_ros2_ws/install/rtabmap_msgs/lib:${LD_LIBRARY_PATH} PYTHONPATH=/home/jverga/rtabmap_ros2_ws/install/rtabmap_msgs/local/lib/python3.10/dist-packages:${PYTHONPATH} /usr/bin/cmake --install /home/jverga/rtabmap_ros2_ws/build/rtabmap_odom
