Importer Log Report
Project : Group

Section : Analyze Document - N:\newer_SPINE\Helium_Electronics\SPIne-master\SPIne_V2\older SPINE\SPIne-master\SPIne_V2\ConnectorMezzanine\mc_spine_con.brd
    Analyzing data of N:\newer_SPINE\Helium_Electronics\SPIne-master\SPIne_V2\older SPINE\SPIne-master\SPIne_V2\ConnectorMezzanine\mc_spine_con.brd
    Load settings
    Load layers 145
    Load board
    Load Library "Ben_Library"
    Load Packages 4
    Load Library "con-lstb"
    Load Packages 1
    ERROR: Unhandled typepackages3d
    ERROR: Unhandled typemfgpreviewcolors
EndSection

Section : Analyze Document - N:\newer_SPINE\Helium_Electronics\SPIne-master\SPIne_V2\older SPINE\SPIne-master\SPIne_V2\ConnectorMezzanine\mc_spine_con.sch
    Analyzing data of N:\newer_SPINE\Helium_Electronics\SPIne-master\SPIne_V2\older SPINE\SPIne-master\SPIne_V2\ConnectorMezzanine\mc_spine_con.sch
    Load settings
    Load layers 145
    Load schematic
    Load Libraries 2
    Load Library "Ben_Library"
    Load Packages 7
    Load Symbols 4
    Load DeviceSets 4
    Load Library "con-lstb"
    Load Packages 1
    ERROR: Unhandled typepackages3d
    Load Symbols 1
    Load DeviceSets 1
    ERROR: Unhandled typepackage3dinstances
    Load Attributes 0
    Load Classes 1
    Load Parts 14
    Load Sheets 1
EndSection

Section : Analyze Document - N:\newer_SPINE\Helium_Electronics\SPIne-master\SPIne_V2\older SPINE\SPIne-master\SPIne_V2\SPIne\spine.brd
    Analyzing data of N:\newer_SPINE\Helium_Electronics\SPIne-master\SPIne_V2\older SPINE\SPIne-master\SPIne_V2\SPIne\spine.brd
    Load settings
    Load layers 147
    Load board
    Load Library "BenLibrary"
    Load Packages 3
    Load Library "rcl"
    Load Packages 6
    Load Library "SparkFun-Passives"
    Load Packages 1
    Load Library "SparkFun-LED"
    Load Packages 1
    Load Library "sc_usercreated"
    Load Packages 2
    Load Library "con-molex-micro-fit-3_0"
    Load Packages 1
    Load Library "dc-dc-converter"
    Load Packages 1
    ERROR: Unhandled typepackages3d
    Load Library "74xx-little-us"
    Load Packages 1
    ERROR: Unhandled typepackages3d
    Load Library "con-jst2"
    Load Packages 1
    Load Library "con-lstb"
    Load Packages 1
    ERROR: Unhandled typepackages3d
    Load Library "rcl"
    Load Packages 1
    ERROR: Unhandled typepackages3d
    ERROR: Unhandled typemfgpreviewcolors
EndSection

Section : Analyze Document - N:\newer_SPINE\Helium_Electronics\SPIne-master\SPIne_V2\older SPINE\SPIne-master\SPIne_V2\SPIne\spine.sch
    Analyzing data of N:\newer_SPINE\Helium_Electronics\SPIne-master\SPIne_V2\older SPINE\SPIne-master\SPIne_V2\SPIne\spine.sch
    Load settings
    Load layers 147
    Load schematic
    Load Libraries 12
    Load Library "rcl"
    Load Packages 163
    Load Symbols 2
    Load DeviceSets 2
    Load Library "SparkFun-Aesthetics"
    Load Packages 0
    Load Symbols 1
    Load DeviceSets 1
    Load Library "BenLibrary"
    Load Packages 3
    Load Symbols 4
    Load DeviceSets 4
    Load Library "sc_usercreated"
    Load Packages 2
    Load Symbols 2
    Load DeviceSets 2
    Load Library "SparkFun-Passives"
    Load Packages 27
    Load Symbols 1
    Load DeviceSets 1
    Load Library "SparkFun-LED"
    Load Packages 9
    Load Symbols 1
    Load DeviceSets 1
    Load Library "con-molex-micro-fit-3_0"
    Load Packages 17
    Load Symbols 1
    Load DeviceSets 1
    Load Library "dc-dc-converter"
    Load Packages 3
    ERROR: Unhandled typepackages3d
    Load Symbols 1
    Load DeviceSets 1
    ERROR: Unhandled typepackage3dinstances
    ERROR: Unhandled typepackage3dinstances
    ERROR: Unhandled typepackage3dinstances
    ERROR: Unhandled typepackage3dinstances
    ERROR: Unhandled typepackage3dinstances
    ERROR: Unhandled typepackage3dinstances
    ERROR: Unhandled typepackage3dinstances
    Load Library "74xx-little-us"
    Load Packages 2
    ERROR: Unhandled typepackages3d
    Load Symbols 2
    Load DeviceSets 1
    ERROR: Unhandled typepackage3dinstances
    ERROR: Unhandled typepackage3dinstances
    Load Library "con-jst2"
    Load Packages 2
    Load Symbols 2
    Load DeviceSets 1
    Load Library "con-lstb"
    Load Packages 1
    ERROR: Unhandled typepackages3d
    Load Symbols 1
    Load DeviceSets 1
    ERROR: Unhandled typepackage3dinstances
    Load Library "rcl"
    Load Packages 85
    ERROR: Unhandled typepackages3d
    Load Symbols 1
    Load DeviceSets 1
    ERROR: Unhandled typepackage3dinstances
    ERROR: Unhandled typepackage3dinstances
    ERROR: Unhandled typepackage3dinstances
    ERROR: Unhandled typepackage3dinstances
    ERROR: Unhandled typepackage3dinstances
    ERROR: Unhandled typepackage3dinstances
    ERROR: Unhandled typepackage3dinstances
    ERROR: Unhandled typepackage3dinstances
    ERROR: Unhandled typepackage3dinstances
    ERROR: Unhandled typepackage3dinstances
    ERROR: Unhandled typepackage3dinstances
    ERROR: Unhandled typepackage3dinstances
    ERROR: Unhandled typepackage3dinstances
    ERROR: Unhandled typepackage3dinstances
    ERROR: Unhandled typepackage3dinstances
    ERROR: Unhandled typepackage3dinstances
    ERROR: Unhandled typepackage3dinstances
    ERROR: Unhandled typepackage3dinstances
    ERROR: Unhandled typepackage3dinstances
    ERROR: Unhandled typepackage3dinstances
    ERROR: Unhandled typepackage3dinstances
    ERROR: Unhandled typepackage3dinstances
    ERROR: Unhandled typepackage3dinstances
    ERROR: Unhandled typepackage3dinstances
    ERROR: Unhandled typepackage3dinstances
    ERROR: Unhandled typepackage3dinstances
    ERROR: Unhandled typepackage3dinstances
    ERROR: Unhandled typepackage3dinstances
    ERROR: Unhandled typepackage3dinstances
    ERROR: Unhandled typepackage3dinstances
    ERROR: Unhandled typepackage3dinstances
    ERROR: Unhandled typepackage3dinstances
    ERROR: Unhandled typepackage3dinstances
    ERROR: Unhandled typepackage3dinstances
    ERROR: Unhandled typepackage3dinstances
    ERROR: Unhandled typepackage3dinstances
    ERROR: Unhandled typepackage3dinstances
    ERROR: Unhandled typepackage3dinstances
    ERROR: Unhandled typepackage3dinstances
    ERROR: Unhandled typepackage3dinstances
    ERROR: Unhandled typepackage3dinstances
    ERROR: Unhandled typepackage3dinstances
    ERROR: Unhandled typepackage3dinstances
    ERROR: Unhandled typepackage3dinstances
    ERROR: Unhandled typepackage3dinstances
    ERROR: Unhandled typepackage3dinstances
    ERROR: Unhandled typepackage3dinstances
    ERROR: Unhandled typepackage3dinstances
    ERROR: Unhandled typepackage3dinstances
    ERROR: Unhandled typepackage3dinstances
    ERROR: Unhandled typepackage3dinstances
    ERROR: Unhandled typepackage3dinstances
    ERROR: Unhandled typepackage3dinstances
    ERROR: Unhandled typepackage3dinstances
    ERROR: Unhandled typepackage3dinstances
    ERROR: Unhandled typepackage3dinstances
    ERROR: Unhandled typepackage3dinstances
    ERROR: Unhandled typepackage3dinstances
    ERROR: Unhandled typepackage3dinstances
    ERROR: Unhandled typepackage3dinstances
    ERROR: Unhandled typepackage3dinstances
    ERROR: Unhandled typepackage3dinstances
    ERROR: Unhandled typepackage3dinstances
    ERROR: Unhandled typepackage3dinstances
    ERROR: Unhandled typepackage3dinstances
    ERROR: Unhandled typepackage3dinstances
    ERROR: Unhandled typepackage3dinstances
    ERROR: Unhandled typepackage3dinstances
    ERROR: Unhandled typepackage3dinstances
    ERROR: Unhandled typepackage3dinstances
    ERROR: Unhandled typepackage3dinstances
    ERROR: Unhandled typepackage3dinstances
    ERROR: Unhandled typepackage3dinstances
    ERROR: Unhandled typepackage3dinstances
    ERROR: Unhandled typepackage3dinstances
    ERROR: Unhandled typepackage3dinstances
    ERROR: Unhandled typepackage3dinstances
    ERROR: Unhandled typepackage3dinstances
    ERROR: Unhandled typepackage3dinstances
    ERROR: Unhandled typepackage3dinstances
    ERROR: Unhandled typepackage3dinstances
    ERROR: Unhandled typepackage3dinstances
    ERROR: Unhandled typepackage3dinstances
    ERROR: Unhandled typepackage3dinstances
    ERROR: Unhandled typepackage3dinstances
    ERROR: Unhandled typespice
    Load Attributes 0
    Load Classes 1
    Load Parts 71
    Load Sheets 3
    ERROR: Unhandled typedescription
    ERROR: Unhandled typedescription
    ERROR: Unhandled typedescription
EndSection

Section : Import Document - N:\newer_SPINE\Helium_Electronics\SPIne-master\SPIne_V2\older SPINE\SPIne-master\SPIne_V2\ConnectorMezzanine\mc_spine_con.brd
    ERROR: Exception raised! Catastrophic failure
EndSection
