[0.010s] Invoking command in '/home/jverga/rtabmap_ros2_ws/build/rtabmap_util': AMENT_PREFIX_PATH=/home/jverga/rtabmap_ros2_ws/install/rtabmap_conversions:/home/jverga/rtabmap_ros2_ws/install/rtabmap_msgs:${AMENT_PREFIX_PATH} CMAKE_PREFIX_PATH=/home/jverga/rtabmap_ros2_ws/install/rtabmap_conversions:/home/jverga/rtabmap_ros2_ws/install/rtabmap_msgs:/home/jverga/combined_ros2_ws/install/point_lio:/home/jverga/realsense_ws/install/realsense2_description:/home/jverga/realsense_ws/install/realsense2_camera:/home/jverga/realsense_ws/install/realsense2_camera_msgs:/home/jverga/unilidar_sdk2/unitree_lidar_ros2/install/unitree_lidar_ros2:/home/jverga/unilidar_sdk2/unitree_lidar_ros2/catkin_point_lio_unilidar/install/point_lio:/home/jverga/unilidar_sdk2/install/unitree_lidar_ros2:/home/jverga/combined_ros2_ws/install/odometry_fusion:/opt/ros/humble LD_LIBRARY_PATH=/home/jverga/rtabmap_ros2_ws/install/rtabmap_conversions/lib:/home/jverga/rtabmap_ros2_ws/install/rtabmap_msgs/lib:${LD_LIBRARY_PATH} PYTHONPATH=/home/jverga/rtabmap_ros2_ws/install/rtabmap_msgs/local/lib/python3.10/dist-packages:${PYTHONPATH} /usr/bin/cmake /home/jverga/rtabmap_ros2_ws/src/rtabmap_ros/rtabmap_util -DAMENT_CMAKE_SYMLINK_INSTALL=1 -DCMAKE_INSTALL_PREFIX=/home/jverga/rtabmap_ros2_ws/install/rtabmap_util
[0.049s] -- The C compiler identification is GNU 11.4.0
[0.078s] -- The CXX compiler identification is GNU 11.4.0
[0.083s] -- Detecting C compiler ABI info
[0.126s] -- Detecting C compiler ABI info - done
[0.130s] -- Check for working C compiler: /usr/bin/cc - skipped
[0.130s] -- Detecting C compile features
[0.130s] -- Detecting C compile features - done
[0.132s] -- Detecting CXX compiler ABI info
[0.187s] -- Detecting CXX compiler ABI info - done
[0.191s] -- Check for working CXX compiler: /usr/bin/c++ - skipped
[0.191s] -- Detecting CXX compile features
[0.191s] -- Detecting CXX compile features - done
[0.199s] -- Found OpenCV: /usr (found version "4.5.4") found components: core calib3d imgproc highgui stitching photo video aruco objdetect missing components: xfeatures2d nonfree gpu cudafeatures2d
[0.208s] -- Checking for module 'eigen3'
[0.216s] --   Found eigen3, version 3.4.0
[0.237s] -- Found Eigen: /usr/include/eigen3 (Required is at least version "3.1") 
[0.237s] -- Eigen found (include: /usr/include/eigen3, version: 3.4.0)
[0.255s] -- Found Boost: /usr/lib/x86_64-linux-gnu/cmake/Boost-1.74.0/BoostConfig.cmake (found suitable version "1.74.0", minimum required is "1.65.0") found components: system filesystem date_time iostreams serialization 
[0.289s] -- Checking for module 'libusb-1.0'
[0.298s] --   Found libusb-1.0, version 1.0.25
[0.324s] -- Found libusb: /usr/lib/x86_64-linux-gnu/libusb-1.0.so  
[0.324s] -- Found OpenNI: /usr/lib/libOpenNI.so;libusb::libusb (found version "1.5.4.0") 
[0.324s] -- OpenNI found (version: 1.5.4.0, include: /usr/include/ni, lib: /usr/lib/libOpenNI.so;libusb::libusb)
[0.358s] -- Found OpenNI2: /usr/lib/x86_64-linux-gnu/libOpenNI2.so;libusb::libusb (found version "2.2.0.33") 
[0.358s] -- OpenNI2 found (version: 2.2.0.33, include: /usr/include/openni2, lib: /usr/lib/x86_64-linux-gnu/libOpenNI2.so;libusb::libusb)
[0.358s] [0m** WARNING ** io features related to pcap will be disabled[0m
[0.358s] [0m** WARNING ** io features related to png will be disabled[0m
[0.375s] -- Looking for pthread.h
[0.424s] -- Looking for pthread.h - found
[0.424s] -- Performing Test CMAKE_HAVE_LIBC_PTHREAD
[0.474s] -- Performing Test CMAKE_HAVE_LIBC_PTHREAD - Success
[0.475s] -- Found Threads: TRUE  
[0.476s] -- Found GLEW: /usr/lib/x86_64-linux-gnu/libGLEW.so  
[0.482s] -- Found OpenGL: /usr/lib/x86_64-linux-gnu/libOpenGL.so  found components: OpenGL GLX 
[0.583s] -- Found MPI_C: /usr/lib/x86_64-linux-gnu/libmpi.so (found version "3.1") 
[0.583s] -- Found MPI: TRUE (found version "3.1") found components: C 
[0.585s] -- Found JsonCpp: /usr/lib/x86_64-linux-gnu/libjsoncpp.so (found suitable version "1.9.5", minimum required is "0.7.0") 
[0.591s] -- Found ZLIB: /usr/lib/x86_64-linux-gnu/libz.so (found version "1.2.11") 
[0.601s] -- Found PNG: /usr/lib/x86_64-linux-gnu/libpng.so (found version "1.6.37") 
[0.606s] -- Found Eigen3: /usr/include/eigen3 (found version "3.4.0") 
[0.662s] -- Found X11: /usr/include   
[0.662s] -- Looking for XOpenDisplay in /usr/lib/x86_64-linux-gnu/libX11.so;/usr/lib/x86_64-linux-gnu/libXext.so
[0.709s] -- Looking for XOpenDisplay in /usr/lib/x86_64-linux-gnu/libX11.so;/usr/lib/x86_64-linux-gnu/libXext.so - found
[0.709s] -- Looking for gethostbyname
[0.757s] -- Looking for gethostbyname - found
[0.757s] -- Looking for connect
[0.800s] -- Looking for connect - found
[0.800s] -- Looking for remove
[0.847s] -- Looking for remove - found
[0.847s] -- Looking for shmat
[0.891s] -- Looking for shmat - found
[0.891s] -- Looking for IceConnectionNumber in ICE
[0.937s] -- Looking for IceConnectionNumber in ICE - found
[0.990s] -- Found EXPAT: /usr/lib/x86_64-linux-gnu/libexpat.so (found version "2.4.7") 
[0.991s] -- Found double-conversion: /usr/lib/x86_64-linux-gnu/libdouble-conversion.so  
[0.992s] -- Found LZ4: /usr/lib/x86_64-linux-gnu/liblz4.so (found version "1.9.3") 
[0.993s] -- Found LZMA: /usr/lib/x86_64-linux-gnu/liblzma.so (found version "5.2.5") 
[1.000s] -- Found JPEG: /usr/lib/x86_64-linux-gnu/libjpeg.so (found version "80") 
[1.003s] -- Found TIFF: /usr/lib/x86_64-linux-gnu/libtiff.so (found version "4.3.0")  
[1.005s] -- Found Freetype: /usr/lib/x86_64-linux-gnu/libfreetype.so (found version "2.11.1") 
[1.008s] -- Found utf8cpp: /usr/include/utf8cpp  
[1.026s] -- Eigen found (include: /usr/include/eigen3, version: 3.4.0)
[1.034s] -- Checking for module 'flann'
[1.044s] --   Found flann, version 1.9.1
[1.070s] -- Found FLANN: /usr/lib/x86_64-linux-gnu/libflann_cpp.so  
[1.070s] -- FLANN found (include: /usr/include, lib: /usr/lib/x86_64-linux-gnu/libflann_cpp.so)
[1.072s] -- Found Qhull version 8.0.2
[1.314s] -- OpenNI found (version: 1.5.4.0, include: /usr/include/ni, lib: /usr/lib/libOpenNI.so;libusb::libusb)
[1.318s] -- OpenNI2 found (version: 2.2.0.33, include: /usr/include/openni2, lib: /usr/lib/x86_64-linux-gnu/libOpenNI2.so;libusb::libusb)
[1.408s] -- looking for PCL_COMMON
[1.409s] -- Found PCL_COMMON: /usr/lib/x86_64-linux-gnu/libpcl_common.so  
[1.409s] -- looking for PCL_OCTREE
[1.409s] -- Found PCL_OCTREE: /usr/lib/x86_64-linux-gnu/libpcl_octree.so  
[1.409s] -- looking for PCL_IO
[1.410s] -- Found PCL_IO: /usr/lib/x86_64-linux-gnu/libpcl_io.so  
[1.410s] -- looking for PCL_KDTREE
[1.411s] -- Found PCL_KDTREE: /usr/lib/x86_64-linux-gnu/libpcl_kdtree.so  
[1.411s] -- looking for PCL_SEARCH
[1.412s] -- Found PCL_SEARCH: /usr/lib/x86_64-linux-gnu/libpcl_search.so  
[1.412s] -- looking for PCL_SURFACE
[1.413s] -- Found PCL_SURFACE: /usr/lib/x86_64-linux-gnu/libpcl_surface.so  
[1.413s] -- looking for PCL_FILTERS
[1.413s] -- Found PCL_FILTERS: /usr/lib/x86_64-linux-gnu/libpcl_filters.so  
[1.413s] -- looking for PCL_2D
[1.414s] -- Found PCL_2D: /usr/include/pcl-1.12  
[1.414s] -- looking for PCL_FEATURES
[1.414s] -- Found PCL_FEATURES: /usr/lib/x86_64-linux-gnu/libpcl_features.so  
[1.415s] -- looking for PCL_REGISTRATION
[1.415s] -- Found PCL_REGISTRATION: /usr/lib/x86_64-linux-gnu/libpcl_registration.so  
[1.415s] -- looking for PCL_SAMPLE_CONSENSUS
[1.416s] -- Found PCL_SAMPLE_CONSENSUS: /usr/lib/x86_64-linux-gnu/libpcl_sample_consensus.so  
[1.416s] -- looking for PCL_GEOMETRY
[1.416s] -- Found PCL_GEOMETRY: /usr/include/pcl-1.12  
[1.416s] -- looking for PCL_ML
[1.417s] -- Found PCL_ML: /usr/lib/x86_64-linux-gnu/libpcl_ml.so  
[1.417s] -- looking for PCL_SEGMENTATION
[1.417s] -- Found PCL_SEGMENTATION: /usr/lib/x86_64-linux-gnu/libpcl_segmentation.so  
[1.418s] -- looking for PCL_VISUALIZATION
[1.418s] -- Found PCL_VISUALIZATION: /usr/lib/x86_64-linux-gnu/libpcl_visualization.so  
[1.419s] -- Found PCL: pcl_common;pcl_octree;pcl_io;pcl_kdtree;pcl_search;pcl_surface;pcl_filters;pcl_features;pcl_registration;pcl_sample_consensus;pcl_ml;pcl_segmentation;pcl_visualization;Boost::system;Boost::filesystem;Boost::date_time;Boost::iostreams;Boost::serialization;/usr/lib/libOpenNI.so;libusb::libusb;/usr/lib/x86_64-linux-gnu/libOpenNI2.so;libusb::libusb;VTK::ChartsCore;VTK::CommonColor;VTK::CommonComputationalGeometry;VTK::CommonCore;VTK::CommonDataModel;VTK::CommonExecutionModel;VTK::CommonMath;VTK::CommonMisc;VTK::CommonTransforms;VTK::FiltersCore;VTK::FiltersExtraction;VTK::FiltersGeneral;VTK::FiltersGeometry;VTK::FiltersModeling;VTK::FiltersSources;VTK::ImagingCore;VTK::ImagingSources;VTK::InteractionImage;VTK::InteractionStyle;VTK::InteractionWidgets;VTK::IOCore;VTK::IOGeometry;VTK::IOImage;VTK::IOLegacy;VTK::IOPLY;VTK::RenderingAnnotation;VTK::RenderingCore;VTK::RenderingContext2D;VTK::RenderingLOD;VTK::RenderingFreeType;VTK::ViewsCore;VTK::ViewsContext2D;VTK::RenderingOpenGL2;VTK::GUISupportQt;FLANN::FLANN;QHULL::QHULL (Required is at least version "1.7") 
[1.424s] -- RTABMap=rtabmap::utilite;rtabmap::core;rtabmap::gui
[1.426s] -- Found ament_cmake: 1.3.11 (/opt/ros/humble/share/ament_cmake/cmake)
[1.537s] -- Found Python3: /usr/bin/python3 (found version "3.10.12") found components: Interpreter 
[1.588s] -- Override CMake install command with custom implementation using symlinks instead of copying resources
[1.614s] -- Found cv_bridge: 3.2.1 (/opt/ros/humble/share/cv_bridge/cmake)
[1.638s] -- Found rosidl_generator_c: 3.1.6 (/opt/ros/humble/share/rosidl_generator_c/cmake)
[1.642s] -- Found rosidl_adapter: 3.1.6 (/opt/ros/humble/share/rosidl_adapter/cmake)
[1.648s] -- Found rosidl_generator_cpp: 3.1.6 (/opt/ros/humble/share/rosidl_generator_cpp/cmake)
[1.656s] -- Using all available rosidl_typesupport_c: rosidl_typesupport_fastrtps_c;rosidl_typesupport_introspection_c
[1.667s] -- Using all available rosidl_typesupport_cpp: rosidl_typesupport_fastrtps_cpp;rosidl_typesupport_introspection_cpp
[1.705s] -- Found image_transport: 3.1.11 (/opt/ros/humble/share/image_transport/cmake)
[1.737s] -- Found rmw_implementation_cmake: 6.1.2 (/opt/ros/humble/share/rmw_implementation_cmake/cmake)
[1.739s] -- Found rmw_fastrtps_cpp: 6.2.7 (/opt/ros/humble/share/rmw_fastrtps_cpp/cmake)
[1.806s] -- Found OpenSSL: /usr/lib/x86_64-linux-gnu/libcrypto.so (found version "3.0.2")  
[1.821s] -- Found FastRTPS: /opt/ros/humble/include  
[1.850s] -- Using RMW implementation 'rmw_fastrtps_cpp' as default
[1.902s] -- Found rclcpp_components: 16.0.12 (/opt/ros/humble/share/rclcpp_components/cmake)
[1.913s] -- Found stereo_msgs: 4.8.0 (/opt/ros/humble/share/stereo_msgs/cmake)
[1.924s] -- Found nav_msgs: 4.8.0 (/opt/ros/humble/share/nav_msgs/cmake)
[1.934s] -- Found tf2: 0.25.12 (/opt/ros/humble/share/tf2/cmake)
[1.937s] -- Found tf2_geometry_msgs: 0.25.12 (/opt/ros/humble/share/tf2_geometry_msgs/cmake)
[1.947s] -- Found eigen3_cmake_module: 0.1.1 (/opt/ros/humble/share/eigen3_cmake_module/cmake)
[1.948s] -- Found Eigen3: TRUE (found version "3.4.0") 
[1.948s] -- Ensuring Eigen3 include directory is part of orocos-kdl CMake target
[1.987s] -- Found laser_geometry: 2.4.0 (/opt/ros/humble/share/laser_geometry/cmake)
[1.990s] -- Found pcl_conversions: 2.4.5 (/opt/ros/humble/share/pcl_conversions/cmake)
[2.003s] -- Found pcl_ros: 2.4.5 (/opt/ros/humble/share/pcl_ros/cmake)
[2.010s] -- Found rtabmap_msgs: 0.21.10 (/home/jverga/rtabmap_ros2_ws/install/rtabmap_msgs/share/rtabmap_msgs/cmake)
[2.023s] -- Found rtabmap_conversions: 0.21.10 (/home/jverga/rtabmap_ros2_ws/install/rtabmap_conversions/share/rtabmap_conversions/cmake)
[2.035s] -- Found octomap_msgs: 2.0.1 (/opt/ros/humble/share/octomap_msgs/cmake)
[2.046s] -- Found grid_map_ros: 2.0.1 (/opt/ros/humble/share/grid_map_ros/cmake)
[2.107s] -- WITH octomap_msgs
[2.107s] -- WITH grid_map_ros
[2.347s] -- Configuring done
[2.716s] -- Generating done
[2.760s] -- Build files have been written to: /home/jverga/rtabmap_ros2_ws/build/rtabmap_util
[2.773s] Invoked command in '/home/jverga/rtabmap_ros2_ws/build/rtabmap_util' returned '0': AMENT_PREFIX_PATH=/home/jverga/rtabmap_ros2_ws/install/rtabmap_conversions:/home/jverga/rtabmap_ros2_ws/install/rtabmap_msgs:${AMENT_PREFIX_PATH} CMAKE_PREFIX_PATH=/home/jverga/rtabmap_ros2_ws/install/rtabmap_conversions:/home/jverga/rtabmap_ros2_ws/install/rtabmap_msgs:/home/jverga/combined_ros2_ws/install/point_lio:/home/jverga/realsense_ws/install/realsense2_description:/home/jverga/realsense_ws/install/realsense2_camera:/home/jverga/realsense_ws/install/realsense2_camera_msgs:/home/jverga/unilidar_sdk2/unitree_lidar_ros2/install/unitree_lidar_ros2:/home/jverga/unilidar_sdk2/unitree_lidar_ros2/catkin_point_lio_unilidar/install/point_lio:/home/jverga/unilidar_sdk2/install/unitree_lidar_ros2:/home/jverga/combined_ros2_ws/install/odometry_fusion:/opt/ros/humble LD_LIBRARY_PATH=/home/jverga/rtabmap_ros2_ws/install/rtabmap_conversions/lib:/home/jverga/rtabmap_ros2_ws/install/rtabmap_msgs/lib:${LD_LIBRARY_PATH} PYTHONPATH=/home/jverga/rtabmap_ros2_ws/install/rtabmap_msgs/local/lib/python3.10/dist-packages:${PYTHONPATH} /usr/bin/cmake /home/jverga/rtabmap_ros2_ws/src/rtabmap_ros/rtabmap_util -DAMENT_CMAKE_SYMLINK_INSTALL=1 -DCMAKE_INSTALL_PREFIX=/home/jverga/rtabmap_ros2_ws/install/rtabmap_util
[2.774s] Invoking command in '/home/jverga/rtabmap_ros2_ws/build/rtabmap_util': AMENT_PREFIX_PATH=/home/jverga/rtabmap_ros2_ws/install/rtabmap_conversions:/home/jverga/rtabmap_ros2_ws/install/rtabmap_msgs:${AMENT_PREFIX_PATH} CMAKE_PREFIX_PATH=/home/jverga/rtabmap_ros2_ws/install/rtabmap_conversions:/home/jverga/rtabmap_ros2_ws/install/rtabmap_msgs:/home/jverga/combined_ros2_ws/install/point_lio:/home/jverga/realsense_ws/install/realsense2_description:/home/jverga/realsense_ws/install/realsense2_camera:/home/jverga/realsense_ws/install/realsense2_camera_msgs:/home/jverga/unilidar_sdk2/unitree_lidar_ros2/install/unitree_lidar_ros2:/home/jverga/unilidar_sdk2/unitree_lidar_ros2/catkin_point_lio_unilidar/install/point_lio:/home/jverga/unilidar_sdk2/install/unitree_lidar_ros2:/home/jverga/combined_ros2_ws/install/odometry_fusion:/opt/ros/humble LD_LIBRARY_PATH=/home/jverga/rtabmap_ros2_ws/install/rtabmap_conversions/lib:/home/jverga/rtabmap_ros2_ws/install/rtabmap_msgs/lib:${LD_LIBRARY_PATH} PYTHONPATH=/home/jverga/rtabmap_ros2_ws/install/rtabmap_msgs/local/lib/python3.10/dist-packages:${PYTHONPATH} /usr/bin/cmake --build /home/jverga/rtabmap_ros2_ws/build/rtabmap_util -- -j28 -l28
[2.820s] [35m[1mConsolidate compiler generated dependencies of target rtabmap_util_plugins[0m
[2.881s] [ 36%] Built target rtabmap_util_plugins
[2.890s] [35m[1mConsolidate compiler generated dependencies of target rtabmap_disparity_to_depth[0m
[2.890s] [35m[1mConsolidate compiler generated dependencies of target rtabmap_point_cloud_aggregator[0m
[2.890s] [35m[1mConsolidate compiler generated dependencies of target rtabmap_point_cloud_xyz[0m
[2.890s] [35m[1mConsolidate compiler generated dependencies of target rtabmap_point_cloud_xyzrgb[0m
[2.890s] [35m[1mConsolidate compiler generated dependencies of target rtabmap_map_assembler[0m
[2.890s] [35m[1mConsolidate compiler generated dependencies of target rtabmap_rgbd_relay[0m
[2.891s] [35m[1mConsolidate compiler generated dependencies of target rtabmap_rgbd_split[0m
[2.891s] [35m[1mConsolidate compiler generated dependencies of target rtabmap_imu_to_tf[0m
[2.891s] [35m[1mConsolidate compiler generated dependencies of target rtabmap_pointcloud_to_depthimage[0m
[2.891s] [35m[1mConsolidate compiler generated dependencies of target rtabmap_lidar_deskewing[0m
[2.892s] [35m[1mConsolidate compiler generated dependencies of target rtabmap_point_cloud_assembler[0m
[2.893s] [35m[1mConsolidate compiler generated dependencies of target rtabmap_obstacles_detection[0m
[2.903s] [ 42%] Built target rtabmap_disparity_to_depth
[2.903s] [ 47%] Built target rtabmap_rgbd_relay
[2.903s] [ 52%] Built target rtabmap_point_cloud_aggregator
[2.903s] [ 57%] Built target rtabmap_point_cloud_xyz
[2.905s] [ 68%] Built target rtabmap_pointcloud_to_depthimage
[2.905s] [ 68%] Built target rtabmap_point_cloud_xyzrgb
[2.905s] [ 76%] Built target rtabmap_lidar_deskewing
[2.905s] [ 78%] Built target rtabmap_imu_to_tf
[2.906s] [ 84%] Built target rtabmap_rgbd_split
[2.907s] [ 89%] Built target rtabmap_map_assembler
[2.913s] [ 94%] Built target rtabmap_obstacles_detection
[2.914s] [100%] Built target rtabmap_point_cloud_assembler
[2.920s] Invoked command in '/home/jverga/rtabmap_ros2_ws/build/rtabmap_util' returned '0': AMENT_PREFIX_PATH=/home/jverga/rtabmap_ros2_ws/install/rtabmap_conversions:/home/jverga/rtabmap_ros2_ws/install/rtabmap_msgs:${AMENT_PREFIX_PATH} CMAKE_PREFIX_PATH=/home/jverga/rtabmap_ros2_ws/install/rtabmap_conversions:/home/jverga/rtabmap_ros2_ws/install/rtabmap_msgs:/home/jverga/combined_ros2_ws/install/point_lio:/home/jverga/realsense_ws/install/realsense2_description:/home/jverga/realsense_ws/install/realsense2_camera:/home/jverga/realsense_ws/install/realsense2_camera_msgs:/home/jverga/unilidar_sdk2/unitree_lidar_ros2/install/unitree_lidar_ros2:/home/jverga/unilidar_sdk2/unitree_lidar_ros2/catkin_point_lio_unilidar/install/point_lio:/home/jverga/unilidar_sdk2/install/unitree_lidar_ros2:/home/jverga/combined_ros2_ws/install/odometry_fusion:/opt/ros/humble LD_LIBRARY_PATH=/home/jverga/rtabmap_ros2_ws/install/rtabmap_conversions/lib:/home/jverga/rtabmap_ros2_ws/install/rtabmap_msgs/lib:${LD_LIBRARY_PATH} PYTHONPATH=/home/jverga/rtabmap_ros2_ws/install/rtabmap_msgs/local/lib/python3.10/dist-packages:${PYTHONPATH} /usr/bin/cmake --build /home/jverga/rtabmap_ros2_ws/build/rtabmap_util -- -j28 -l28
[2.921s] Invoking command in '/home/jverga/rtabmap_ros2_ws/build/rtabmap_util': AMENT_PREFIX_PATH=/home/jverga/rtabmap_ros2_ws/install/rtabmap_conversions:/home/jverga/rtabmap_ros2_ws/install/rtabmap_msgs:${AMENT_PREFIX_PATH} CMAKE_PREFIX_PATH=/home/jverga/rtabmap_ros2_ws/install/rtabmap_conversions:/home/jverga/rtabmap_ros2_ws/install/rtabmap_msgs:/home/jverga/combined_ros2_ws/install/point_lio:/home/jverga/realsense_ws/install/realsense2_description:/home/jverga/realsense_ws/install/realsense2_camera:/home/jverga/realsense_ws/install/realsense2_camera_msgs:/home/jverga/unilidar_sdk2/unitree_lidar_ros2/install/unitree_lidar_ros2:/home/jverga/unilidar_sdk2/unitree_lidar_ros2/catkin_point_lio_unilidar/install/point_lio:/home/jverga/unilidar_sdk2/install/unitree_lidar_ros2:/home/jverga/combined_ros2_ws/install/odometry_fusion:/opt/ros/humble LD_LIBRARY_PATH=/home/jverga/rtabmap_ros2_ws/install/rtabmap_conversions/lib:/home/jverga/rtabmap_ros2_ws/install/rtabmap_msgs/lib:${LD_LIBRARY_PATH} PYTHONPATH=/home/jverga/rtabmap_ros2_ws/install/rtabmap_msgs/local/lib/python3.10/dist-packages:${PYTHONPATH} /usr/bin/cmake --install /home/jverga/rtabmap_ros2_ws/build/rtabmap_util
[2.926s] -- Install configuration: ""
[2.926s] -- Execute custom install script
[2.926s] -- Up-to-date symlink: /home/jverga/rtabmap_ros2_ws/install/rtabmap_util/share/rtabmap_util/environment/library_path.sh
[2.926s] -- Up-to-date symlink: /home/jverga/rtabmap_ros2_ws/install/rtabmap_util/share/rtabmap_util/environment/library_path.dsv
[2.926s] -- Up-to-date symlink: /home/jverga/rtabmap_ros2_ws/install/rtabmap_util/lib/rtabmap_util/transform_to_tf.py
[2.927s] -- Up-to-date symlink: /home/jverga/rtabmap_ros2_ws/install/rtabmap_util/lib/rtabmap_util/yaml_to_camera_info.py
[2.927s] -- Up-to-date symlink: /home/jverga/rtabmap_ros2_ws/install/rtabmap_util/lib/rtabmap_util/republish_tf_static.py
[2.927s] -- Up-to-date symlink: /home/jverga/rtabmap_ros2_ws/install/rtabmap_util/lib/rtabmap_util/imu_to_tf
[2.927s] -- Up-to-date symlink: /home/jverga/rtabmap_ros2_ws/install/rtabmap_util/lib/rtabmap_util/disparity_to_depth
[2.927s] -- Up-to-date symlink: /home/jverga/rtabmap_ros2_ws/install/rtabmap_util/lib/rtabmap_util/rgbd_relay
[2.927s] -- Up-to-date symlink: /home/jverga/rtabmap_ros2_ws/install/rtabmap_util/lib/rtabmap_util/rgbd_split
[2.927s] -- Up-to-date symlink: /home/jverga/rtabmap_ros2_ws/install/rtabmap_util/lib/rtabmap_util/lidar_deskewing
[2.927s] -- Up-to-date symlink: /home/jverga/rtabmap_ros2_ws/install/rtabmap_util/lib/rtabmap_util/point_cloud_xyz
[2.927s] -- Up-to-date symlink: /home/jverga/rtabmap_ros2_ws/install/rtabmap_util/lib/rtabmap_util/point_cloud_xyzrgb
[2.927s] -- Up-to-date symlink: /home/jverga/rtabmap_ros2_ws/install/rtabmap_util/lib/rtabmap_util/pointcloud_to_depthimage
[2.927s] -- Up-to-date symlink: /home/jverga/rtabmap_ros2_ws/install/rtabmap_util/lib/rtabmap_util/obstacles_detection
[2.928s] -- Up-to-date symlink: /home/jverga/rtabmap_ros2_ws/install/rtabmap_util/lib/rtabmap_util/point_cloud_aggregator
[2.928s] -- Up-to-date symlink: /home/jverga/rtabmap_ros2_ws/install/rtabmap_util/lib/rtabmap_util/point_cloud_assembler
[2.928s] -- Up-to-date symlink: /home/jverga/rtabmap_ros2_ws/install/rtabmap_util/lib/rtabmap_util/map_assembler
[2.928s] -- Up-to-date symlink: /home/jverga/rtabmap_ros2_ws/install/rtabmap_util/share/ament_index/resource_index/package_run_dependencies/rtabmap_util
[2.928s] -- Up-to-date symlink: /home/jverga/rtabmap_ros2_ws/install/rtabmap_util/share/ament_index/resource_index/parent_prefix_path/rtabmap_util
[2.928s] -- Up-to-date symlink: /home/jverga/rtabmap_ros2_ws/install/rtabmap_util/share/rtabmap_util/environment/ament_prefix_path.sh
[2.928s] -- Up-to-date symlink: /home/jverga/rtabmap_ros2_ws/install/rtabmap_util/share/rtabmap_util/environment/ament_prefix_path.dsv
[2.929s] -- Up-to-date symlink: /home/jverga/rtabmap_ros2_ws/install/rtabmap_util/share/rtabmap_util/environment/path.sh
[2.929s] -- Up-to-date symlink: /home/jverga/rtabmap_ros2_ws/install/rtabmap_util/share/rtabmap_util/environment/path.dsv
[2.929s] -- Up-to-date symlink: /home/jverga/rtabmap_ros2_ws/install/rtabmap_util/share/rtabmap_util/local_setup.bash
[2.929s] -- Up-to-date symlink: /home/jverga/rtabmap_ros2_ws/install/rtabmap_util/share/rtabmap_util/local_setup.sh
[2.929s] -- Up-to-date symlink: /home/jverga/rtabmap_ros2_ws/install/rtabmap_util/share/rtabmap_util/local_setup.zsh
[2.929s] -- Up-to-date symlink: /home/jverga/rtabmap_ros2_ws/install/rtabmap_util/share/rtabmap_util/local_setup.dsv
[2.929s] -- Symlinking: /home/jverga/rtabmap_ros2_ws/install/rtabmap_util/share/rtabmap_util/package.dsv
[2.936s] -- Up-to-date symlink: /home/jverga/rtabmap_ros2_ws/install/rtabmap_util/share/ament_index/resource_index/packages/rtabmap_util
[2.936s] -- Up-to-date symlink: /home/jverga/rtabmap_ros2_ws/install/rtabmap_util/share/ament_index/resource_index/rclcpp_components/rtabmap_util
[2.936s] -- Up-to-date symlink: /home/jverga/rtabmap_ros2_ws/install/rtabmap_util/share/rtabmap_util/cmake/ament_cmake_export_dependencies-extras.cmake
[2.936s] -- Up-to-date symlink: /home/jverga/rtabmap_ros2_ws/install/rtabmap_util/share/rtabmap_util/cmake/ament_cmake_export_include_directories-extras.cmake
[2.936s] -- Up-to-date symlink: /home/jverga/rtabmap_ros2_ws/install/rtabmap_util/share/rtabmap_util/cmake/ament_cmake_export_targets-extras.cmake
[2.937s] -- Up-to-date symlink: /home/jverga/rtabmap_ros2_ws/install/rtabmap_util/share/rtabmap_util/cmake/ament_cmake_export_libraries-extras.cmake
[2.937s] -- Up-to-date symlink: /home/jverga/rtabmap_ros2_ws/install/rtabmap_util/share/rtabmap_util/cmake/rtabmap_utilConfig.cmake
[2.937s] -- Up-to-date symlink: /home/jverga/rtabmap_ros2_ws/install/rtabmap_util/share/rtabmap_util/cmake/rtabmap_utilConfig-version.cmake
[2.937s] -- Up-to-date symlink: /home/jverga/rtabmap_ros2_ws/install/rtabmap_util/share/rtabmap_util/package.xml
[2.937s] -- Up-to-date: /home/jverga/rtabmap_ros2_ws/install/rtabmap_util/lib/librtabmap_util_plugins.so
[2.938s] -- Up-to-date: /home/jverga/rtabmap_ros2_ws/install/rtabmap_util/include
[2.938s] -- Up-to-date: /home/jverga/rtabmap_ros2_ws/install/rtabmap_util/include/rtabmap_util
[2.938s] -- Up-to-date: /home/jverga/rtabmap_ros2_ws/install/rtabmap_util/include/rtabmap_util/MapsManager.h
[2.938s] -- Up-to-date: /home/jverga/rtabmap_ros2_ws/install/rtabmap_util/include/rtabmap_util/visibility.h
[2.938s] -- Up-to-date: /home/jverga/rtabmap_ros2_ws/install/rtabmap_util/include/rtabmap_util/ULogToRosout.h
[2.938s] -- Up-to-date: /home/jverga/rtabmap_ros2_ws/install/rtabmap_util/share/rtabmap_util/cmake/rtabmap_utilExport.cmake
[2.938s] -- Up-to-date: /home/jverga/rtabmap_ros2_ws/install/rtabmap_util/share/rtabmap_util/cmake/rtabmap_utilExport-noconfig.cmake
[2.940s] Invoked command in '/home/jverga/rtabmap_ros2_ws/build/rtabmap_util' returned '0': AMENT_PREFIX_PATH=/home/jverga/rtabmap_ros2_ws/install/rtabmap_conversions:/home/jverga/rtabmap_ros2_ws/install/rtabmap_msgs:${AMENT_PREFIX_PATH} CMAKE_PREFIX_PATH=/home/jverga/rtabmap_ros2_ws/install/rtabmap_conversions:/home/jverga/rtabmap_ros2_ws/install/rtabmap_msgs:/home/jverga/combined_ros2_ws/install/point_lio:/home/jverga/realsense_ws/install/realsense2_description:/home/jverga/realsense_ws/install/realsense2_camera:/home/jverga/realsense_ws/install/realsense2_camera_msgs:/home/jverga/unilidar_sdk2/unitree_lidar_ros2/install/unitree_lidar_ros2:/home/jverga/unilidar_sdk2/unitree_lidar_ros2/catkin_point_lio_unilidar/install/point_lio:/home/jverga/unilidar_sdk2/install/unitree_lidar_ros2:/home/jverga/combined_ros2_ws/install/odometry_fusion:/opt/ros/humble LD_LIBRARY_PATH=/home/jverga/rtabmap_ros2_ws/install/rtabmap_conversions/lib:/home/jverga/rtabmap_ros2_ws/install/rtabmap_msgs/lib:${LD_LIBRARY_PATH} PYTHONPATH=/home/jverga/rtabmap_ros2_ws/install/rtabmap_msgs/local/lib/python3.10/dist-packages:${PYTHONPATH} /usr/bin/cmake --install /home/jverga/rtabmap_ros2_ws/build/rtabmap_util
