[0.054s] DEBUG:colcon:Command line arguments: ['/usr/bin/colcon', 'build', '--cmake-args', '-Wno-dev']
[0.054s] DEBUG:colcon:Parsed command line arguments: Namespace(log_base=None, log_level=None, verb_name='build', build_base='build', install_base='install', merge_install=False, symlink_install=False, test_result_base=None, continue_on_error=False, executor='parallel', parallel_workers=28, event_handlers=None, ignore_user_meta=False, metas=['./colcon.meta'], base_paths=['.'], packages_ignore=None, packages_ignore_regex=None, paths=None, packages_up_to=None, packages_up_to_regex=None, packages_above=None, packages_above_and_dependencies=None, packages_above_depth=None, packages_select_by_dep=None, packages_skip_by_dep=None, packages_skip_up_to=None, packages_select_build_failed=False, packages_skip_build_finished=False, packages_select_test_failures=False, packages_skip_test_passed=False, packages_select=None, packages_skip=None, packages_select_regex=None, packages_skip_regex=None, packages_start=None, packages_end=None, allow_overriding=[], cmake_args=['-Wno-dev'], cmake_target=None, cmake_target_skip_unavailable=False, cmake_clean_cache=False, cmake_clean_first=False, cmake_force_configure=False, ament_cmake_args=None, catkin_cmake_args=None, catkin_skip_building_tests=False, mixin_files=None, mixin=None, verb_parser=<colcon_mixin.mixin.mixin_argument.MixinArgumentDecorator object at 0x75c17db94b50>, verb_extension=<colcon_core.verb.build.BuildVerb object at 0x75c17db160b0>, main=<bound method BuildVerb.main of <colcon_core.verb.build.BuildVerb object at 0x75c17db160b0>>, mixin_verb=('build',))
[0.144s] Level 1:colcon.colcon_core.package_discovery:discover_packages(colcon_meta) check parameters
[0.144s] Level 1:colcon.colcon_core.package_discovery:discover_packages(recursive) check parameters
[0.144s] Level 1:colcon.colcon_core.package_discovery:discover_packages(ignore) check parameters
[0.144s] Level 1:colcon.colcon_core.package_discovery:discover_packages(path) check parameters
[0.144s] Level 1:colcon.colcon_core.package_discovery:discover_packages(colcon_meta) discover
[0.144s] Level 1:colcon.colcon_core.package_discovery:discover_packages(recursive) discover
[0.144s] INFO:colcon.colcon_core.package_discovery:Crawling recursively for packages in '/home/jverga/CameraANDLiDAR/unilidar_sdk2/unitree_lidar_ros2'
[0.144s] Level 1:colcon.colcon_core.package_identification:_identify(.) by extensions ['ignore', 'ignore_ament_install']
[0.144s] Level 1:colcon.colcon_core.package_identification:_identify(.) by extension 'ignore'
[0.144s] Level 1:colcon.colcon_core.package_identification:_identify(.) by extension 'ignore_ament_install'
[0.144s] Level 1:colcon.colcon_core.package_identification:_identify(.) by extensions ['colcon_pkg']
[0.144s] Level 1:colcon.colcon_core.package_identification:_identify(.) by extension 'colcon_pkg'
[0.144s] Level 1:colcon.colcon_core.package_identification:_identify(.) by extensions ['colcon_meta']
[0.144s] Level 1:colcon.colcon_core.package_identification:_identify(.) by extension 'colcon_meta'
[0.144s] Level 1:colcon.colcon_core.package_identification:_identify(.) by extensions ['ros']
[0.144s] Level 1:colcon.colcon_core.package_identification:_identify(.) by extension 'ros'
[0.154s] Level 1:colcon.colcon_core.package_identification:_identify(.) by extensions ['cmake', 'python']
[0.154s] Level 1:colcon.colcon_core.package_identification:_identify(.) by extension 'cmake'
[0.154s] Level 1:colcon.colcon_core.package_identification:_identify(.) by extension 'python'
[0.154s] Level 1:colcon.colcon_core.package_identification:_identify(.) by extensions ['python_setup_py']
[0.154s] Level 1:colcon.colcon_core.package_identification:_identify(.) by extension 'python_setup_py'
[0.154s] Level 1:colcon.colcon_core.package_identification:_identify(build) by extensions ['ignore', 'ignore_ament_install']
[0.154s] Level 1:colcon.colcon_core.package_identification:_identify(build) by extension 'ignore'
[0.154s] Level 1:colcon.colcon_core.package_identification:_identify(build) ignored
[0.154s] Level 1:colcon.colcon_core.package_identification:_identify(catkin_point_lio_unilidar) by extensions ['ignore', 'ignore_ament_install']
[0.154s] Level 1:colcon.colcon_core.package_identification:_identify(catkin_point_lio_unilidar) by extension 'ignore'
[0.154s] Level 1:colcon.colcon_core.package_identification:_identify(catkin_point_lio_unilidar) by extension 'ignore_ament_install'
[0.154s] Level 1:colcon.colcon_core.package_identification:_identify(catkin_point_lio_unilidar) by extensions ['colcon_pkg']
[0.154s] Level 1:colcon.colcon_core.package_identification:_identify(catkin_point_lio_unilidar) by extension 'colcon_pkg'
[0.154s] Level 1:colcon.colcon_core.package_identification:_identify(catkin_point_lio_unilidar) by extensions ['colcon_meta']
[0.154s] Level 1:colcon.colcon_core.package_identification:_identify(catkin_point_lio_unilidar) by extension 'colcon_meta'
[0.154s] Level 1:colcon.colcon_core.package_identification:_identify(catkin_point_lio_unilidar) by extensions ['ros']
[0.154s] Level 1:colcon.colcon_core.package_identification:_identify(catkin_point_lio_unilidar) by extension 'ros'
[0.154s] Level 1:colcon.colcon_core.package_identification:_identify(catkin_point_lio_unilidar) by extensions ['cmake', 'python']
[0.154s] Level 1:colcon.colcon_core.package_identification:_identify(catkin_point_lio_unilidar) by extension 'cmake'
[0.154s] Level 1:colcon.colcon_core.package_identification:_identify(catkin_point_lio_unilidar) by extension 'python'
[0.154s] Level 1:colcon.colcon_core.package_identification:_identify(catkin_point_lio_unilidar) by extensions ['python_setup_py']
[0.154s] Level 1:colcon.colcon_core.package_identification:_identify(catkin_point_lio_unilidar) by extension 'python_setup_py'
[0.154s] Level 1:colcon.colcon_core.package_identification:_identify(catkin_point_lio_unilidar/src) by extensions ['ignore', 'ignore_ament_install']
[0.154s] Level 1:colcon.colcon_core.package_identification:_identify(catkin_point_lio_unilidar/src) by extension 'ignore'
[0.154s] Level 1:colcon.colcon_core.package_identification:_identify(catkin_point_lio_unilidar/src) by extension 'ignore_ament_install'
[0.154s] Level 1:colcon.colcon_core.package_identification:_identify(catkin_point_lio_unilidar/src) by extensions ['colcon_pkg']
[0.154s] Level 1:colcon.colcon_core.package_identification:_identify(catkin_point_lio_unilidar/src) by extension 'colcon_pkg'
[0.154s] Level 1:colcon.colcon_core.package_identification:_identify(catkin_point_lio_unilidar/src) by extensions ['colcon_meta']
[0.154s] Level 1:colcon.colcon_core.package_identification:_identify(catkin_point_lio_unilidar/src) by extension 'colcon_meta'
[0.154s] Level 1:colcon.colcon_core.package_identification:_identify(catkin_point_lio_unilidar/src) by extensions ['ros']
[0.154s] Level 1:colcon.colcon_core.package_identification:_identify(catkin_point_lio_unilidar/src) by extension 'ros'
[0.154s] Level 1:colcon.colcon_core.package_identification:_identify(catkin_point_lio_unilidar/src) by extensions ['cmake', 'python']
[0.154s] Level 1:colcon.colcon_core.package_identification:_identify(catkin_point_lio_unilidar/src) by extension 'cmake'
[0.154s] Level 1:colcon.colcon_core.package_identification:_identify(catkin_point_lio_unilidar/src) by extension 'python'
[0.154s] Level 1:colcon.colcon_core.package_identification:_identify(catkin_point_lio_unilidar/src) by extensions ['python_setup_py']
[0.154s] Level 1:colcon.colcon_core.package_identification:_identify(catkin_point_lio_unilidar/src) by extension 'python_setup_py'
[0.154s] Level 1:colcon.colcon_core.package_identification:_identify(catkin_point_lio_unilidar/src/point_lio_ros2) by extensions ['ignore', 'ignore_ament_install']
[0.154s] Level 1:colcon.colcon_core.package_identification:_identify(catkin_point_lio_unilidar/src/point_lio_ros2) by extension 'ignore'
[0.154s] Level 1:colcon.colcon_core.package_identification:_identify(catkin_point_lio_unilidar/src/point_lio_ros2) by extension 'ignore_ament_install'
[0.155s] Level 1:colcon.colcon_core.package_identification:_identify(catkin_point_lio_unilidar/src/point_lio_ros2) by extensions ['colcon_pkg']
[0.155s] Level 1:colcon.colcon_core.package_identification:_identify(catkin_point_lio_unilidar/src/point_lio_ros2) by extension 'colcon_pkg'
[0.155s] Level 1:colcon.colcon_core.package_identification:_identify(catkin_point_lio_unilidar/src/point_lio_ros2) by extensions ['colcon_meta']
[0.155s] Level 1:colcon.colcon_core.package_identification:_identify(catkin_point_lio_unilidar/src/point_lio_ros2) by extension 'colcon_meta'
[0.155s] Level 1:colcon.colcon_core.package_identification:_identify(catkin_point_lio_unilidar/src/point_lio_ros2) by extensions ['ros']
[0.155s] Level 1:colcon.colcon_core.package_identification:_identify(catkin_point_lio_unilidar/src/point_lio_ros2) by extension 'ros'
[0.155s] Level 1:colcon.colcon_core.package_identification:_identify(catkin_point_lio_unilidar/src/point_lio_ros2) by extensions ['cmake', 'python']
[0.155s] Level 1:colcon.colcon_core.package_identification:_identify(catkin_point_lio_unilidar/src/point_lio_ros2) by extension 'cmake'
[0.155s] Level 1:colcon.colcon_core.package_identification:_identify(catkin_point_lio_unilidar/src/point_lio_ros2) by extension 'python'
[0.155s] Level 1:colcon.colcon_core.package_identification:_identify(catkin_point_lio_unilidar/src/point_lio_ros2) by extensions ['python_setup_py']
[0.155s] Level 1:colcon.colcon_core.package_identification:_identify(catkin_point_lio_unilidar/src/point_lio_ros2) by extension 'python_setup_py'
[0.155s] Level 1:colcon.colcon_core.package_identification:_identify(install) by extensions ['ignore', 'ignore_ament_install']
[0.155s] Level 1:colcon.colcon_core.package_identification:_identify(install) by extension 'ignore'
[0.155s] Level 1:colcon.colcon_core.package_identification:_identify(install) ignored
[0.155s] Level 1:colcon.colcon_core.package_identification:_identify(log) by extensions ['ignore', 'ignore_ament_install']
[0.155s] Level 1:colcon.colcon_core.package_identification:_identify(log) by extension 'ignore'
[0.155s] Level 1:colcon.colcon_core.package_identification:_identify(log) ignored
[0.155s] Level 1:colcon.colcon_core.package_identification:_identify(src) by extensions ['ignore', 'ignore_ament_install']
[0.155s] Level 1:colcon.colcon_core.package_identification:_identify(src) by extension 'ignore'
[0.155s] Level 1:colcon.colcon_core.package_identification:_identify(src) by extension 'ignore_ament_install'
[0.155s] Level 1:colcon.colcon_core.package_identification:_identify(src) by extensions ['colcon_pkg']
[0.155s] Level 1:colcon.colcon_core.package_identification:_identify(src) by extension 'colcon_pkg'
[0.155s] Level 1:colcon.colcon_core.package_identification:_identify(src) by extensions ['colcon_meta']
[0.155s] Level 1:colcon.colcon_core.package_identification:_identify(src) by extension 'colcon_meta'
[0.155s] Level 1:colcon.colcon_core.package_identification:_identify(src) by extensions ['ros']
[0.155s] Level 1:colcon.colcon_core.package_identification:_identify(src) by extension 'ros'
[0.155s] Level 1:colcon.colcon_core.package_identification:_identify(src) by extensions ['cmake', 'python']
[0.155s] Level 1:colcon.colcon_core.package_identification:_identify(src) by extension 'cmake'
[0.155s] Level 1:colcon.colcon_core.package_identification:_identify(src) by extension 'python'
[0.155s] Level 1:colcon.colcon_core.package_identification:_identify(src) by extensions ['python_setup_py']
[0.155s] Level 1:colcon.colcon_core.package_identification:_identify(src) by extension 'python_setup_py'
[0.155s] Level 1:colcon.colcon_core.package_identification:_identify(src/unitree_lidar_ros2) by extensions ['ignore', 'ignore_ament_install']
[0.155s] Level 1:colcon.colcon_core.package_identification:_identify(src/unitree_lidar_ros2) by extension 'ignore'
[0.155s] Level 1:colcon.colcon_core.package_identification:_identify(src/unitree_lidar_ros2) by extension 'ignore_ament_install'
[0.155s] Level 1:colcon.colcon_core.package_identification:_identify(src/unitree_lidar_ros2) by extensions ['colcon_pkg']
[0.155s] Level 1:colcon.colcon_core.package_identification:_identify(src/unitree_lidar_ros2) by extension 'colcon_pkg'
[0.155s] Level 1:colcon.colcon_core.package_identification:_identify(src/unitree_lidar_ros2) by extensions ['colcon_meta']
[0.155s] Level 1:colcon.colcon_core.package_identification:_identify(src/unitree_lidar_ros2) by extension 'colcon_meta'
[0.155s] Level 1:colcon.colcon_core.package_identification:_identify(src/unitree_lidar_ros2) by extensions ['ros']
[0.155s] Level 1:colcon.colcon_core.package_identification:_identify(src/unitree_lidar_ros2) by extension 'ros'
[0.157s] DEBUG:colcon.colcon_core.package_identification:Package 'src/unitree_lidar_ros2' with type 'ros.ament_cmake' and name 'unitree_lidar_ros2'
[0.157s] Level 1:colcon.colcon_core.package_discovery:discover_packages(recursive) using defaults
[0.157s] Level 1:colcon.colcon_core.package_discovery:discover_packages(ignore) discover
[0.157s] Level 1:colcon.colcon_core.package_discovery:discover_packages(ignore) using defaults
[0.157s] Level 1:colcon.colcon_core.package_discovery:discover_packages(path) discover
[0.157s] Level 1:colcon.colcon_core.package_discovery:discover_packages(path) using defaults
[0.166s] Level 1:colcon.colcon_core.package_discovery:discover_packages(prefix_path) check parameters
[0.166s] Level 1:colcon.colcon_core.package_discovery:discover_packages(prefix_path) discover
[0.167s] DEBUG:colcon.colcon_installed_package_information.package_discovery:Found 2 installed packages in /home/jverga/CameraANDLiDAR/install
[0.167s] DEBUG:colcon.colcon_installed_package_information.package_discovery:Found 4 installed packages in /home/jverga/install
[0.167s] DEBUG:colcon.colcon_installed_package_information.package_discovery:Found 2 installed packages in /home/jverga/combined_ros2_ws/install
[0.167s] DEBUG:colcon.colcon_installed_package_information.package_discovery:Found 1 installed packages in /home/jverga/lvi_sam_ws/install
[0.167s] DEBUG:colcon.colcon_installed_package_information.package_discovery:Found 2 installed packages in /home/jverga/combined_ros2_ws/src/install
[0.168s] DEBUG:colcon.colcon_installed_package_information.package_discovery:Found 429 installed packages in /opt/ros/humble
[0.170s] Level 1:colcon.colcon_core.package_discovery:discover_packages(prefix_path) using defaults
[0.192s] Level 5:colcon.colcon_core.verb:set package 'unitree_lidar_ros2' build argument 'cmake_args' from command line to '['-Wno-dev']'
[0.192s] Level 5:colcon.colcon_core.verb:set package 'unitree_lidar_ros2' build argument 'cmake_target' from command line to 'None'
[0.192s] Level 5:colcon.colcon_core.verb:set package 'unitree_lidar_ros2' build argument 'cmake_target_skip_unavailable' from command line to 'False'
[0.192s] Level 5:colcon.colcon_core.verb:set package 'unitree_lidar_ros2' build argument 'cmake_clean_cache' from command line to 'False'
[0.192s] Level 5:colcon.colcon_core.verb:set package 'unitree_lidar_ros2' build argument 'cmake_clean_first' from command line to 'False'
[0.192s] Level 5:colcon.colcon_core.verb:set package 'unitree_lidar_ros2' build argument 'cmake_force_configure' from command line to 'False'
[0.192s] Level 5:colcon.colcon_core.verb:set package 'unitree_lidar_ros2' build argument 'ament_cmake_args' from command line to 'None'
[0.192s] Level 5:colcon.colcon_core.verb:set package 'unitree_lidar_ros2' build argument 'catkin_cmake_args' from command line to 'None'
[0.192s] Level 5:colcon.colcon_core.verb:set package 'unitree_lidar_ros2' build argument 'catkin_skip_building_tests' from command line to 'False'
[0.192s] DEBUG:colcon.colcon_core.verb:Building package 'unitree_lidar_ros2' with the following arguments: {'ament_cmake_args': None, 'build_base': '/home/jverga/CameraANDLiDAR/unilidar_sdk2/unitree_lidar_ros2/build/unitree_lidar_ros2', 'catkin_cmake_args': None, 'catkin_skip_building_tests': False, 'cmake_args': ['-Wno-dev'], 'cmake_clean_cache': False, 'cmake_clean_first': False, 'cmake_force_configure': False, 'cmake_target': None, 'cmake_target_skip_unavailable': False, 'install_base': '/home/jverga/CameraANDLiDAR/unilidar_sdk2/unitree_lidar_ros2/install/unitree_lidar_ros2', 'merge_install': False, 'path': '/home/jverga/CameraANDLiDAR/unilidar_sdk2/unitree_lidar_ros2/src/unitree_lidar_ros2', 'symlink_install': False, 'test_result_base': None}
[0.192s] INFO:colcon.colcon_core.executor:Executing jobs using 'parallel' executor
[0.193s] DEBUG:colcon.colcon_parallel_executor.executor.parallel:run_until_complete
[0.193s] INFO:colcon.colcon_ros.task.ament_cmake.build:Building ROS package in '/home/jverga/CameraANDLiDAR/unilidar_sdk2/unitree_lidar_ros2/src/unitree_lidar_ros2' with build type 'ament_cmake'
[0.193s] INFO:colcon.colcon_cmake.task.cmake.build:Building CMake package in '/home/jverga/CameraANDLiDAR/unilidar_sdk2/unitree_lidar_ros2/src/unitree_lidar_ros2'
[0.194s] INFO:colcon.colcon_core.plugin_system:Skipping extension 'colcon_core.shell.bat': Not used on non-Windows systems
[0.194s] INFO:colcon.colcon_core.shell:Skip shell extension 'powershell' for command environment: Not usable outside of PowerShell
[0.194s] DEBUG:colcon.colcon_core.shell:Skip shell extension 'dsv' for command environment
[0.199s] DEBUG:colcon.colcon_core.event_handler.log_command:Invoking command in '/home/jverga/CameraANDLiDAR/unilidar_sdk2/unitree_lidar_ros2/build/unitree_lidar_ros2': CMAKE_PREFIX_PATH=${CMAKE_PREFIX_PATH}:/home/jverga/combined_ros2_ws/install/odometry_fusion:/home/jverga/combined_ros2_ws/src/install/odometry_fusion:/opt/ros/humble /usr/bin/cmake /home/jverga/CameraANDLiDAR/unilidar_sdk2/unitree_lidar_ros2/src/unitree_lidar_ros2 -Wno-dev -DCMAKE_INSTALL_PREFIX=/home/jverga/CameraANDLiDAR/unilidar_sdk2/unitree_lidar_ros2/install/unitree_lidar_ros2
[1.114s] DEBUG:colcon.colcon_core.event_handler.log_command:Invoked command in '/home/jverga/CameraANDLiDAR/unilidar_sdk2/unitree_lidar_ros2/build/unitree_lidar_ros2' returned '0': CMAKE_PREFIX_PATH=${CMAKE_PREFIX_PATH}:/home/jverga/combined_ros2_ws/install/odometry_fusion:/home/jverga/combined_ros2_ws/src/install/odometry_fusion:/opt/ros/humble /usr/bin/cmake /home/jverga/CameraANDLiDAR/unilidar_sdk2/unitree_lidar_ros2/src/unitree_lidar_ros2 -Wno-dev -DCMAKE_INSTALL_PREFIX=/home/jverga/CameraANDLiDAR/unilidar_sdk2/unitree_lidar_ros2/install/unitree_lidar_ros2
[1.114s] DEBUG:colcon.colcon_core.event_handler.log_command:Invoking command in '/home/jverga/CameraANDLiDAR/unilidar_sdk2/unitree_lidar_ros2/build/unitree_lidar_ros2': CMAKE_PREFIX_PATH=${CMAKE_PREFIX_PATH}:/home/jverga/combined_ros2_ws/install/odometry_fusion:/home/jverga/combined_ros2_ws/src/install/odometry_fusion:/opt/ros/humble /usr/bin/cmake --build /home/jverga/CameraANDLiDAR/unilidar_sdk2/unitree_lidar_ros2/build/unitree_lidar_ros2 -- -j28 -l28
[1.171s] DEBUG:colcon.colcon_core.event_handler.log_command:Invoked command in '/home/jverga/CameraANDLiDAR/unilidar_sdk2/unitree_lidar_ros2/build/unitree_lidar_ros2' returned '0': CMAKE_PREFIX_PATH=${CMAKE_PREFIX_PATH}:/home/jverga/combined_ros2_ws/install/odometry_fusion:/home/jverga/combined_ros2_ws/src/install/odometry_fusion:/opt/ros/humble /usr/bin/cmake --build /home/jverga/CameraANDLiDAR/unilidar_sdk2/unitree_lidar_ros2/build/unitree_lidar_ros2 -- -j28 -l28
[1.176s] DEBUG:colcon.colcon_core.event_handler.log_command:Invoking command in '/home/jverga/CameraANDLiDAR/unilidar_sdk2/unitree_lidar_ros2/build/unitree_lidar_ros2': CMAKE_PREFIX_PATH=${CMAKE_PREFIX_PATH}:/home/jverga/combined_ros2_ws/install/odometry_fusion:/home/jverga/combined_ros2_ws/src/install/odometry_fusion:/opt/ros/humble /usr/bin/cmake --install /home/jverga/CameraANDLiDAR/unilidar_sdk2/unitree_lidar_ros2/build/unitree_lidar_ros2
[1.182s] Level 1:colcon.colcon_core.environment:create_environment_scripts_only(unitree_lidar_ros2)
[1.183s] DEBUG:colcon.colcon_core.event_handler.log_command:Invoked command in '/home/jverga/CameraANDLiDAR/unilidar_sdk2/unitree_lidar_ros2/build/unitree_lidar_ros2' returned '0': CMAKE_PREFIX_PATH=${CMAKE_PREFIX_PATH}:/home/jverga/combined_ros2_ws/install/odometry_fusion:/home/jverga/combined_ros2_ws/src/install/odometry_fusion:/opt/ros/humble /usr/bin/cmake --install /home/jverga/CameraANDLiDAR/unilidar_sdk2/unitree_lidar_ros2/build/unitree_lidar_ros2
[1.184s] Level 1:colcon.colcon_core.environment:checking '/home/jverga/CameraANDLiDAR/unilidar_sdk2/unitree_lidar_ros2/install/unitree_lidar_ros2' for CMake module files
[1.184s] Level 1:colcon.colcon_core.environment:checking '/home/jverga/CameraANDLiDAR/unilidar_sdk2/unitree_lidar_ros2/install/unitree_lidar_ros2' for CMake config files
[1.184s] Level 1:colcon.colcon_core.shell:create_environment_hook('unitree_lidar_ros2', 'cmake_prefix_path')
[1.184s] INFO:colcon.colcon_core.shell:Creating environment hook '/home/jverga/CameraANDLiDAR/unilidar_sdk2/unitree_lidar_ros2/install/unitree_lidar_ros2/share/unitree_lidar_ros2/hook/cmake_prefix_path.ps1'
[1.184s] INFO:colcon.colcon_core.shell:Creating environment descriptor '/home/jverga/CameraANDLiDAR/unilidar_sdk2/unitree_lidar_ros2/install/unitree_lidar_ros2/share/unitree_lidar_ros2/hook/cmake_prefix_path.dsv'
[1.185s] INFO:colcon.colcon_core.shell:Creating environment hook '/home/jverga/CameraANDLiDAR/unilidar_sdk2/unitree_lidar_ros2/install/unitree_lidar_ros2/share/unitree_lidar_ros2/hook/cmake_prefix_path.sh'
[1.185s] Level 1:colcon.colcon_core.environment:checking '/home/jverga/CameraANDLiDAR/unilidar_sdk2/unitree_lidar_ros2/install/unitree_lidar_ros2/lib'
[1.185s] Level 1:colcon.colcon_core.environment:checking '/home/jverga/CameraANDLiDAR/unilidar_sdk2/unitree_lidar_ros2/install/unitree_lidar_ros2/bin'
[1.185s] Level 1:colcon.colcon_core.environment:checking '/home/jverga/CameraANDLiDAR/unilidar_sdk2/unitree_lidar_ros2/install/unitree_lidar_ros2/lib/pkgconfig/unitree_lidar_ros2.pc'
[1.185s] Level 1:colcon.colcon_core.environment:checking '/home/jverga/CameraANDLiDAR/unilidar_sdk2/unitree_lidar_ros2/install/unitree_lidar_ros2/lib/python3.10/site-packages'
[1.185s] Level 1:colcon.colcon_core.environment:checking '/home/jverga/CameraANDLiDAR/unilidar_sdk2/unitree_lidar_ros2/install/unitree_lidar_ros2/bin'
[1.185s] INFO:colcon.colcon_core.shell:Creating package script '/home/jverga/CameraANDLiDAR/unilidar_sdk2/unitree_lidar_ros2/install/unitree_lidar_ros2/share/unitree_lidar_ros2/package.ps1'
[1.186s] INFO:colcon.colcon_core.shell:Creating package descriptor '/home/jverga/CameraANDLiDAR/unilidar_sdk2/unitree_lidar_ros2/install/unitree_lidar_ros2/share/unitree_lidar_ros2/package.dsv'
[1.186s] INFO:colcon.colcon_core.shell:Creating package script '/home/jverga/CameraANDLiDAR/unilidar_sdk2/unitree_lidar_ros2/install/unitree_lidar_ros2/share/unitree_lidar_ros2/package.sh'
[1.186s] INFO:colcon.colcon_core.shell:Creating package script '/home/jverga/CameraANDLiDAR/unilidar_sdk2/unitree_lidar_ros2/install/unitree_lidar_ros2/share/unitree_lidar_ros2/package.bash'
[1.187s] INFO:colcon.colcon_core.shell:Creating package script '/home/jverga/CameraANDLiDAR/unilidar_sdk2/unitree_lidar_ros2/install/unitree_lidar_ros2/share/unitree_lidar_ros2/package.zsh'
[1.187s] Level 1:colcon.colcon_core.environment:create_file_with_runtime_dependencies(/home/jverga/CameraANDLiDAR/unilidar_sdk2/unitree_lidar_ros2/install/unitree_lidar_ros2/share/colcon-core/packages/unitree_lidar_ros2)
[1.187s] Level 1:colcon.colcon_core.environment:create_environment_scripts_only(unitree_lidar_ros2)
[1.187s] Level 1:colcon.colcon_core.environment:checking '/home/jverga/CameraANDLiDAR/unilidar_sdk2/unitree_lidar_ros2/install/unitree_lidar_ros2' for CMake module files
[1.187s] Level 1:colcon.colcon_core.environment:checking '/home/jverga/CameraANDLiDAR/unilidar_sdk2/unitree_lidar_ros2/install/unitree_lidar_ros2' for CMake config files
[1.187s] Level 1:colcon.colcon_core.shell:create_environment_hook('unitree_lidar_ros2', 'cmake_prefix_path')
[1.187s] INFO:colcon.colcon_core.shell:Creating environment hook '/home/jverga/CameraANDLiDAR/unilidar_sdk2/unitree_lidar_ros2/install/unitree_lidar_ros2/share/unitree_lidar_ros2/hook/cmake_prefix_path.ps1'
[1.188s] INFO:colcon.colcon_core.shell:Creating environment descriptor '/home/jverga/CameraANDLiDAR/unilidar_sdk2/unitree_lidar_ros2/install/unitree_lidar_ros2/share/unitree_lidar_ros2/hook/cmake_prefix_path.dsv'
[1.188s] INFO:colcon.colcon_core.shell:Creating environment hook '/home/jverga/CameraANDLiDAR/unilidar_sdk2/unitree_lidar_ros2/install/unitree_lidar_ros2/share/unitree_lidar_ros2/hook/cmake_prefix_path.sh'
[1.188s] Level 1:colcon.colcon_core.environment:checking '/home/jverga/CameraANDLiDAR/unilidar_sdk2/unitree_lidar_ros2/install/unitree_lidar_ros2/lib'
[1.188s] Level 1:colcon.colcon_core.environment:checking '/home/jverga/CameraANDLiDAR/unilidar_sdk2/unitree_lidar_ros2/install/unitree_lidar_ros2/bin'
[1.188s] Level 1:colcon.colcon_core.environment:checking '/home/jverga/CameraANDLiDAR/unilidar_sdk2/unitree_lidar_ros2/install/unitree_lidar_ros2/lib/pkgconfig/unitree_lidar_ros2.pc'
[1.188s] Level 1:colcon.colcon_core.environment:checking '/home/jverga/CameraANDLiDAR/unilidar_sdk2/unitree_lidar_ros2/install/unitree_lidar_ros2/lib/python3.10/site-packages'
[1.188s] Level 1:colcon.colcon_core.environment:checking '/home/jverga/CameraANDLiDAR/unilidar_sdk2/unitree_lidar_ros2/install/unitree_lidar_ros2/bin'
[1.188s] INFO:colcon.colcon_core.shell:Creating package script '/home/jverga/CameraANDLiDAR/unilidar_sdk2/unitree_lidar_ros2/install/unitree_lidar_ros2/share/unitree_lidar_ros2/package.ps1'
[1.189s] INFO:colcon.colcon_core.shell:Creating package descriptor '/home/jverga/CameraANDLiDAR/unilidar_sdk2/unitree_lidar_ros2/install/unitree_lidar_ros2/share/unitree_lidar_ros2/package.dsv'
[1.189s] INFO:colcon.colcon_core.shell:Creating package script '/home/jverga/CameraANDLiDAR/unilidar_sdk2/unitree_lidar_ros2/install/unitree_lidar_ros2/share/unitree_lidar_ros2/package.sh'
[1.189s] INFO:colcon.colcon_core.shell:Creating package script '/home/jverga/CameraANDLiDAR/unilidar_sdk2/unitree_lidar_ros2/install/unitree_lidar_ros2/share/unitree_lidar_ros2/package.bash'
[1.189s] INFO:colcon.colcon_core.shell:Creating package script '/home/jverga/CameraANDLiDAR/unilidar_sdk2/unitree_lidar_ros2/install/unitree_lidar_ros2/share/unitree_lidar_ros2/package.zsh'
[1.189s] Level 1:colcon.colcon_core.environment:create_file_with_runtime_dependencies(/home/jverga/CameraANDLiDAR/unilidar_sdk2/unitree_lidar_ros2/install/unitree_lidar_ros2/share/colcon-core/packages/unitree_lidar_ros2)
[1.189s] DEBUG:colcon.colcon_parallel_executor.executor.parallel:closing loop
[1.190s] DEBUG:colcon.colcon_parallel_executor.executor.parallel:loop closed
[1.190s] DEBUG:colcon.colcon_parallel_executor.executor.parallel:run_until_complete finished with '0'
[1.190s] DEBUG:colcon.colcon_core.event_reactor:joining thread
[1.192s] INFO:colcon.colcon_core.plugin_system:Skipping extension 'colcon_notification.desktop_notification.terminal_notifier': Not used on non-Darwin systems
[1.192s] INFO:colcon.colcon_core.plugin_system:Skipping extension 'colcon_notification.desktop_notification.win32': Not used on non-Windows systems
[1.192s] INFO:colcon.colcon_notification.desktop_notification:Sending desktop notification using 'notify2'
[1.197s] DEBUG:colcon.colcon_core.event_reactor:joined thread
[1.197s] INFO:colcon.colcon_core.shell:Creating prefix script '/home/jverga/CameraANDLiDAR/unilidar_sdk2/unitree_lidar_ros2/install/local_setup.ps1'
[1.198s] INFO:colcon.colcon_core.shell:Creating prefix util module '/home/jverga/CameraANDLiDAR/unilidar_sdk2/unitree_lidar_ros2/install/_local_setup_util_ps1.py'
[1.198s] INFO:colcon.colcon_core.shell:Creating prefix chain script '/home/jverga/CameraANDLiDAR/unilidar_sdk2/unitree_lidar_ros2/install/setup.ps1'
[1.199s] INFO:colcon.colcon_core.shell:Creating prefix script '/home/jverga/CameraANDLiDAR/unilidar_sdk2/unitree_lidar_ros2/install/local_setup.sh'
[1.200s] INFO:colcon.colcon_core.shell:Creating prefix util module '/home/jverga/CameraANDLiDAR/unilidar_sdk2/unitree_lidar_ros2/install/_local_setup_util_sh.py'
[1.200s] INFO:colcon.colcon_core.shell:Creating prefix chain script '/home/jverga/CameraANDLiDAR/unilidar_sdk2/unitree_lidar_ros2/install/setup.sh'
[1.201s] INFO:colcon.colcon_core.shell:Creating prefix script '/home/jverga/CameraANDLiDAR/unilidar_sdk2/unitree_lidar_ros2/install/local_setup.bash'
[1.201s] INFO:colcon.colcon_core.shell:Creating prefix chain script '/home/jverga/CameraANDLiDAR/unilidar_sdk2/unitree_lidar_ros2/install/setup.bash'
[1.202s] INFO:colcon.colcon_core.shell:Creating prefix script '/home/jverga/CameraANDLiDAR/unilidar_sdk2/unitree_lidar_ros2/install/local_setup.zsh'
[1.203s] INFO:colcon.colcon_core.shell:Creating prefix chain script '/home/jverga/CameraANDLiDAR/unilidar_sdk2/unitree_lidar_ros2/install/setup.zsh'
