Importer Log Report
Project : spine.PrjPcb

Section : Analyze Document - C:\Users\jpvgo\OneDrive\Documents\Atombot Fase 2\Helium_Electronics\July31CommBrd\SPIne-master\SPIne_V2\SPIne\74xx-little-us.lbr
    Analyzing data of C:\Users\jpvgo\OneDrive\Documents\Atombot Fase 2\Helium_Electronics\July31CommBrd\SPIne-master\SPIne_V2\SPIne\74xx-little-us.lbr
    Load settings
    Load layers 145
    Load library
    Load Library library
    Load Library ""
    Load Packages 1
    Load Symbols 0
    Load DeviceSets 0
EndSection

Section : Analyze Document - C:\Users\jpvgo\OneDrive\Documents\Atombot Fase 2\Helium_Electronics\July31CommBrd\SPIne-master\SPIne_V2\SPIne\Ben_Library.lbr
    Analyzing data of C:\Users\jpvgo\OneDrive\Documents\Atombot Fase 2\Helium_Electronics\July31CommBrd\SPIne-master\SPIne_V2\SPIne\Ben_Library.lbr
    Load settings
    Load layers 145
    Load library
    Load Library library
    Load Library ""
    Load Packages 1
    Load Symbols 0
    Load DeviceSets 0
EndSection

Section : Analyze Document - C:\Users\jpvgo\OneDrive\Documents\Atombot Fase 2\Helium_Electronics\July31CommBrd\SPIne-master\SPIne_V2\SPIne\con-jst2.lbr
    Analyzing data of C:\Users\jpvgo\OneDrive\Documents\Atombot Fase 2\Helium_Electronics\July31CommBrd\SPIne-master\SPIne_V2\SPIne\con-jst2.lbr
    Load settings
    Load layers 145
    Load library
    Load Library library
    Load Library ""
    Load Packages 1
    Load Symbols 0
    Load DeviceSets 0
EndSection

Section : Analyze Document - C:\Users\jpvgo\OneDrive\Documents\Atombot Fase 2\Helium_Electronics\July31CommBrd\SPIne-master\SPIne_V2\SPIne\con-lstb.lbr
    Analyzing data of C:\Users\jpvgo\OneDrive\Documents\Atombot Fase 2\Helium_Electronics\July31CommBrd\SPIne-master\SPIne_V2\SPIne\con-lstb.lbr
    Load settings
    Load layers 145
    Load library
    Load Library library
    Load Library ""
    Load Packages 1
    Load Symbols 0
    Load DeviceSets 0
EndSection

Section : Analyze Document - C:\Users\jpvgo\OneDrive\Documents\Atombot Fase 2\Helium_Electronics\July31CommBrd\SPIne-master\SPIne_V2\SPIne\con-molex-micro-fit-3_0.lbr
    Analyzing data of C:\Users\jpvgo\OneDrive\Documents\Atombot Fase 2\Helium_Electronics\July31CommBrd\SPIne-master\SPIne_V2\SPIne\con-molex-micro-fit-3_0.lbr
    Load settings
    Load layers 145
    Load library
    Load Library library
    Load Library ""
    Load Packages 1
    Load Symbols 0
    Load DeviceSets 0
EndSection

Section : Analyze Document - C:\Users\jpvgo\OneDrive\Documents\Atombot Fase 2\Helium_Electronics\July31CommBrd\SPIne-master\SPIne_V2\SPIne\con-molex-spox.lbr
    Analyzing data of C:\Users\jpvgo\OneDrive\Documents\Atombot Fase 2\Helium_Electronics\July31CommBrd\SPIne-master\SPIne_V2\SPIne\con-molex-spox.lbr
    Load settings
    Load layers 145
    Load library
    Load Library library
    Load Library ""
    Load Packages 1
    Load Symbols 0
    Load DeviceSets 0
EndSection

Section : Analyze Document - C:\Users\jpvgo\OneDrive\Documents\Atombot Fase 2\Helium_Electronics\July31CommBrd\SPIne-master\SPIne_V2\SPIne\dc-dc-converter.lbr
    Analyzing data of C:\Users\jpvgo\OneDrive\Documents\Atombot Fase 2\Helium_Electronics\July31CommBrd\SPIne-master\SPIne_V2\SPIne\dc-dc-converter.lbr
    Load settings
    Load layers 145
    Load library
    Load Library library
    Load Library ""
    Load Packages 1
    Load Symbols 0
    Load DeviceSets 0
EndSection

Section : Analyze Document - C:\Users\jpvgo\OneDrive\Documents\Atombot Fase 2\Helium_Electronics\July31CommBrd\SPIne-master\SPIne_V2\SPIne\rcl.lbr
    Analyzing data of C:\Users\jpvgo\OneDrive\Documents\Atombot Fase 2\Helium_Electronics\July31CommBrd\SPIne-master\SPIne_V2\SPIne\rcl.lbr
    Load settings
    Load layers 145
    Load library
    Load Library library
    Load Library ""
    Load Packages 6
    Load Symbols 0
    Load DeviceSets 0
EndSection

Section : Analyze Document - C:\Users\jpvgo\OneDrive\Documents\Atombot Fase 2\Helium_Electronics\July31CommBrd\SPIne-master\SPIne_V2\SPIne\sc_usercreated.lbr
    Analyzing data of C:\Users\jpvgo\OneDrive\Documents\Atombot Fase 2\Helium_Electronics\July31CommBrd\SPIne-master\SPIne_V2\SPIne\sc_usercreated.lbr
    Load settings
    Load layers 145
    Load library
    Load Library library
    Load Library ""
    Load Packages 2
    Load Symbols 0
    Load DeviceSets 0
EndSection

Section : Analyze Document - C:\Users\jpvgo\OneDrive\Documents\Atombot Fase 2\Helium_Electronics\July31CommBrd\SPIne-master\SPIne_V2\SPIne\SparkFun-LED.lbr
    Analyzing data of C:\Users\jpvgo\OneDrive\Documents\Atombot Fase 2\Helium_Electronics\July31CommBrd\SPIne-master\SPIne_V2\SPIne\SparkFun-LED.lbr
    Load settings
    Load layers 145
    Load library
    Load Library library
    Load Library ""
    Load Packages 1
    Load Symbols 0
    Load DeviceSets 0
EndSection

Section : Analyze Document - C:\Users\jpvgo\OneDrive\Documents\Atombot Fase 2\Helium_Electronics\July31CommBrd\SPIne-master\SPIne_V2\SPIne\SparkFun-Passives.lbr
    Analyzing data of C:\Users\jpvgo\OneDrive\Documents\Atombot Fase 2\Helium_Electronics\July31CommBrd\SPIne-master\SPIne_V2\SPIne\SparkFun-Passives.lbr
    Load settings
    Load layers 145
    Load library
    Load Library library
    Load Library ""
    Load Packages 1
    Load Symbols 0
    Load DeviceSets 0
EndSection

Section : Analyze Document - C:\Users\jpvgo\OneDrive\Documents\Atombot Fase 2\Helium_Electronics\July31CommBrd\SPIne-master\SPIne_V2\SPIne\spine.brd
    Analyzing data of C:\Users\jpvgo\OneDrive\Documents\Atombot Fase 2\Helium_Electronics\July31CommBrd\SPIne-master\SPIne_V2\SPIne\spine.brd
    Load settings
    Load layers 147
    Load board
    Load Library "BenLibrary"
    Load Packages 3
    Load Library "rcl"
    Load Packages 6
    Load Library "SparkFun-Passives"
    Load Packages 1
    Load Library "SparkFun-LED"
    Load Packages 1
    Load Library "sc_usercreated"
    Load Packages 2
    Load Library "con-molex-micro-fit-3_0"
    Load Packages 1
    Load Library "dc-dc-converter"
    Load Packages 1
    ERROR: Unhandled typepackages3d
    Load Library "74xx-little-us"
    Load Packages 1
    ERROR: Unhandled typepackages3d
    Load Library "con-jst2"
    Load Packages 1
    Load Library "con-lstb"
    Load Packages 1
    ERROR: Unhandled typepackages3d
    Load Library "rcl"
    Load Packages 1
    ERROR: Unhandled typepackages3d
    ERROR: Unhandled typemfgpreviewcolors
EndSection

Section : Analyze Document - C:\Users\jpvgo\OneDrive\Documents\Atombot Fase 2\Helium_Electronics\July31CommBrd\SPIne-master\SPIne_V2\SPIne\spine.sch
    Analyzing data of C:\Users\jpvgo\OneDrive\Documents\Atombot Fase 2\Helium_Electronics\July31CommBrd\SPIne-master\SPIne_V2\SPIne\spine.sch
    Load settings
    Load layers 147
    Load schematic
    Load Libraries 12
    Load Library "rcl"
    Load Packages 163
    Load Symbols 2
    Load DeviceSets 2
    Load Library "SparkFun-Aesthetics"
    Load Packages 0
    Load Symbols 1
    Load DeviceSets 1
    Load Library "BenLibrary"
    Load Packages 3
    Load Symbols 4
    Load DeviceSets 4
    Load Library "sc_usercreated"
    Load Packages 2
    Load Symbols 2
    Load DeviceSets 2
    Load Library "SparkFun-Passives"
    Load Packages 27
    Load Symbols 1
    Load DeviceSets 1
    Load Library "SparkFun-LED"
    Load Packages 9
    Load Symbols 1
    Load DeviceSets 1
    Load Library "con-molex-micro-fit-3_0"
    Load Packages 17
    Load Symbols 1
    Load DeviceSets 1
    Load Library "dc-dc-converter"
    Load Packages 3
    ERROR: Unhandled typepackages3d
    Load Symbols 1
    Load DeviceSets 1
    ERROR: Unhandled typepackage3dinstances
    ERROR: Unhandled typepackage3dinstances
    ERROR: Unhandled typepackage3dinstances
    ERROR: Unhandled typepackage3dinstances
    ERROR: Unhandled typepackage3dinstances
    ERROR: Unhandled typepackage3dinstances
    ERROR: Unhandled typepackage3dinstances
    Load Library "74xx-little-us"
    Load Packages 2
    ERROR: Unhandled typepackages3d
    Load Symbols 2
    Load DeviceSets 1
    ERROR: Unhandled typepackage3dinstances
    ERROR: Unhandled typepackage3dinstances
    Load Library "con-jst2"
    Load Packages 2
    Load Symbols 2
    Load DeviceSets 1
    Load Library "con-lstb"
    Load Packages 1
    ERROR: Unhandled typepackages3d
    Load Symbols 1
    Load DeviceSets 1
    ERROR: Unhandled typepackage3dinstances
    Load Library "rcl"
    Load Packages 85
    ERROR: Unhandled typepackages3d
    Load Symbols 1
    Load DeviceSets 1
    ERROR: Unhandled typepackage3dinstances
    ERROR: Unhandled typepackage3dinstances
    ERROR: Unhandled typepackage3dinstances
    ERROR: Unhandled typepackage3dinstances
    ERROR: Unhandled typepackage3dinstances
    ERROR: Unhandled typepackage3dinstances
    ERROR: Unhandled typepackage3dinstances
    ERROR: Unhandled typepackage3dinstances
    ERROR: Unhandled typepackage3dinstances
    ERROR: Unhandled typepackage3dinstances
    ERROR: Unhandled typepackage3dinstances
    ERROR: Unhandled typepackage3dinstances
    ERROR: Unhandled typepackage3dinstances
    ERROR: Unhandled typepackage3dinstances
    ERROR: Unhandled typepackage3dinstances
    ERROR: Unhandled typepackage3dinstances
    ERROR: Unhandled typepackage3dinstances
    ERROR: Unhandled typepackage3dinstances
    ERROR: Unhandled typepackage3dinstances
    ERROR: Unhandled typepackage3dinstances
    ERROR: Unhandled typepackage3dinstances
    ERROR: Unhandled typepackage3dinstances
    ERROR: Unhandled typepackage3dinstances
    ERROR: Unhandled typepackage3dinstances
    ERROR: Unhandled typepackage3dinstances
    ERROR: Unhandled typepackage3dinstances
    ERROR: Unhandled typepackage3dinstances
    ERROR: Unhandled typepackage3dinstances
    ERROR: Unhandled typepackage3dinstances
    ERROR: Unhandled typepackage3dinstances
    ERROR: Unhandled typepackage3dinstances
    ERROR: Unhandled typepackage3dinstances
    ERROR: Unhandled typepackage3dinstances
    ERROR: Unhandled typepackage3dinstances
    ERROR: Unhandled typepackage3dinstances
    ERROR: Unhandled typepackage3dinstances
    ERROR: Unhandled typepackage3dinstances
    ERROR: Unhandled typepackage3dinstances
    ERROR: Unhandled typepackage3dinstances
    ERROR: Unhandled typepackage3dinstances
    ERROR: Unhandled typepackage3dinstances
    ERROR: Unhandled typepackage3dinstances
    ERROR: Unhandled typepackage3dinstances
    ERROR: Unhandled typepackage3dinstances
    ERROR: Unhandled typepackage3dinstances
    ERROR: Unhandled typepackage3dinstances
    ERROR: Unhandled typepackage3dinstances
    ERROR: Unhandled typepackage3dinstances
    ERROR: Unhandled typepackage3dinstances
    ERROR: Unhandled typepackage3dinstances
    ERROR: Unhandled typepackage3dinstances
    ERROR: Unhandled typepackage3dinstances
    ERROR: Unhandled typepackage3dinstances
    ERROR: Unhandled typepackage3dinstances
    ERROR: Unhandled typepackage3dinstances
    ERROR: Unhandled typepackage3dinstances
    ERROR: Unhandled typepackage3dinstances
    ERROR: Unhandled typepackage3dinstances
    ERROR: Unhandled typepackage3dinstances
    ERROR: Unhandled typepackage3dinstances
    ERROR: Unhandled typepackage3dinstances
    ERROR: Unhandled typepackage3dinstances
    ERROR: Unhandled typepackage3dinstances
    ERROR: Unhandled typepackage3dinstances
    ERROR: Unhandled typepackage3dinstances
    ERROR: Unhandled typepackage3dinstances
    ERROR: Unhandled typepackage3dinstances
    ERROR: Unhandled typepackage3dinstances
    ERROR: Unhandled typepackage3dinstances
    ERROR: Unhandled typepackage3dinstances
    ERROR: Unhandled typepackage3dinstances
    ERROR: Unhandled typepackage3dinstances
    ERROR: Unhandled typepackage3dinstances
    ERROR: Unhandled typepackage3dinstances
    ERROR: Unhandled typepackage3dinstances
    ERROR: Unhandled typepackage3dinstances
    ERROR: Unhandled typepackage3dinstances
    ERROR: Unhandled typepackage3dinstances
    ERROR: Unhandled typepackage3dinstances
    ERROR: Unhandled typepackage3dinstances
    ERROR: Unhandled typepackage3dinstances
    ERROR: Unhandled typepackage3dinstances
    ERROR: Unhandled typepackage3dinstances
    ERROR: Unhandled typepackage3dinstances
    ERROR: Unhandled typepackage3dinstances
    ERROR: Unhandled typespice
    Load Attributes 0
    Load Classes 1
    Load Parts 71
    Load Sheets 3
EndSection
